[ 2016-06-20T18:45:11+08:00 ] 114.229.51.26 /fos/admin.php/login/index
INFO: [ route_check ] --START--
INFO: Run CheckRoute Behavior [ RunTime:0.000514s ]
INFO: [ route_check ] --END-- [ RunTime:0.000586s ]
INFO: [ app_begin ] --START--
INFO: Run ReadHtmlCache Behavior [ RunTime:0.000285s ]
INFO: [ app_begin ] --END-- [ RunTime:0.000336s ]
INFO: [ view_template ] --START--
INFO: Run LocationTemplate Behavior [ RunTime:0.000179s ]
INFO: [ view_template ] --END-- [ RunTime:0.000232s ]
INFO: [ view_parse ] --START--
NOTIC: [8] Undefined offset: 1 /webdocs/templete/fos/ThinkPHP/Lib/Driver/TagLib/TagLibCx.class.php 第 524 行.
NOTIC: [8] Undefined offset: 1 /webdocs/templete/fos/ThinkPHP/Lib/Driver/TagLib/TagLibCx.class.php 第 524 行.
NOTIC: [8] Undefined offset: 1 /webdocs/templete/fos/ThinkPHP/Lib/Driver/TagLib/TagLibCx.class.php 第 524 行.
NOTIC: [8] Undefined offset: 1 /webdocs/templete/fos/ThinkPHP/Lib/Driver/TagLib/TagLibCx.class.php 第 524 行.
NOTIC: [8] Undefined offset: 1 /webdocs/templete/fos/ThinkPHP/Lib/Driver/TagLib/TagLibCx.class.php 第 524 行.
NOTIC: [8] Undefined offset: 1 /webdocs/templete/fos/ThinkPHP/Lib/Driver/TagLib/TagLibCx.class.php 第 524 行.
INFO: Run ParseTemplate Behavior [ RunTime:0.019704s ]
INFO: [ view_parse ] --END-- [ RunTime:0.019756s ]
INFO: [ view_filter ] --START--
INFO: Run ContentReplace Behavior [ RunTime:0.000186s ]
INFO: Run TokenBuild Behavior [ RunTime:0.000195s ]
INFO: Run WriteHtmlCache Behavior [ RunTime:0.000147s ]
INFO: Run ShowRuntime Behavior [ RunTime:0.000243s ]
INFO: [ view_filter ] --END-- [ RunTime:0.000904s ]
INFO: [ view_end ] --START--
INFO: Run ShowPageTrace Behavior [ RunTime:0.000333s ]
INFO: [ view_end ] --END-- [ RunTime:0.000377s ]

[ 2016-06-20T18:45:12+08:00 ] 114.229.51.26 /fos/admin.php/Public/verify
INFO: [ route_check ] --START--
INFO: Run CheckRoute Behavior [ RunTime:0.000496s ]
INFO: [ route_check ] --END-- [ RunTime:0.000568s ]
INFO: [ app_begin ] --START--
INFO: Run ReadHtmlCache Behavior [ RunTime:0.000291s ]
INFO: [ app_begin ] --END-- [ RunTime:0.000339s ]

[ 2016-06-20T18:45:18+08:00 ] 114.229.51.26 /fos/admin.php/Login/doLogin
INFO: [ route_check ] --START--
INFO: Run CheckRoute Behavior [ RunTime:0.000515s ]
INFO: [ route_check ] --END-- [ RunTime:0.000590s ]
INFO: [ app_begin ] --START--
INFO: Run ReadHtmlCache Behavior [ RunTime:0.000292s ]
INFO: [ app_begin ] --END-- [ RunTime:0.000406s ]
SQL: SHOW COLUMNS FROM `lxy_users` [ RunTime:0.000938s ]
SQL: SELECT * FROM `lxy_users` WHERE ( `user_name` = 'admin' ) AND ( `user_password` = 'e10adc3949ba59abbe56e057f20f883e' ) LIMIT 1   [ RunTime:0.000301s ]
INFO: [ view_template ] --START--
INFO: Run LocationTemplate Behavior [ RunTime:0.000209s ]
INFO: [ view_template ] --END-- [ RunTime:0.000266s ]
INFO: [ view_parse ] --START--
INFO: Run ParseTemplate Behavior [ RunTime:0.019211s ]
INFO: [ view_parse ] --END-- [ RunTime:0.019289s ]
INFO: [ view_filter ] --START--
INFO: Run ContentReplace Behavior [ RunTime:0.000223s ]
INFO: Run TokenBuild Behavior [ RunTime:0.000202s ]
INFO: Run WriteHtmlCache Behavior [ RunTime:0.000121s ]
INFO: Run ShowRuntime Behavior [ RunTime:0.000253s ]
INFO: [ view_filter ] --END-- [ RunTime:0.000939s ]
INFO: [ view_end ] --START--
INFO: Run ShowPageTrace Behavior [ RunTime:0.000358s ]
INFO: [ view_end ] --END-- [ RunTime:0.000403s ]

[ 2016-06-20T18:45:21+08:00 ] 114.229.51.26 /fos/admin.php/index/index
INFO: [ route_check ] --START--
INFO: Run CheckRoute Behavior [ RunTime:0.000467s ]
INFO: [ route_check ] --END-- [ RunTime:0.000563s ]
INFO: [ app_begin ] --START--
INFO: Run ReadHtmlCache Behavior [ RunTime:0.000290s ]
INFO: [ app_begin ] --END-- [ RunTime:0.000341s ]
SQL: SHOW COLUMNS FROM `lxy_category` [ RunTime:0.000863s ]
SQL: SELECT * FROM `lxy_category`  [ RunTime:0.000204s ]
SQL: SHOW COLUMNS FROM `lxy_position` [ RunTime:0.000579s ]
SQL: SELECT * FROM `lxy_position`  [ RunTime:0.000159s ]
SQL: SHOW COLUMNS FROM `lxy_filecate` [ RunTime:0.000581s ]
SQL: SELECT * FROM `lxy_filecate`  [ RunTime:0.000158s ]
INFO: [ view_template ] --START--
INFO: Run LocationTemplate Behavior [ RunTime:0.000200s ]
INFO: [ view_template ] --END-- [ RunTime:0.000251s ]
INFO: [ view_parse ] --START--
NOTIC: [8] Undefined offset: 1 /webdocs/templete/fos/ThinkPHP/Lib/Driver/TagLib/TagLibCx.class.php 第 524 行.
NOTIC: [8] Undefined offset: 1 /webdocs/templete/fos/ThinkPHP/Lib/Driver/TagLib/TagLibCx.class.php 第 524 行.
NOTIC: [8] Undefined offset: 1 /webdocs/templete/fos/ThinkPHP/Lib/Driver/TagLib/TagLibCx.class.php 第 524 行.
NOTIC: [8] Undefined offset: 1 /webdocs/templete/fos/ThinkPHP/Lib/Driver/TagLib/TagLibCx.class.php 第 524 行.
NOTIC: [8] Undefined offset: 1 /webdocs/templete/fos/ThinkPHP/Lib/Driver/TagLib/TagLibCx.class.php 第 524 行.
INFO: Run ParseTemplate Behavior [ RunTime:0.034737s ]
INFO: [ view_parse ] --END-- [ RunTime:0.034803s ]
INFO: [ view_filter ] --START--
INFO: Run ContentReplace Behavior [ RunTime:0.000247s ]
INFO: Run TokenBuild Behavior [ RunTime:0.000191s ]
INFO: Run WriteHtmlCache Behavior [ RunTime:0.000115s ]
INFO: Run ShowRuntime Behavior [ RunTime:0.000240s ]
INFO: [ view_filter ] --END-- [ RunTime:0.000926s ]
INFO: [ view_end ] --START--
INFO: Run ShowPageTrace Behavior [ RunTime:0.000378s ]
INFO: [ view_end ] --END-- [ RunTime:0.000421s ]

[ 2016-06-20T18:45:27+08:00 ] 114.229.51.26 /fos/admin.php/Person/index
INFO: [ route_check ] --START--
INFO: Run CheckRoute Behavior [ RunTime:0.000498s ]
INFO: [ route_check ] --END-- [ RunTime:0.000575s ]
INFO: [ app_begin ] --START--
INFO: Run ReadHtmlCache Behavior [ RunTime:0.000293s ]
INFO: [ app_begin ] --END-- [ RunTime:0.000345s ]
SQL: SHOW COLUMNS FROM `lxy_category` [ RunTime:0.000876s ]
SQL: SELECT * FROM `lxy_category`  [ RunTime:0.000206s ]
SQL: SHOW COLUMNS FROM `lxy_position` [ RunTime:0.000572s ]
SQL: SELECT * FROM `lxy_position`  [ RunTime:0.000160s ]
SQL: SHOW COLUMNS FROM `lxy_filecate` [ RunTime:0.000564s ]
SQL: SELECT * FROM `lxy_filecate`  [ RunTime:0.000156s ]
SQL: SHOW COLUMNS FROM `lxy_person` [ RunTime:0.000756s ]
SQL: SHOW COLUMNS FROM `lxy_department` [ RunTime:0.000605s ]
NOTIC: [8] Undefined index: position /webdocs/templete/fos/Admin/Lib/Action/PersonAction.class.php 第 12 行.
SQL: SELECT COUNT(*) AS tp_count FROM `lxy_person` LIMIT 1   [ RunTime:0.000267s ]
SQL: SELECT * FROM `lxy_person` LIMIT 0,20   [ RunTime:0.000409s ]
SQL: SELECT * FROM `lxy_position` WHERE ( `position_id` = 5 ) LIMIT 1   [ RunTime:0.000199s ]
SQL: SELECT * FROM `lxy_position` WHERE ( `position_id` = 3 ) LIMIT 1   [ RunTime:0.000187s ]
SQL: SELECT * FROM `lxy_position` WHERE ( `position_id` = 6 ) LIMIT 1   [ RunTime:0.000164s ]
SQL: SELECT * FROM `lxy_position` WHERE ( `position_id` = 4 ) LIMIT 1   [ RunTime:0.000162s ]
SQL: SELECT * FROM `lxy_position` WHERE ( `position_id` = 3 ) LIMIT 1   [ RunTime:0.000182s ]
SQL: SELECT * FROM `lxy_position` WHERE ( `position_id` = 5 ) LIMIT 1   [ RunTime:0.000159s ]
SQL: SELECT * FROM `lxy_position` WHERE ( `position_id` = 4 ) LIMIT 1   [ RunTime:0.000158s ]
SQL: SELECT * FROM `lxy_position` WHERE ( `position_id` = 5 ) LIMIT 1   [ RunTime:0.000181s ]
SQL: SELECT * FROM `lxy_position` WHERE ( `position_id` = 5 ) LIMIT 1   [ RunTime:0.000160s ]
SQL: SELECT * FROM `lxy_position` WHERE ( `position_id` = 3 ) LIMIT 1   [ RunTime:0.000157s ]
SQL: SELECT * FROM `lxy_position` WHERE ( `position_id` = 5 ) LIMIT 1   [ RunTime:0.000178s ]
SQL: SELECT * FROM `lxy_position` WHERE ( `position_id` = 5 ) LIMIT 1   [ RunTime:0.000158s ]
SQL: SELECT * FROM `lxy_position` WHERE ( `position_id` = 5 ) LIMIT 1   [ RunTime:0.000155s ]
SQL: SELECT * FROM `lxy_position` WHERE ( `position_id` = 5 ) LIMIT 1   [ RunTime:0.000156s ]
SQL: SELECT * FROM `lxy_position` WHERE ( `position_id` = 6 ) LIMIT 1   [ RunTime:0.000393s ]
SQL: SELECT * FROM `lxy_position` WHERE ( `position_id` = 5 ) LIMIT 1   [ RunTime:0.000191s ]
SQL: SELECT * FROM `lxy_position` WHERE ( `position_id` = 6 ) LIMIT 1   [ RunTime:0.000165s ]
SQL: SELECT * FROM `lxy_position` WHERE ( `position_id` = 5 ) LIMIT 1   [ RunTime:0.000175s ]
SQL: SELECT * FROM `lxy_position` WHERE ( `position_id` = 6 ) LIMIT 1   [ RunTime:0.000185s ]
SQL: SELECT * FROM `lxy_position` WHERE ( `position_id` = 5 ) LIMIT 1   [ RunTime:0.000162s ]
SQL: SELECT * FROM `lxy_department` WHERE ( `department_id` = 1 ) LIMIT 1   [ RunTime:0.000231s ]
SQL: SELECT * FROM `lxy_department` WHERE ( `department_id` = 1 ) LIMIT 1   [ RunTime:0.000179s ]
SQL: SELECT * FROM `lxy_department` WHERE ( `department_id` = 1 ) LIMIT 1   [ RunTime:0.000175s ]
SQL: SELECT * FROM `lxy_department` WHERE ( `department_id` = 1 ) LIMIT 1   [ RunTime:0.000175s ]
SQL: SELECT * FROM `lxy_department` WHERE ( `department_id` = 1 ) LIMIT 1   [ RunTime:0.000173s ]
SQL: SELECT * FROM `lxy_department` WHERE ( `department_id` = 1 ) LIMIT 1   [ RunTime:0.000181s ]
SQL: SELECT * FROM `lxy_department` WHERE ( `department_id` = 1 ) LIMIT 1   [ RunTime:0.000173s ]
SQL: SELECT * FROM `lxy_department` WHERE ( `department_id` = 1 ) LIMIT 1   [ RunTime:0.000173s ]
SQL: SELECT * FROM `lxy_department` WHERE ( `department_id` = 1 ) LIMIT 1   [ RunTime:0.000181s ]
SQL: SELECT * FROM `lxy_department` WHERE ( `department_id` = 1 ) LIMIT 1   [ RunTime:0.000172s ]
SQL: SELECT * FROM `lxy_department` WHERE ( `department_id` = 1 ) LIMIT 1   [ RunTime:0.000172s ]
SQL: SELECT * FROM `lxy_department` WHERE ( `department_id` = 1 ) LIMIT 1   [ RunTime:0.000182s ]
SQL: SELECT * FROM `lxy_department` WHERE ( `department_id` = 1 ) LIMIT 1   [ RunTime:0.000170s ]
SQL: SELECT * FROM `lxy_department` WHERE ( `department_id` = 1 ) LIMIT 1   [ RunTime:0.000171s ]
SQL: SELECT * FROM `lxy_department` WHERE ( `department_id` = 1 ) LIMIT 1   [ RunTime:0.000241s ]
SQL: SELECT * FROM `lxy_department` WHERE ( `department_id` = 1 ) LIMIT 1   [ RunTime:0.000195s ]
SQL: SELECT * FROM `lxy_department` WHERE ( `department_id` = 1 ) LIMIT 1   [ RunTime:0.000171s ]
SQL: SELECT * FROM `lxy_department` WHERE ( `department_id` = 1 ) LIMIT 1   [ RunTime:0.000171s ]
SQL: SELECT * FROM `lxy_department` WHERE ( `department_id` = 1 ) LIMIT 1   [ RunTime:0.000191s ]
SQL: SELECT * FROM `lxy_department` WHERE ( `department_id` = 1 ) LIMIT 1   [ RunTime:0.000424s ]
INFO: [ view_template ] --START--
INFO: Run LocationTemplate Behavior [ RunTime:0.000402s ]
INFO: [ view_template ] --END-- [ RunTime:0.000455s ]
INFO: [ view_parse ] --START--
NOTIC: [8] Undefined offset: 1 /webdocs/templete/fos/ThinkPHP/Lib/Driver/TagLib/TagLibCx.class.php 第 524 行.
NOTIC: [8] Undefined offset: 1 /webdocs/templete/fos/ThinkPHP/Lib/Driver/TagLib/TagLibCx.class.php 第 524 行.
NOTIC: [8] Undefined offset: 1 /webdocs/templete/fos/ThinkPHP/Lib/Driver/TagLib/TagLibCx.class.php 第 524 行.
NOTIC: [8] Undefined offset: 1 /webdocs/templete/fos/ThinkPHP/Lib/Driver/TagLib/TagLibCx.class.php 第 524 行.
NOTIC: [8] Undefined offset: 1 /webdocs/templete/fos/ThinkPHP/Lib/Driver/TagLib/TagLibCx.class.php 第 524 行.
INFO: Run ParseTemplate Behavior [ RunTime:0.011210s ]
INFO: [ view_parse ] --END-- [ RunTime:0.011265s ]
INFO: [ view_filter ] --START--
INFO: Run ContentReplace Behavior [ RunTime:0.000213s ]
INFO: Run TokenBuild Behavior [ RunTime:0.000221s ]
INFO: Run WriteHtmlCache Behavior [ RunTime:0.000132s ]
INFO: Run ShowRuntime Behavior [ RunTime:0.000252s ]
INFO: [ view_filter ] --END-- [ RunTime:0.000956s ]
INFO: [ view_end ] --START--
INFO: Run ShowPageTrace Behavior [ RunTime:0.000327s ]
INFO: [ view_end ] --END-- [ RunTime:0.000397s ]

[ 2016-06-20T18:45:43+08:00 ] 114.229.51.26 /fos/admin.php/News/index
INFO: [ route_check ] --START--
INFO: Run CheckRoute Behavior [ RunTime:0.000466s ]
INFO: [ route_check ] --END-- [ RunTime:0.000538s ]
INFO: [ app_begin ] --START--
INFO: Run ReadHtmlCache Behavior [ RunTime:0.000325s ]
INFO: [ app_begin ] --END-- [ RunTime:0.000374s ]
SQL: SHOW COLUMNS FROM `lxy_category` [ RunTime:0.000868s ]
SQL: SELECT * FROM `lxy_category`  [ RunTime:0.000207s ]
SQL: SHOW COLUMNS FROM `lxy_position` [ RunTime:0.000569s ]
SQL: SELECT * FROM `lxy_position`  [ RunTime:0.000159s ]
SQL: SHOW COLUMNS FROM `lxy_filecate` [ RunTime:0.000564s ]
SQL: SELECT * FROM `lxy_filecate`  [ RunTime:0.000155s ]
SQL: SHOW COLUMNS FROM `lxy_news` [ RunTime:0.000603s ]
NOTIC: [8] Undefined index: category /webdocs/templete/fos/Admin/Lib/Action/NewsAction.class.php 第 20 行.
SQL: SELECT COUNT(*) AS tp_count FROM `lxy_news` LIMIT 1   [ RunTime:0.001019s ]
SQL: SELECT `news_id` AS `id`,`news_title` AS `title`,`news_category` AS `category`,`news_time` AS `time`,`news_content` AS `content` FROM `lxy_news` ORDER BY news_time desc LIMIT 0,20   [ RunTime:0.001422s ]
SQL: SELECT * FROM `lxy_category` WHERE ( `category_id` = 3 ) LIMIT 1   [ RunTime:0.000190s ]
SQL: SELECT * FROM `lxy_category` WHERE ( `category_id` = 2 ) LIMIT 1   [ RunTime:0.000162s ]
SQL: SELECT * FROM `lxy_category` WHERE ( `category_id` = 2 ) LIMIT 1   [ RunTime:0.000160s ]
SQL: SELECT * FROM `lxy_category` WHERE ( `category_id` = 2 ) LIMIT 1   [ RunTime:0.000177s ]
SQL: SELECT * FROM `lxy_category` WHERE ( `category_id` = 2 ) LIMIT 1   [ RunTime:0.000160s ]
SQL: SELECT * FROM `lxy_category` WHERE ( `category_id` = 2 ) LIMIT 1   [ RunTime:0.000159s ]
SQL: SELECT * FROM `lxy_category` WHERE ( `category_id` = 2 ) LIMIT 1   [ RunTime:0.000159s ]
SQL: SELECT * FROM `lxy_category` WHERE ( `category_id` = 2 ) LIMIT 1   [ RunTime:0.000158s ]
SQL: SELECT * FROM `lxy_category` WHERE ( `category_id` = 3 ) LIMIT 1   [ RunTime:0.000177s ]
SQL: SELECT * FROM `lxy_category` WHERE ( `category_id` = 3 ) LIMIT 1   [ RunTime:0.000156s ]
SQL: SELECT * FROM `lxy_category` WHERE ( `category_id` = 3 ) LIMIT 1   [ RunTime:0.000156s ]
SQL: SELECT * FROM `lxy_category` WHERE ( `category_id` = 3 ) LIMIT 1   [ RunTime:0.000174s ]
SQL: SELECT * FROM `lxy_category` WHERE ( `category_id` = 3 ) LIMIT 1   [ RunTime:0.000209s ]
SQL: SELECT * FROM `lxy_category` WHERE ( `category_id` = 3 ) LIMIT 1   [ RunTime:0.000154s ]
SQL: SELECT * FROM `lxy_category` WHERE ( `category_id` = 3 ) LIMIT 1   [ RunTime:0.000171s ]
SQL: SELECT * FROM `lxy_category` WHERE ( `category_id` = 3 ) LIMIT 1   [ RunTime:0.000154s ]
SQL: SELECT * FROM `lxy_category` WHERE ( `category_id` = 3 ) LIMIT 1   [ RunTime:0.000152s ]
SQL: SELECT * FROM `lxy_category` WHERE ( `category_id` = 3 ) LIMIT 1   [ RunTime:0.000156s ]
SQL: SELECT * FROM `lxy_category` WHERE ( `category_id` = 4 ) LIMIT 1   [ RunTime:0.000153s ]
SQL: SELECT * FROM `lxy_category` WHERE ( `category_id` = 4 ) LIMIT 1   [ RunTime:0.000152s ]
INFO: [ view_template ] --START--
INFO: Run LocationTemplate Behavior [ RunTime:0.000198s ]
INFO: [ view_template ] --END-- [ RunTime:0.000251s ]
INFO: [ view_parse ] --START--
NOTIC: [8] Undefined offset: 1 /webdocs/templete/fos/ThinkPHP/Lib/Driver/TagLib/TagLibCx.class.php 第 524 行.
NOTIC: [8] Undefined offset: 1 /webdocs/templete/fos/ThinkPHP/Lib/Driver/TagLib/TagLibCx.class.php 第 524 行.
NOTIC: [8] Undefined offset: 1 /webdocs/templete/fos/ThinkPHP/Lib/Driver/TagLib/TagLibCx.class.php 第 524 行.
NOTIC: [8] Undefined offset: 1 /webdocs/templete/fos/ThinkPHP/Lib/Driver/TagLib/TagLibCx.class.php 第 524 行.
NOTIC: [8] Undefined offset: 1 /webdocs/templete/fos/ThinkPHP/Lib/Driver/TagLib/TagLibCx.class.php 第 524 行.
INFO: Run ParseTemplate Behavior [ RunTime:0.010556s ]
INFO: [ view_parse ] --END-- [ RunTime:0.010608s ]
INFO: [ view_filter ] --START--
INFO: Run ContentReplace Behavior [ RunTime:0.000214s ]
INFO: Run TokenBuild Behavior [ RunTime:0.000213s ]
INFO: Run WriteHtmlCache Behavior [ RunTime:0.000115s ]
INFO: Run ShowRuntime Behavior [ RunTime:0.000235s ]
INFO: [ view_filter ] --END-- [ RunTime:0.000908s ]
INFO: [ view_end ] --START--
INFO: Run ShowPageTrace Behavior [ RunTime:0.000312s ]
INFO: [ view_end ] --END-- [ RunTime:0.000357s ]

[ 2016-06-20T18:45:45+08:00 ] 114.229.51.26 /fos/admin.php/News/edit
INFO: [ route_check ] --START--
INFO: Run CheckRoute Behavior [ RunTime:0.000489s ]
INFO: [ route_check ] --END-- [ RunTime:0.000561s ]
INFO: [ app_begin ] --START--
INFO: Run ReadHtmlCache Behavior [ RunTime:0.000289s ]
INFO: [ app_begin ] --END-- [ RunTime:0.000363s ]
SQL: SHOW COLUMNS FROM `lxy_category` [ RunTime:0.001139s ]
SQL: SELECT * FROM `lxy_category`  [ RunTime:0.000230s ]
SQL: SHOW COLUMNS FROM `lxy_position` [ RunTime:0.000539s ]
SQL: SELECT * FROM `lxy_position`  [ RunTime:0.000181s ]
SQL: SHOW COLUMNS FROM `lxy_filecate` [ RunTime:0.000541s ]
SQL: SELECT * FROM `lxy_filecate`  [ RunTime:0.000182s ]
SQL: SELECT * FROM `lxy_category`  [ RunTime:0.000157s ]
SQL: SHOW COLUMNS FROM `lxy_news` [ RunTime:0.000600s ]
NOTIC: [8] Undefined index: id /webdocs/templete/fos/Admin/Lib/Action/NewsAction.class.php 第 75 行.
SQL: SELECT * FROM `lxy_news` LIMIT 1   [ RunTime:0.000226s ]
INFO: [ view_template ] --START--
INFO: Run LocationTemplate Behavior [ RunTime:0.000196s ]
INFO: [ view_template ] --END-- [ RunTime:0.000246s ]
INFO: [ view_parse ] --START--
NOTIC: [8] Undefined offset: 1 /webdocs/templete/fos/ThinkPHP/Lib/Driver/TagLib/TagLibCx.class.php 第 524 行.
NOTIC: [8] Undefined offset: 1 /webdocs/templete/fos/ThinkPHP/Lib/Driver/TagLib/TagLibCx.class.php 第 524 行.
NOTIC: [8] Undefined offset: 1 /webdocs/templete/fos/ThinkPHP/Lib/Driver/TagLib/TagLibCx.class.php 第 524 行.
NOTIC: [8] Undefined offset: 1 /webdocs/templete/fos/ThinkPHP/Lib/Driver/TagLib/TagLibCx.class.php 第 524 行.
NOTIC: [8] Undefined offset: 1 /webdocs/templete/fos/ThinkPHP/Lib/Driver/TagLib/TagLibCx.class.php 第 524 行.
NOTIC: [8] Undefined index: id /webdocs/templete/fos/Admin/Runtime/Cache/35f5bec69668089c1808466ba2e3b1dc.php 第 185 行.
NOTIC: [8] Undefined index: id /webdocs/templete/fos/Admin/Runtime/Cache/35f5bec69668089c1808466ba2e3b1dc.php 第 195 行.
NOTIC: [8] Undefined index: id /webdocs/templete/fos/Admin/Runtime/Cache/35f5bec69668089c1808466ba2e3b1dc.php 第 215 行.
INFO: Run ParseTemplate Behavior [ RunTime:0.011467s ]
INFO: [ view_parse ] --END-- [ RunTime:0.011515s ]
INFO: [ view_filter ] --START--
INFO: Run ContentReplace Behavior [ RunTime:0.000205s ]
INFO: Run TokenBuild Behavior [ RunTime:0.000190s ]
INFO: Run WriteHtmlCache Behavior [ RunTime:0.000139s ]
INFO: Run ShowRuntime Behavior [ RunTime:0.000243s ]
INFO: [ view_filter ] --END-- [ RunTime:0.000911s ]
INFO: [ view_end ] --START--
INFO: Run ShowPageTrace Behavior [ RunTime:0.000321s ]
INFO: [ view_end ] --END-- [ RunTime:0.000365s ]

[ 2016-06-20T18:46:00+08:00 ] 114.229.51.26 /fos/admin.php/News/doAdd
INFO: [ route_check ] --START--
INFO: Run CheckRoute Behavior [ RunTime:0.000688s ]
INFO: [ route_check ] --END-- [ RunTime:0.000780s ]
INFO: [ app_begin ] --START--
INFO: Run ReadHtmlCache Behavior [ RunTime:0.000426s ]
INFO: [ app_begin ] --END-- [ RunTime:0.000496s ]
SQL: SHOW COLUMNS FROM `lxy_category` [ RunTime:0.000888s ]
SQL: SELECT * FROM `lxy_category`  [ RunTime:0.000206s ]
SQL: SHOW COLUMNS FROM `lxy_position` [ RunTime:0.000565s ]
SQL: SELECT * FROM `lxy_position`  [ RunTime:0.000160s ]
SQL: SHOW COLUMNS FROM `lxy_filecate` [ RunTime:0.000543s ]
SQL: SELECT * FROM `lxy_filecate`  [ RunTime:0.000156s ]
SQL: SHOW COLUMNS FROM `lxy_news` [ RunTime:0.000597s ]
SQL: INSERT INTO `lxy_news` (`news_title`,`news_time`,`news_content`,`news_category`) VALUES ('测试2',1466419560,'<p>测试</p>','3') [ RunTime:0.007737s ]
INFO: [ view_template ] --START--
INFO: Run LocationTemplate Behavior [ RunTime:0.000187s ]
INFO: [ view_template ] --END-- [ RunTime:0.000240s ]
INFO: [ view_parse ] --START--
INFO: Run ParseTemplate Behavior [ RunTime:0.004811s ]
INFO: [ view_parse ] --END-- [ RunTime:0.004881s ]
INFO: [ view_filter ] --START--
INFO: Run ContentReplace Behavior [ RunTime:0.000189s ]
INFO: Run TokenBuild Behavior [ RunTime:0.000193s ]
INFO: Run WriteHtmlCache Behavior [ RunTime:0.000125s ]
INFO: Run ShowRuntime Behavior [ RunTime:0.000254s ]
INFO: [ view_filter ] --END-- [ RunTime:0.000920s ]
INFO: [ view_end ] --START--
INFO: Run ShowPageTrace Behavior [ RunTime:0.000338s ]
INFO: [ view_end ] --END-- [ RunTime:0.000382s ]

[ 2016-06-20T18:46:02+08:00 ] 114.229.51.26 /fos/admin.php/news/index
INFO: [ route_check ] --START--
INFO: Run CheckRoute Behavior [ RunTime:0.000490s ]
INFO: [ route_check ] --END-- [ RunTime:0.000562s ]
INFO: [ app_begin ] --START--
INFO: Run ReadHtmlCache Behavior [ RunTime:0.000291s ]
INFO: [ app_begin ] --END-- [ RunTime:0.000341s ]
SQL: SHOW COLUMNS FROM `lxy_category` [ RunTime:0.000869s ]
SQL: SELECT * FROM `lxy_category`  [ RunTime:0.000210s ]
SQL: SHOW COLUMNS FROM `lxy_position` [ RunTime:0.000608s ]
SQL: SELECT * FROM `lxy_position`  [ RunTime:0.000160s ]
SQL: SHOW COLUMNS FROM `lxy_filecate` [ RunTime:0.000589s ]
SQL: SELECT * FROM `lxy_filecate`  [ RunTime:0.000158s ]
SQL: SHOW COLUMNS FROM `lxy_news` [ RunTime:0.000626s ]
NOTIC: [8] Undefined index: category /webdocs/templete/fos/Admin/Lib/Action/NewsAction.class.php 第 20 行.
SQL: SELECT COUNT(*) AS tp_count FROM `lxy_news` LIMIT 1   [ RunTime:0.001051s ]
SQL: SELECT `news_id` AS `id`,`news_title` AS `title`,`news_category` AS `category`,`news_time` AS `time`,`news_content` AS `content` FROM `lxy_news` ORDER BY news_time desc LIMIT 0,20   [ RunTime:0.001480s ]
SQL: SELECT * FROM `lxy_category` WHERE ( `category_id` = 3 ) LIMIT 1   [ RunTime:0.000212s ]
SQL: SELECT * FROM `lxy_category` WHERE ( `category_id` = 3 ) LIMIT 1   [ RunTime:0.000174s ]
SQL: SELECT * FROM `lxy_category` WHERE ( `category_id` = 2 ) LIMIT 1   [ RunTime:0.000170s ]
SQL: SELECT * FROM `lxy_category` WHERE ( `category_id` = 2 ) LIMIT 1   [ RunTime:0.000184s ]
SQL: SELECT * FROM `lxy_category` WHERE ( `category_id` = 2 ) LIMIT 1   [ RunTime:0.000174s ]
SQL: SELECT * FROM `lxy_category` WHERE ( `category_id` = 2 ) LIMIT 1   [ RunTime:0.000164s ]
SQL: SELECT * FROM `lxy_category` WHERE ( `category_id` = 2 ) LIMIT 1   [ RunTime:0.000181s ]
SQL: SELECT * FROM `lxy_category` WHERE ( `category_id` = 2 ) LIMIT 1   [ RunTime:0.000170s ]
SQL: SELECT * FROM `lxy_category` WHERE ( `category_id` = 2 ) LIMIT 1   [ RunTime:0.000162s ]
SQL: SELECT * FROM `lxy_category` WHERE ( `category_id` = 3 ) LIMIT 1   [ RunTime:0.000180s ]
SQL: SELECT * FROM `lxy_category` WHERE ( `category_id` = 3 ) LIMIT 1   [ RunTime:0.000171s ]
SQL: SELECT * FROM `lxy_category` WHERE ( `category_id` = 3 ) LIMIT 1   [ RunTime:0.000161s ]
SQL: SELECT * FROM `lxy_category` WHERE ( `category_id` = 3 ) LIMIT 1   [ RunTime:0.000179s ]
SQL: SELECT * FROM `lxy_category` WHERE ( `category_id` = 3 ) LIMIT 1   [ RunTime:0.000166s ]
SQL: SELECT * FROM `lxy_category` WHERE ( `category_id` = 3 ) LIMIT 1   [ RunTime:0.000164s ]
SQL: SELECT * FROM `lxy_category` WHERE ( `category_id` = 3 ) LIMIT 1   [ RunTime:0.000176s ]
SQL: SELECT * FROM `lxy_category` WHERE ( `category_id` = 3 ) LIMIT 1   [ RunTime:0.000156s ]
SQL: SELECT * FROM `lxy_category` WHERE ( `category_id` = 3 ) LIMIT 1   [ RunTime:0.000161s ]
SQL: SELECT * FROM `lxy_category` WHERE ( `category_id` = 3 ) LIMIT 1   [ RunTime:0.000240s ]
SQL: SELECT * FROM `lxy_category` WHERE ( `category_id` = 4 ) LIMIT 1   [ RunTime:0.000166s ]
INFO: [ view_template ] --START--
INFO: Run LocationTemplate Behavior [ RunTime:0.000199s ]
INFO: [ view_template ] --END-- [ RunTime:0.000251s ]
INFO: [ view_parse ] --START--
NOTIC: [8] Undefined offset: 1 /webdocs/templete/fos/ThinkPHP/Lib/Driver/TagLib/TagLibCx.class.php 第 524 行.
NOTIC: [8] Undefined offset: 1 /webdocs/templete/fos/ThinkPHP/Lib/Driver/TagLib/TagLibCx.class.php 第 524 行.
NOTIC: [8] Undefined offset: 1 /webdocs/templete/fos/ThinkPHP/Lib/Driver/TagLib/TagLibCx.class.php 第 524 行.
NOTIC: [8] Undefined offset: 1 /webdocs/templete/fos/ThinkPHP/Lib/Driver/TagLib/TagLibCx.class.php 第 524 行.
NOTIC: [8] Undefined offset: 1 /webdocs/templete/fos/ThinkPHP/Lib/Driver/TagLib/TagLibCx.class.php 第 524 行.
INFO: Run ParseTemplate Behavior [ RunTime:0.010896s ]
INFO: [ view_parse ] --END-- [ RunTime:0.010959s ]
INFO: [ view_filter ] --START--
INFO: Run ContentReplace Behavior [ RunTime:0.000252s ]
INFO: Run TokenBuild Behavior [ RunTime:0.000209s ]
INFO: Run WriteHtmlCache Behavior [ RunTime:0.000121s ]
INFO: Run ShowRuntime Behavior [ RunTime:0.000249s ]
INFO: [ view_filter ] --END-- [ RunTime:0.000978s ]
INFO: [ view_end ] --START--
INFO: Run ShowPageTrace Behavior [ RunTime:0.000344s ]
INFO: [ view_end ] --END-- [ RunTime:0.000390s ]

