[ 2016-09-27T19:27:04+08:00 ] 127.0.0.1 /fos/admin.php/login/index
INFO: [ route_check ] --START--
INFO: Run CheckRoute Behavior [ RunTime:0.000651s ]
INFO: [ route_check ] --END-- [ RunTime:0.000801s ]
NOTIC: [8192] preg_replace(): The /e modifier is deprecated, use preg_replace_callback instead E:\phpworkspace\templete\fos\ThinkPHP\Lib\Core\Dispatcher.class.php 第 120 行.
NOTIC: [8192] preg_replace(): The /e modifier is deprecated, use preg_replace_callback instead E:\phpworkspace\templete\fos\ThinkPHP\Common\common.php 第 92 行.
INFO: [ app_begin ] --START--
INFO: Run ReadHtmlCache Behavior [ RunTime:0.000487s ]
INFO: [ app_begin ] --END-- [ RunTime:0.000611s ]
INFO: [ view_template ] --START--
INFO: Run LocationTemplate Behavior [ RunTime:0.001579s ]
INFO: [ view_template ] --END-- [ RunTime:0.001822s ]
INFO: [ view_parse ] --START--
NOTIC: [8192] preg_replace(): The /e modifier is deprecated, use preg_replace_callback instead E:\phpworkspace\templete\fos\ThinkPHP\Lib\Template\ThinkTemplate.class.php 第 275 行.
NOTIC: [8192] preg_replace(): The /e modifier is deprecated, use preg_replace_callback instead E:\phpworkspace\templete\fos\ThinkPHP\Lib\Template\ThinkTemplate.class.php 第 275 行.
NOTIC: [8192] preg_replace(): The /e modifier is deprecated, use preg_replace_callback instead E:\phpworkspace\templete\fos\ThinkPHP\Lib\Template\ThinkTemplate.class.php 第 170 行.
NOTIC: [8192] preg_replace(): The /e modifier is deprecated, use preg_replace_callback instead E:\phpworkspace\templete\fos\ThinkPHP\Lib\Template\ThinkTemplate.class.php 第 406 行.
NOTIC: [8192] preg_replace(): The /e modifier is deprecated, use preg_replace_callback instead E:\phpworkspace\templete\fos\ThinkPHP\Lib\Template\ThinkTemplate.class.php 第 406 行.
NOTIC: [8192] preg_replace(): The /e modifier is deprecated, use preg_replace_callback instead E:\phpworkspace\templete\fos\ThinkPHP\Lib\Template\ThinkTemplate.class.php 第 406 行.
NOTIC: [8192] preg_replace(): The /e modifier is deprecated, use preg_replace_callback instead E:\phpworkspace\templete\fos\ThinkPHP\Lib\Template\ThinkTemplate.class.php 第 406 行.
NOTIC: [8192] preg_replace(): The /e modifier is deprecated, use preg_replace_callback instead E:\phpworkspace\templete\fos\ThinkPHP\Lib\Template\ThinkTemplate.class.php 第 406 行.
NOTIC: [8192] preg_replace(): The /e modifier is deprecated, use preg_replace_callback instead E:\phpworkspace\templete\fos\ThinkPHP\Lib\Template\ThinkTemplate.class.php 第 406 行.
NOTIC: [8192] preg_replace(): The /e modifier is deprecated, use preg_replace_callback instead E:\phpworkspace\templete\fos\ThinkPHP\Lib\Template\ThinkTemplate.class.php 第 406 行.
NOTIC: [8192] preg_replace(): The /e modifier is deprecated, use preg_replace_callback instead E:\phpworkspace\templete\fos\ThinkPHP\Lib\Template\ThinkTemplate.class.php 第 406 行.
NOTIC: [8192] preg_replace(): The /e modifier is deprecated, use preg_replace_callback instead E:\phpworkspace\templete\fos\ThinkPHP\Lib\Template\ThinkTemplate.class.php 第 406 行.
NOTIC: [8192] preg_replace(): The /e modifier is deprecated, use preg_replace_callback instead E:\phpworkspace\templete\fos\ThinkPHP\Lib\Template\ThinkTemplate.class.php 第 406 行.
NOTIC: [8192] preg_replace(): The /e modifier is deprecated, use preg_replace_callback instead E:\phpworkspace\templete\fos\ThinkPHP\Lib\Template\ThinkTemplate.class.php 第 406 行.
NOTIC: [8192] preg_replace(): The /e modifier is deprecated, use preg_replace_callback instead E:\phpworkspace\templete\fos\ThinkPHP\Lib\Template\ThinkTemplate.class.php 第 406 行.
NOTIC: [8192] preg_replace(): The /e modifier is deprecated, use preg_replace_callback instead E:\phpworkspace\templete\fos\ThinkPHP\Lib\Template\ThinkTemplate.class.php 第 401 行.
NOTIC: [8192] preg_replace(): The /e modifier is deprecated, use preg_replace_callback instead E:\phpworkspace\templete\fos\ThinkPHP\Lib\Template\ThinkTemplate.class.php 第 401 行.
NOTIC: [8192] preg_replace(): The /e modifier is deprecated, use preg_replace_callback instead E:\phpworkspace\templete\fos\ThinkPHP\Lib\Template\ThinkTemplate.class.php 第 406 行.
NOTIC: [8192] preg_replace(): The /e modifier is deprecated, use preg_replace_callback instead E:\phpworkspace\templete\fos\ThinkPHP\Lib\Template\ThinkTemplate.class.php 第 406 行.
NOTIC: [8192] preg_replace(): The /e modifier is deprecated, use preg_replace_callback instead E:\phpworkspace\templete\fos\ThinkPHP\Lib\Template\ThinkTemplate.class.php 第 406 行.
NOTIC: [8192] preg_replace(): The /e modifier is deprecated, use preg_replace_callback instead E:\phpworkspace\templete\fos\ThinkPHP\Lib\Template\ThinkTemplate.class.php 第 401 行.
NOTIC: [8192] preg_replace(): The /e modifier is deprecated, use preg_replace_callback instead E:\phpworkspace\templete\fos\ThinkPHP\Lib\Template\ThinkTemplate.class.php 第 406 行.
NOTIC: [8192] preg_replace(): The /e modifier is deprecated, use preg_replace_callback instead E:\phpworkspace\templete\fos\ThinkPHP\Lib\Template\ThinkTemplate.class.php 第 406 行.
NOTIC: [8192] preg_replace(): The /e modifier is deprecated, use preg_replace_callback instead E:\phpworkspace\templete\fos\ThinkPHP\Lib\Template\ThinkTemplate.class.php 第 406 行.
NOTIC: [8192] preg_replace(): The /e modifier is deprecated, use preg_replace_callback instead E:\phpworkspace\templete\fos\ThinkPHP\Lib\Template\ThinkTemplate.class.php 第 406 行.
NOTIC: [8192] preg_replace(): The /e modifier is deprecated, use preg_replace_callback instead E:\phpworkspace\templete\fos\ThinkPHP\Lib\Template\ThinkTemplate.class.php 第 406 行.
NOTIC: [8192] preg_replace(): The /e modifier is deprecated, use preg_replace_callback instead E:\phpworkspace\templete\fos\ThinkPHP\Lib\Template\ThinkTemplate.class.php 第 406 行.
NOTIC: [8192] preg_replace(): The /e modifier is deprecated, use preg_replace_callback instead E:\phpworkspace\templete\fos\ThinkPHP\Lib\Template\ThinkTemplate.class.php 第 406 行.
NOTIC: [8192] preg_replace(): The /e modifier is deprecated, use preg_replace_callback instead E:\phpworkspace\templete\fos\ThinkPHP\Lib\Template\ThinkTemplate.class.php 第 406 行.
NOTIC: [8192] preg_replace(): The /e modifier is deprecated, use preg_replace_callback instead E:\phpworkspace\templete\fos\ThinkPHP\Lib\Template\ThinkTemplate.class.php 第 406 行.
NOTIC: [8192] preg_replace(): The /e modifier is deprecated, use preg_replace_callback instead E:\phpworkspace\templete\fos\ThinkPHP\Lib\Template\ThinkTemplate.class.php 第 406 行.
NOTIC: [8192] preg_replace(): The /e modifier is deprecated, use preg_replace_callback instead E:\phpworkspace\templete\fos\ThinkPHP\Lib\Template\ThinkTemplate.class.php 第 406 行.
NOTIC: [8192] preg_replace(): The /e modifier is deprecated, use preg_replace_callback instead E:\phpworkspace\templete\fos\ThinkPHP\Lib\Template\ThinkTemplate.class.php 第 406 行.
NOTIC: [8192] preg_replace(): The /e modifier is deprecated, use preg_replace_callback instead E:\phpworkspace\templete\fos\ThinkPHP\Lib\Template\ThinkTemplate.class.php 第 406 行.
NOTIC: [8192] preg_replace(): The /e modifier is deprecated, use preg_replace_callback instead E:\phpworkspace\templete\fos\ThinkPHP\Lib\Template\ThinkTemplate.class.php 第 406 行.
NOTIC: [8192] preg_replace(): The /e modifier is deprecated, use preg_replace_callback instead E:\phpworkspace\templete\fos\ThinkPHP\Lib\Template\ThinkTemplate.class.php 第 406 行.
NOTIC: [8192] preg_replace(): The /e modifier is deprecated, use preg_replace_callback instead E:\phpworkspace\templete\fos\ThinkPHP\Lib\Template\ThinkTemplate.class.php 第 406 行.
NOTIC: [8192] preg_replace(): The /e modifier is deprecated, use preg_replace_callback instead E:\phpworkspace\templete\fos\ThinkPHP\Lib\Template\ThinkTemplate.class.php 第 406 行.
NOTIC: [8192] preg_replace(): The /e modifier is deprecated, use preg_replace_callback instead E:\phpworkspace\templete\fos\ThinkPHP\Lib\Template\ThinkTemplate.class.php 第 406 行.
NOTIC: [8192] preg_replace(): The /e modifier is deprecated, use preg_replace_callback instead E:\phpworkspace\templete\fos\ThinkPHP\Lib\Template\ThinkTemplate.class.php 第 406 行.
NOTIC: [8192] preg_replace(): The /e modifier is deprecated, use preg_replace_callback instead E:\phpworkspace\templete\fos\ThinkPHP\Lib\Template\ThinkTemplate.class.php 第 406 行.
NOTIC: [8192] preg_replace(): The /e modifier is deprecated, use preg_replace_callback instead E:\phpworkspace\templete\fos\ThinkPHP\Lib\Template\ThinkTemplate.class.php 第 406 行.
NOTIC: [8192] preg_replace(): The /e modifier is deprecated, use preg_replace_callback instead E:\phpworkspace\templete\fos\ThinkPHP\Lib\Template\ThinkTemplate.class.php 第 406 行.
NOTIC: [8192] preg_replace(): The /e modifier is deprecated, use preg_replace_callback instead E:\phpworkspace\templete\fos\ThinkPHP\Lib\Template\ThinkTemplate.class.php 第 406 行.
NOTIC: [8192] preg_replace(): The /e modifier is deprecated, use preg_replace_callback instead E:\phpworkspace\templete\fos\ThinkPHP\Lib\Template\ThinkTemplate.class.php 第 406 行.
NOTIC: [8192] preg_replace(): The /e modifier is deprecated, use preg_replace_callback instead E:\phpworkspace\templete\fos\ThinkPHP\Lib\Template\ThinkTemplate.class.php 第 406 行.
NOTIC: [8192] preg_replace(): The /e modifier is deprecated, use preg_replace_callback instead E:\phpworkspace\templete\fos\ThinkPHP\Lib\Template\ThinkTemplate.class.php 第 406 行.
NOTIC: [8192] preg_replace(): The /e modifier is deprecated, use preg_replace_callback instead E:\phpworkspace\templete\fos\ThinkPHP\Lib\Template\ThinkTemplate.class.php 第 406 行.
NOTIC: [8192] preg_replace(): The /e modifier is deprecated, use preg_replace_callback instead E:\phpworkspace\templete\fos\ThinkPHP\Lib\Template\ThinkTemplate.class.php 第 406 行.
NOTIC: [8192] preg_replace(): The /e modifier is deprecated, use preg_replace_callback instead E:\phpworkspace\templete\fos\ThinkPHP\Lib\Template\ThinkTemplate.class.php 第 406 行.
NOTIC: [8192] preg_replace(): The /e modifier is deprecated, use preg_replace_callback instead E:\phpworkspace\templete\fos\ThinkPHP\Lib\Template\ThinkTemplate.class.php 第 406 行.
NOTIC: [8192] preg_replace(): The /e modifier is deprecated, use preg_replace_callback instead E:\phpworkspace\templete\fos\ThinkPHP\Lib\Template\ThinkTemplate.class.php 第 406 行.
NOTIC: [8192] preg_replace(): The /e modifier is deprecated, use preg_replace_callback instead E:\phpworkspace\templete\fos\ThinkPHP\Lib\Template\ThinkTemplate.class.php 第 406 行.
NOTIC: [8192] preg_replace(): The /e modifier is deprecated, use preg_replace_callback instead E:\phpworkspace\templete\fos\ThinkPHP\Lib\Template\ThinkTemplate.class.php 第 406 行.
NOTIC: [8192] preg_replace(): The /e modifier is deprecated, use preg_replace_callback instead E:\phpworkspace\templete\fos\ThinkPHP\Lib\Template\ThinkTemplate.class.php 第 406 行.
NOTIC: [8192] preg_replace(): The /e modifier is deprecated, use preg_replace_callback instead E:\phpworkspace\templete\fos\ThinkPHP\Lib\Template\ThinkTemplate.class.php 第 406 行.
NOTIC: [8192] preg_replace(): The /e modifier is deprecated, use preg_replace_callback instead E:\phpworkspace\templete\fos\ThinkPHP\Lib\Template\ThinkTemplate.class.php 第 406 行.
NOTIC: [8192] preg_replace(): The /e modifier is deprecated, use preg_replace_callback instead E:\phpworkspace\templete\fos\ThinkPHP\Lib\Template\ThinkTemplate.class.php 第 406 行.
NOTIC: [8192] preg_replace(): The /e modifier is deprecated, use preg_replace_callback instead E:\phpworkspace\templete\fos\ThinkPHP\Lib\Template\ThinkTemplate.class.php 第 406 行.
NOTIC: [8192] preg_replace(): The /e modifier is deprecated, use preg_replace_callback instead E:\phpworkspace\templete\fos\ThinkPHP\Lib\Template\ThinkTemplate.class.php 第 406 行.
NOTIC: [8192] preg_replace(): The /e modifier is deprecated, use preg_replace_callback instead E:\phpworkspace\templete\fos\ThinkPHP\Lib\Template\ThinkTemplate.class.php 第 406 行.
NOTIC: [8192] preg_replace(): The /e modifier is deprecated, use preg_replace_callback instead E:\phpworkspace\templete\fos\ThinkPHP\Lib\Template\ThinkTemplate.class.php 第 406 行.
NOTIC: [8192] preg_replace(): The /e modifier is deprecated, use preg_replace_callback instead E:\phpworkspace\templete\fos\ThinkPHP\Lib\Template\ThinkTemplate.class.php 第 406 行.
NOTIC: [8192] preg_replace(): The /e modifier is deprecated, use preg_replace_callback instead E:\phpworkspace\templete\fos\ThinkPHP\Lib\Template\ThinkTemplate.class.php 第 406 行.
NOTIC: [8192] preg_replace(): The /e modifier is deprecated, use preg_replace_callback instead E:\phpworkspace\templete\fos\ThinkPHP\Lib\Template\ThinkTemplate.class.php 第 406 行.
NOTIC: [8192] preg_replace(): The /e modifier is deprecated, use preg_replace_callback instead E:\phpworkspace\templete\fos\ThinkPHP\Lib\Template\ThinkTemplate.class.php 第 406 行.
NOTIC: [8192] preg_replace(): The /e modifier is deprecated, use preg_replace_callback instead E:\phpworkspace\templete\fos\ThinkPHP\Lib\Template\ThinkTemplate.class.php 第 406 行.
NOTIC: [8192] preg_replace(): The /e modifier is deprecated, use preg_replace_callback instead E:\phpworkspace\templete\fos\ThinkPHP\Lib\Template\ThinkTemplate.class.php 第 406 行.
NOTIC: [8192] preg_replace(): The /e modifier is deprecated, use preg_replace_callback instead E:\phpworkspace\templete\fos\ThinkPHP\Lib\Template\ThinkTemplate.class.php 第 406 行.
NOTIC: [8192] preg_replace(): The /e modifier is deprecated, use preg_replace_callback instead E:\phpworkspace\templete\fos\ThinkPHP\Lib\Template\ThinkTemplate.class.php 第 406 行.
NOTIC: [8192] preg_replace(): The /e modifier is deprecated, use preg_replace_callback instead E:\phpworkspace\templete\fos\ThinkPHP\Lib\Template\ThinkTemplate.class.php 第 406 行.
NOTIC: [8192] preg_replace(): The /e modifier is deprecated, use preg_replace_callback instead E:\phpworkspace\templete\fos\ThinkPHP\Lib\Template\ThinkTemplate.class.php 第 406 行.
NOTIC: [8192] preg_replace(): The /e modifier is deprecated, use preg_replace_callback instead E:\phpworkspace\templete\fos\ThinkPHP\Lib\Template\ThinkTemplate.class.php 第 406 行.
NOTIC: [8192] preg_replace(): The /e modifier is deprecated, use preg_replace_callback instead E:\phpworkspace\templete\fos\ThinkPHP\Lib\Template\ThinkTemplate.class.php 第 406 行.
NOTIC: [8192] preg_replace(): The /e modifier is deprecated, use preg_replace_callback instead E:\phpworkspace\templete\fos\ThinkPHP\Lib\Template\ThinkTemplate.class.php 第 406 行.
NOTIC: [8192] preg_replace(): The /e modifier is deprecated, use preg_replace_callback instead E:\phpworkspace\templete\fos\ThinkPHP\Lib\Template\ThinkTemplate.class.php 第 406 行.
NOTIC: [8192] preg_replace(): The /e modifier is deprecated, use preg_replace_callback instead E:\phpworkspace\templete\fos\ThinkPHP\Lib\Template\ThinkTemplate.class.php 第 406 行.
NOTIC: [8192] preg_replace(): The /e modifier is deprecated, use preg_replace_callback instead E:\phpworkspace\templete\fos\ThinkPHP\Lib\Template\ThinkTemplate.class.php 第 406 行.
NOTIC: [8192] preg_replace(): The /e modifier is deprecated, use preg_replace_callback instead E:\phpworkspace\templete\fos\ThinkPHP\Lib\Template\ThinkTemplate.class.php 第 406 行.
NOTIC: [8192] preg_replace(): The /e modifier is deprecated, use preg_replace_callback instead E:\phpworkspace\templete\fos\ThinkPHP\Lib\Template\ThinkTemplate.class.php 第 406 行.
NOTIC: [8192] preg_replace(): The /e modifier is deprecated, use preg_replace_callback instead E:\phpworkspace\templete\fos\ThinkPHP\Lib\Template\ThinkTemplate.class.php 第 406 行.
NOTIC: [8192] preg_replace(): The /e modifier is deprecated, use preg_replace_callback instead E:\phpworkspace\templete\fos\ThinkPHP\Lib\Template\ThinkTemplate.class.php 第 406 行.
NOTIC: [8192] preg_replace(): The /e modifier is deprecated, use preg_replace_callback instead E:\phpworkspace\templete\fos\ThinkPHP\Lib\Template\ThinkTemplate.class.php 第 406 行.
NOTIC: [8192] preg_replace(): The /e modifier is deprecated, use preg_replace_callback instead E:\phpworkspace\templete\fos\ThinkPHP\Lib\Template\ThinkTemplate.class.php 第 406 行.
NOTIC: [8192] preg_replace(): The /e modifier is deprecated, use preg_replace_callback instead E:\phpworkspace\templete\fos\ThinkPHP\Lib\Template\ThinkTemplate.class.php 第 406 行.
NOTIC: [8192] preg_replace(): The /e modifier is deprecated, use preg_replace_callback instead E:\phpworkspace\templete\fos\ThinkPHP\Lib\Template\ThinkTemplate.class.php 第 406 行.
NOTIC: [8192] preg_replace(): The /e modifier is deprecated, use preg_replace_callback instead E:\phpworkspace\templete\fos\ThinkPHP\Lib\Template\ThinkTemplate.class.php 第 406 行.
NOTIC: [8192] preg_replace(): The /e modifier is deprecated, use preg_replace_callback instead E:\phpworkspace\templete\fos\ThinkPHP\Lib\Template\ThinkTemplate.class.php 第 401 行.
NOTIC: [8192] preg_replace(): The /e modifier is deprecated, use preg_replace_callback instead E:\phpworkspace\templete\fos\ThinkPHP\Lib\Template\ThinkTemplate.class.php 第 401 行.
NOTIC: [8192] preg_replace(): The /e modifier is deprecated, use preg_replace_callback instead E:\phpworkspace\templete\fos\ThinkPHP\Lib\Template\ThinkTemplate.class.php 第 401 行.
NOTIC: [8192] preg_replace(): The /e modifier is deprecated, use preg_replace_callback instead E:\phpworkspace\templete\fos\ThinkPHP\Lib\Template\ThinkTemplate.class.php 第 401 行.
NOTIC: [8] Undefined offset: 1 E:\phpworkspace\templete\fos\ThinkPHP\Lib\Driver\TagLib\TagLibCx.class.php 第 524 行.
NOTIC: [8] Undefined offset: 1 E:\phpworkspace\templete\fos\ThinkPHP\Lib\Driver\TagLib\TagLibCx.class.php 第 524 行.
NOTIC: [8] Undefined offset: 1 E:\phpworkspace\templete\fos\ThinkPHP\Lib\Driver\TagLib\TagLibCx.class.php 第 524 行.
NOTIC: [8] Undefined offset: 1 E:\phpworkspace\templete\fos\ThinkPHP\Lib\Driver\TagLib\TagLibCx.class.php 第 524 行.
NOTIC: [8] Undefined offset: 1 E:\phpworkspace\templete\fos\ThinkPHP\Lib\Driver\TagLib\TagLibCx.class.php 第 524 行.
NOTIC: [8] Undefined offset: 1 E:\phpworkspace\templete\fos\ThinkPHP\Lib\Driver\TagLib\TagLibCx.class.php 第 524 行.
NOTIC: [8192] preg_replace(): The /e modifier is deprecated, use preg_replace_callback instead E:\phpworkspace\templete\fos\ThinkPHP\Lib\Template\ThinkTemplate.class.php 第 401 行.
NOTIC: [8192] preg_replace(): The /e modifier is deprecated, use preg_replace_callback instead E:\phpworkspace\templete\fos\ThinkPHP\Lib\Template\ThinkTemplate.class.php 第 401 行.
NOTIC: [8192] preg_replace(): The /e modifier is deprecated, use preg_replace_callback instead E:\phpworkspace\templete\fos\ThinkPHP\Lib\Template\ThinkTemplate.class.php 第 406 行.
NOTIC: [8192] preg_replace(): The /e modifier is deprecated, use preg_replace_callback instead E:\phpworkspace\templete\fos\ThinkPHP\Lib\Template\ThinkTemplate.class.php 第 406 行.
NOTIC: [8192] preg_replace(): The /e modifier is deprecated, use preg_replace_callback instead E:\phpworkspace\templete\fos\ThinkPHP\Lib\Template\ThinkTemplate.class.php 第 406 行.
NOTIC: [8192] preg_replace(): The /e modifier is deprecated, use preg_replace_callback instead E:\phpworkspace\templete\fos\ThinkPHP\Lib\Template\ThinkTemplate.class.php 第 199 行.
NOTIC: [8192] preg_replace(): The /e modifier is deprecated, use preg_replace_callback instead E:\phpworkspace\templete\fos\ThinkPHP\Lib\Template\ThinkTemplate.class.php 第 139 行.
INFO: Run ParseTemplate Behavior [ RunTime:0.049033s ]
INFO: [ view_parse ] --END-- [ RunTime:0.049282s ]
INFO: [ view_filter ] --START--
INFO: Run ContentReplace Behavior [ RunTime:0.000722s ]
INFO: Run TokenBuild Behavior [ RunTime:0.000767s ]
INFO: Run WriteHtmlCache Behavior [ RunTime:0.000397s ]
INFO: Run ShowRuntime Behavior [ RunTime:0.000624s ]
INFO: [ view_filter ] --END-- [ RunTime:0.003008s ]
INFO: [ view_end ] --START--
INFO: Run ShowPageTrace Behavior [ RunTime:0.000505s ]
INFO: [ view_end ] --END-- [ RunTime:0.000631s ]

[ 2016-09-27T19:27:04+08:00 ] 127.0.0.1 /fos/admin.php/Public/verify
INFO: [ route_check ] --START--
INFO: Run CheckRoute Behavior [ RunTime:0.000730s ]
INFO: [ route_check ] --END-- [ RunTime:0.000891s ]
NOTIC: [8192] preg_replace(): The /e modifier is deprecated, use preg_replace_callback instead E:\phpworkspace\templete\fos\ThinkPHP\Lib\Core\Dispatcher.class.php 第 120 行.
NOTIC: [8192] preg_replace(): The /e modifier is deprecated, use preg_replace_callback instead E:\phpworkspace\templete\fos\ThinkPHP\Common\common.php 第 92 行.
INFO: [ app_begin ] --START--
INFO: Run ReadHtmlCache Behavior [ RunTime:0.000595s ]
INFO: [ app_begin ] --END-- [ RunTime:0.000769s ]

