[ 2016-05-29T08:40:57+08:00 ] 180.118.54.147 /fos/admin.php/login/index
INFO: [ route_check ] --START--
INFO: Run CheckRoute Behavior [ RunTime:0.000508s ]
INFO: [ route_check ] --END-- [ RunTime:0.000592s ]
INFO: [ app_begin ] --START--
INFO: Run ReadHtmlCache Behavior [ RunTime:0.000311s ]
INFO: [ app_begin ] --END-- [ RunTime:0.000450s ]
INFO: [ view_template ] --START--
INFO: Run LocationTemplate Behavior [ RunTime:0.000173s ]
INFO: [ view_template ] --END-- [ RunTime:0.000232s ]
INFO: [ view_parse ] --START--
NOTIC: [8] Undefined offset: 1 /webdocs/templete/fos/ThinkPHP/Lib/Driver/TagLib/TagLibCx.class.php 第 524 行.
NOTIC: [8] Undefined offset: 1 /webdocs/templete/fos/ThinkPHP/Lib/Driver/TagLib/TagLibCx.class.php 第 524 行.
NOTIC: [8] Undefined offset: 1 /webdocs/templete/fos/ThinkPHP/Lib/Driver/TagLib/TagLibCx.class.php 第 524 行.
NOTIC: [8] Undefined offset: 1 /webdocs/templete/fos/ThinkPHP/Lib/Driver/TagLib/TagLibCx.class.php 第 524 行.
NOTIC: [8] Undefined offset: 1 /webdocs/templete/fos/ThinkPHP/Lib/Driver/TagLib/TagLibCx.class.php 第 524 行.
NOTIC: [8] Undefined offset: 1 /webdocs/templete/fos/ThinkPHP/Lib/Driver/TagLib/TagLibCx.class.php 第 524 行.
INFO: Run ParseTemplate Behavior [ RunTime:0.018795s ]
INFO: [ view_parse ] --END-- [ RunTime:0.018853s ]
INFO: [ view_filter ] --START--
INFO: Run ContentReplace Behavior [ RunTime:0.000209s ]
INFO: Run TokenBuild Behavior [ RunTime:0.000233s ]
INFO: Run WriteHtmlCache Behavior [ RunTime:0.000123s ]
INFO: Run ShowRuntime Behavior [ RunTime:0.000262s ]
INFO: [ view_filter ] --END-- [ RunTime:0.000969s ]
INFO: [ view_end ] --START--
INFO: Run ShowPageTrace Behavior [ RunTime:0.000357s ]
INFO: [ view_end ] --END-- [ RunTime:0.000406s ]

[ 2016-05-29T08:40:58+08:00 ] 180.118.54.147 /fos/admin.php/Public/verify
INFO: [ route_check ] --START--
INFO: Run CheckRoute Behavior [ RunTime:0.000498s ]
INFO: [ route_check ] --END-- [ RunTime:0.000584s ]
INFO: [ app_begin ] --START--
INFO: Run ReadHtmlCache Behavior [ RunTime:0.000330s ]
INFO: [ app_begin ] --END-- [ RunTime:0.000389s ]

[ 2016-05-29T08:45:15+08:00 ] 180.118.54.147 /fos/admin.php/Login/doLogin
INFO: [ route_check ] --START--
INFO: Run CheckRoute Behavior [ RunTime:0.000589s ]
INFO: [ route_check ] --END-- [ RunTime:0.000703s ]
INFO: [ app_begin ] --START--
INFO: Run ReadHtmlCache Behavior [ RunTime:0.000329s ]
INFO: [ app_begin ] --END-- [ RunTime:0.000386s ]
SQL: SHOW COLUMNS FROM `lxy_users` [ RunTime:0.001664s ]
SQL: SELECT * FROM `lxy_users` WHERE ( `user_name` = 'admin' ) AND ( `user_password` = 'e10adc3949ba59abbe56e057f20f883e' ) LIMIT 1   [ RunTime:0.000328s ]
INFO: [ view_template ] --START--
INFO: Run LocationTemplate Behavior [ RunTime:0.000266s ]
INFO: [ view_template ] --END-- [ RunTime:0.000328s ]
INFO: [ view_parse ] --START--
INFO: Run ParseTemplate Behavior [ RunTime:0.013554s ]
INFO: [ view_parse ] --END-- [ RunTime:0.013626s ]
INFO: [ view_filter ] --START--
INFO: Run ContentReplace Behavior [ RunTime:0.000194s ]
INFO: Run TokenBuild Behavior [ RunTime:0.000211s ]
INFO: Run WriteHtmlCache Behavior [ RunTime:0.000130s ]
INFO: Run ShowRuntime Behavior [ RunTime:0.000288s ]
INFO: [ view_filter ] --END-- [ RunTime:0.000965s ]
INFO: [ view_end ] --START--
INFO: Run ShowPageTrace Behavior [ RunTime:0.000356s ]
INFO: [ view_end ] --END-- [ RunTime:0.000406s ]

[ 2016-05-29T08:45:16+08:00 ] 180.118.54.147 /fos/admin.php/index/index
INFO: [ route_check ] --START--
INFO: Run CheckRoute Behavior [ RunTime:0.000498s ]
INFO: [ route_check ] --END-- [ RunTime:0.000572s ]
INFO: [ app_begin ] --START--
INFO: Run ReadHtmlCache Behavior [ RunTime:0.000292s ]
INFO: [ app_begin ] --END-- [ RunTime:0.000343s ]
SQL: SHOW COLUMNS FROM `lxy_category` [ RunTime:0.001177s ]
SQL: SELECT * FROM `lxy_category`  [ RunTime:0.000208s ]
SQL: SHOW COLUMNS FROM `lxy_position` [ RunTime:0.000811s ]
SQL: SELECT * FROM `lxy_position`  [ RunTime:0.000187s ]
SQL: SHOW COLUMNS FROM `lxy_filecate` [ RunTime:0.000792s ]
SQL: SELECT * FROM `lxy_filecate`  [ RunTime:0.000162s ]
INFO: [ view_template ] --START--
INFO: Run LocationTemplate Behavior [ RunTime:0.000192s ]
INFO: [ view_template ] --END-- [ RunTime:0.000245s ]
INFO: [ view_parse ] --START--
NOTIC: [8] Undefined offset: 1 /webdocs/templete/fos/ThinkPHP/Lib/Driver/TagLib/TagLibCx.class.php 第 524 行.
NOTIC: [8] Undefined offset: 1 /webdocs/templete/fos/ThinkPHP/Lib/Driver/TagLib/TagLibCx.class.php 第 524 行.
NOTIC: [8] Undefined offset: 1 /webdocs/templete/fos/ThinkPHP/Lib/Driver/TagLib/TagLibCx.class.php 第 524 行.
NOTIC: [8] Undefined offset: 1 /webdocs/templete/fos/ThinkPHP/Lib/Driver/TagLib/TagLibCx.class.php 第 524 行.
NOTIC: [8] Undefined offset: 1 /webdocs/templete/fos/ThinkPHP/Lib/Driver/TagLib/TagLibCx.class.php 第 524 行.
INFO: Run ParseTemplate Behavior [ RunTime:0.024540s ]
INFO: [ view_parse ] --END-- [ RunTime:0.024602s ]
INFO: [ view_filter ] --START--
INFO: Run ContentReplace Behavior [ RunTime:0.000222s ]
INFO: Run TokenBuild Behavior [ RunTime:0.000190s ]
INFO: Run WriteHtmlCache Behavior [ RunTime:0.000114s ]
INFO: Run ShowRuntime Behavior [ RunTime:0.000286s ]
INFO: [ view_filter ] --END-- [ RunTime:0.000952s ]
INFO: [ view_end ] --START--
INFO: Run ShowPageTrace Behavior [ RunTime:0.000362s ]
INFO: [ view_end ] --END-- [ RunTime:0.000411s ]

[ 2016-05-29T08:45:23+08:00 ] 180.118.54.147 /fos/admin.php/index/index
INFO: [ route_check ] --START--
INFO: Run CheckRoute Behavior [ RunTime:0.000498s ]
INFO: [ route_check ] --END-- [ RunTime:0.000570s ]
INFO: [ app_begin ] --START--
INFO: Run ReadHtmlCache Behavior [ RunTime:0.000291s ]
INFO: [ app_begin ] --END-- [ RunTime:0.000342s ]
SQL: SHOW COLUMNS FROM `lxy_category` [ RunTime:0.001258s ]
SQL: SELECT * FROM `lxy_category`  [ RunTime:0.000262s ]
SQL: SHOW COLUMNS FROM `lxy_position` [ RunTime:0.001022s ]
SQL: SELECT * FROM `lxy_position`  [ RunTime:0.000213s ]
SQL: SHOW COLUMNS FROM `lxy_filecate` [ RunTime:0.000996s ]
SQL: SELECT * FROM `lxy_filecate`  [ RunTime:0.000186s ]
INFO: [ view_template ] --START--
INFO: Run LocationTemplate Behavior [ RunTime:0.000198s ]
INFO: [ view_template ] --END-- [ RunTime:0.000250s ]
INFO: [ view_parse ] --START--
NOTIC: [8] Undefined offset: 1 /webdocs/templete/fos/ThinkPHP/Lib/Driver/TagLib/TagLibCx.class.php 第 524 行.
NOTIC: [8] Undefined offset: 1 /webdocs/templete/fos/ThinkPHP/Lib/Driver/TagLib/TagLibCx.class.php 第 524 行.
NOTIC: [8] Undefined offset: 1 /webdocs/templete/fos/ThinkPHP/Lib/Driver/TagLib/TagLibCx.class.php 第 524 行.
NOTIC: [8] Undefined offset: 1 /webdocs/templete/fos/ThinkPHP/Lib/Driver/TagLib/TagLibCx.class.php 第 524 行.
NOTIC: [8] Undefined offset: 1 /webdocs/templete/fos/ThinkPHP/Lib/Driver/TagLib/TagLibCx.class.php 第 524 行.
INFO: Run ParseTemplate Behavior [ RunTime:0.009500s ]
INFO: [ view_parse ] --END-- [ RunTime:0.009565s ]
INFO: [ view_filter ] --START--
INFO: Run ContentReplace Behavior [ RunTime:0.000229s ]
INFO: Run TokenBuild Behavior [ RunTime:0.000202s ]
INFO: Run WriteHtmlCache Behavior [ RunTime:0.000121s ]
INFO: Run ShowRuntime Behavior [ RunTime:0.000293s ]
INFO: [ view_filter ] --END-- [ RunTime:0.000992s ]
INFO: [ view_end ] --START--
INFO: Run ShowPageTrace Behavior [ RunTime:0.000443s ]
INFO: [ view_end ] --END-- [ RunTime:0.000521s ]

[ 2016-05-29T08:45:25+08:00 ] 180.118.54.147 /fos/admin.php/index/index
INFO: [ route_check ] --START--
INFO: Run CheckRoute Behavior [ RunTime:0.000533s ]
INFO: [ route_check ] --END-- [ RunTime:0.000607s ]
INFO: [ app_begin ] --START--
INFO: Run ReadHtmlCache Behavior [ RunTime:0.000290s ]
INFO: [ app_begin ] --END-- [ RunTime:0.000342s ]
SQL: SHOW COLUMNS FROM `lxy_category` [ RunTime:0.001190s ]
SQL: SELECT * FROM `lxy_category`  [ RunTime:0.000208s ]
SQL: SHOW COLUMNS FROM `lxy_position` [ RunTime:0.000812s ]
SQL: SELECT * FROM `lxy_position`  [ RunTime:0.000187s ]
SQL: SHOW COLUMNS FROM `lxy_filecate` [ RunTime:0.000791s ]
SQL: SELECT * FROM `lxy_filecate`  [ RunTime:0.000161s ]
INFO: [ view_template ] --START--
INFO: Run LocationTemplate Behavior [ RunTime:0.000192s ]
INFO: [ view_template ] --END-- [ RunTime:0.000243s ]
INFO: [ view_parse ] --START--
NOTIC: [8] Undefined offset: 1 /webdocs/templete/fos/ThinkPHP/Lib/Driver/TagLib/TagLibCx.class.php 第 524 行.
NOTIC: [8] Undefined offset: 1 /webdocs/templete/fos/ThinkPHP/Lib/Driver/TagLib/TagLibCx.class.php 第 524 行.
NOTIC: [8] Undefined offset: 1 /webdocs/templete/fos/ThinkPHP/Lib/Driver/TagLib/TagLibCx.class.php 第 524 行.
NOTIC: [8] Undefined offset: 1 /webdocs/templete/fos/ThinkPHP/Lib/Driver/TagLib/TagLibCx.class.php 第 524 行.
NOTIC: [8] Undefined offset: 1 /webdocs/templete/fos/ThinkPHP/Lib/Driver/TagLib/TagLibCx.class.php 第 524 行.
INFO: Run ParseTemplate Behavior [ RunTime:0.008704s ]
INFO: [ view_parse ] --END-- [ RunTime:0.008764s ]
INFO: [ view_filter ] --START--
INFO: Run ContentReplace Behavior [ RunTime:0.000208s ]
INFO: Run TokenBuild Behavior [ RunTime:0.000189s ]
INFO: Run WriteHtmlCache Behavior [ RunTime:0.000120s ]
INFO: Run ShowRuntime Behavior [ RunTime:0.000249s ]
INFO: [ view_filter ] --END-- [ RunTime:0.000931s ]
INFO: [ view_end ] --START--
INFO: Run ShowPageTrace Behavior [ RunTime:0.000363s ]
INFO: [ view_end ] --END-- [ RunTime:0.000412s ]

[ 2016-05-29T08:45:27+08:00 ] 180.118.54.147 /fos/admin.php/Department/index
INFO: [ route_check ] --START--
INFO: Run CheckRoute Behavior [ RunTime:0.000533s ]
INFO: [ route_check ] --END-- [ RunTime:0.000654s ]
INFO: [ app_begin ] --START--
INFO: Run ReadHtmlCache Behavior [ RunTime:0.000313s ]
INFO: [ app_begin ] --END-- [ RunTime:0.000375s ]
SQL: SHOW COLUMNS FROM `lxy_category` [ RunTime:0.001236s ]
SQL: SELECT * FROM `lxy_category`  [ RunTime:0.000372s ]
SQL: SHOW COLUMNS FROM `lxy_position` [ RunTime:0.001110s ]
SQL: SELECT * FROM `lxy_position`  [ RunTime:0.000165s ]
SQL: SHOW COLUMNS FROM `lxy_filecate` [ RunTime:0.000821s ]
SQL: SELECT * FROM `lxy_filecate`  [ RunTime:0.000160s ]
SQL: SHOW COLUMNS FROM `lxy_department` [ RunTime:0.000852s ]
SQL: SELECT COUNT(*) AS tp_count FROM `lxy_department` LIMIT 1   [ RunTime:0.000185s ]
SQL: SELECT `department_id` AS `id`,`department_name` AS `name`,`department_time` AS `time`,`department_content` AS `content` FROM `lxy_department` ORDER BY department_time desc LIMIT 0,20   [ RunTime:0.000378s ]
INFO: [ view_template ] --START--
INFO: Run LocationTemplate Behavior [ RunTime:0.000247s ]
INFO: [ view_template ] --END-- [ RunTime:0.000311s ]
INFO: [ view_parse ] --START--
NOTIC: [8] Undefined offset: 1 /webdocs/templete/fos/ThinkPHP/Lib/Driver/TagLib/TagLibCx.class.php 第 524 行.
NOTIC: [8] Undefined offset: 1 /webdocs/templete/fos/ThinkPHP/Lib/Driver/TagLib/TagLibCx.class.php 第 524 行.
NOTIC: [8] Undefined offset: 1 /webdocs/templete/fos/ThinkPHP/Lib/Driver/TagLib/TagLibCx.class.php 第 524 行.
NOTIC: [8] Undefined offset: 1 /webdocs/templete/fos/ThinkPHP/Lib/Driver/TagLib/TagLibCx.class.php 第 524 行.
NOTIC: [8] Undefined offset: 1 /webdocs/templete/fos/ThinkPHP/Lib/Driver/TagLib/TagLibCx.class.php 第 524 行.
INFO: Run ParseTemplate Behavior [ RunTime:0.017074s ]
INFO: [ view_parse ] --END-- [ RunTime:0.017136s ]
INFO: [ view_filter ] --START--
INFO: Run ContentReplace Behavior [ RunTime:0.000234s ]
INFO: Run TokenBuild Behavior [ RunTime:0.000201s ]
INFO: Run WriteHtmlCache Behavior [ RunTime:0.000153s ]
INFO: Run ShowRuntime Behavior [ RunTime:0.000246s ]
INFO: [ view_filter ] --END-- [ RunTime:0.000969s ]
INFO: [ view_end ] --START--
INFO: Run ShowPageTrace Behavior [ RunTime:0.000328s ]
INFO: [ view_end ] --END-- [ RunTime:0.000379s ]

[ 2016-05-29T08:45:29+08:00 ] 180.118.54.147 /fos/admin.php/News/index
INFO: [ route_check ] --START--
INFO: Run CheckRoute Behavior [ RunTime:0.000804s ]
INFO: [ route_check ] --END-- [ RunTime:0.000911s ]
INFO: [ app_begin ] --START--
INFO: Run ReadHtmlCache Behavior [ RunTime:0.000504s ]
INFO: [ app_begin ] --END-- [ RunTime:0.000586s ]
SQL: SHOW COLUMNS FROM `lxy_category` [ RunTime:0.001213s ]
SQL: SELECT * FROM `lxy_category`  [ RunTime:0.000207s ]
SQL: SHOW COLUMNS FROM `lxy_position` [ RunTime:0.000787s ]
SQL: SELECT * FROM `lxy_position`  [ RunTime:0.000164s ]
SQL: SHOW COLUMNS FROM `lxy_filecate` [ RunTime:0.000848s ]
SQL: SELECT * FROM `lxy_filecate`  [ RunTime:0.000161s ]
SQL: SHOW COLUMNS FROM `lxy_news` [ RunTime:0.000861s ]
NOTIC: [8] Undefined index: category /webdocs/templete/fos/Admin/Lib/Action/NewsAction.class.php 第 20 行.
SQL: SELECT COUNT(*) AS tp_count FROM `lxy_news` LIMIT 1   [ RunTime:0.001019s ]
SQL: SELECT `news_id` AS `id`,`news_title` AS `title`,`news_category` AS `category`,`news_time` AS `time`,`news_content` AS `content` FROM `lxy_news` ORDER BY news_time desc LIMIT 0,20   [ RunTime:0.001464s ]
SQL: SELECT * FROM `lxy_category` WHERE ( `category_id` = 2 ) LIMIT 1   [ RunTime:0.000186s ]
SQL: SELECT * FROM `lxy_category` WHERE ( `category_id` = 2 ) LIMIT 1   [ RunTime:0.000158s ]
SQL: SELECT * FROM `lxy_category` WHERE ( `category_id` = 2 ) LIMIT 1   [ RunTime:0.000155s ]
SQL: SELECT * FROM `lxy_category` WHERE ( `category_id` = 2 ) LIMIT 1   [ RunTime:0.000162s ]
SQL: SELECT * FROM `lxy_category` WHERE ( `category_id` = 2 ) LIMIT 1   [ RunTime:0.000163s ]
SQL: SELECT * FROM `lxy_category` WHERE ( `category_id` = 2 ) LIMIT 1   [ RunTime:0.000164s ]
SQL: SELECT * FROM `lxy_category` WHERE ( `category_id` = 2 ) LIMIT 1   [ RunTime:0.000160s ]
SQL: SELECT * FROM `lxy_category` WHERE ( `category_id` = 3 ) LIMIT 1   [ RunTime:0.000159s ]
SQL: SELECT * FROM `lxy_category` WHERE ( `category_id` = 3 ) LIMIT 1   [ RunTime:0.000157s ]
SQL: SELECT * FROM `lxy_category` WHERE ( `category_id` = 3 ) LIMIT 1   [ RunTime:0.000168s ]
SQL: SELECT * FROM `lxy_category` WHERE ( `category_id` = 3 ) LIMIT 1   [ RunTime:0.000157s ]
SQL: SELECT * FROM `lxy_category` WHERE ( `category_id` = 3 ) LIMIT 1   [ RunTime:0.000159s ]
SQL: SELECT * FROM `lxy_category` WHERE ( `category_id` = 3 ) LIMIT 1   [ RunTime:0.000194s ]
SQL: SELECT * FROM `lxy_category` WHERE ( `category_id` = 3 ) LIMIT 1   [ RunTime:0.000174s ]
SQL: SELECT * FROM `lxy_category` WHERE ( `category_id` = 3 ) LIMIT 1   [ RunTime:0.000158s ]
SQL: SELECT * FROM `lxy_category` WHERE ( `category_id` = 3 ) LIMIT 1   [ RunTime:0.000159s ]
SQL: SELECT * FROM `lxy_category` WHERE ( `category_id` = 3 ) LIMIT 1   [ RunTime:0.000156s ]
SQL: SELECT * FROM `lxy_category` WHERE ( `category_id` = 4 ) LIMIT 1   [ RunTime:0.000157s ]
SQL: SELECT * FROM `lxy_category` WHERE ( `category_id` = 4 ) LIMIT 1   [ RunTime:0.000177s ]
SQL: SELECT * FROM `lxy_category` WHERE ( `category_id` = 4 ) LIMIT 1   [ RunTime:0.000156s ]
INFO: [ view_template ] --START--
INFO: Run LocationTemplate Behavior [ RunTime:0.000189s ]
INFO: [ view_template ] --END-- [ RunTime:0.000238s ]
INFO: [ view_parse ] --START--
NOTIC: [8] Undefined offset: 1 /webdocs/templete/fos/ThinkPHP/Lib/Driver/TagLib/TagLibCx.class.php 第 524 行.
NOTIC: [8] Undefined offset: 1 /webdocs/templete/fos/ThinkPHP/Lib/Driver/TagLib/TagLibCx.class.php 第 524 行.
NOTIC: [8] Undefined offset: 1 /webdocs/templete/fos/ThinkPHP/Lib/Driver/TagLib/TagLibCx.class.php 第 524 行.
NOTIC: [8] Undefined offset: 1 /webdocs/templete/fos/ThinkPHP/Lib/Driver/TagLib/TagLibCx.class.php 第 524 行.
NOTIC: [8] Undefined offset: 1 /webdocs/templete/fos/ThinkPHP/Lib/Driver/TagLib/TagLibCx.class.php 第 524 行.
INFO: Run ParseTemplate Behavior [ RunTime:0.011329s ]
INFO: [ view_parse ] --END-- [ RunTime:0.011383s ]
INFO: [ view_filter ] --START--
INFO: Run ContentReplace Behavior [ RunTime:0.000216s ]
INFO: Run TokenBuild Behavior [ RunTime:0.000189s ]
INFO: Run WriteHtmlCache Behavior [ RunTime:0.000114s ]
INFO: Run ShowRuntime Behavior [ RunTime:0.000262s ]
INFO: [ view_filter ] --END-- [ RunTime:0.000914s ]
INFO: [ view_end ] --START--
INFO: Run ShowPageTrace Behavior [ RunTime:0.000314s ]
INFO: [ view_end ] --END-- [ RunTime:0.000364s ]

[ 2016-05-29T08:45:35+08:00 ] 180.118.54.147 /fos/admin.php/News/index
INFO: [ route_check ] --START--
INFO: Run CheckRoute Behavior [ RunTime:0.000504s ]
INFO: [ route_check ] --END-- [ RunTime:0.000577s ]
INFO: [ app_begin ] --START--
INFO: Run ReadHtmlCache Behavior [ RunTime:0.000290s ]
INFO: [ app_begin ] --END-- [ RunTime:0.000342s ]
SQL: SHOW COLUMNS FROM `lxy_category` [ RunTime:0.001215s ]
SQL: SELECT * FROM `lxy_category`  [ RunTime:0.000207s ]
SQL: SHOW COLUMNS FROM `lxy_position` [ RunTime:0.000817s ]
SQL: SELECT * FROM `lxy_position`  [ RunTime:0.000163s ]
SQL: SHOW COLUMNS FROM `lxy_filecate` [ RunTime:0.000819s ]
SQL: SELECT * FROM `lxy_filecate`  [ RunTime:0.000157s ]
SQL: SHOW COLUMNS FROM `lxy_news` [ RunTime:0.000826s ]
NOTIC: [8] Undefined index: category /webdocs/templete/fos/Admin/Lib/Action/NewsAction.class.php 第 20 行.
SQL: SELECT COUNT(*) AS tp_count FROM `lxy_news` LIMIT 1   [ RunTime:0.001031s ]
SQL: SELECT `news_id` AS `id`,`news_title` AS `title`,`news_category` AS `category`,`news_time` AS `time`,`news_content` AS `content` FROM `lxy_news` ORDER BY news_time desc LIMIT 0,20   [ RunTime:0.001470s ]
SQL: SELECT * FROM `lxy_category` WHERE ( `category_id` = 2 ) LIMIT 1   [ RunTime:0.000185s ]
SQL: SELECT * FROM `lxy_category` WHERE ( `category_id` = 2 ) LIMIT 1   [ RunTime:0.000160s ]
SQL: SELECT * FROM `lxy_category` WHERE ( `category_id` = 2 ) LIMIT 1   [ RunTime:0.000157s ]
SQL: SELECT * FROM `lxy_category` WHERE ( `category_id` = 2 ) LIMIT 1   [ RunTime:0.000156s ]
SQL: SELECT * FROM `lxy_category` WHERE ( `category_id` = 2 ) LIMIT 1   [ RunTime:0.000164s ]
SQL: SELECT * FROM `lxy_category` WHERE ( `category_id` = 2 ) LIMIT 1   [ RunTime:0.000161s ]
SQL: SELECT * FROM `lxy_category` WHERE ( `category_id` = 2 ) LIMIT 1   [ RunTime:0.000159s ]
SQL: SELECT * FROM `lxy_category` WHERE ( `category_id` = 3 ) LIMIT 1   [ RunTime:0.000179s ]
SQL: SELECT * FROM `lxy_category` WHERE ( `category_id` = 3 ) LIMIT 1   [ RunTime:0.000158s ]
SQL: SELECT * FROM `lxy_category` WHERE ( `category_id` = 3 ) LIMIT 1   [ RunTime:0.000158s ]
SQL: SELECT * FROM `lxy_category` WHERE ( `category_id` = 3 ) LIMIT 1   [ RunTime:0.000192s ]
SQL: SELECT * FROM `lxy_category` WHERE ( `category_id` = 3 ) LIMIT 1   [ RunTime:0.000158s ]
SQL: SELECT * FROM `lxy_category` WHERE ( `category_id` = 3 ) LIMIT 1   [ RunTime:0.000157s ]
SQL: SELECT * FROM `lxy_category` WHERE ( `category_id` = 3 ) LIMIT 1   [ RunTime:0.000175s ]
SQL: SELECT * FROM `lxy_category` WHERE ( `category_id` = 3 ) LIMIT 1   [ RunTime:0.000156s ]
SQL: SELECT * FROM `lxy_category` WHERE ( `category_id` = 3 ) LIMIT 1   [ RunTime:0.000161s ]
SQL: SELECT * FROM `lxy_category` WHERE ( `category_id` = 3 ) LIMIT 1   [ RunTime:0.000155s ]
SQL: SELECT * FROM `lxy_category` WHERE ( `category_id` = 4 ) LIMIT 1   [ RunTime:0.000159s ]
SQL: SELECT * FROM `lxy_category` WHERE ( `category_id` = 4 ) LIMIT 1   [ RunTime:0.000156s ]
SQL: SELECT * FROM `lxy_category` WHERE ( `category_id` = 4 ) LIMIT 1   [ RunTime:0.000156s ]
INFO: [ view_template ] --START--
INFO: Run LocationTemplate Behavior [ RunTime:0.000189s ]
INFO: [ view_template ] --END-- [ RunTime:0.000241s ]
INFO: [ view_parse ] --START--
NOTIC: [8] Undefined offset: 1 /webdocs/templete/fos/ThinkPHP/Lib/Driver/TagLib/TagLibCx.class.php 第 524 行.
NOTIC: [8] Undefined offset: 1 /webdocs/templete/fos/ThinkPHP/Lib/Driver/TagLib/TagLibCx.class.php 第 524 行.
NOTIC: [8] Undefined offset: 1 /webdocs/templete/fos/ThinkPHP/Lib/Driver/TagLib/TagLibCx.class.php 第 524 行.
NOTIC: [8] Undefined offset: 1 /webdocs/templete/fos/ThinkPHP/Lib/Driver/TagLib/TagLibCx.class.php 第 524 行.
NOTIC: [8] Undefined offset: 1 /webdocs/templete/fos/ThinkPHP/Lib/Driver/TagLib/TagLibCx.class.php 第 524 行.
INFO: Run ParseTemplate Behavior [ RunTime:0.009607s ]
INFO: [ view_parse ] --END-- [ RunTime:0.009660s ]
INFO: [ view_filter ] --START--
INFO: Run ContentReplace Behavior [ RunTime:0.000219s ]
INFO: Run TokenBuild Behavior [ RunTime:0.000190s ]
INFO: Run WriteHtmlCache Behavior [ RunTime:0.000113s ]
INFO: Run ShowRuntime Behavior [ RunTime:0.000234s ]
INFO: [ view_filter ] --END-- [ RunTime:0.000893s ]
INFO: [ view_end ] --START--
INFO: Run ShowPageTrace Behavior [ RunTime:0.000314s ]
INFO: [ view_end ] --END-- [ RunTime:0.000361s ]

[ 2016-05-29T08:56:49+08:00 ] 180.118.54.147 /fos/admin.php/login/index
INFO: [ route_check ] --START--
INFO: Run CheckRoute Behavior [ RunTime:0.011750s ]
INFO: [ route_check ] --END-- [ RunTime:0.011857s ]
INFO: [ app_begin ] --START--
INFO: Run ReadHtmlCache Behavior [ RunTime:0.000329s ]
INFO: [ app_begin ] --END-- [ RunTime:0.000417s ]
INFO: [ view_template ] --START--
INFO: Run LocationTemplate Behavior [ RunTime:0.010763s ]
INFO: [ view_template ] --END-- [ RunTime:0.010869s ]
INFO: [ view_parse ] --START--
NOTIC: [8] Undefined offset: 1 /webdocs/templete/fos/ThinkPHP/Lib/Driver/TagLib/TagLibCx.class.php 第 524 行.
NOTIC: [8] Undefined offset: 1 /webdocs/templete/fos/ThinkPHP/Lib/Driver/TagLib/TagLibCx.class.php 第 524 行.
NOTIC: [8] Undefined offset: 1 /webdocs/templete/fos/ThinkPHP/Lib/Driver/TagLib/TagLibCx.class.php 第 524 行.
NOTIC: [8] Undefined offset: 1 /webdocs/templete/fos/ThinkPHP/Lib/Driver/TagLib/TagLibCx.class.php 第 524 行.
NOTIC: [8] Undefined offset: 1 /webdocs/templete/fos/ThinkPHP/Lib/Driver/TagLib/TagLibCx.class.php 第 524 行.
NOTIC: [8] Undefined offset: 1 /webdocs/templete/fos/ThinkPHP/Lib/Driver/TagLib/TagLibCx.class.php 第 524 行.
INFO: Run ParseTemplate Behavior [ RunTime:0.045583s ]
INFO: [ view_parse ] --END-- [ RunTime:0.045655s ]
INFO: [ view_filter ] --START--
INFO: Run ContentReplace Behavior [ RunTime:0.000213s ]
INFO: Run TokenBuild Behavior [ RunTime:0.000211s ]
INFO: Run WriteHtmlCache Behavior [ RunTime:0.000129s ]
INFO: Run ShowRuntime Behavior [ RunTime:0.000299s ]
INFO: [ view_filter ] --END-- [ RunTime:0.000996s ]
INFO: [ view_end ] --START--
INFO: Run ShowPageTrace Behavior [ RunTime:0.000374s ]
INFO: [ view_end ] --END-- [ RunTime:0.000423s ]

[ 2016-05-29T08:56:49+08:00 ] 180.118.54.147 /fos/admin.php/Public/verify
INFO: [ route_check ] --START--
INFO: Run CheckRoute Behavior [ RunTime:0.000552s ]
INFO: [ route_check ] --END-- [ RunTime:0.000640s ]
INFO: [ app_begin ] --START--
INFO: Run ReadHtmlCache Behavior [ RunTime:0.000311s ]
INFO: [ app_begin ] --END-- [ RunTime:0.000370s ]

[ 2016-05-29T08:56:54+08:00 ] 180.118.54.147 /fos/admin.php/Login/doLogin
INFO: [ route_check ] --START--
INFO: Run CheckRoute Behavior [ RunTime:0.000495s ]
INFO: [ route_check ] --END-- [ RunTime:0.000603s ]
INFO: [ app_begin ] --START--
INFO: Run ReadHtmlCache Behavior [ RunTime:0.000306s ]
INFO: [ app_begin ] --END-- [ RunTime:0.000365s ]
SQL: SHOW COLUMNS FROM `lxy_users` [ RunTime:0.017867s ]
SQL: SELECT * FROM `lxy_users` WHERE ( `user_name` = 'admin' ) AND ( `user_password` = 'e10adc3949ba59abbe56e057f20f883e' ) LIMIT 1   [ RunTime:0.000294s ]
INFO: [ view_template ] --START--
INFO: Run LocationTemplate Behavior [ RunTime:0.000285s ]
INFO: [ view_template ] --END-- [ RunTime:0.000347s ]
INFO: [ view_parse ] --START--
INFO: Run ParseTemplate Behavior [ RunTime:0.006074s ]
INFO: [ view_parse ] --END-- [ RunTime:0.006152s ]
INFO: [ view_filter ] --START--
INFO: Run ContentReplace Behavior [ RunTime:0.000199s ]
INFO: Run TokenBuild Behavior [ RunTime:0.000201s ]
INFO: Run WriteHtmlCache Behavior [ RunTime:0.000147s ]
INFO: Run ShowRuntime Behavior [ RunTime:0.000263s ]
INFO: [ view_filter ] --END-- [ RunTime:0.000955s ]
INFO: [ view_end ] --START--
INFO: Run ShowPageTrace Behavior [ RunTime:0.000375s ]
INFO: [ view_end ] --END-- [ RunTime:0.000424s ]

[ 2016-05-29T08:56:55+08:00 ] 180.118.54.147 /fos/admin.php/index/index
INFO: [ route_check ] --START--
INFO: Run CheckRoute Behavior [ RunTime:0.000496s ]
INFO: [ route_check ] --END-- [ RunTime:0.000582s ]
INFO: [ app_begin ] --START--
INFO: Run ReadHtmlCache Behavior [ RunTime:0.000307s ]
INFO: [ app_begin ] --END-- [ RunTime:0.000368s ]
SQL: SHOW COLUMNS FROM `lxy_category` [ RunTime:0.015072s ]
SQL: SELECT * FROM `lxy_category`  [ RunTime:0.000204s ]
SQL: SHOW COLUMNS FROM `lxy_position` [ RunTime:0.001981s ]
SQL: SELECT * FROM `lxy_position`  [ RunTime:0.000186s ]
SQL: SHOW COLUMNS FROM `lxy_filecate` [ RunTime:0.021494s ]
SQL: SELECT * FROM `lxy_filecate`  [ RunTime:0.000167s ]
INFO: [ view_template ] --START--
INFO: Run LocationTemplate Behavior [ RunTime:0.001586s ]
INFO: [ view_template ] --END-- [ RunTime:0.001671s ]
INFO: [ view_parse ] --START--
NOTIC: [8] Undefined offset: 1 /webdocs/templete/fos/ThinkPHP/Lib/Driver/TagLib/TagLibCx.class.php 第 524 行.
NOTIC: [8] Undefined offset: 1 /webdocs/templete/fos/ThinkPHP/Lib/Driver/TagLib/TagLibCx.class.php 第 524 行.
NOTIC: [8] Undefined offset: 1 /webdocs/templete/fos/ThinkPHP/Lib/Driver/TagLib/TagLibCx.class.php 第 524 行.
NOTIC: [8] Undefined offset: 1 /webdocs/templete/fos/ThinkPHP/Lib/Driver/TagLib/TagLibCx.class.php 第 524 行.
NOTIC: [8] Undefined offset: 1 /webdocs/templete/fos/ThinkPHP/Lib/Driver/TagLib/TagLibCx.class.php 第 524 行.
INFO: Run ParseTemplate Behavior [ RunTime:0.014385s ]
INFO: [ view_parse ] --END-- [ RunTime:0.014447s ]
INFO: [ view_filter ] --START--
INFO: Run ContentReplace Behavior [ RunTime:0.000217s ]
INFO: Run TokenBuild Behavior [ RunTime:0.000216s ]
INFO: Run WriteHtmlCache Behavior [ RunTime:0.000118s ]
INFO: Run ShowRuntime Behavior [ RunTime:0.000250s ]
INFO: [ view_filter ] --END-- [ RunTime:0.000946s ]
INFO: [ view_end ] --START--
INFO: Run ShowPageTrace Behavior [ RunTime:0.000358s ]
INFO: [ view_end ] --END-- [ RunTime:0.000410s ]

