[ 2016-06-15T04:53:40+08:00 ] 180.118.165.67 /fos/admin.php/login/index
INFO: [ route_check ] --START--
INFO: Run CheckRoute Behavior [ RunTime:0.000492s ]
INFO: [ route_check ] --END-- [ RunTime:0.000575s ]
INFO: [ app_begin ] --START--
INFO: Run ReadHtmlCache Behavior [ RunTime:0.000291s ]
INFO: [ app_begin ] --END-- [ RunTime:0.000342s ]
INFO: [ view_template ] --START--
INFO: Run LocationTemplate Behavior [ RunTime:0.000193s ]
INFO: [ view_template ] --END-- [ RunTime:0.000244s ]
INFO: [ view_parse ] --START--
NOTIC: [8] Undefined offset: 1 /webdocs/templete/fos/ThinkPHP/Lib/Driver/TagLib/TagLibCx.class.php 第 524 行.
NOTIC: [8] Undefined offset: 1 /webdocs/templete/fos/ThinkPHP/Lib/Driver/TagLib/TagLibCx.class.php 第 524 行.
NOTIC: [8] Undefined offset: 1 /webdocs/templete/fos/ThinkPHP/Lib/Driver/TagLib/TagLibCx.class.php 第 524 行.
NOTIC: [8] Undefined offset: 1 /webdocs/templete/fos/ThinkPHP/Lib/Driver/TagLib/TagLibCx.class.php 第 524 行.
NOTIC: [8] Undefined offset: 1 /webdocs/templete/fos/ThinkPHP/Lib/Driver/TagLib/TagLibCx.class.php 第 524 行.
NOTIC: [8] Undefined offset: 1 /webdocs/templete/fos/ThinkPHP/Lib/Driver/TagLib/TagLibCx.class.php 第 524 行.
INFO: Run ParseTemplate Behavior [ RunTime:0.005450s ]
INFO: [ view_parse ] --END-- [ RunTime:0.005508s ]
INFO: [ view_filter ] --START--
INFO: Run ContentReplace Behavior [ RunTime:0.000201s ]
INFO: Run TokenBuild Behavior [ RunTime:0.000198s ]
INFO: Run WriteHtmlCache Behavior [ RunTime:0.000121s ]
INFO: Run ShowRuntime Behavior [ RunTime:0.000265s ]
INFO: [ view_filter ] --END-- [ RunTime:0.000948s ]
INFO: [ view_end ] --START--
INFO: Run ShowPageTrace Behavior [ RunTime:0.000382s ]
INFO: [ view_end ] --END-- [ RunTime:0.000427s ]

[ 2016-06-15T04:53:40+08:00 ] 180.118.165.67 /fos/admin.php/Public/verify
INFO: [ route_check ] --START--
INFO: Run CheckRoute Behavior [ RunTime:0.000501s ]
INFO: [ route_check ] --END-- [ RunTime:0.000573s ]
INFO: [ app_begin ] --START--
INFO: Run ReadHtmlCache Behavior [ RunTime:0.000319s ]
INFO: [ app_begin ] --END-- [ RunTime:0.000370s ]

[ 2016-06-15T04:53:49+08:00 ] 180.118.165.67 /fos/admin.php/Public/verify
INFO: [ route_check ] --START--
INFO: Run CheckRoute Behavior [ RunTime:0.000521s ]
INFO: [ route_check ] --END-- [ RunTime:0.000594s ]
INFO: [ app_begin ] --START--
INFO: Run ReadHtmlCache Behavior [ RunTime:0.000291s ]
INFO: [ app_begin ] --END-- [ RunTime:0.000342s ]

[ 2016-06-15T04:53:58+08:00 ] 180.118.165.67 /fos/admin.php/Login/doLogin
INFO: [ route_check ] --START--
INFO: Run CheckRoute Behavior [ RunTime:0.000477s ]
INFO: [ route_check ] --END-- [ RunTime:0.000550s ]
INFO: [ app_begin ] --START--
INFO: Run ReadHtmlCache Behavior [ RunTime:0.000412s ]
INFO: [ app_begin ] --END-- [ RunTime:0.000462s ]
SQL: SHOW COLUMNS FROM `lxy_users` [ RunTime:0.000930s ]
SQL: SELECT * FROM `lxy_users` WHERE ( `user_name` = 'admin' ) AND ( `user_password` = 'e10adc3949ba59abbe56e057f20f883e' ) LIMIT 1   [ RunTime:0.000269s ]
INFO: [ view_template ] --START--
INFO: Run LocationTemplate Behavior [ RunTime:0.000197s ]
INFO: [ view_template ] --END-- [ RunTime:0.000254s ]
INFO: [ view_parse ] --START--
INFO: Run ParseTemplate Behavior [ RunTime:0.004952s ]
INFO: [ view_parse ] --END-- [ RunTime:0.005032s ]
INFO: [ view_filter ] --START--
INFO: Run ContentReplace Behavior [ RunTime:0.000201s ]
INFO: Run TokenBuild Behavior [ RunTime:0.000198s ]
INFO: Run WriteHtmlCache Behavior [ RunTime:0.000145s ]
INFO: Run ShowRuntime Behavior [ RunTime:0.000256s ]
INFO: [ view_filter ] --END-- [ RunTime:0.000941s ]
INFO: [ view_end ] --START--
INFO: Run ShowPageTrace Behavior [ RunTime:0.000405s ]
INFO: [ view_end ] --END-- [ RunTime:0.000452s ]

[ 2016-06-15T04:53:59+08:00 ] 180.118.165.67 /fos/admin.php/index/index
INFO: [ route_check ] --START--
INFO: Run CheckRoute Behavior [ RunTime:0.000476s ]
INFO: [ route_check ] --END-- [ RunTime:0.000549s ]
INFO: [ app_begin ] --START--
INFO: Run ReadHtmlCache Behavior [ RunTime:0.000291s ]
INFO: [ app_begin ] --END-- [ RunTime:0.000344s ]
SQL: SHOW COLUMNS FROM `lxy_category` [ RunTime:0.000852s ]
SQL: SELECT * FROM `lxy_category`  [ RunTime:0.000234s ]
SQL: SHOW COLUMNS FROM `lxy_position` [ RunTime:0.000540s ]
SQL: SELECT * FROM `lxy_position`  [ RunTime:0.000162s ]
SQL: SHOW COLUMNS FROM `lxy_filecate` [ RunTime:0.000532s ]
SQL: SELECT * FROM `lxy_filecate`  [ RunTime:0.000181s ]
INFO: [ view_template ] --START--
INFO: Run LocationTemplate Behavior [ RunTime:0.000190s ]
INFO: [ view_template ] --END-- [ RunTime:0.000242s ]
INFO: [ view_parse ] --START--
NOTIC: [8] Undefined offset: 1 /webdocs/templete/fos/ThinkPHP/Lib/Driver/TagLib/TagLibCx.class.php 第 524 行.
NOTIC: [8] Undefined offset: 1 /webdocs/templete/fos/ThinkPHP/Lib/Driver/TagLib/TagLibCx.class.php 第 524 行.
NOTIC: [8] Undefined offset: 1 /webdocs/templete/fos/ThinkPHP/Lib/Driver/TagLib/TagLibCx.class.php 第 524 行.
NOTIC: [8] Undefined offset: 1 /webdocs/templete/fos/ThinkPHP/Lib/Driver/TagLib/TagLibCx.class.php 第 524 行.
NOTIC: [8] Undefined offset: 1 /webdocs/templete/fos/ThinkPHP/Lib/Driver/TagLib/TagLibCx.class.php 第 524 行.
INFO: Run ParseTemplate Behavior [ RunTime:0.009322s ]
INFO: [ view_parse ] --END-- [ RunTime:0.009390s ]
INFO: [ view_filter ] --START--
INFO: Run ContentReplace Behavior [ RunTime:0.000260s ]
INFO: Run TokenBuild Behavior [ RunTime:0.000192s ]
INFO: Run WriteHtmlCache Behavior [ RunTime:0.000142s ]
INFO: Run ShowRuntime Behavior [ RunTime:0.000279s ]
INFO: [ view_filter ] --END-- [ RunTime:0.001022s ]
INFO: [ view_end ] --START--
INFO: Run ShowPageTrace Behavior [ RunTime:0.000386s ]
INFO: [ view_end ] --END-- [ RunTime:0.000436s ]

[ 2016-06-15T04:55:54+08:00 ] 180.118.165.67 /fos/admin.php/login/index
INFO: [ route_check ] --START--
INFO: Run CheckRoute Behavior [ RunTime:0.000844s ]
INFO: [ route_check ] --END-- [ RunTime:0.000930s ]
INFO: [ app_begin ] --START--
INFO: Run ReadHtmlCache Behavior [ RunTime:0.000467s ]
INFO: [ app_begin ] --END-- [ RunTime:0.000548s ]
INFO: [ view_template ] --START--
INFO: Run LocationTemplate Behavior [ RunTime:0.000252s ]
INFO: [ view_template ] --END-- [ RunTime:0.000332s ]
INFO: [ view_parse ] --START--
NOTIC: [8] Undefined offset: 1 /webdocs/templete/fos/ThinkPHP/Lib/Driver/TagLib/TagLibCx.class.php 第 524 行.
NOTIC: [8] Undefined offset: 1 /webdocs/templete/fos/ThinkPHP/Lib/Driver/TagLib/TagLibCx.class.php 第 524 行.
NOTIC: [8] Undefined offset: 1 /webdocs/templete/fos/ThinkPHP/Lib/Driver/TagLib/TagLibCx.class.php 第 524 行.
NOTIC: [8] Undefined offset: 1 /webdocs/templete/fos/ThinkPHP/Lib/Driver/TagLib/TagLibCx.class.php 第 524 行.
NOTIC: [8] Undefined offset: 1 /webdocs/templete/fos/ThinkPHP/Lib/Driver/TagLib/TagLibCx.class.php 第 524 行.
NOTIC: [8] Undefined offset: 1 /webdocs/templete/fos/ThinkPHP/Lib/Driver/TagLib/TagLibCx.class.php 第 524 行.
INFO: Run ParseTemplate Behavior [ RunTime:0.006611s ]
INFO: [ view_parse ] --END-- [ RunTime:0.006677s ]
INFO: [ view_filter ] --START--
INFO: Run ContentReplace Behavior [ RunTime:0.000187s ]
INFO: Run TokenBuild Behavior [ RunTime:0.000201s ]
INFO: Run WriteHtmlCache Behavior [ RunTime:0.000118s ]
INFO: Run ShowRuntime Behavior [ RunTime:0.000268s ]
INFO: [ view_filter ] --END-- [ RunTime:0.000906s ]
INFO: [ view_end ] --START--
INFO: Run ShowPageTrace Behavior [ RunTime:0.000333s ]
INFO: [ view_end ] --END-- [ RunTime:0.000376s ]

[ 2016-06-15T04:55:54+08:00 ] 180.118.165.67 /fos/admin.php/Public/verify
INFO: [ route_check ] --START--
INFO: Run CheckRoute Behavior [ RunTime:0.000490s ]
INFO: [ route_check ] --END-- [ RunTime:0.000560s ]
INFO: [ app_begin ] --START--
INFO: Run ReadHtmlCache Behavior [ RunTime:0.000286s ]
INFO: [ app_begin ] --END-- [ RunTime:0.000335s ]

[ 2016-06-15T04:56:01+08:00 ] 180.118.165.67 /fos/admin.php/Login/doLogin
INFO: [ route_check ] --START--
INFO: Run CheckRoute Behavior [ RunTime:0.000481s ]
INFO: [ route_check ] --END-- [ RunTime:0.000555s ]
INFO: [ app_begin ] --START--
INFO: Run ReadHtmlCache Behavior [ RunTime:0.000297s ]
INFO: [ app_begin ] --END-- [ RunTime:0.000350s ]
SQL: SHOW COLUMNS FROM `lxy_users` [ RunTime:0.001263s ]
SQL: SELECT * FROM `lxy_users` WHERE ( `user_name` = 'admin' ) AND ( `user_password` = 'e10adc3949ba59abbe56e057f20f883e' ) LIMIT 1   [ RunTime:0.000346s ]
INFO: [ view_template ] --START--
INFO: Run LocationTemplate Behavior [ RunTime:0.000259s ]
INFO: [ view_template ] --END-- [ RunTime:0.000314s ]
INFO: [ view_parse ] --START--
INFO: Run ParseTemplate Behavior [ RunTime:0.004490s ]
INFO: [ view_parse ] --END-- [ RunTime:0.004551s ]
INFO: [ view_filter ] --START--
INFO: Run ContentReplace Behavior [ RunTime:0.000176s ]
INFO: Run TokenBuild Behavior [ RunTime:0.000220s ]
INFO: Run WriteHtmlCache Behavior [ RunTime:0.000119s ]
INFO: Run ShowRuntime Behavior [ RunTime:0.000265s ]
INFO: [ view_filter ] --END-- [ RunTime:0.000918s ]
INFO: [ view_end ] --START--
INFO: Run ShowPageTrace Behavior [ RunTime:0.000328s ]
INFO: [ view_end ] --END-- [ RunTime:0.000371s ]

[ 2016-06-15T04:56:02+08:00 ] 180.118.165.67 /fos/admin.php/index/index
INFO: [ route_check ] --START--
INFO: Run CheckRoute Behavior [ RunTime:0.000464s ]
INFO: [ route_check ] --END-- [ RunTime:0.000536s ]
INFO: [ app_begin ] --START--
INFO: Run ReadHtmlCache Behavior [ RunTime:0.000289s ]
INFO: [ app_begin ] --END-- [ RunTime:0.000341s ]
SQL: SHOW COLUMNS FROM `lxy_category` [ RunTime:0.000846s ]
SQL: SELECT * FROM `lxy_category`  [ RunTime:0.000228s ]
SQL: SHOW COLUMNS FROM `lxy_position` [ RunTime:0.000535s ]
SQL: SELECT * FROM `lxy_position`  [ RunTime:0.000179s ]
SQL: SHOW COLUMNS FROM `lxy_filecate` [ RunTime:0.000531s ]
SQL: SELECT * FROM `lxy_filecate`  [ RunTime:0.000177s ]
INFO: [ view_template ] --START--
INFO: Run LocationTemplate Behavior [ RunTime:0.000184s ]
INFO: [ view_template ] --END-- [ RunTime:0.000232s ]
INFO: [ view_parse ] --START--
NOTIC: [8] Undefined offset: 1 /webdocs/templete/fos/ThinkPHP/Lib/Driver/TagLib/TagLibCx.class.php 第 524 行.
NOTIC: [8] Undefined offset: 1 /webdocs/templete/fos/ThinkPHP/Lib/Driver/TagLib/TagLibCx.class.php 第 524 行.
NOTIC: [8] Undefined offset: 1 /webdocs/templete/fos/ThinkPHP/Lib/Driver/TagLib/TagLibCx.class.php 第 524 行.
NOTIC: [8] Undefined offset: 1 /webdocs/templete/fos/ThinkPHP/Lib/Driver/TagLib/TagLibCx.class.php 第 524 行.
NOTIC: [8] Undefined offset: 1 /webdocs/templete/fos/ThinkPHP/Lib/Driver/TagLib/TagLibCx.class.php 第 524 行.
INFO: Run ParseTemplate Behavior [ RunTime:0.008516s ]
INFO: [ view_parse ] --END-- [ RunTime:0.008569s ]
INFO: [ view_filter ] --START--
INFO: Run ContentReplace Behavior [ RunTime:0.000198s ]
INFO: Run TokenBuild Behavior [ RunTime:0.000183s ]
INFO: Run WriteHtmlCache Behavior [ RunTime:0.000111s ]
INFO: Run ShowRuntime Behavior [ RunTime:0.000230s ]
INFO: [ view_filter ] --END-- [ RunTime:0.000851s ]
INFO: [ view_end ] --START--
INFO: Run ShowPageTrace Behavior [ RunTime:0.000324s ]
INFO: [ view_end ] --END-- [ RunTime:0.000371s ]

[ 2016-06-15T04:57:05+08:00 ] 180.118.165.67 /fos/admin.php/login/index
INFO: [ route_check ] --START--
INFO: Run CheckRoute Behavior [ RunTime:0.000493s ]
INFO: [ route_check ] --END-- [ RunTime:0.000570s ]
INFO: [ app_begin ] --START--
INFO: Run ReadHtmlCache Behavior [ RunTime:0.000303s ]
INFO: [ app_begin ] --END-- [ RunTime:0.000364s ]
INFO: [ view_template ] --START--
INFO: Run LocationTemplate Behavior [ RunTime:0.000209s ]
INFO: [ view_template ] --END-- [ RunTime:0.000269s ]
INFO: [ view_parse ] --START--
NOTIC: [8] Undefined offset: 1 /webdocs/templete/fos/ThinkPHP/Lib/Driver/TagLib/TagLibCx.class.php 第 524 行.
NOTIC: [8] Undefined offset: 1 /webdocs/templete/fos/ThinkPHP/Lib/Driver/TagLib/TagLibCx.class.php 第 524 行.
NOTIC: [8] Undefined offset: 1 /webdocs/templete/fos/ThinkPHP/Lib/Driver/TagLib/TagLibCx.class.php 第 524 行.
NOTIC: [8] Undefined offset: 1 /webdocs/templete/fos/ThinkPHP/Lib/Driver/TagLib/TagLibCx.class.php 第 524 行.
NOTIC: [8] Undefined offset: 1 /webdocs/templete/fos/ThinkPHP/Lib/Driver/TagLib/TagLibCx.class.php 第 524 行.
NOTIC: [8] Undefined offset: 1 /webdocs/templete/fos/ThinkPHP/Lib/Driver/TagLib/TagLibCx.class.php 第 524 行.
INFO: Run ParseTemplate Behavior [ RunTime:0.005399s ]
INFO: [ view_parse ] --END-- [ RunTime:0.005451s ]
INFO: [ view_filter ] --START--
INFO: Run ContentReplace Behavior [ RunTime:0.000194s ]
INFO: Run TokenBuild Behavior [ RunTime:0.000225s ]
INFO: Run WriteHtmlCache Behavior [ RunTime:0.000118s ]
INFO: Run ShowRuntime Behavior [ RunTime:0.000254s ]
INFO: [ view_filter ] --END-- [ RunTime:0.000934s ]
INFO: [ view_end ] --START--
INFO: Run ShowPageTrace Behavior [ RunTime:0.000390s ]
INFO: [ view_end ] --END-- [ RunTime:0.000439s ]

[ 2016-06-15T04:57:07+08:00 ] 180.118.165.67 /fos/admin.php/Public/verify
INFO: [ route_check ] --START--
INFO: Run CheckRoute Behavior [ RunTime:0.000510s ]
INFO: [ route_check ] --END-- [ RunTime:0.000582s ]
INFO: [ app_begin ] --START--
INFO: Run ReadHtmlCache Behavior [ RunTime:0.000296s ]
INFO: [ app_begin ] --END-- [ RunTime:0.000363s ]

[ 2016-06-15T04:57:14+08:00 ] 180.118.165.67 /fos/admin.php/Public/verify?0.41909503763351185
INFO: [ route_check ] --START--
INFO: Run CheckRoute Behavior [ RunTime:0.000493s ]
INFO: [ route_check ] --END-- [ RunTime:0.000571s ]
INFO: [ app_begin ] --START--
INFO: Run ReadHtmlCache Behavior [ RunTime:0.000294s ]
INFO: [ app_begin ] --END-- [ RunTime:0.000345s ]

[ 2016-06-15T04:57:22+08:00 ] 180.118.165.67 /fos/admin.php/Login/doLogin
INFO: [ route_check ] --START--
INFO: Run CheckRoute Behavior [ RunTime:0.000464s ]
INFO: [ route_check ] --END-- [ RunTime:0.000536s ]
INFO: [ app_begin ] --START--
INFO: Run ReadHtmlCache Behavior [ RunTime:0.000294s ]
INFO: [ app_begin ] --END-- [ RunTime:0.000347s ]
SQL: SHOW COLUMNS FROM `lxy_users` [ RunTime:0.000948s ]
SQL: SELECT * FROM `lxy_users` WHERE ( `user_name` = 'admin' ) AND ( `user_password` = 'e10adc3949ba59abbe56e057f20f883e' ) LIMIT 1   [ RunTime:0.000275s ]
INFO: [ view_template ] --START--
INFO: Run LocationTemplate Behavior [ RunTime:0.000211s ]
INFO: [ view_template ] --END-- [ RunTime:0.000268s ]
INFO: [ view_parse ] --START--
INFO: Run ParseTemplate Behavior [ RunTime:0.004729s ]
INFO: [ view_parse ] --END-- [ RunTime:0.004805s ]
INFO: [ view_filter ] --START--
INFO: Run ContentReplace Behavior [ RunTime:0.000194s ]
INFO: Run TokenBuild Behavior [ RunTime:0.000193s ]
INFO: Run WriteHtmlCache Behavior [ RunTime:0.000116s ]
INFO: Run ShowRuntime Behavior [ RunTime:0.000522s ]
INFO: [ view_filter ] --END-- [ RunTime:0.001162s ]
INFO: [ view_end ] --START--
INFO: Run ShowPageTrace Behavior [ RunTime:0.000330s ]
INFO: [ view_end ] --END-- [ RunTime:0.000374s ]

[ 2016-06-15T04:57:24+08:00 ] 180.118.165.67 /fos/admin.php/index/index
INFO: [ route_check ] --START--
INFO: Run CheckRoute Behavior [ RunTime:0.000487s ]
INFO: [ route_check ] --END-- [ RunTime:0.000558s ]
INFO: [ app_begin ] --START--
INFO: Run ReadHtmlCache Behavior [ RunTime:0.000297s ]
INFO: [ app_begin ] --END-- [ RunTime:0.000347s ]
SQL: SHOW COLUMNS FROM `lxy_category` [ RunTime:0.000855s ]
SQL: SELECT * FROM `lxy_category`  [ RunTime:0.000210s ]
SQL: SHOW COLUMNS FROM `lxy_position` [ RunTime:0.000564s ]
SQL: SELECT * FROM `lxy_position`  [ RunTime:0.000161s ]
SQL: SHOW COLUMNS FROM `lxy_filecate` [ RunTime:0.000554s ]
SQL: SELECT * FROM `lxy_filecate`  [ RunTime:0.000158s ]
INFO: [ view_template ] --START--
INFO: Run LocationTemplate Behavior [ RunTime:0.000193s ]
INFO: [ view_template ] --END-- [ RunTime:0.000244s ]
INFO: [ view_parse ] --START--
NOTIC: [8] Undefined offset: 1 /webdocs/templete/fos/ThinkPHP/Lib/Driver/TagLib/TagLibCx.class.php 第 524 行.
NOTIC: [8] Undefined offset: 1 /webdocs/templete/fos/ThinkPHP/Lib/Driver/TagLib/TagLibCx.class.php 第 524 行.
NOTIC: [8] Undefined offset: 1 /webdocs/templete/fos/ThinkPHP/Lib/Driver/TagLib/TagLibCx.class.php 第 524 行.
NOTIC: [8] Undefined offset: 1 /webdocs/templete/fos/ThinkPHP/Lib/Driver/TagLib/TagLibCx.class.php 第 524 行.
NOTIC: [8] Undefined offset: 1 /webdocs/templete/fos/ThinkPHP/Lib/Driver/TagLib/TagLibCx.class.php 第 524 行.
INFO: Run ParseTemplate Behavior [ RunTime:0.008625s ]
INFO: [ view_parse ] --END-- [ RunTime:0.008678s ]
INFO: [ view_filter ] --START--
INFO: Run ContentReplace Behavior [ RunTime:0.000197s ]
INFO: Run TokenBuild Behavior [ RunTime:0.000186s ]
INFO: Run WriteHtmlCache Behavior [ RunTime:0.000144s ]
INFO: Run ShowRuntime Behavior [ RunTime:0.000233s ]
INFO: [ view_filter ] --END-- [ RunTime:0.000891s ]
INFO: [ view_end ] --START--
INFO: Run ShowPageTrace Behavior [ RunTime:0.000323s ]
INFO: [ view_end ] --END-- [ RunTime:0.000367s ]

[ 2016-06-15T04:57:33+08:00 ] 180.118.165.67 /fos/admin.php/News/index
INFO: [ route_check ] --START--
INFO: Run CheckRoute Behavior [ RunTime:0.000501s ]
INFO: [ route_check ] --END-- [ RunTime:0.000576s ]
INFO: [ app_begin ] --START--
INFO: Run ReadHtmlCache Behavior [ RunTime:0.000304s ]
INFO: [ app_begin ] --END-- [ RunTime:0.000354s ]
SQL: SHOW COLUMNS FROM `lxy_category` [ RunTime:0.000887s ]
SQL: SELECT * FROM `lxy_category`  [ RunTime:0.000209s ]
SQL: SHOW COLUMNS FROM `lxy_position` [ RunTime:0.000551s ]
SQL: SELECT * FROM `lxy_position`  [ RunTime:0.000159s ]
SQL: SHOW COLUMNS FROM `lxy_filecate` [ RunTime:0.000569s ]
SQL: SELECT * FROM `lxy_filecate`  [ RunTime:0.000155s ]
SQL: SHOW COLUMNS FROM `lxy_news` [ RunTime:0.000589s ]
NOTIC: [8] Undefined index: category /webdocs/templete/fos/Admin/Lib/Action/NewsAction.class.php 第 20 行.
SQL: SELECT COUNT(*) AS tp_count FROM `lxy_news` LIMIT 1   [ RunTime:0.001036s ]
SQL: SELECT `news_id` AS `id`,`news_title` AS `title`,`news_category` AS `category`,`news_time` AS `time`,`news_content` AS `content` FROM `lxy_news` ORDER BY news_time desc LIMIT 0,20   [ RunTime:0.001504s ]
SQL: SELECT * FROM `lxy_category` WHERE ( `category_id` = 2 ) LIMIT 1   [ RunTime:0.000203s ]
SQL: SELECT * FROM `lxy_category` WHERE ( `category_id` = 2 ) LIMIT 1   [ RunTime:0.000187s ]
SQL: SELECT * FROM `lxy_category` WHERE ( `category_id` = 2 ) LIMIT 1   [ RunTime:0.000174s ]
SQL: SELECT * FROM `lxy_category` WHERE ( `category_id` = 2 ) LIMIT 1   [ RunTime:0.000164s ]
SQL: SELECT * FROM `lxy_category` WHERE ( `category_id` = 2 ) LIMIT 1   [ RunTime:0.000180s ]
SQL: SELECT * FROM `lxy_category` WHERE ( `category_id` = 2 ) LIMIT 1   [ RunTime:0.000173s ]
SQL: SELECT * FROM `lxy_category` WHERE ( `category_id` = 2 ) LIMIT 1   [ RunTime:0.000160s ]
SQL: SELECT * FROM `lxy_category` WHERE ( `category_id` = 3 ) LIMIT 1   [ RunTime:0.000159s ]
SQL: SELECT * FROM `lxy_category` WHERE ( `category_id` = 3 ) LIMIT 1   [ RunTime:0.000167s ]
SQL: SELECT * FROM `lxy_category` WHERE ( `category_id` = 3 ) LIMIT 1   [ RunTime:0.000158s ]
SQL: SELECT * FROM `lxy_category` WHERE ( `category_id` = 3 ) LIMIT 1   [ RunTime:0.000164s ]
SQL: SELECT * FROM `lxy_category` WHERE ( `category_id` = 3 ) LIMIT 1   [ RunTime:0.000165s ]
SQL: SELECT * FROM `lxy_category` WHERE ( `category_id` = 3 ) LIMIT 1   [ RunTime:0.000160s ]
SQL: SELECT * FROM `lxy_category` WHERE ( `category_id` = 3 ) LIMIT 1   [ RunTime:0.000159s ]
SQL: SELECT * FROM `lxy_category` WHERE ( `category_id` = 3 ) LIMIT 1   [ RunTime:0.000156s ]
SQL: SELECT * FROM `lxy_category` WHERE ( `category_id` = 3 ) LIMIT 1   [ RunTime:0.000376s ]
SQL: SELECT * FROM `lxy_category` WHERE ( `category_id` = 3 ) LIMIT 1   [ RunTime:0.000169s ]
SQL: SELECT * FROM `lxy_category` WHERE ( `category_id` = 4 ) LIMIT 1   [ RunTime:0.000168s ]
SQL: SELECT * FROM `lxy_category` WHERE ( `category_id` = 4 ) LIMIT 1   [ RunTime:0.000162s ]
SQL: SELECT * FROM `lxy_category` WHERE ( `category_id` = 4 ) LIMIT 1   [ RunTime:0.000162s ]
INFO: [ view_template ] --START--
INFO: Run LocationTemplate Behavior [ RunTime:0.000295s ]
INFO: [ view_template ] --END-- [ RunTime:0.000347s ]
INFO: [ view_parse ] --START--
NOTIC: [8] Undefined offset: 1 /webdocs/templete/fos/ThinkPHP/Lib/Driver/TagLib/TagLibCx.class.php 第 524 行.
NOTIC: [8] Undefined offset: 1 /webdocs/templete/fos/ThinkPHP/Lib/Driver/TagLib/TagLibCx.class.php 第 524 行.
NOTIC: [8] Undefined offset: 1 /webdocs/templete/fos/ThinkPHP/Lib/Driver/TagLib/TagLibCx.class.php 第 524 行.
NOTIC: [8] Undefined offset: 1 /webdocs/templete/fos/ThinkPHP/Lib/Driver/TagLib/TagLibCx.class.php 第 524 行.
NOTIC: [8] Undefined offset: 1 /webdocs/templete/fos/ThinkPHP/Lib/Driver/TagLib/TagLibCx.class.php 第 524 行.
INFO: Run ParseTemplate Behavior [ RunTime:0.010353s ]
INFO: [ view_parse ] --END-- [ RunTime:0.010411s ]
INFO: [ view_filter ] --START--
INFO: Run ContentReplace Behavior [ RunTime:0.000228s ]
INFO: Run TokenBuild Behavior [ RunTime:0.000210s ]
INFO: Run WriteHtmlCache Behavior [ RunTime:0.000115s ]
INFO: Run ShowRuntime Behavior [ RunTime:0.000289s ]
INFO: [ view_filter ] --END-- [ RunTime:0.001016s ]
INFO: [ view_end ] --START--
INFO: Run ShowPageTrace Behavior [ RunTime:0.000326s ]
INFO: [ view_end ] --END-- [ RunTime:0.000375s ]

[ 2016-06-15T04:57:42+08:00 ] 180.118.165.67 /fos/admin.php/News/edit
INFO: [ route_check ] --START--
INFO: Run CheckRoute Behavior [ RunTime:0.000495s ]
INFO: [ route_check ] --END-- [ RunTime:0.000567s ]
INFO: [ app_begin ] --START--
INFO: Run ReadHtmlCache Behavior [ RunTime:0.000289s ]
INFO: [ app_begin ] --END-- [ RunTime:0.000338s ]
SQL: SHOW COLUMNS FROM `lxy_category` [ RunTime:0.000859s ]
SQL: SELECT * FROM `lxy_category`  [ RunTime:0.000207s ]
SQL: SHOW COLUMNS FROM `lxy_position` [ RunTime:0.000563s ]
SQL: SELECT * FROM `lxy_position`  [ RunTime:0.000157s ]
SQL: SHOW COLUMNS FROM `lxy_filecate` [ RunTime:0.000555s ]
SQL: SELECT * FROM `lxy_filecate`  [ RunTime:0.000154s ]
SQL: SELECT * FROM `lxy_category`  [ RunTime:0.000151s ]
SQL: SHOW COLUMNS FROM `lxy_news` [ RunTime:0.000601s ]
NOTIC: [8] Undefined index: id /webdocs/templete/fos/Admin/Lib/Action/NewsAction.class.php 第 75 行.
SQL: SELECT * FROM `lxy_news` LIMIT 1   [ RunTime:0.000229s ]
INFO: [ view_template ] --START--
INFO: Run LocationTemplate Behavior [ RunTime:0.000191s ]
INFO: [ view_template ] --END-- [ RunTime:0.000265s ]
INFO: [ view_parse ] --START--
NOTIC: [8] Undefined offset: 1 /webdocs/templete/fos/ThinkPHP/Lib/Driver/TagLib/TagLibCx.class.php 第 524 行.
NOTIC: [8] Undefined offset: 1 /webdocs/templete/fos/ThinkPHP/Lib/Driver/TagLib/TagLibCx.class.php 第 524 行.
NOTIC: [8] Undefined offset: 1 /webdocs/templete/fos/ThinkPHP/Lib/Driver/TagLib/TagLibCx.class.php 第 524 行.
NOTIC: [8] Undefined offset: 1 /webdocs/templete/fos/ThinkPHP/Lib/Driver/TagLib/TagLibCx.class.php 第 524 行.
NOTIC: [8] Undefined offset: 1 /webdocs/templete/fos/ThinkPHP/Lib/Driver/TagLib/TagLibCx.class.php 第 524 行.
NOTIC: [8] Undefined index: id /webdocs/templete/fos/Admin/Runtime/Cache/35f5bec69668089c1808466ba2e3b1dc.php 第 185 行.
NOTIC: [8] Undefined index: id /webdocs/templete/fos/Admin/Runtime/Cache/35f5bec69668089c1808466ba2e3b1dc.php 第 195 行.
NOTIC: [8] Undefined index: id /webdocs/templete/fos/Admin/Runtime/Cache/35f5bec69668089c1808466ba2e3b1dc.php 第 215 行.
INFO: Run ParseTemplate Behavior [ RunTime:0.010037s ]
INFO: [ view_parse ] --END-- [ RunTime:0.010083s ]
INFO: [ view_filter ] --START--
INFO: Run ContentReplace Behavior [ RunTime:0.000196s ]
INFO: Run TokenBuild Behavior [ RunTime:0.000187s ]
INFO: Run WriteHtmlCache Behavior [ RunTime:0.000114s ]
INFO: Run ShowRuntime Behavior [ RunTime:0.000266s ]
INFO: [ view_filter ] --END-- [ RunTime:0.000896s ]
INFO: [ view_end ] --START--
INFO: Run ShowPageTrace Behavior [ RunTime:0.000320s ]
INFO: [ view_end ] --END-- [ RunTime:0.000364s ]

[ 2016-06-15T04:57:56+08:00 ] 180.118.165.67 /fos/admin.php/News/edit
INFO: [ route_check ] --START--
INFO: Run CheckRoute Behavior [ RunTime:0.000504s ]
INFO: [ route_check ] --END-- [ RunTime:0.000575s ]
INFO: [ app_begin ] --START--
INFO: Run ReadHtmlCache Behavior [ RunTime:0.000289s ]
INFO: [ app_begin ] --END-- [ RunTime:0.000339s ]
SQL: SHOW COLUMNS FROM `lxy_category` [ RunTime:0.000884s ]
SQL: SELECT * FROM `lxy_category`  [ RunTime:0.000233s ]
SQL: SHOW COLUMNS FROM `lxy_position` [ RunTime:0.000543s ]
SQL: SELECT * FROM `lxy_position`  [ RunTime:0.000217s ]
SQL: SHOW COLUMNS FROM `lxy_filecate` [ RunTime:0.000534s ]
SQL: SELECT * FROM `lxy_filecate`  [ RunTime:0.000183s ]
SQL: SELECT * FROM `lxy_category`  [ RunTime:0.000155s ]
SQL: SHOW COLUMNS FROM `lxy_news` [ RunTime:0.000657s ]
NOTIC: [8] Undefined index: id /webdocs/templete/fos/Admin/Lib/Action/NewsAction.class.php 第 75 行.
SQL: SELECT * FROM `lxy_news` LIMIT 1   [ RunTime:0.000231s ]
INFO: [ view_template ] --START--
INFO: Run LocationTemplate Behavior [ RunTime:0.000194s ]
INFO: [ view_template ] --END-- [ RunTime:0.000247s ]
INFO: [ view_parse ] --START--
NOTIC: [8] Undefined offset: 1 /webdocs/templete/fos/ThinkPHP/Lib/Driver/TagLib/TagLibCx.class.php 第 524 行.
NOTIC: [8] Undefined offset: 1 /webdocs/templete/fos/ThinkPHP/Lib/Driver/TagLib/TagLibCx.class.php 第 524 行.
NOTIC: [8] Undefined offset: 1 /webdocs/templete/fos/ThinkPHP/Lib/Driver/TagLib/TagLibCx.class.php 第 524 行.
NOTIC: [8] Undefined offset: 1 /webdocs/templete/fos/ThinkPHP/Lib/Driver/TagLib/TagLibCx.class.php 第 524 行.
NOTIC: [8] Undefined offset: 1 /webdocs/templete/fos/ThinkPHP/Lib/Driver/TagLib/TagLibCx.class.php 第 524 行.
NOTIC: [8] Undefined index: id /webdocs/templete/fos/Admin/Runtime/Cache/35f5bec69668089c1808466ba2e3b1dc.php 第 185 行.
NOTIC: [8] Undefined index: id /webdocs/templete/fos/Admin/Runtime/Cache/35f5bec69668089c1808466ba2e3b1dc.php 第 195 行.
NOTIC: [8] Undefined index: id /webdocs/templete/fos/Admin/Runtime/Cache/35f5bec69668089c1808466ba2e3b1dc.php 第 215 行.
INFO: Run ParseTemplate Behavior [ RunTime:0.010615s ]
INFO: [ view_parse ] --END-- [ RunTime:0.010678s ]
INFO: [ view_filter ] --START--
INFO: Run ContentReplace Behavior [ RunTime:0.000256s ]
INFO: Run TokenBuild Behavior [ RunTime:0.000196s ]
INFO: Run WriteHtmlCache Behavior [ RunTime:0.000118s ]
INFO: Run ShowRuntime Behavior [ RunTime:0.000247s ]
INFO: [ view_filter ] --END-- [ RunTime:0.000955s ]
INFO: [ view_end ] --START--
INFO: Run ShowPageTrace Behavior [ RunTime:0.000362s ]
INFO: [ view_end ] --END-- [ RunTime:0.000406s ]

[ 2016-06-15T04:58:08+08:00 ] 180.118.165.67 /fos/admin.php/login/index
INFO: [ route_check ] --START--
INFO: Run CheckRoute Behavior [ RunTime:0.000483s ]
INFO: [ route_check ] --END-- [ RunTime:0.000542s ]
INFO: [ app_begin ] --START--
INFO: Run ReadHtmlCache Behavior [ RunTime:0.000308s ]
INFO: [ app_begin ] --END-- [ RunTime:0.000358s ]
INFO: [ view_template ] --START--
INFO: Run LocationTemplate Behavior [ RunTime:0.000164s ]
INFO: [ view_template ] --END-- [ RunTime:0.000214s ]
INFO: [ view_parse ] --START--
NOTIC: [8] Undefined offset: 1 /webdocs/templete/fos/ThinkPHP/Lib/Driver/TagLib/TagLibCx.class.php 第 524 行.
NOTIC: [8] Undefined offset: 1 /webdocs/templete/fos/ThinkPHP/Lib/Driver/TagLib/TagLibCx.class.php 第 524 行.
NOTIC: [8] Undefined offset: 1 /webdocs/templete/fos/ThinkPHP/Lib/Driver/TagLib/TagLibCx.class.php 第 524 行.
NOTIC: [8] Undefined offset: 1 /webdocs/templete/fos/ThinkPHP/Lib/Driver/TagLib/TagLibCx.class.php 第 524 行.
NOTIC: [8] Undefined offset: 1 /webdocs/templete/fos/ThinkPHP/Lib/Driver/TagLib/TagLibCx.class.php 第 524 行.
NOTIC: [8] Undefined offset: 1 /webdocs/templete/fos/ThinkPHP/Lib/Driver/TagLib/TagLibCx.class.php 第 524 行.
INFO: Run ParseTemplate Behavior [ RunTime:0.005243s ]
INFO: [ view_parse ] --END-- [ RunTime:0.005296s ]
INFO: [ view_filter ] --START--
INFO: Run ContentReplace Behavior [ RunTime:0.000188s ]
INFO: Run TokenBuild Behavior [ RunTime:0.000192s ]
INFO: Run WriteHtmlCache Behavior [ RunTime:0.000119s ]
INFO: Run ShowRuntime Behavior [ RunTime:0.000272s ]
INFO: [ view_filter ] --END-- [ RunTime:0.000903s ]
INFO: [ view_end ] --START--
INFO: Run ShowPageTrace Behavior [ RunTime:0.000333s ]
INFO: [ view_end ] --END-- [ RunTime:0.000378s ]

[ 2016-06-15T04:58:08+08:00 ] 180.118.165.67 /fos/admin.php/Public/verify
INFO: [ route_check ] --START--
INFO: Run CheckRoute Behavior [ RunTime:0.000501s ]
INFO: [ route_check ] --END-- [ RunTime:0.000568s ]
INFO: [ app_begin ] --START--
INFO: Run ReadHtmlCache Behavior [ RunTime:0.000288s ]
INFO: [ app_begin ] --END-- [ RunTime:0.000342s ]

[ 2016-06-15T04:58:15+08:00 ] 180.118.165.67 /fos/admin.php/Login/doLogin
INFO: [ route_check ] --START--
INFO: Run CheckRoute Behavior [ RunTime:0.000463s ]
INFO: [ route_check ] --END-- [ RunTime:0.000532s ]
INFO: [ app_begin ] --START--
INFO: Run ReadHtmlCache Behavior [ RunTime:0.000288s ]
INFO: [ app_begin ] --END-- [ RunTime:0.000339s ]
SQL: SHOW COLUMNS FROM `lxy_users` [ RunTime:0.000884s ]
SQL: SELECT * FROM `lxy_users` WHERE ( `user_name` = 'admin' ) AND ( `user_password` = 'e10adc3949ba59abbe56e057f20f883e' ) LIMIT 1   [ RunTime:0.000265s ]
INFO: [ view_template ] --START--
INFO: Run LocationTemplate Behavior [ RunTime:0.000177s ]
INFO: [ view_template ] --END-- [ RunTime:0.000253s ]
INFO: [ view_parse ] --START--
INFO: Run ParseTemplate Behavior [ RunTime:0.004670s ]
INFO: [ view_parse ] --END-- [ RunTime:0.004744s ]
INFO: [ view_filter ] --START--
INFO: Run ContentReplace Behavior [ RunTime:0.000215s ]
INFO: Run TokenBuild Behavior [ RunTime:0.000302s ]
INFO: Run WriteHtmlCache Behavior [ RunTime:0.000133s ]
INFO: Run ShowRuntime Behavior [ RunTime:0.000258s ]
INFO: [ view_filter ] --END-- [ RunTime:0.001056s ]
INFO: [ view_end ] --START--
INFO: Run ShowPageTrace Behavior [ RunTime:0.000373s ]
INFO: [ view_end ] --END-- [ RunTime:0.000420s ]

[ 2016-06-15T04:58:16+08:00 ] 180.118.165.67 /fos/admin.php/index/index
INFO: [ route_check ] --START--
INFO: Run CheckRoute Behavior [ RunTime:0.000493s ]
INFO: [ route_check ] --END-- [ RunTime:0.000564s ]
INFO: [ app_begin ] --START--
INFO: Run ReadHtmlCache Behavior [ RunTime:0.000290s ]
INFO: [ app_begin ] --END-- [ RunTime:0.000338s ]
SQL: SHOW COLUMNS FROM `lxy_category` [ RunTime:0.000845s ]
SQL: SELECT * FROM `lxy_category`  [ RunTime:0.000204s ]
SQL: SHOW COLUMNS FROM `lxy_position` [ RunTime:0.000559s ]
SQL: SELECT * FROM `lxy_position`  [ RunTime:0.000159s ]
SQL: SHOW COLUMNS FROM `lxy_filecate` [ RunTime:0.000553s ]
SQL: SELECT * FROM `lxy_filecate`  [ RunTime:0.000155s ]
INFO: [ view_template ] --START--
INFO: Run LocationTemplate Behavior [ RunTime:0.000184s ]
INFO: [ view_template ] --END-- [ RunTime:0.000234s ]
INFO: [ view_parse ] --START--
NOTIC: [8] Undefined offset: 1 /webdocs/templete/fos/ThinkPHP/Lib/Driver/TagLib/TagLibCx.class.php 第 524 行.
NOTIC: [8] Undefined offset: 1 /webdocs/templete/fos/ThinkPHP/Lib/Driver/TagLib/TagLibCx.class.php 第 524 行.
NOTIC: [8] Undefined offset: 1 /webdocs/templete/fos/ThinkPHP/Lib/Driver/TagLib/TagLibCx.class.php 第 524 行.
NOTIC: [8] Undefined offset: 1 /webdocs/templete/fos/ThinkPHP/Lib/Driver/TagLib/TagLibCx.class.php 第 524 行.
NOTIC: [8] Undefined offset: 1 /webdocs/templete/fos/ThinkPHP/Lib/Driver/TagLib/TagLibCx.class.php 第 524 行.
INFO: Run ParseTemplate Behavior [ RunTime:0.008412s ]
INFO: [ view_parse ] --END-- [ RunTime:0.008464s ]
INFO: [ view_filter ] --START--
INFO: Run ContentReplace Behavior [ RunTime:0.000197s ]
INFO: Run TokenBuild Behavior [ RunTime:0.000186s ]
INFO: Run WriteHtmlCache Behavior [ RunTime:0.000112s ]
INFO: Run ShowRuntime Behavior [ RunTime:0.000260s ]
INFO: [ view_filter ] --END-- [ RunTime:0.000886s ]
INFO: [ view_end ] --START--
INFO: Run ShowPageTrace Behavior [ RunTime:0.000327s ]
INFO: [ view_end ] --END-- [ RunTime:0.000371s ]

[ 2016-06-15T04:58:18+08:00 ] 180.118.165.67 /fos/admin.php/News/index
INFO: [ route_check ] --START--
INFO: Run CheckRoute Behavior [ RunTime:0.000491s ]
INFO: [ route_check ] --END-- [ RunTime:0.000564s ]
INFO: [ app_begin ] --START--
INFO: Run ReadHtmlCache Behavior [ RunTime:0.000288s ]
INFO: [ app_begin ] --END-- [ RunTime:0.000339s ]
SQL: SHOW COLUMNS FROM `lxy_category` [ RunTime:0.000851s ]
SQL: SELECT * FROM `lxy_category`  [ RunTime:0.000207s ]
SQL: SHOW COLUMNS FROM `lxy_position` [ RunTime:0.000563s ]
SQL: SELECT * FROM `lxy_position`  [ RunTime:0.000159s ]
SQL: SHOW COLUMNS FROM `lxy_filecate` [ RunTime:0.000561s ]
SQL: SELECT * FROM `lxy_filecate`  [ RunTime:0.000155s ]
SQL: SHOW COLUMNS FROM `lxy_news` [ RunTime:0.000603s ]
NOTIC: [8] Undefined index: category /webdocs/templete/fos/Admin/Lib/Action/NewsAction.class.php 第 20 行.
SQL: SELECT COUNT(*) AS tp_count FROM `lxy_news` LIMIT 1   [ RunTime:0.001031s ]
SQL: SELECT `news_id` AS `id`,`news_title` AS `title`,`news_category` AS `category`,`news_time` AS `time`,`news_content` AS `content` FROM `lxy_news` ORDER BY news_time desc LIMIT 0,20   [ RunTime:0.001424s ]
SQL: SELECT * FROM `lxy_category` WHERE ( `category_id` = 2 ) LIMIT 1   [ RunTime:0.000195s ]
SQL: SELECT * FROM `lxy_category` WHERE ( `category_id` = 2 ) LIMIT 1   [ RunTime:0.000166s ]
SQL: SELECT * FROM `lxy_category` WHERE ( `category_id` = 2 ) LIMIT 1   [ RunTime:0.000185s ]
SQL: SELECT * FROM `lxy_category` WHERE ( `category_id` = 2 ) LIMIT 1   [ RunTime:0.000162s ]
SQL: SELECT * FROM `lxy_category` WHERE ( `category_id` = 2 ) LIMIT 1   [ RunTime:0.000160s ]
SQL: SELECT * FROM `lxy_category` WHERE ( `category_id` = 2 ) LIMIT 1   [ RunTime:0.000179s ]
SQL: SELECT * FROM `lxy_category` WHERE ( `category_id` = 2 ) LIMIT 1   [ RunTime:0.000164s ]
SQL: SELECT * FROM `lxy_category` WHERE ( `category_id` = 3 ) LIMIT 1   [ RunTime:0.000158s ]
SQL: SELECT * FROM `lxy_category` WHERE ( `category_id` = 3 ) LIMIT 1   [ RunTime:0.000158s ]
SQL: SELECT * FROM `lxy_category` WHERE ( `category_id` = 3 ) LIMIT 1   [ RunTime:0.000159s ]
SQL: SELECT * FROM `lxy_category` WHERE ( `category_id` = 3 ) LIMIT 1   [ RunTime:0.000157s ]
SQL: SELECT * FROM `lxy_category` WHERE ( `category_id` = 3 ) LIMIT 1   [ RunTime:0.000156s ]
SQL: SELECT * FROM `lxy_category` WHERE ( `category_id` = 3 ) LIMIT 1   [ RunTime:0.000158s ]
SQL: SELECT * FROM `lxy_category` WHERE ( `category_id` = 3 ) LIMIT 1   [ RunTime:0.000156s ]
SQL: SELECT * FROM `lxy_category` WHERE ( `category_id` = 3 ) LIMIT 1   [ RunTime:0.000156s ]
SQL: SELECT * FROM `lxy_category` WHERE ( `category_id` = 3 ) LIMIT 1   [ RunTime:0.000176s ]
SQL: SELECT * FROM `lxy_category` WHERE ( `category_id` = 3 ) LIMIT 1   [ RunTime:0.000153s ]
SQL: SELECT * FROM `lxy_category` WHERE ( `category_id` = 4 ) LIMIT 1   [ RunTime:0.000154s ]
SQL: SELECT * FROM `lxy_category` WHERE ( `category_id` = 4 ) LIMIT 1   [ RunTime:0.000172s ]
SQL: SELECT * FROM `lxy_category` WHERE ( `category_id` = 4 ) LIMIT 1   [ RunTime:0.000154s ]
INFO: [ view_template ] --START--
INFO: Run LocationTemplate Behavior [ RunTime:0.000190s ]
INFO: [ view_template ] --END-- [ RunTime:0.000239s ]
INFO: [ view_parse ] --START--
NOTIC: [8] Undefined offset: 1 /webdocs/templete/fos/ThinkPHP/Lib/Driver/TagLib/TagLibCx.class.php 第 524 行.
NOTIC: [8] Undefined offset: 1 /webdocs/templete/fos/ThinkPHP/Lib/Driver/TagLib/TagLibCx.class.php 第 524 行.
NOTIC: [8] Undefined offset: 1 /webdocs/templete/fos/ThinkPHP/Lib/Driver/TagLib/TagLibCx.class.php 第 524 行.
NOTIC: [8] Undefined offset: 1 /webdocs/templete/fos/ThinkPHP/Lib/Driver/TagLib/TagLibCx.class.php 第 524 行.
NOTIC: [8] Undefined offset: 1 /webdocs/templete/fos/ThinkPHP/Lib/Driver/TagLib/TagLibCx.class.php 第 524 行.
INFO: Run ParseTemplate Behavior [ RunTime:0.009561s ]
INFO: [ view_parse ] --END-- [ RunTime:0.009613s ]
INFO: [ view_filter ] --START--
INFO: Run ContentReplace Behavior [ RunTime:0.000214s ]
INFO: Run TokenBuild Behavior [ RunTime:0.000188s ]
INFO: Run WriteHtmlCache Behavior [ RunTime:0.000112s ]
INFO: Run ShowRuntime Behavior [ RunTime:0.000258s ]
INFO: [ view_filter ] --END-- [ RunTime:0.000903s ]
INFO: [ view_end ] --START--
INFO: Run ShowPageTrace Behavior [ RunTime:0.000313s ]
INFO: [ view_end ] --END-- [ RunTime:0.000358s ]

[ 2016-06-15T04:58:20+08:00 ] 180.118.165.67 /fos/admin.php/News/edit
INFO: [ route_check ] --START--
INFO: Run CheckRoute Behavior [ RunTime:0.000485s ]
INFO: [ route_check ] --END-- [ RunTime:0.000557s ]
INFO: [ app_begin ] --START--
INFO: Run ReadHtmlCache Behavior [ RunTime:0.000289s ]
INFO: [ app_begin ] --END-- [ RunTime:0.000338s ]
SQL: SHOW COLUMNS FROM `lxy_category` [ RunTime:0.000842s ]
SQL: SELECT * FROM `lxy_category`  [ RunTime:0.000207s ]
SQL: SHOW COLUMNS FROM `lxy_position` [ RunTime:0.000536s ]
SQL: SELECT * FROM `lxy_position`  [ RunTime:0.000157s ]
SQL: SHOW COLUMNS FROM `lxy_filecate` [ RunTime:0.000529s ]
SQL: SELECT * FROM `lxy_filecate`  [ RunTime:0.000154s ]
SQL: SELECT * FROM `lxy_category`  [ RunTime:0.000154s ]
SQL: SHOW COLUMNS FROM `lxy_news` [ RunTime:0.000569s ]
NOTIC: [8] Undefined index: id /webdocs/templete/fos/Admin/Lib/Action/NewsAction.class.php 第 75 行.
SQL: SELECT * FROM `lxy_news` LIMIT 1   [ RunTime:0.000225s ]
INFO: [ view_template ] --START--
INFO: Run LocationTemplate Behavior [ RunTime:0.000184s ]
INFO: [ view_template ] --END-- [ RunTime:0.000288s ]
INFO: [ view_parse ] --START--
NOTIC: [8] Undefined offset: 1 /webdocs/templete/fos/ThinkPHP/Lib/Driver/TagLib/TagLibCx.class.php 第 524 行.
NOTIC: [8] Undefined offset: 1 /webdocs/templete/fos/ThinkPHP/Lib/Driver/TagLib/TagLibCx.class.php 第 524 行.
NOTIC: [8] Undefined offset: 1 /webdocs/templete/fos/ThinkPHP/Lib/Driver/TagLib/TagLibCx.class.php 第 524 行.
NOTIC: [8] Undefined offset: 1 /webdocs/templete/fos/ThinkPHP/Lib/Driver/TagLib/TagLibCx.class.php 第 524 行.
NOTIC: [8] Undefined offset: 1 /webdocs/templete/fos/ThinkPHP/Lib/Driver/TagLib/TagLibCx.class.php 第 524 行.
NOTIC: [8] Undefined index: id /webdocs/templete/fos/Admin/Runtime/Cache/35f5bec69668089c1808466ba2e3b1dc.php 第 185 行.
NOTIC: [8] Undefined index: id /webdocs/templete/fos/Admin/Runtime/Cache/35f5bec69668089c1808466ba2e3b1dc.php 第 195 行.
NOTIC: [8] Undefined index: id /webdocs/templete/fos/Admin/Runtime/Cache/35f5bec69668089c1808466ba2e3b1dc.php 第 215 行.
INFO: Run ParseTemplate Behavior [ RunTime:0.010156s ]
INFO: [ view_parse ] --END-- [ RunTime:0.010204s ]
INFO: [ view_filter ] --START--
INFO: Run ContentReplace Behavior [ RunTime:0.000202s ]
INFO: Run TokenBuild Behavior [ RunTime:0.000186s ]
INFO: Run WriteHtmlCache Behavior [ RunTime:0.000112s ]
INFO: Run ShowRuntime Behavior [ RunTime:0.000233s ]
INFO: [ view_filter ] --END-- [ RunTime:0.000869s ]
INFO: [ view_end ] --START--
INFO: Run ShowPageTrace Behavior [ RunTime:0.000531s ]
INFO: [ view_end ] --END-- [ RunTime:0.000575s ]

[ 2016-06-15T04:59:56+08:00 ] 180.118.165.67 /fos/admin.php/News/doAdd
INFO: [ route_check ] --START--
INFO: Run CheckRoute Behavior [ RunTime:0.000489s ]
INFO: [ route_check ] --END-- [ RunTime:0.000559s ]
INFO: [ app_begin ] --START--
INFO: Run ReadHtmlCache Behavior [ RunTime:0.000285s ]
INFO: [ app_begin ] --END-- [ RunTime:0.000335s ]
SQL: SHOW COLUMNS FROM `lxy_category` [ RunTime:0.000851s ]
SQL: SELECT * FROM `lxy_category`  [ RunTime:0.000207s ]
SQL: SHOW COLUMNS FROM `lxy_position` [ RunTime:0.000567s ]
SQL: SELECT * FROM `lxy_position`  [ RunTime:0.000160s ]
SQL: SHOW COLUMNS FROM `lxy_filecate` [ RunTime:0.000563s ]
SQL: SELECT * FROM `lxy_filecate`  [ RunTime:0.000155s ]
SQL: SHOW COLUMNS FROM `lxy_news` [ RunTime:0.000597s ]
SQL: INSERT INTO `lxy_news` (`news_title`,`news_time`,`news_content`,`news_category`) VALUES ('这是一个测试新闻',1465937996,'<p><span style=\";font-family:宋体;font-size:14px\">这是一个测试新闻</span></p><p><span style=\";font-family:宋体;font-size:14px\">这段话有没有问题这段话有没有问题这段话有没有问题这段话有没有问题非常棒顶顶顶顶顶顶顶顶顶顶</span></p><p><span style=\";font-family:宋体;font-size:14px\">这段话有没有问题</span></p><p><span style=\";font-family:宋体;font-size:14px\">这段话有没有问题</span></p><p><span style=\";font-family:宋体;font-size:14px\">这段话有没有问题</span></p><p><span style=\";font-family:宋体;font-size:14px\">这段话有没有问题</span></p><p><span style=\";font-family:宋体;font-size:14px\">这段话有没有问题</span></p><p><span style=\";font-family:宋体;font-size:14px\">这段话有没有问题</span></p><p><span style=\";font-family:宋体;font-size:14px\">这段话有没有问题</span></p><p><span style=\";font-family:宋体;font-size:14px\">这段话有没有问题</span></p><p><span style=\";font-family:宋体;font-size:14px\">这段话有没有问题</span></p><p><span style=\";font-family:宋体;font-size:14px\">这段话有没有问题</span></p><p><span style=\";font-family:宋体;font-size:14px\">这段话有没有问题</span></p><p><span style=\";font-family:宋体;font-size:14px\">这段话有没有问题</span></p><p><span style=\";font-family:宋体;font-size:14px\">这段话有没有问题</span></p><p><span style=\";font-family:宋体;font-size:14px\">这段话有没有问题</span></p><p><span style=\";font-family:宋体;font-size:14px\">这段话有没有问题</span></p><p><br/></p>','3') [ RunTime:0.009166s ]
INFO: [ view_template ] --START--
INFO: Run LocationTemplate Behavior [ RunTime:0.000179s ]
INFO: [ view_template ] --END-- [ RunTime:0.000255s ]
INFO: [ view_parse ] --START--
INFO: Run ParseTemplate Behavior [ RunTime:0.004351s ]
INFO: [ view_parse ] --END-- [ RunTime:0.004405s ]
INFO: [ view_filter ] --START--
INFO: Run ContentReplace Behavior [ RunTime:0.000176s ]
INFO: Run TokenBuild Behavior [ RunTime:0.000191s ]
INFO: Run WriteHtmlCache Behavior [ RunTime:0.000141s ]
INFO: Run ShowRuntime Behavior [ RunTime:0.000239s ]
INFO: [ view_filter ] --END-- [ RunTime:0.000880s ]
INFO: [ view_end ] --START--
INFO: Run ShowPageTrace Behavior [ RunTime:0.000327s ]
INFO: [ view_end ] --END-- [ RunTime:0.000371s ]

[ 2016-06-15T04:59:57+08:00 ] 180.118.165.67 /fos/admin.php/news/index
INFO: [ route_check ] --START--
INFO: Run CheckRoute Behavior [ RunTime:0.000487s ]
INFO: [ route_check ] --END-- [ RunTime:0.000563s ]
INFO: [ app_begin ] --START--
INFO: Run ReadHtmlCache Behavior [ RunTime:0.000364s ]
INFO: [ app_begin ] --END-- [ RunTime:0.000415s ]
SQL: SHOW COLUMNS FROM `lxy_category` [ RunTime:0.000852s ]
SQL: SELECT * FROM `lxy_category`  [ RunTime:0.000204s ]
SQL: SHOW COLUMNS FROM `lxy_position` [ RunTime:0.000561s ]
SQL: SELECT * FROM `lxy_position`  [ RunTime:0.000158s ]
SQL: SHOW COLUMNS FROM `lxy_filecate` [ RunTime:0.000555s ]
SQL: SELECT * FROM `lxy_filecate`  [ RunTime:0.000155s ]
SQL: SHOW COLUMNS FROM `lxy_news` [ RunTime:0.000597s ]
NOTIC: [8] Undefined index: category /webdocs/templete/fos/Admin/Lib/Action/NewsAction.class.php 第 20 行.
SQL: SELECT COUNT(*) AS tp_count FROM `lxy_news` LIMIT 1   [ RunTime:0.001016s ]
SQL: SELECT `news_id` AS `id`,`news_title` AS `title`,`news_category` AS `category`,`news_time` AS `time`,`news_content` AS `content` FROM `lxy_news` ORDER BY news_time desc LIMIT 0,20   [ RunTime:0.001442s ]
SQL: SELECT * FROM `lxy_category` WHERE ( `category_id` = 3 ) LIMIT 1   [ RunTime:0.000191s ]
SQL: SELECT * FROM `lxy_category` WHERE ( `category_id` = 2 ) LIMIT 1   [ RunTime:0.000165s ]
SQL: SELECT * FROM `lxy_category` WHERE ( `category_id` = 2 ) LIMIT 1   [ RunTime:0.000184s ]
SQL: SELECT * FROM `lxy_category` WHERE ( `category_id` = 2 ) LIMIT 1   [ RunTime:0.000165s ]
SQL: SELECT * FROM `lxy_category` WHERE ( `category_id` = 2 ) LIMIT 1   [ RunTime:0.000161s ]
SQL: SELECT * FROM `lxy_category` WHERE ( `category_id` = 2 ) LIMIT 1   [ RunTime:0.000160s ]
SQL: SELECT * FROM `lxy_category` WHERE ( `category_id` = 2 ) LIMIT 1   [ RunTime:0.000160s ]
SQL: SELECT * FROM `lxy_category` WHERE ( `category_id` = 2 ) LIMIT 1   [ RunTime:0.000203s ]
SQL: SELECT * FROM `lxy_category` WHERE ( `category_id` = 3 ) LIMIT 1   [ RunTime:0.000237s ]
SQL: SELECT * FROM `lxy_category` WHERE ( `category_id` = 3 ) LIMIT 1   [ RunTime:0.000211s ]
SQL: SELECT * FROM `lxy_category` WHERE ( `category_id` = 3 ) LIMIT 1   [ RunTime:0.000216s ]
SQL: SELECT * FROM `lxy_category` WHERE ( `category_id` = 3 ) LIMIT 1   [ RunTime:0.000218s ]
SQL: SELECT * FROM `lxy_category` WHERE ( `category_id` = 3 ) LIMIT 1   [ RunTime:0.000209s ]
SQL: SELECT * FROM `lxy_category` WHERE ( `category_id` = 3 ) LIMIT 1   [ RunTime:0.000214s ]
SQL: SELECT * FROM `lxy_category` WHERE ( `category_id` = 3 ) LIMIT 1   [ RunTime:0.000209s ]
SQL: SELECT * FROM `lxy_category` WHERE ( `category_id` = 3 ) LIMIT 1   [ RunTime:0.000206s ]
SQL: SELECT * FROM `lxy_category` WHERE ( `category_id` = 3 ) LIMIT 1   [ RunTime:0.000397s ]
SQL: SELECT * FROM `lxy_category` WHERE ( `category_id` = 3 ) LIMIT 1   [ RunTime:0.000172s ]
SQL: SELECT * FROM `lxy_category` WHERE ( `category_id` = 4 ) LIMIT 1   [ RunTime:0.000196s ]
SQL: SELECT * FROM `lxy_category` WHERE ( `category_id` = 4 ) LIMIT 1   [ RunTime:0.000197s ]
INFO: [ view_template ] --START--
INFO: Run LocationTemplate Behavior [ RunTime:0.000311s ]
INFO: [ view_template ] --END-- [ RunTime:0.000377s ]
INFO: [ view_parse ] --START--
NOTIC: [8] Undefined offset: 1 /webdocs/templete/fos/ThinkPHP/Lib/Driver/TagLib/TagLibCx.class.php 第 524 行.
NOTIC: [8] Undefined offset: 1 /webdocs/templete/fos/ThinkPHP/Lib/Driver/TagLib/TagLibCx.class.php 第 524 行.
NOTIC: [8] Undefined offset: 1 /webdocs/templete/fos/ThinkPHP/Lib/Driver/TagLib/TagLibCx.class.php 第 524 行.
NOTIC: [8] Undefined offset: 1 /webdocs/templete/fos/ThinkPHP/Lib/Driver/TagLib/TagLibCx.class.php 第 524 行.
NOTIC: [8] Undefined offset: 1 /webdocs/templete/fos/ThinkPHP/Lib/Driver/TagLib/TagLibCx.class.php 第 524 行.
INFO: Run ParseTemplate Behavior [ RunTime:0.010072s ]
INFO: [ view_parse ] --END-- [ RunTime:0.010150s ]
INFO: [ view_filter ] --START--
INFO: Run ContentReplace Behavior [ RunTime:0.000217s ]
INFO: Run TokenBuild Behavior [ RunTime:0.000187s ]
INFO: Run WriteHtmlCache Behavior [ RunTime:0.000113s ]
INFO: Run ShowRuntime Behavior [ RunTime:0.000236s ]
INFO: [ view_filter ] --END-- [ RunTime:0.000884s ]
INFO: [ view_end ] --START--
INFO: Run ShowPageTrace Behavior [ RunTime:0.000312s ]
INFO: [ view_end ] --END-- [ RunTime:0.000359s ]

[ 2016-06-15T05:00:36+08:00 ] 180.118.165.67 /fos/admin.php/News/edit/id/2132
INFO: [ route_check ] --START--
INFO: Run CheckRoute Behavior [ RunTime:0.000481s ]
INFO: [ route_check ] --END-- [ RunTime:0.000552s ]
INFO: [ app_begin ] --START--
INFO: Run ReadHtmlCache Behavior [ RunTime:0.000316s ]
INFO: [ app_begin ] --END-- [ RunTime:0.000366s ]
SQL: SHOW COLUMNS FROM `lxy_category` [ RunTime:0.000872s ]
SQL: SELECT * FROM `lxy_category`  [ RunTime:0.000208s ]
SQL: SHOW COLUMNS FROM `lxy_position` [ RunTime:0.000567s ]
SQL: SELECT * FROM `lxy_position`  [ RunTime:0.000159s ]
SQL: SHOW COLUMNS FROM `lxy_filecate` [ RunTime:0.000562s ]
SQL: SELECT * FROM `lxy_filecate`  [ RunTime:0.000155s ]
SQL: SELECT * FROM `lxy_category`  [ RunTime:0.000200s ]
SQL: SHOW COLUMNS FROM `lxy_news` [ RunTime:0.000575s ]
SQL: SELECT * FROM `lxy_news` WHERE ( `news_id` = '2132' ) LIMIT 1   [ RunTime:0.000247s ]
INFO: [ view_template ] --START--
INFO: Run LocationTemplate Behavior [ RunTime:0.000192s ]
INFO: [ view_template ] --END-- [ RunTime:0.000245s ]
INFO: [ view_parse ] --START--
NOTIC: [8] Undefined offset: 1 /webdocs/templete/fos/ThinkPHP/Lib/Driver/TagLib/TagLibCx.class.php 第 524 行.
NOTIC: [8] Undefined offset: 1 /webdocs/templete/fos/ThinkPHP/Lib/Driver/TagLib/TagLibCx.class.php 第 524 行.
NOTIC: [8] Undefined offset: 1 /webdocs/templete/fos/ThinkPHP/Lib/Driver/TagLib/TagLibCx.class.php 第 524 行.
NOTIC: [8] Undefined offset: 1 /webdocs/templete/fos/ThinkPHP/Lib/Driver/TagLib/TagLibCx.class.php 第 524 行.
NOTIC: [8] Undefined offset: 1 /webdocs/templete/fos/ThinkPHP/Lib/Driver/TagLib/TagLibCx.class.php 第 524 行.
INFO: Run ParseTemplate Behavior [ RunTime:0.009997s ]
INFO: [ view_parse ] --END-- [ RunTime:0.010051s ]
INFO: [ view_filter ] --START--
INFO: Run ContentReplace Behavior [ RunTime:0.000200s ]
INFO: Run TokenBuild Behavior [ RunTime:0.000214s ]
INFO: Run WriteHtmlCache Behavior [ RunTime:0.000116s ]
INFO: Run ShowRuntime Behavior [ RunTime:0.000240s ]
INFO: [ view_filter ] --END-- [ RunTime:0.000901s ]
INFO: [ view_end ] --START--
INFO: Run ShowPageTrace Behavior [ RunTime:0.000324s ]
INFO: [ view_end ] --END-- [ RunTime:0.000370s ]

[ 2016-06-15T05:00:41+08:00 ] 180.118.165.67 /fos/admin.php/News/doEdit/id/2132
INFO: [ route_check ] --START--
INFO: Run CheckRoute Behavior [ RunTime:0.000490s ]
INFO: [ route_check ] --END-- [ RunTime:0.000562s ]
INFO: [ app_begin ] --START--
INFO: Run ReadHtmlCache Behavior [ RunTime:0.000283s ]
INFO: [ app_begin ] --END-- [ RunTime:0.000332s ]
SQL: SHOW COLUMNS FROM `lxy_category` [ RunTime:0.002570s ]
SQL: SELECT * FROM `lxy_category`  [ RunTime:0.000207s ]
SQL: SHOW COLUMNS FROM `lxy_position` [ RunTime:0.000593s ]
SQL: SELECT * FROM `lxy_position`  [ RunTime:0.000157s ]
SQL: SHOW COLUMNS FROM `lxy_filecate` [ RunTime:0.000556s ]
SQL: SELECT * FROM `lxy_filecate`  [ RunTime:0.000154s ]
SQL: SHOW COLUMNS FROM `lxy_news` [ RunTime:0.000601s ]
SQL: UPDATE `lxy_news` SET `news_title`='这是一个测试新闻',`news_time`=1465938041,`news_content`='<p><span style=\";font-family:宋体;font-size:14px\">这是一个测试新闻</span></p><p><span style=\";font-family:宋体;font-size:14px\">这段话有没有问题这段话有没有问题这段话有没有问题这段话有没有问题非常棒顶顶顶顶顶顶顶顶顶顶</span></p><p><span style=\";font-family:宋体;font-size:14px\">这段话有没有问题</span></p><p><span style=\";font-family:宋体;font-size:14px\">这段话有没有问题</span></p><p><span style=\";font-family:宋体;font-size:14px\">这段话有没有问题</span></p><p><span style=\";font-family:宋体;font-size:14px\">这段话有没有问题</span></p><p><span style=\";font-family:宋体;font-size:14px\">这段话有没有问题</span></p><p><span style=\";font-family:宋体;font-size:14px\">这段话有没有问题</span></p><p><span style=\";font-family:宋体;font-size:14px\">这段话有没有问题</span></p><p><span style=\";font-family:宋体;font-size:14px\">这段话有没有问题</span></p><p><span style=\";font-family:宋体;font-size:14px\">这段话有没有问题</span></p><p><span style=\";font-family:宋体;font-size:14px\">这段话有没有问题</span></p><p><span style=\";font-family:宋体;font-size:14px\">这段话有没有问题</span></p><p><span style=\";font-family:宋体;font-size:14px\">这段话有没有问题</span></p><p><span style=\";font-family:宋体;font-size:14px\">这段话有没有问题</span></p><p><span style=\";font-family:宋体;font-size:14px\">这段话有没有问题</span></p><p><span style=\";font-family:宋体;font-size:14px\">这段话有没有问题</span></p><p style=\"margin-right:0;margin-left:0;text-indent:28px;text-autospace:ideograph-numeric;text-align:justify;text-justify:inter-ideograph\"><span style=\";font-family:宋体;font-size:14px\">这是一个测试新闻</span></p><p style=\"margin-right:0;margin-left:0;text-indent:28px;text-autospace:ideograph-numeric;text-align:justify;text-justify:inter-ideograph\"><span style=\";font-family:宋体;font-size:14px\">这段话有没有问题这段话有没有问题这段话有没有问题这段话有没有问题非常棒顶顶顶顶顶顶顶顶顶顶</span></p><p style=\"margin-right:0;margin-left:0;text-indent:28px;text-autospace:ideograph-numeric;text-align:justify;text-justify:inter-ideograph\"><span style=\";font-family:宋体;font-size:14px\">这段话有没有问题</span></p><p style=\"margin-right:0;margin-left:0;text-indent:28px;text-autospace:ideograph-numeric;text-align:justify;text-justify:inter-ideograph\"><span style=\";font-family:宋体;font-size:14px\">这段话有没有问题</span></p><p style=\"margin-right:0;margin-left:0;text-indent:28px;text-autospace:ideograph-numeric;text-align:justify;text-justify:inter-ideograph\"><span style=\";font-family:宋体;font-size:14px\">这段话有没有问题</span></p><p style=\"margin-right:0;margin-left:0;text-indent:28px;text-autospace:ideograph-numeric;text-align:justify;text-justify:inter-ideograph\"><span style=\";font-family:宋体;font-size:14px\">这段话有没有问题</span></p><p style=\"margin-right:0;margin-left:0;text-indent:28px;text-autospace:ideograph-numeric;text-align:justify;text-justify:inter-ideograph\"><span style=\";font-family:宋体;font-size:14px\">这段话有没有问题</span></p><p style=\"margin-right:0;margin-left:0;text-indent:28px;text-autospace:ideograph-numeric;text-align:justify;text-justify:inter-ideograph\"><span style=\";font-family:宋体;font-size:14px\">这段话有没有问题</span></p><p style=\"margin-right:0;margin-left:0;text-indent:28px;text-autospace:ideograph-numeric;text-align:justify;text-justify:inter-ideograph\"><span style=\";font-family:宋体;font-size:14px\">这段话有没有问题</span></p><p style=\"margin-right:0;margin-left:0;text-indent:28px;text-autospace:ideograph-numeric;text-align:justify;text-justify:inter-ideograph\"><span style=\";font-family:宋体;font-size:14px\">这段话有没有问题</span></p><p style=\"margin-right:0;margin-left:0;text-indent:28px;text-autospace:ideograph-numeric;text-align:justify;text-justify:inter-ideograph\"><span style=\";font-family:宋体;font-size:14px\">这段话有没有问题</span></p><p style=\"margin-right:0;margin-left:0;text-indent:28px;text-autospace:ideograph-numeric;text-align:justify;text-justify:inter-ideograph\"><span style=\";font-family:宋体;font-size:14px\">这段话有没有问题</span></p><p style=\"margin-right:0;margin-left:0;text-indent:28px;text-autospace:ideograph-numeric;text-align:justify;text-justify:inter-ideograph\"><span style=\";font-family:宋体;font-size:14px\">这段话有没有问题</span></p><p style=\"margin-right:0;margin-left:0;text-indent:28px;text-autospace:ideograph-numeric;text-align:justify;text-justify:inter-ideograph\"><span style=\";font-family:宋体;font-size:14px\">这段话有没有问题</span></p><p style=\"margin-right:0;margin-left:0;text-indent:28px;text-autospace:ideograph-numeric;text-align:justify;text-justify:inter-ideograph\"><span style=\";font-family:宋体;font-size:14px\">这段话有没有问题</span></p><p style=\"margin-right:0;margin-left:0;text-indent:28px;text-autospace:ideograph-numeric;text-align:justify;text-justify:inter-ideograph\"><span style=\";font-family:宋体;font-size:14px\">这段话有没有问题</span></p><p style=\"margin-right:0;margin-left:0;text-indent:28px;text-autospace:ideograph-numeric;text-align:justify;text-justify:inter-ideograph\"><span style=\";font-family:宋体;font-size:14px\">这段话有没有问题</span></p><p><br/></p>',`news_category`='3' WHERE ( news_id=2132 ) [ RunTime:0.045978s ]
INFO: [ view_template ] --START--
INFO: Run LocationTemplate Behavior [ RunTime:0.000223s ]
INFO: [ view_template ] --END-- [ RunTime:0.000281s ]
INFO: [ view_parse ] --START--
INFO: Run ParseTemplate Behavior [ RunTime:0.005725s ]
INFO: [ view_parse ] --END-- [ RunTime:0.005777s ]
INFO: [ view_filter ] --START--
INFO: Run ContentReplace Behavior [ RunTime:0.000176s ]
INFO: Run TokenBuild Behavior [ RunTime:0.000194s ]
INFO: Run WriteHtmlCache Behavior [ RunTime:0.000114s ]
INFO: Run ShowRuntime Behavior [ RunTime:0.000239s ]
INFO: [ view_filter ] --END-- [ RunTime:0.000878s ]
INFO: [ view_end ] --START--
INFO: Run ShowPageTrace Behavior [ RunTime:0.000356s ]
INFO: [ view_end ] --END-- [ RunTime:0.000401s ]

[ 2016-06-15T05:00:42+08:00 ] 180.118.165.67 /fos/admin.php/news/index
INFO: [ route_check ] --START--
INFO: Run CheckRoute Behavior [ RunTime:0.000462s ]
INFO: [ route_check ] --END-- [ RunTime:0.000533s ]
INFO: [ app_begin ] --START--
INFO: Run ReadHtmlCache Behavior [ RunTime:0.000289s ]
INFO: [ app_begin ] --END-- [ RunTime:0.000337s ]
SQL: SHOW COLUMNS FROM `lxy_category` [ RunTime:0.000854s ]
SQL: SELECT * FROM `lxy_category`  [ RunTime:0.000208s ]
SQL: SHOW COLUMNS FROM `lxy_position` [ RunTime:0.000568s ]
SQL: SELECT * FROM `lxy_position`  [ RunTime:0.000158s ]
SQL: SHOW COLUMNS FROM `lxy_filecate` [ RunTime:0.000554s ]
SQL: SELECT * FROM `lxy_filecate`  [ RunTime:0.000154s ]
SQL: SHOW COLUMNS FROM `lxy_news` [ RunTime:0.000598s ]
NOTIC: [8] Undefined index: category /webdocs/templete/fos/Admin/Lib/Action/NewsAction.class.php 第 20 行.
SQL: SELECT COUNT(*) AS tp_count FROM `lxy_news` LIMIT 1   [ RunTime:0.001027s ]
SQL: SELECT `news_id` AS `id`,`news_title` AS `title`,`news_category` AS `category`,`news_time` AS `time`,`news_content` AS `content` FROM `lxy_news` ORDER BY news_time desc LIMIT 0,20   [ RunTime:0.001460s ]
SQL: SELECT * FROM `lxy_category` WHERE ( `category_id` = 3 ) LIMIT 1   [ RunTime:0.000194s ]
SQL: SELECT * FROM `lxy_category` WHERE ( `category_id` = 2 ) LIMIT 1   [ RunTime:0.000165s ]
SQL: SELECT * FROM `lxy_category` WHERE ( `category_id` = 2 ) LIMIT 1   [ RunTime:0.000161s ]
SQL: SELECT * FROM `lxy_category` WHERE ( `category_id` = 2 ) LIMIT 1   [ RunTime:0.000161s ]
SQL: SELECT * FROM `lxy_category` WHERE ( `category_id` = 2 ) LIMIT 1   [ RunTime:0.000161s ]
SQL: SELECT * FROM `lxy_category` WHERE ( `category_id` = 2 ) LIMIT 1   [ RunTime:0.000159s ]
SQL: SELECT * FROM `lxy_category` WHERE ( `category_id` = 2 ) LIMIT 1   [ RunTime:0.000159s ]
SQL: SELECT * FROM `lxy_category` WHERE ( `category_id` = 2 ) LIMIT 1   [ RunTime:0.000159s ]
SQL: SELECT * FROM `lxy_category` WHERE ( `category_id` = 3 ) LIMIT 1   [ RunTime:0.000157s ]
SQL: SELECT * FROM `lxy_category` WHERE ( `category_id` = 3 ) LIMIT 1   [ RunTime:0.000157s ]
SQL: SELECT * FROM `lxy_category` WHERE ( `category_id` = 3 ) LIMIT 1   [ RunTime:0.000177s ]
SQL: SELECT * FROM `lxy_category` WHERE ( `category_id` = 3 ) LIMIT 1   [ RunTime:0.000157s ]
SQL: SELECT * FROM `lxy_category` WHERE ( `category_id` = 3 ) LIMIT 1   [ RunTime:0.000156s ]
SQL: SELECT * FROM `lxy_category` WHERE ( `category_id` = 3 ) LIMIT 1   [ RunTime:0.000176s ]
SQL: SELECT * FROM `lxy_category` WHERE ( `category_id` = 3 ) LIMIT 1   [ RunTime:0.000155s ]
SQL: SELECT * FROM `lxy_category` WHERE ( `category_id` = 3 ) LIMIT 1   [ RunTime:0.000155s ]
SQL: SELECT * FROM `lxy_category` WHERE ( `category_id` = 3 ) LIMIT 1   [ RunTime:0.000155s ]
SQL: SELECT * FROM `lxy_category` WHERE ( `category_id` = 3 ) LIMIT 1   [ RunTime:0.000153s ]
SQL: SELECT * FROM `lxy_category` WHERE ( `category_id` = 4 ) LIMIT 1   [ RunTime:0.000152s ]
SQL: SELECT * FROM `lxy_category` WHERE ( `category_id` = 4 ) LIMIT 1   [ RunTime:0.000152s ]
INFO: [ view_template ] --START--
INFO: Run LocationTemplate Behavior [ RunTime:0.000212s ]
INFO: [ view_template ] --END-- [ RunTime:0.000260s ]
INFO: [ view_parse ] --START--
NOTIC: [8] Undefined offset: 1 /webdocs/templete/fos/ThinkPHP/Lib/Driver/TagLib/TagLibCx.class.php 第 524 行.
NOTIC: [8] Undefined offset: 1 /webdocs/templete/fos/ThinkPHP/Lib/Driver/TagLib/TagLibCx.class.php 第 524 行.
NOTIC: [8] Undefined offset: 1 /webdocs/templete/fos/ThinkPHP/Lib/Driver/TagLib/TagLibCx.class.php 第 524 行.
NOTIC: [8] Undefined offset: 1 /webdocs/templete/fos/ThinkPHP/Lib/Driver/TagLib/TagLibCx.class.php 第 524 行.
NOTIC: [8] Undefined offset: 1 /webdocs/templete/fos/ThinkPHP/Lib/Driver/TagLib/TagLibCx.class.php 第 524 行.
INFO: Run ParseTemplate Behavior [ RunTime:0.009580s ]
INFO: [ view_parse ] --END-- [ RunTime:0.009633s ]
INFO: [ view_filter ] --START--
INFO: Run ContentReplace Behavior [ RunTime:0.000239s ]
INFO: Run TokenBuild Behavior [ RunTime:0.000187s ]
INFO: Run WriteHtmlCache Behavior [ RunTime:0.000113s ]
INFO: Run ShowRuntime Behavior [ RunTime:0.000234s ]
INFO: [ view_filter ] --END-- [ RunTime:0.000902s ]
INFO: [ view_end ] --START--
INFO: Run ShowPageTrace Behavior [ RunTime:0.000335s ]
INFO: [ view_end ] --END-- [ RunTime:0.000379s ]

[ 2016-06-15T05:00:59+08:00 ] 180.118.165.67 /fos/admin.php/News/delete/id/2132
INFO: [ route_check ] --START--
INFO: Run CheckRoute Behavior [ RunTime:0.000468s ]
INFO: [ route_check ] --END-- [ RunTime:0.000539s ]
INFO: [ app_begin ] --START--
INFO: Run ReadHtmlCache Behavior [ RunTime:0.000291s ]
INFO: [ app_begin ] --END-- [ RunTime:0.000367s ]
SQL: SHOW COLUMNS FROM `lxy_category` [ RunTime:0.000833s ]
SQL: SELECT * FROM `lxy_category`  [ RunTime:0.000206s ]
SQL: SHOW COLUMNS FROM `lxy_position` [ RunTime:0.000539s ]
SQL: SELECT * FROM `lxy_position`  [ RunTime:0.000158s ]
SQL: SHOW COLUMNS FROM `lxy_filecate` [ RunTime:0.000530s ]
SQL: SELECT * FROM `lxy_filecate`  [ RunTime:0.000155s ]
SQL: SHOW COLUMNS FROM `lxy_news` [ RunTime:0.000572s ]
SQL: DELETE FROM `lxy_news` WHERE ( news_id=2132 ) [ RunTime:0.006991s ]
INFO: [ view_template ] --START--
INFO: Run LocationTemplate Behavior [ RunTime:0.000278s ]
INFO: [ view_template ] --END-- [ RunTime:0.000334s ]
INFO: [ view_parse ] --START--
INFO: Run ParseTemplate Behavior [ RunTime:0.006922s ]
INFO: [ view_parse ] --END-- [ RunTime:0.006979s ]
INFO: [ view_filter ] --START--
INFO: Run ContentReplace Behavior [ RunTime:0.000205s ]
INFO: Run TokenBuild Behavior [ RunTime:0.000195s ]
INFO: Run WriteHtmlCache Behavior [ RunTime:0.000120s ]
INFO: Run ShowRuntime Behavior [ RunTime:0.000245s ]
INFO: [ view_filter ] --END-- [ RunTime:0.000901s ]
INFO: [ view_end ] --START--
INFO: Run ShowPageTrace Behavior [ RunTime:0.000401s ]
INFO: [ view_end ] --END-- [ RunTime:0.000446s ]

[ 2016-06-15T05:01:01+08:00 ] 180.118.165.67 /fos/admin.php/news/index
INFO: [ route_check ] --START--
INFO: Run CheckRoute Behavior [ RunTime:0.000494s ]
INFO: [ route_check ] --END-- [ RunTime:0.000566s ]
INFO: [ app_begin ] --START--
INFO: Run ReadHtmlCache Behavior [ RunTime:0.000286s ]
INFO: [ app_begin ] --END-- [ RunTime:0.000334s ]
SQL: SHOW COLUMNS FROM `lxy_category` [ RunTime:0.000851s ]
SQL: SELECT * FROM `lxy_category`  [ RunTime:0.000206s ]
SQL: SHOW COLUMNS FROM `lxy_position` [ RunTime:0.000568s ]
SQL: SELECT * FROM `lxy_position`  [ RunTime:0.000159s ]
SQL: SHOW COLUMNS FROM `lxy_filecate` [ RunTime:0.000560s ]
SQL: SELECT * FROM `lxy_filecate`  [ RunTime:0.000155s ]
SQL: SHOW COLUMNS FROM `lxy_news` [ RunTime:0.000607s ]
NOTIC: [8] Undefined index: category /webdocs/templete/fos/Admin/Lib/Action/NewsAction.class.php 第 20 行.
SQL: SELECT COUNT(*) AS tp_count FROM `lxy_news` LIMIT 1   [ RunTime:0.001016s ]
SQL: SELECT `news_id` AS `id`,`news_title` AS `title`,`news_category` AS `category`,`news_time` AS `time`,`news_content` AS `content` FROM `lxy_news` ORDER BY news_time desc LIMIT 0,20   [ RunTime:0.001440s ]
SQL: SELECT * FROM `lxy_category` WHERE ( `category_id` = 2 ) LIMIT 1   [ RunTime:0.000216s ]
SQL: SELECT * FROM `lxy_category` WHERE ( `category_id` = 2 ) LIMIT 1   [ RunTime:0.000164s ]
SQL: SELECT * FROM `lxy_category` WHERE ( `category_id` = 2 ) LIMIT 1   [ RunTime:0.000163s ]
SQL: SELECT * FROM `lxy_category` WHERE ( `category_id` = 2 ) LIMIT 1   [ RunTime:0.000183s ]
SQL: SELECT * FROM `lxy_category` WHERE ( `category_id` = 2 ) LIMIT 1   [ RunTime:0.000160s ]
SQL: SELECT * FROM `lxy_category` WHERE ( `category_id` = 2 ) LIMIT 1   [ RunTime:0.000160s ]
SQL: SELECT * FROM `lxy_category` WHERE ( `category_id` = 2 ) LIMIT 1   [ RunTime:0.000179s ]
SQL: SELECT * FROM `lxy_category` WHERE ( `category_id` = 3 ) LIMIT 1   [ RunTime:0.000159s ]
SQL: SELECT * FROM `lxy_category` WHERE ( `category_id` = 3 ) LIMIT 1   [ RunTime:0.000159s ]
SQL: SELECT * FROM `lxy_category` WHERE ( `category_id` = 3 ) LIMIT 1   [ RunTime:0.000177s ]
SQL: SELECT * FROM `lxy_category` WHERE ( `category_id` = 3 ) LIMIT 1   [ RunTime:0.000157s ]
SQL: SELECT * FROM `lxy_category` WHERE ( `category_id` = 3 ) LIMIT 1   [ RunTime:0.000155s ]
SQL: SELECT * FROM `lxy_category` WHERE ( `category_id` = 3 ) LIMIT 1   [ RunTime:0.000155s ]
SQL: SELECT * FROM `lxy_category` WHERE ( `category_id` = 3 ) LIMIT 1   [ RunTime:0.000155s ]
SQL: SELECT * FROM `lxy_category` WHERE ( `category_id` = 3 ) LIMIT 1   [ RunTime:0.000155s ]
SQL: SELECT * FROM `lxy_category` WHERE ( `category_id` = 3 ) LIMIT 1   [ RunTime:0.000154s ]
SQL: SELECT * FROM `lxy_category` WHERE ( `category_id` = 3 ) LIMIT 1   [ RunTime:0.000156s ]
SQL: SELECT * FROM `lxy_category` WHERE ( `category_id` = 4 ) LIMIT 1   [ RunTime:0.000153s ]
SQL: SELECT * FROM `lxy_category` WHERE ( `category_id` = 4 ) LIMIT 1   [ RunTime:0.000192s ]
SQL: SELECT * FROM `lxy_category` WHERE ( `category_id` = 4 ) LIMIT 1   [ RunTime:0.000172s ]
INFO: [ view_template ] --START--
INFO: Run LocationTemplate Behavior [ RunTime:0.000194s ]
INFO: [ view_template ] --END-- [ RunTime:0.000244s ]
INFO: [ view_parse ] --START--
NOTIC: [8] Undefined offset: 1 /webdocs/templete/fos/ThinkPHP/Lib/Driver/TagLib/TagLibCx.class.php 第 524 行.
NOTIC: [8] Undefined offset: 1 /webdocs/templete/fos/ThinkPHP/Lib/Driver/TagLib/TagLibCx.class.php 第 524 行.
NOTIC: [8] Undefined offset: 1 /webdocs/templete/fos/ThinkPHP/Lib/Driver/TagLib/TagLibCx.class.php 第 524 行.
NOTIC: [8] Undefined offset: 1 /webdocs/templete/fos/ThinkPHP/Lib/Driver/TagLib/TagLibCx.class.php 第 524 行.
NOTIC: [8] Undefined offset: 1 /webdocs/templete/fos/ThinkPHP/Lib/Driver/TagLib/TagLibCx.class.php 第 524 行.
INFO: Run ParseTemplate Behavior [ RunTime:0.010066s ]
INFO: [ view_parse ] --END-- [ RunTime:0.010121s ]
INFO: [ view_filter ] --START--
INFO: Run ContentReplace Behavior [ RunTime:0.000216s ]
INFO: Run TokenBuild Behavior [ RunTime:0.000212s ]
INFO: Run WriteHtmlCache Behavior [ RunTime:0.000112s ]
INFO: Run ShowRuntime Behavior [ RunTime:0.000233s ]
INFO: [ view_filter ] --END-- [ RunTime:0.000905s ]
INFO: [ view_end ] --START--
INFO: Run ShowPageTrace Behavior [ RunTime:0.000311s ]
INFO: [ view_end ] --END-- [ RunTime:0.000356s ]

[ 2016-06-15T05:01:22+08:00 ] 180.118.165.67 /fos/admin.php/News/edit
INFO: [ route_check ] --START--
INFO: Run CheckRoute Behavior [ RunTime:0.000523s ]
INFO: [ route_check ] --END-- [ RunTime:0.000607s ]
INFO: [ app_begin ] --START--
INFO: Run ReadHtmlCache Behavior [ RunTime:0.000347s ]
INFO: [ app_begin ] --END-- [ RunTime:0.000404s ]
SQL: SHOW COLUMNS FROM `lxy_category` [ RunTime:0.000877s ]
SQL: SELECT * FROM `lxy_category`  [ RunTime:0.000249s ]
SQL: SHOW COLUMNS FROM `lxy_position` [ RunTime:0.000572s ]
SQL: SELECT * FROM `lxy_position`  [ RunTime:0.000160s ]
SQL: SHOW COLUMNS FROM `lxy_filecate` [ RunTime:0.000669s ]
SQL: SELECT * FROM `lxy_filecate`  [ RunTime:0.000186s ]
SQL: SELECT * FROM `lxy_category`  [ RunTime:0.000202s ]
SQL: SHOW COLUMNS FROM `lxy_news` [ RunTime:0.000815s ]
NOTIC: [8] Undefined index: id /webdocs/templete/fos/Admin/Lib/Action/NewsAction.class.php 第 75 行.
SQL: SELECT * FROM `lxy_news` LIMIT 1   [ RunTime:0.000252s ]
INFO: [ view_template ] --START--
INFO: Run LocationTemplate Behavior [ RunTime:0.000232s ]
INFO: [ view_template ] --END-- [ RunTime:0.000284s ]
INFO: [ view_parse ] --START--
NOTIC: [8] Undefined offset: 1 /webdocs/templete/fos/ThinkPHP/Lib/Driver/TagLib/TagLibCx.class.php 第 524 行.
NOTIC: [8] Undefined offset: 1 /webdocs/templete/fos/ThinkPHP/Lib/Driver/TagLib/TagLibCx.class.php 第 524 行.
NOTIC: [8] Undefined offset: 1 /webdocs/templete/fos/ThinkPHP/Lib/Driver/TagLib/TagLibCx.class.php 第 524 行.
NOTIC: [8] Undefined offset: 1 /webdocs/templete/fos/ThinkPHP/Lib/Driver/TagLib/TagLibCx.class.php 第 524 行.
NOTIC: [8] Undefined offset: 1 /webdocs/templete/fos/ThinkPHP/Lib/Driver/TagLib/TagLibCx.class.php 第 524 行.
NOTIC: [8] Undefined index: id /webdocs/templete/fos/Admin/Runtime/Cache/35f5bec69668089c1808466ba2e3b1dc.php 第 185 行.
NOTIC: [8] Undefined index: id /webdocs/templete/fos/Admin/Runtime/Cache/35f5bec69668089c1808466ba2e3b1dc.php 第 195 行.
NOTIC: [8] Undefined index: id /webdocs/templete/fos/Admin/Runtime/Cache/35f5bec69668089c1808466ba2e3b1dc.php 第 215 行.
INFO: Run ParseTemplate Behavior [ RunTime:0.011452s ]
INFO: [ view_parse ] --END-- [ RunTime:0.011507s ]
INFO: [ view_filter ] --START--
INFO: Run ContentReplace Behavior [ RunTime:0.000252s ]
INFO: Run TokenBuild Behavior [ RunTime:0.000212s ]
INFO: Run WriteHtmlCache Behavior [ RunTime:0.000129s ]
INFO: Run ShowRuntime Behavior [ RunTime:0.000264s ]
INFO: [ view_filter ] --END-- [ RunTime:0.001006s ]
INFO: [ view_end ] --START--
INFO: Run ShowPageTrace Behavior [ RunTime:0.000370s ]
INFO: [ view_end ] --END-- [ RunTime:0.000418s ]

[ 2016-06-15T05:01:24+08:00 ] 180.118.165.67 /fos/admin.php/News/edit
INFO: [ route_check ] --START--
INFO: Run CheckRoute Behavior [ RunTime:0.000536s ]
INFO: [ route_check ] --END-- [ RunTime:0.000616s ]
INFO: [ app_begin ] --START--
INFO: Run ReadHtmlCache Behavior [ RunTime:0.000335s ]
INFO: [ app_begin ] --END-- [ RunTime:0.000393s ]
SQL: SHOW COLUMNS FROM `lxy_category` [ RunTime:0.000862s ]
SQL: SELECT * FROM `lxy_category`  [ RunTime:0.000208s ]
SQL: SHOW COLUMNS FROM `lxy_position` [ RunTime:0.000669s ]
SQL: SELECT * FROM `lxy_position`  [ RunTime:0.000165s ]
SQL: SHOW COLUMNS FROM `lxy_filecate` [ RunTime:0.000581s ]
SQL: SELECT * FROM `lxy_filecate`  [ RunTime:0.000160s ]
SQL: SELECT * FROM `lxy_category`  [ RunTime:0.000168s ]
SQL: SHOW COLUMNS FROM `lxy_news` [ RunTime:0.000635s ]
NOTIC: [8] Undefined index: id /webdocs/templete/fos/Admin/Lib/Action/NewsAction.class.php 第 75 行.
SQL: SELECT * FROM `lxy_news` LIMIT 1   [ RunTime:0.000231s ]
INFO: [ view_template ] --START--
INFO: Run LocationTemplate Behavior [ RunTime:0.000185s ]
INFO: [ view_template ] --END-- [ RunTime:0.000236s ]
INFO: [ view_parse ] --START--
NOTIC: [8] Undefined offset: 1 /webdocs/templete/fos/ThinkPHP/Lib/Driver/TagLib/TagLibCx.class.php 第 524 行.
NOTIC: [8] Undefined offset: 1 /webdocs/templete/fos/ThinkPHP/Lib/Driver/TagLib/TagLibCx.class.php 第 524 行.
NOTIC: [8] Undefined offset: 1 /webdocs/templete/fos/ThinkPHP/Lib/Driver/TagLib/TagLibCx.class.php 第 524 行.
NOTIC: [8] Undefined offset: 1 /webdocs/templete/fos/ThinkPHP/Lib/Driver/TagLib/TagLibCx.class.php 第 524 行.
NOTIC: [8] Undefined offset: 1 /webdocs/templete/fos/ThinkPHP/Lib/Driver/TagLib/TagLibCx.class.php 第 524 行.
NOTIC: [8] Undefined index: id /webdocs/templete/fos/Admin/Runtime/Cache/35f5bec69668089c1808466ba2e3b1dc.php 第 185 行.
NOTIC: [8] Undefined index: id /webdocs/templete/fos/Admin/Runtime/Cache/35f5bec69668089c1808466ba2e3b1dc.php 第 195 行.
NOTIC: [8] Undefined index: id /webdocs/templete/fos/Admin/Runtime/Cache/35f5bec69668089c1808466ba2e3b1dc.php 第 215 行.
INFO: Run ParseTemplate Behavior [ RunTime:0.011312s ]
INFO: [ view_parse ] --END-- [ RunTime:0.011360s ]
INFO: [ view_filter ] --START--
INFO: Run ContentReplace Behavior [ RunTime:0.000208s ]
INFO: Run TokenBuild Behavior [ RunTime:0.000217s ]
INFO: Run WriteHtmlCache Behavior [ RunTime:0.000157s ]
INFO: Run ShowRuntime Behavior [ RunTime:0.000253s ]
INFO: [ view_filter ] --END-- [ RunTime:0.000980s ]
INFO: [ view_end ] --START--
INFO: Run ShowPageTrace Behavior [ RunTime:0.000355s ]
INFO: [ view_end ] --END-- [ RunTime:0.000400s ]

[ 2016-06-15T05:01:29+08:00 ] 180.118.165.67 /fos/admin.php/News/edit
INFO: [ route_check ] --START--
INFO: Run CheckRoute Behavior [ RunTime:0.000466s ]
INFO: [ route_check ] --END-- [ RunTime:0.000538s ]
INFO: [ app_begin ] --START--
INFO: Run ReadHtmlCache Behavior [ RunTime:0.000294s ]
INFO: [ app_begin ] --END-- [ RunTime:0.000345s ]
SQL: SHOW COLUMNS FROM `lxy_category` [ RunTime:0.000855s ]
SQL: SELECT * FROM `lxy_category`  [ RunTime:0.000211s ]
SQL: SHOW COLUMNS FROM `lxy_position` [ RunTime:0.000570s ]
SQL: SELECT * FROM `lxy_position`  [ RunTime:0.000162s ]
SQL: SHOW COLUMNS FROM `lxy_filecate` [ RunTime:0.000561s ]
SQL: SELECT * FROM `lxy_filecate`  [ RunTime:0.000159s ]
SQL: SELECT * FROM `lxy_category`  [ RunTime:0.000156s ]
SQL: SHOW COLUMNS FROM `lxy_news` [ RunTime:0.000607s ]
NOTIC: [8] Undefined index: id /webdocs/templete/fos/Admin/Lib/Action/NewsAction.class.php 第 75 行.
SQL: SELECT * FROM `lxy_news` LIMIT 1   [ RunTime:0.000229s ]
INFO: [ view_template ] --START--
INFO: Run LocationTemplate Behavior [ RunTime:0.000182s ]
INFO: [ view_template ] --END-- [ RunTime:0.000233s ]
INFO: [ view_parse ] --START--
NOTIC: [8] Undefined offset: 1 /webdocs/templete/fos/ThinkPHP/Lib/Driver/TagLib/TagLibCx.class.php 第 524 行.
NOTIC: [8] Undefined offset: 1 /webdocs/templete/fos/ThinkPHP/Lib/Driver/TagLib/TagLibCx.class.php 第 524 行.
NOTIC: [8] Undefined offset: 1 /webdocs/templete/fos/ThinkPHP/Lib/Driver/TagLib/TagLibCx.class.php 第 524 行.
NOTIC: [8] Undefined offset: 1 /webdocs/templete/fos/ThinkPHP/Lib/Driver/TagLib/TagLibCx.class.php 第 524 行.
NOTIC: [8] Undefined offset: 1 /webdocs/templete/fos/ThinkPHP/Lib/Driver/TagLib/TagLibCx.class.php 第 524 行.
NOTIC: [8] Undefined index: id /webdocs/templete/fos/Admin/Runtime/Cache/35f5bec69668089c1808466ba2e3b1dc.php 第 185 行.
NOTIC: [8] Undefined index: id /webdocs/templete/fos/Admin/Runtime/Cache/35f5bec69668089c1808466ba2e3b1dc.php 第 195 行.
NOTIC: [8] Undefined index: id /webdocs/templete/fos/Admin/Runtime/Cache/35f5bec69668089c1808466ba2e3b1dc.php 第 215 行.
INFO: Run ParseTemplate Behavior [ RunTime:0.010094s ]
INFO: [ view_parse ] --END-- [ RunTime:0.010141s ]
INFO: [ view_filter ] --START--
INFO: Run ContentReplace Behavior [ RunTime:0.000200s ]
INFO: Run TokenBuild Behavior [ RunTime:0.000242s ]
INFO: Run WriteHtmlCache Behavior [ RunTime:0.000119s ]
INFO: Run ShowRuntime Behavior [ RunTime:0.000290s ]
INFO: [ view_filter ] --END-- [ RunTime:0.001011s ]
INFO: [ view_end ] --START--
INFO: Run ShowPageTrace Behavior [ RunTime:0.000319s ]
INFO: [ view_end ] --END-- [ RunTime:0.000365s ]

[ 2016-06-15T05:01:37+08:00 ] 180.118.165.67 /fos/admin.php/News/edit
INFO: [ route_check ] --START--
INFO: Run CheckRoute Behavior [ RunTime:0.000494s ]
INFO: [ route_check ] --END-- [ RunTime:0.000568s ]
INFO: [ app_begin ] --START--
INFO: Run ReadHtmlCache Behavior [ RunTime:0.000287s ]
INFO: [ app_begin ] --END-- [ RunTime:0.000337s ]
SQL: SHOW COLUMNS FROM `lxy_category` [ RunTime:0.000921s ]
SQL: SELECT * FROM `lxy_category`  [ RunTime:0.000230s ]
SQL: SHOW COLUMNS FROM `lxy_position` [ RunTime:0.000583s ]
SQL: SELECT * FROM `lxy_position`  [ RunTime:0.000197s ]
SQL: SHOW COLUMNS FROM `lxy_filecate` [ RunTime:0.000538s ]
SQL: SELECT * FROM `lxy_filecate`  [ RunTime:0.000158s ]
SQL: SELECT * FROM `lxy_category`  [ RunTime:0.000155s ]
SQL: SHOW COLUMNS FROM `lxy_news` [ RunTime:0.000621s ]
NOTIC: [8] Undefined index: id /webdocs/templete/fos/Admin/Lib/Action/NewsAction.class.php 第 75 行.
SQL: SELECT * FROM `lxy_news` LIMIT 1   [ RunTime:0.000230s ]
INFO: [ view_template ] --START--
INFO: Run LocationTemplate Behavior [ RunTime:0.000217s ]
INFO: [ view_template ] --END-- [ RunTime:0.000270s ]
INFO: [ view_parse ] --START--
NOTIC: [8] Undefined offset: 1 /webdocs/templete/fos/ThinkPHP/Lib/Driver/TagLib/TagLibCx.class.php 第 524 行.
NOTIC: [8] Undefined offset: 1 /webdocs/templete/fos/ThinkPHP/Lib/Driver/TagLib/TagLibCx.class.php 第 524 行.
NOTIC: [8] Undefined offset: 1 /webdocs/templete/fos/ThinkPHP/Lib/Driver/TagLib/TagLibCx.class.php 第 524 行.
NOTIC: [8] Undefined offset: 1 /webdocs/templete/fos/ThinkPHP/Lib/Driver/TagLib/TagLibCx.class.php 第 524 行.
NOTIC: [8] Undefined offset: 1 /webdocs/templete/fos/ThinkPHP/Lib/Driver/TagLib/TagLibCx.class.php 第 524 行.
NOTIC: [8] Undefined index: id /webdocs/templete/fos/Admin/Runtime/Cache/35f5bec69668089c1808466ba2e3b1dc.php 第 185 行.
NOTIC: [8] Undefined index: id /webdocs/templete/fos/Admin/Runtime/Cache/35f5bec69668089c1808466ba2e3b1dc.php 第 195 行.
NOTIC: [8] Undefined index: id /webdocs/templete/fos/Admin/Runtime/Cache/35f5bec69668089c1808466ba2e3b1dc.php 第 215 行.
INFO: Run ParseTemplate Behavior [ RunTime:0.010510s ]
INFO: [ view_parse ] --END-- [ RunTime:0.010567s ]
INFO: [ view_filter ] --START--
INFO: Run ContentReplace Behavior [ RunTime:0.000273s ]
INFO: Run TokenBuild Behavior [ RunTime:0.000195s ]
INFO: Run WriteHtmlCache Behavior [ RunTime:0.000115s ]
INFO: Run ShowRuntime Behavior [ RunTime:0.000239s ]
INFO: [ view_filter ] --END-- [ RunTime:0.000967s ]
INFO: [ view_end ] --START--
INFO: Run ShowPageTrace Behavior [ RunTime:0.000372s ]
INFO: [ view_end ] --END-- [ RunTime:0.000416s ]

