[ 2016-06-14T00:11:36+08:00 ] 123.125.71.84 /fos/index.php/Teacher/show/id/51
INFO: [ route_check ] --START--
INFO: Run CheckRoute Behavior [ RunTime:0.000502s ]
INFO: [ route_check ] --END-- [ RunTime:0.000572s ]
INFO: [ app_begin ] --START--
INFO: Run ReadHtmlCache Behavior [ RunTime:0.000290s ]
INFO: [ app_begin ] --END-- [ RunTime:0.000342s ]
NOTIC: [2048] Declaration of TeacherAction::show() should be compatible with that of Action::show() /webdocs/templete/fos/Home/Lib/Action/TeacherAction.class.php 第 3 行.
SQL: SHOW COLUMNS FROM `lxy_info` [ RunTime:0.000861s ]
SQL: SELECT * FROM `lxy_info` WHERE ( `info_name` = 'visit_count' ) LIMIT 1   [ RunTime:0.000208s ]
SQL: SHOW COLUMNS FROM `lxy_person` [ RunTime:0.000782s ]
SQL: SELECT * FROM `lxy_person` WHERE ( `person_id` = 51 ) LIMIT 1   [ RunTime:0.000277s ]
INFO: [ view_template ] --START--
INFO: Run LocationTemplate Behavior [ RunTime:0.000223s ]
INFO: [ view_template ] --END-- [ RunTime:0.000274s ]
INFO: [ view_parse ] --START--
NOTIC: [8] Undefined offset: 1 /webdocs/templete/fos/ThinkPHP/Lib/Driver/TagLib/TagLibCx.class.php 第 524 行.
NOTIC: [8] Undefined offset: 1 /webdocs/templete/fos/ThinkPHP/Lib/Driver/TagLib/TagLibCx.class.php 第 524 行.
NOTIC: [8] Undefined offset: 1 /webdocs/templete/fos/ThinkPHP/Lib/Driver/TagLib/TagLibCx.class.php 第 524 行.
NOTIC: [8] Undefined offset: 1 /webdocs/templete/fos/ThinkPHP/Lib/Driver/TagLib/TagLibCx.class.php 第 524 行.
NOTIC: [8] Undefined offset: 1 /webdocs/templete/fos/ThinkPHP/Lib/Driver/TagLib/TagLibCx.class.php 第 524 行.
NOTIC: [8] Undefined offset: 1 /webdocs/templete/fos/ThinkPHP/Lib/Driver/TagLib/TagLibCx.class.php 第 524 行.
NOTIC: [8] A session had already been started - ignoring session_start() /webdocs/templete/fos/Home/Runtime/Cache/43c13c15df466b23450e5666d939316d.php 第 553 行.
INFO: Run ParseTemplate Behavior [ RunTime:0.011900s ]
INFO: [ view_parse ] --END-- [ RunTime:0.011956s ]
INFO: [ view_filter ] --START--
INFO: Run ContentReplace Behavior [ RunTime:0.000339s ]
INFO: Run TokenBuild Behavior [ RunTime:0.000201s ]
INFO: Run WriteHtmlCache Behavior [ RunTime:0.000126s ]
INFO: Run ShowRuntime Behavior [ RunTime:0.000277s ]
INFO: [ view_filter ] --END-- [ RunTime:0.001079s ]
INFO: [ view_end ] --START--
INFO: Run ShowPageTrace Behavior [ RunTime:0.000334s ]
INFO: [ view_end ] --END-- [ RunTime:0.000378s ]

[ 2016-06-14T00:44:56+08:00 ] 220.181.108.157 /fos/index.php/Teacher/show/id/90
INFO: [ route_check ] --START--
INFO: Run CheckRoute Behavior [ RunTime:0.000492s ]
INFO: [ route_check ] --END-- [ RunTime:0.000595s ]
INFO: [ app_begin ] --START--
INFO: Run ReadHtmlCache Behavior [ RunTime:0.000300s ]
INFO: [ app_begin ] --END-- [ RunTime:0.000352s ]
NOTIC: [2048] Declaration of TeacherAction::show() should be compatible with that of Action::show() /webdocs/templete/fos/Home/Lib/Action/TeacherAction.class.php 第 3 行.
SQL: SHOW COLUMNS FROM `lxy_info` [ RunTime:0.001190s ]
SQL: SELECT * FROM `lxy_info` WHERE ( `info_name` = 'visit_count' ) LIMIT 1   [ RunTime:0.000255s ]
SQL: SHOW COLUMNS FROM `lxy_person` [ RunTime:0.000804s ]
SQL: SELECT * FROM `lxy_person` WHERE ( `person_id` = 90 ) LIMIT 1   [ RunTime:0.000267s ]
INFO: [ view_template ] --START--
INFO: Run LocationTemplate Behavior [ RunTime:0.000263s ]
INFO: [ view_template ] --END-- [ RunTime:0.000316s ]
INFO: [ view_parse ] --START--
NOTIC: [8] Undefined offset: 1 /webdocs/templete/fos/ThinkPHP/Lib/Driver/TagLib/TagLibCx.class.php 第 524 行.
NOTIC: [8] Undefined offset: 1 /webdocs/templete/fos/ThinkPHP/Lib/Driver/TagLib/TagLibCx.class.php 第 524 行.
NOTIC: [8] Undefined offset: 1 /webdocs/templete/fos/ThinkPHP/Lib/Driver/TagLib/TagLibCx.class.php 第 524 行.
NOTIC: [8] Undefined offset: 1 /webdocs/templete/fos/ThinkPHP/Lib/Driver/TagLib/TagLibCx.class.php 第 524 行.
NOTIC: [8] Undefined offset: 1 /webdocs/templete/fos/ThinkPHP/Lib/Driver/TagLib/TagLibCx.class.php 第 524 行.
NOTIC: [8] Undefined offset: 1 /webdocs/templete/fos/ThinkPHP/Lib/Driver/TagLib/TagLibCx.class.php 第 524 行.
NOTIC: [8] A session had already been started - ignoring session_start() /webdocs/templete/fos/Home/Runtime/Cache/43c13c15df466b23450e5666d939316d.php 第 553 行.
INFO: Run ParseTemplate Behavior [ RunTime:0.010233s ]
INFO: [ view_parse ] --END-- [ RunTime:0.010278s ]
INFO: [ view_filter ] --START--
INFO: Run ContentReplace Behavior [ RunTime:0.000332s ]
INFO: Run TokenBuild Behavior [ RunTime:0.000197s ]
INFO: Run WriteHtmlCache Behavior [ RunTime:0.000115s ]
INFO: Run ShowRuntime Behavior [ RunTime:0.000242s ]
INFO: [ view_filter ] --END-- [ RunTime:0.001020s ]
INFO: [ view_end ] --START--
INFO: Run ShowPageTrace Behavior [ RunTime:0.000328s ]
INFO: [ view_end ] --END-- [ RunTime:0.000375s ]

[ 2016-06-14T01:18:16+08:00 ] 123.125.71.109 /fos/index.php/Teacher/show/id/108
INFO: [ route_check ] --START--
INFO: Run CheckRoute Behavior [ RunTime:0.000495s ]
INFO: [ route_check ] --END-- [ RunTime:0.000577s ]
INFO: [ app_begin ] --START--
INFO: Run ReadHtmlCache Behavior [ RunTime:0.000313s ]
INFO: [ app_begin ] --END-- [ RunTime:0.000363s ]
NOTIC: [2048] Declaration of TeacherAction::show() should be compatible with that of Action::show() /webdocs/templete/fos/Home/Lib/Action/TeacherAction.class.php 第 3 行.
SQL: SHOW COLUMNS FROM `lxy_info` [ RunTime:0.000962s ]
SQL: SELECT * FROM `lxy_info` WHERE ( `info_name` = 'visit_count' ) LIMIT 1   [ RunTime:0.000219s ]
SQL: SHOW COLUMNS FROM `lxy_person` [ RunTime:0.000882s ]
SQL: SELECT * FROM `lxy_person` WHERE ( `person_id` = 108 ) LIMIT 1   [ RunTime:0.000484s ]
INFO: [ view_template ] --START--
INFO: Run LocationTemplate Behavior [ RunTime:0.000311s ]
INFO: [ view_template ] --END-- [ RunTime:0.000367s ]
INFO: [ view_parse ] --START--
NOTIC: [8] Undefined offset: 1 /webdocs/templete/fos/ThinkPHP/Lib/Driver/TagLib/TagLibCx.class.php 第 524 行.
NOTIC: [8] Undefined offset: 1 /webdocs/templete/fos/ThinkPHP/Lib/Driver/TagLib/TagLibCx.class.php 第 524 行.
NOTIC: [8] Undefined offset: 1 /webdocs/templete/fos/ThinkPHP/Lib/Driver/TagLib/TagLibCx.class.php 第 524 行.
NOTIC: [8] Undefined offset: 1 /webdocs/templete/fos/ThinkPHP/Lib/Driver/TagLib/TagLibCx.class.php 第 524 行.
NOTIC: [8] Undefined offset: 1 /webdocs/templete/fos/ThinkPHP/Lib/Driver/TagLib/TagLibCx.class.php 第 524 行.
NOTIC: [8] Undefined offset: 1 /webdocs/templete/fos/ThinkPHP/Lib/Driver/TagLib/TagLibCx.class.php 第 524 行.
NOTIC: [8] A session had already been started - ignoring session_start() /webdocs/templete/fos/Home/Runtime/Cache/43c13c15df466b23450e5666d939316d.php 第 553 行.
INFO: Run ParseTemplate Behavior [ RunTime:0.010347s ]
INFO: [ view_parse ] --END-- [ RunTime:0.010395s ]
INFO: [ view_filter ] --START--
INFO: Run ContentReplace Behavior [ RunTime:0.000302s ]
INFO: Run TokenBuild Behavior [ RunTime:0.000222s ]
INFO: Run WriteHtmlCache Behavior [ RunTime:0.000117s ]
INFO: Run ShowRuntime Behavior [ RunTime:0.000246s ]
INFO: [ view_filter ] --END-- [ RunTime:0.001028s ]
INFO: [ view_end ] --START--
INFO: Run ShowPageTrace Behavior [ RunTime:0.000353s ]
INFO: [ view_end ] --END-- [ RunTime:0.000398s ]

[ 2016-06-14T01:51:36+08:00 ] 220.181.108.115 /fos/index.php/Teacher/show/id/101
INFO: [ route_check ] --START--
INFO: Run CheckRoute Behavior [ RunTime:0.000498s ]
INFO: [ route_check ] --END-- [ RunTime:0.000569s ]
INFO: [ app_begin ] --START--
INFO: Run ReadHtmlCache Behavior [ RunTime:0.000289s ]
INFO: [ app_begin ] --END-- [ RunTime:0.000338s ]
NOTIC: [2048] Declaration of TeacherAction::show() should be compatible with that of Action::show() /webdocs/templete/fos/Home/Lib/Action/TeacherAction.class.php 第 3 行.
SQL: SHOW COLUMNS FROM `lxy_info` [ RunTime:0.000850s ]
SQL: SELECT * FROM `lxy_info` WHERE ( `info_name` = 'visit_count' ) LIMIT 1   [ RunTime:0.000233s ]
SQL: SHOW COLUMNS FROM `lxy_person` [ RunTime:0.000731s ]
SQL: SELECT * FROM `lxy_person` WHERE ( `person_id` = 101 ) LIMIT 1   [ RunTime:0.000250s ]
INFO: [ view_template ] --START--
INFO: Run LocationTemplate Behavior [ RunTime:0.000188s ]
INFO: [ view_template ] --END-- [ RunTime:0.000237s ]
INFO: [ view_parse ] --START--
NOTIC: [8] Undefined offset: 1 /webdocs/templete/fos/ThinkPHP/Lib/Driver/TagLib/TagLibCx.class.php 第 524 行.
NOTIC: [8] Undefined offset: 1 /webdocs/templete/fos/ThinkPHP/Lib/Driver/TagLib/TagLibCx.class.php 第 524 行.
NOTIC: [8] Undefined offset: 1 /webdocs/templete/fos/ThinkPHP/Lib/Driver/TagLib/TagLibCx.class.php 第 524 行.
NOTIC: [8] Undefined offset: 1 /webdocs/templete/fos/ThinkPHP/Lib/Driver/TagLib/TagLibCx.class.php 第 524 行.
NOTIC: [8] Undefined offset: 1 /webdocs/templete/fos/ThinkPHP/Lib/Driver/TagLib/TagLibCx.class.php 第 524 行.
NOTIC: [8] Undefined offset: 1 /webdocs/templete/fos/ThinkPHP/Lib/Driver/TagLib/TagLibCx.class.php 第 524 行.
NOTIC: [8] A session had already been started - ignoring session_start() /webdocs/templete/fos/Home/Runtime/Cache/43c13c15df466b23450e5666d939316d.php 第 553 行.
INFO: Run ParseTemplate Behavior [ RunTime:0.010348s ]
INFO: [ view_parse ] --END-- [ RunTime:0.010393s ]
INFO: [ view_filter ] --START--
INFO: Run ContentReplace Behavior [ RunTime:0.000300s ]
INFO: Run TokenBuild Behavior [ RunTime:0.000198s ]
INFO: Run WriteHtmlCache Behavior [ RunTime:0.000140s ]
INFO: Run ShowRuntime Behavior [ RunTime:0.000248s ]
INFO: [ view_filter ] --END-- [ RunTime:0.001021s ]
INFO: [ view_end ] --START--
INFO: Run ShowPageTrace Behavior [ RunTime:0.000337s ]
INFO: [ view_end ] --END-- [ RunTime:0.000381s ]

[ 2016-06-14T02:24:56+08:00 ] 220.181.108.81 /fos/index.php/Teacher/show/id/30
INFO: [ route_check ] --START--
INFO: Run CheckRoute Behavior [ RunTime:0.000472s ]
INFO: [ route_check ] --END-- [ RunTime:0.000542s ]
INFO: [ app_begin ] --START--
INFO: Run ReadHtmlCache Behavior [ RunTime:0.000290s ]
INFO: [ app_begin ] --END-- [ RunTime:0.000342s ]
NOTIC: [2048] Declaration of TeacherAction::show() should be compatible with that of Action::show() /webdocs/templete/fos/Home/Lib/Action/TeacherAction.class.php 第 3 行.
SQL: SHOW COLUMNS FROM `lxy_info` [ RunTime:0.000845s ]
SQL: SELECT * FROM `lxy_info` WHERE ( `info_name` = 'visit_count' ) LIMIT 1   [ RunTime:0.000206s ]
SQL: SHOW COLUMNS FROM `lxy_person` [ RunTime:0.000753s ]
SQL: SELECT * FROM `lxy_person` WHERE ( `person_id` = 30 ) LIMIT 1   [ RunTime:0.000249s ]
INFO: [ view_template ] --START--
INFO: Run LocationTemplate Behavior [ RunTime:0.000182s ]
INFO: [ view_template ] --END-- [ RunTime:0.000232s ]
INFO: [ view_parse ] --START--
NOTIC: [8] Undefined offset: 1 /webdocs/templete/fos/ThinkPHP/Lib/Driver/TagLib/TagLibCx.class.php 第 524 行.
NOTIC: [8] Undefined offset: 1 /webdocs/templete/fos/ThinkPHP/Lib/Driver/TagLib/TagLibCx.class.php 第 524 行.
NOTIC: [8] Undefined offset: 1 /webdocs/templete/fos/ThinkPHP/Lib/Driver/TagLib/TagLibCx.class.php 第 524 行.
NOTIC: [8] Undefined offset: 1 /webdocs/templete/fos/ThinkPHP/Lib/Driver/TagLib/TagLibCx.class.php 第 524 行.
NOTIC: [8] Undefined offset: 1 /webdocs/templete/fos/ThinkPHP/Lib/Driver/TagLib/TagLibCx.class.php 第 524 行.
NOTIC: [8] Undefined offset: 1 /webdocs/templete/fos/ThinkPHP/Lib/Driver/TagLib/TagLibCx.class.php 第 524 行.
NOTIC: [8] A session had already been started - ignoring session_start() /webdocs/templete/fos/Home/Runtime/Cache/43c13c15df466b23450e5666d939316d.php 第 553 行.
INFO: Run ParseTemplate Behavior [ RunTime:0.010254s ]
INFO: [ view_parse ] --END-- [ RunTime:0.010300s ]
INFO: [ view_filter ] --START--
INFO: Run ContentReplace Behavior [ RunTime:0.000329s ]
INFO: Run TokenBuild Behavior [ RunTime:0.000198s ]
INFO: Run WriteHtmlCache Behavior [ RunTime:0.000113s ]
INFO: Run ShowRuntime Behavior [ RunTime:0.000241s ]
INFO: [ view_filter ] --END-- [ RunTime:0.001019s ]
INFO: [ view_end ] --START--
INFO: Run ShowPageTrace Behavior [ RunTime:0.000353s ]
INFO: [ view_end ] --END-- [ RunTime:0.000398s ]

[ 2016-06-14T02:58:16+08:00 ] 220.181.108.150 /fos/index.php/Teacher/show/id/113
INFO: [ route_check ] --START--
INFO: Run CheckRoute Behavior [ RunTime:0.000500s ]
INFO: [ route_check ] --END-- [ RunTime:0.000573s ]
INFO: [ app_begin ] --START--
INFO: Run ReadHtmlCache Behavior [ RunTime:0.000365s ]
INFO: [ app_begin ] --END-- [ RunTime:0.000417s ]
NOTIC: [2048] Declaration of TeacherAction::show() should be compatible with that of Action::show() /webdocs/templete/fos/Home/Lib/Action/TeacherAction.class.php 第 3 行.
SQL: SHOW COLUMNS FROM `lxy_info` [ RunTime:0.000861s ]
SQL: SELECT * FROM `lxy_info` WHERE ( `info_name` = 'visit_count' ) LIMIT 1   [ RunTime:0.000224s ]
SQL: SHOW COLUMNS FROM `lxy_person` [ RunTime:0.000757s ]
SQL: SELECT * FROM `lxy_person` WHERE ( `person_id` = 113 ) LIMIT 1   [ RunTime:0.000245s ]
INFO: [ view_template ] --START--
INFO: Run LocationTemplate Behavior [ RunTime:0.000243s ]
INFO: [ view_template ] --END-- [ RunTime:0.000296s ]
INFO: [ view_parse ] --START--
NOTIC: [8] Undefined offset: 1 /webdocs/templete/fos/ThinkPHP/Lib/Driver/TagLib/TagLibCx.class.php 第 524 行.
NOTIC: [8] Undefined offset: 1 /webdocs/templete/fos/ThinkPHP/Lib/Driver/TagLib/TagLibCx.class.php 第 524 行.
NOTIC: [8] Undefined offset: 1 /webdocs/templete/fos/ThinkPHP/Lib/Driver/TagLib/TagLibCx.class.php 第 524 行.
NOTIC: [8] Undefined offset: 1 /webdocs/templete/fos/ThinkPHP/Lib/Driver/TagLib/TagLibCx.class.php 第 524 行.
NOTIC: [8] Undefined offset: 1 /webdocs/templete/fos/ThinkPHP/Lib/Driver/TagLib/TagLibCx.class.php 第 524 行.
NOTIC: [8] Undefined offset: 1 /webdocs/templete/fos/ThinkPHP/Lib/Driver/TagLib/TagLibCx.class.php 第 524 行.
NOTIC: [8] A session had already been started - ignoring session_start() /webdocs/templete/fos/Home/Runtime/Cache/43c13c15df466b23450e5666d939316d.php 第 553 行.
INFO: Run ParseTemplate Behavior [ RunTime:0.011609s ]
INFO: [ view_parse ] --END-- [ RunTime:0.011665s ]
INFO: [ view_filter ] --START--
INFO: Run ContentReplace Behavior [ RunTime:0.000478s ]
INFO: Run TokenBuild Behavior [ RunTime:0.000246s ]
INFO: Run WriteHtmlCache Behavior [ RunTime:0.000140s ]
INFO: Run ShowRuntime Behavior [ RunTime:0.000302s ]
INFO: [ view_filter ] --END-- [ RunTime:0.001330s ]
INFO: [ view_end ] --START--
INFO: Run ShowPageTrace Behavior [ RunTime:0.000350s ]
INFO: [ view_end ] --END-- [ RunTime:0.000395s ]

[ 2016-06-14T03:31:36+08:00 ] 123.125.71.74 /fos/index.php/Teacher/show/id/120
INFO: [ route_check ] --START--
INFO: Run CheckRoute Behavior [ RunTime:0.000470s ]
INFO: [ route_check ] --END-- [ RunTime:0.000541s ]
INFO: [ app_begin ] --START--
INFO: Run ReadHtmlCache Behavior [ RunTime:0.000292s ]
INFO: [ app_begin ] --END-- [ RunTime:0.000365s ]
NOTIC: [2048] Declaration of TeacherAction::show() should be compatible with that of Action::show() /webdocs/templete/fos/Home/Lib/Action/TeacherAction.class.php 第 3 行.
SQL: SHOW COLUMNS FROM `lxy_info` [ RunTime:0.000820s ]
SQL: SELECT * FROM `lxy_info` WHERE ( `info_name` = 'visit_count' ) LIMIT 1   [ RunTime:0.000206s ]
SQL: SHOW COLUMNS FROM `lxy_person` [ RunTime:0.000760s ]
SQL: SELECT * FROM `lxy_person` WHERE ( `person_id` = 120 ) LIMIT 1   [ RunTime:0.000244s ]
INFO: [ view_template ] --START--
INFO: Run LocationTemplate Behavior [ RunTime:0.000210s ]
INFO: [ view_template ] --END-- [ RunTime:0.000260s ]
INFO: [ view_parse ] --START--
NOTIC: [8] Undefined offset: 1 /webdocs/templete/fos/ThinkPHP/Lib/Driver/TagLib/TagLibCx.class.php 第 524 行.
NOTIC: [8] Undefined offset: 1 /webdocs/templete/fos/ThinkPHP/Lib/Driver/TagLib/TagLibCx.class.php 第 524 行.
NOTIC: [8] Undefined offset: 1 /webdocs/templete/fos/ThinkPHP/Lib/Driver/TagLib/TagLibCx.class.php 第 524 行.
NOTIC: [8] Undefined offset: 1 /webdocs/templete/fos/ThinkPHP/Lib/Driver/TagLib/TagLibCx.class.php 第 524 行.
NOTIC: [8] Undefined offset: 1 /webdocs/templete/fos/ThinkPHP/Lib/Driver/TagLib/TagLibCx.class.php 第 524 行.
NOTIC: [8] Undefined offset: 1 /webdocs/templete/fos/ThinkPHP/Lib/Driver/TagLib/TagLibCx.class.php 第 524 行.
NOTIC: [8] A session had already been started - ignoring session_start() /webdocs/templete/fos/Home/Runtime/Cache/43c13c15df466b23450e5666d939316d.php 第 553 行.
INFO: Run ParseTemplate Behavior [ RunTime:0.010451s ]
INFO: [ view_parse ] --END-- [ RunTime:0.010503s ]
INFO: [ view_filter ] --START--
INFO: Run ContentReplace Behavior [ RunTime:0.000346s ]
INFO: Run TokenBuild Behavior [ RunTime:0.000202s ]
INFO: Run WriteHtmlCache Behavior [ RunTime:0.000119s ]
INFO: Run ShowRuntime Behavior [ RunTime:0.000253s ]
INFO: [ view_filter ] --END-- [ RunTime:0.001057s ]
INFO: [ view_end ] --START--
INFO: Run ShowPageTrace Behavior [ RunTime:0.000362s ]
INFO: [ view_end ] --END-- [ RunTime:0.000407s ]

[ 2016-06-14T04:04:56+08:00 ] 123.125.71.56 /fos/index.php/Teacher/show/id/106
INFO: [ route_check ] --START--
INFO: Run CheckRoute Behavior [ RunTime:0.000476s ]
INFO: [ route_check ] --END-- [ RunTime:0.000550s ]
INFO: [ app_begin ] --START--
INFO: Run ReadHtmlCache Behavior [ RunTime:0.000315s ]
INFO: [ app_begin ] --END-- [ RunTime:0.000366s ]
NOTIC: [2048] Declaration of TeacherAction::show() should be compatible with that of Action::show() /webdocs/templete/fos/Home/Lib/Action/TeacherAction.class.php 第 3 行.
SQL: SHOW COLUMNS FROM `lxy_info` [ RunTime:0.000844s ]
SQL: SELECT * FROM `lxy_info` WHERE ( `info_name` = 'visit_count' ) LIMIT 1   [ RunTime:0.000207s ]
SQL: SHOW COLUMNS FROM `lxy_person` [ RunTime:0.000751s ]
SQL: SELECT * FROM `lxy_person` WHERE ( `person_id` = 106 ) LIMIT 1   [ RunTime:0.000248s ]
INFO: [ view_template ] --START--
INFO: Run LocationTemplate Behavior [ RunTime:0.000206s ]
INFO: [ view_template ] --END-- [ RunTime:0.000257s ]
INFO: [ view_parse ] --START--
NOTIC: [8] Undefined offset: 1 /webdocs/templete/fos/ThinkPHP/Lib/Driver/TagLib/TagLibCx.class.php 第 524 行.
NOTIC: [8] Undefined offset: 1 /webdocs/templete/fos/ThinkPHP/Lib/Driver/TagLib/TagLibCx.class.php 第 524 行.
NOTIC: [8] Undefined offset: 1 /webdocs/templete/fos/ThinkPHP/Lib/Driver/TagLib/TagLibCx.class.php 第 524 行.
NOTIC: [8] Undefined offset: 1 /webdocs/templete/fos/ThinkPHP/Lib/Driver/TagLib/TagLibCx.class.php 第 524 行.
NOTIC: [8] Undefined offset: 1 /webdocs/templete/fos/ThinkPHP/Lib/Driver/TagLib/TagLibCx.class.php 第 524 行.
NOTIC: [8] Undefined offset: 1 /webdocs/templete/fos/ThinkPHP/Lib/Driver/TagLib/TagLibCx.class.php 第 524 行.
NOTIC: [8] A session had already been started - ignoring session_start() /webdocs/templete/fos/Home/Runtime/Cache/43c13c15df466b23450e5666d939316d.php 第 553 行.
INFO: Run ParseTemplate Behavior [ RunTime:0.010595s ]
INFO: [ view_parse ] --END-- [ RunTime:0.010640s ]
INFO: [ view_filter ] --START--
INFO: Run ContentReplace Behavior [ RunTime:0.000322s ]
INFO: Run TokenBuild Behavior [ RunTime:0.000197s ]
INFO: Run WriteHtmlCache Behavior [ RunTime:0.000116s ]
INFO: Run ShowRuntime Behavior [ RunTime:0.000243s ]
INFO: [ view_filter ] --END-- [ RunTime:0.001014s ]
INFO: [ view_end ] --START--
INFO: Run ShowPageTrace Behavior [ RunTime:0.000360s ]
INFO: [ view_end ] --END-- [ RunTime:0.000404s ]

[ 2016-06-14T04:38:16+08:00 ] 123.125.71.77 /fos/index.php/Teacher/show/id/71
INFO: [ route_check ] --START--
INFO: Run CheckRoute Behavior [ RunTime:0.000530s ]
INFO: [ route_check ] --END-- [ RunTime:0.000645s ]
INFO: [ app_begin ] --START--
INFO: Run ReadHtmlCache Behavior [ RunTime:0.000297s ]
INFO: [ app_begin ] --END-- [ RunTime:0.000348s ]
NOTIC: [2048] Declaration of TeacherAction::show() should be compatible with that of Action::show() /webdocs/templete/fos/Home/Lib/Action/TeacherAction.class.php 第 3 行.
SQL: SHOW COLUMNS FROM `lxy_info` [ RunTime:0.000963s ]
SQL: SELECT * FROM `lxy_info` WHERE ( `info_name` = 'visit_count' ) LIMIT 1   [ RunTime:0.000209s ]
SQL: SHOW COLUMNS FROM `lxy_person` [ RunTime:0.000728s ]
SQL: SELECT * FROM `lxy_person` WHERE ( `person_id` = 71 ) LIMIT 1   [ RunTime:0.000251s ]
INFO: [ view_template ] --START--
INFO: Run LocationTemplate Behavior [ RunTime:0.000197s ]
INFO: [ view_template ] --END-- [ RunTime:0.000248s ]
INFO: [ view_parse ] --START--
NOTIC: [8] Undefined offset: 1 /webdocs/templete/fos/ThinkPHP/Lib/Driver/TagLib/TagLibCx.class.php 第 524 行.
NOTIC: [8] Undefined offset: 1 /webdocs/templete/fos/ThinkPHP/Lib/Driver/TagLib/TagLibCx.class.php 第 524 行.
NOTIC: [8] Undefined offset: 1 /webdocs/templete/fos/ThinkPHP/Lib/Driver/TagLib/TagLibCx.class.php 第 524 行.
NOTIC: [8] Undefined offset: 1 /webdocs/templete/fos/ThinkPHP/Lib/Driver/TagLib/TagLibCx.class.php 第 524 行.
NOTIC: [8] Undefined offset: 1 /webdocs/templete/fos/ThinkPHP/Lib/Driver/TagLib/TagLibCx.class.php 第 524 行.
NOTIC: [8] Undefined offset: 1 /webdocs/templete/fos/ThinkPHP/Lib/Driver/TagLib/TagLibCx.class.php 第 524 行.
NOTIC: [8] A session had already been started - ignoring session_start() /webdocs/templete/fos/Home/Runtime/Cache/43c13c15df466b23450e5666d939316d.php 第 553 行.
INFO: Run ParseTemplate Behavior [ RunTime:0.010288s ]
INFO: [ view_parse ] --END-- [ RunTime:0.010333s ]
INFO: [ view_filter ] --START--
INFO: Run ContentReplace Behavior [ RunTime:0.000301s ]
INFO: Run TokenBuild Behavior [ RunTime:0.000199s ]
INFO: Run WriteHtmlCache Behavior [ RunTime:0.000120s ]
INFO: Run ShowRuntime Behavior [ RunTime:0.000274s ]
INFO: [ view_filter ] --END-- [ RunTime:0.001028s ]
INFO: [ view_end ] --START--
INFO: Run ShowPageTrace Behavior [ RunTime:0.000336s ]
INFO: [ view_end ] --END-- [ RunTime:0.000380s ]

[ 2016-06-14T05:11:36+08:00 ] 123.125.71.14 /fos/index.php/Teacher/show/id/181
INFO: [ route_check ] --START--
INFO: Run CheckRoute Behavior [ RunTime:0.000477s ]
INFO: [ route_check ] --END-- [ RunTime:0.000552s ]
INFO: [ app_begin ] --START--
INFO: Run ReadHtmlCache Behavior [ RunTime:0.000292s ]
INFO: [ app_begin ] --END-- [ RunTime:0.000343s ]
NOTIC: [2048] Declaration of TeacherAction::show() should be compatible with that of Action::show() /webdocs/templete/fos/Home/Lib/Action/TeacherAction.class.php 第 3 行.
SQL: SHOW COLUMNS FROM `lxy_info` [ RunTime:0.000872s ]
SQL: SELECT * FROM `lxy_info` WHERE ( `info_name` = 'visit_count' ) LIMIT 1   [ RunTime:0.000207s ]
SQL: SHOW COLUMNS FROM `lxy_person` [ RunTime:0.000741s ]
SQL: SELECT * FROM `lxy_person` WHERE ( `person_id` = 181 ) LIMIT 1   [ RunTime:0.000278s ]
INFO: [ view_template ] --START--
INFO: Run LocationTemplate Behavior [ RunTime:0.000198s ]
INFO: [ view_template ] --END-- [ RunTime:0.000249s ]
INFO: [ view_parse ] --START--
NOTIC: [8] Undefined offset: 1 /webdocs/templete/fos/ThinkPHP/Lib/Driver/TagLib/TagLibCx.class.php 第 524 行.
NOTIC: [8] Undefined offset: 1 /webdocs/templete/fos/ThinkPHP/Lib/Driver/TagLib/TagLibCx.class.php 第 524 行.
NOTIC: [8] Undefined offset: 1 /webdocs/templete/fos/ThinkPHP/Lib/Driver/TagLib/TagLibCx.class.php 第 524 行.
NOTIC: [8] Undefined offset: 1 /webdocs/templete/fos/ThinkPHP/Lib/Driver/TagLib/TagLibCx.class.php 第 524 行.
NOTIC: [8] Undefined offset: 1 /webdocs/templete/fos/ThinkPHP/Lib/Driver/TagLib/TagLibCx.class.php 第 524 行.
NOTIC: [8] Undefined offset: 1 /webdocs/templete/fos/ThinkPHP/Lib/Driver/TagLib/TagLibCx.class.php 第 524 行.
NOTIC: [8] A session had already been started - ignoring session_start() /webdocs/templete/fos/Home/Runtime/Cache/43c13c15df466b23450e5666d939316d.php 第 553 行.
INFO: Run ParseTemplate Behavior [ RunTime:0.010346s ]
INFO: [ view_parse ] --END-- [ RunTime:0.010391s ]
INFO: [ view_filter ] --START--
INFO: Run ContentReplace Behavior [ RunTime:0.000327s ]
INFO: Run TokenBuild Behavior [ RunTime:0.000201s ]
INFO: Run WriteHtmlCache Behavior [ RunTime:0.000117s ]
INFO: Run ShowRuntime Behavior [ RunTime:0.000280s ]
INFO: [ view_filter ] --END-- [ RunTime:0.001061s ]
INFO: [ view_end ] --START--
INFO: Run ShowPageTrace Behavior [ RunTime:0.000335s ]
INFO: [ view_end ] --END-- [ RunTime:0.000381s ]

[ 2016-06-14T05:44:56+08:00 ] 123.125.71.43 /fos/index.php/Teacher/show/id/56
INFO: [ route_check ] --START--
INFO: Run CheckRoute Behavior [ RunTime:0.000520s ]
INFO: [ route_check ] --END-- [ RunTime:0.000605s ]
INFO: [ app_begin ] --START--
INFO: Run ReadHtmlCache Behavior [ RunTime:0.000299s ]
INFO: [ app_begin ] --END-- [ RunTime:0.000351s ]
NOTIC: [2048] Declaration of TeacherAction::show() should be compatible with that of Action::show() /webdocs/templete/fos/Home/Lib/Action/TeacherAction.class.php 第 3 行.
SQL: SHOW COLUMNS FROM `lxy_info` [ RunTime:0.000831s ]
SQL: SELECT * FROM `lxy_info` WHERE ( `info_name` = 'visit_count' ) LIMIT 1   [ RunTime:0.000207s ]
SQL: SHOW COLUMNS FROM `lxy_person` [ RunTime:0.000754s ]
SQL: SELECT * FROM `lxy_person` WHERE ( `person_id` = 56 ) LIMIT 1   [ RunTime:0.000244s ]
INFO: [ view_template ] --START--
INFO: Run LocationTemplate Behavior [ RunTime:0.000219s ]
INFO: [ view_template ] --END-- [ RunTime:0.000270s ]
INFO: [ view_parse ] --START--
NOTIC: [8] Undefined offset: 1 /webdocs/templete/fos/ThinkPHP/Lib/Driver/TagLib/TagLibCx.class.php 第 524 行.
NOTIC: [8] Undefined offset: 1 /webdocs/templete/fos/ThinkPHP/Lib/Driver/TagLib/TagLibCx.class.php 第 524 行.
NOTIC: [8] Undefined offset: 1 /webdocs/templete/fos/ThinkPHP/Lib/Driver/TagLib/TagLibCx.class.php 第 524 行.
NOTIC: [8] Undefined offset: 1 /webdocs/templete/fos/ThinkPHP/Lib/Driver/TagLib/TagLibCx.class.php 第 524 行.
NOTIC: [8] Undefined offset: 1 /webdocs/templete/fos/ThinkPHP/Lib/Driver/TagLib/TagLibCx.class.php 第 524 行.
NOTIC: [8] Undefined offset: 1 /webdocs/templete/fos/ThinkPHP/Lib/Driver/TagLib/TagLibCx.class.php 第 524 行.
NOTIC: [8] A session had already been started - ignoring session_start() /webdocs/templete/fos/Home/Runtime/Cache/43c13c15df466b23450e5666d939316d.php 第 553 行.
INFO: Run ParseTemplate Behavior [ RunTime:0.010252s ]
INFO: [ view_parse ] --END-- [ RunTime:0.010298s ]
INFO: [ view_filter ] --START--
INFO: Run ContentReplace Behavior [ RunTime:0.000304s ]
INFO: Run TokenBuild Behavior [ RunTime:0.000226s ]
INFO: Run WriteHtmlCache Behavior [ RunTime:0.000120s ]
INFO: Run ShowRuntime Behavior [ RunTime:0.000355s ]
INFO: [ view_filter ] --END-- [ RunTime:0.001156s ]
INFO: [ view_end ] --START--
INFO: Run ShowPageTrace Behavior [ RunTime:0.000533s ]
INFO: [ view_end ] --END-- [ RunTime:0.000606s ]

[ 2016-06-14T06:18:16+08:00 ] 123.125.71.74 /fos/index.php/Teacher/show/id/78
INFO: [ route_check ] --START--
INFO: Run CheckRoute Behavior [ RunTime:0.000467s ]
INFO: [ route_check ] --END-- [ RunTime:0.000538s ]
INFO: [ app_begin ] --START--
INFO: Run ReadHtmlCache Behavior [ RunTime:0.000289s ]
INFO: [ app_begin ] --END-- [ RunTime:0.000340s ]
NOTIC: [2048] Declaration of TeacherAction::show() should be compatible with that of Action::show() /webdocs/templete/fos/Home/Lib/Action/TeacherAction.class.php 第 3 行.
SQL: SHOW COLUMNS FROM `lxy_info` [ RunTime:0.000863s ]
SQL: SELECT * FROM `lxy_info` WHERE ( `info_name` = 'visit_count' ) LIMIT 1   [ RunTime:0.000211s ]
SQL: SHOW COLUMNS FROM `lxy_person` [ RunTime:0.000753s ]
SQL: SELECT * FROM `lxy_person` WHERE ( `person_id` = 78 ) LIMIT 1   [ RunTime:0.000245s ]
INFO: [ view_template ] --START--
INFO: Run LocationTemplate Behavior [ RunTime:0.000201s ]
INFO: [ view_template ] --END-- [ RunTime:0.000250s ]
INFO: [ view_parse ] --START--
NOTIC: [8] Undefined offset: 1 /webdocs/templete/fos/ThinkPHP/Lib/Driver/TagLib/TagLibCx.class.php 第 524 行.
NOTIC: [8] Undefined offset: 1 /webdocs/templete/fos/ThinkPHP/Lib/Driver/TagLib/TagLibCx.class.php 第 524 行.
NOTIC: [8] Undefined offset: 1 /webdocs/templete/fos/ThinkPHP/Lib/Driver/TagLib/TagLibCx.class.php 第 524 行.
NOTIC: [8] Undefined offset: 1 /webdocs/templete/fos/ThinkPHP/Lib/Driver/TagLib/TagLibCx.class.php 第 524 行.
NOTIC: [8] Undefined offset: 1 /webdocs/templete/fos/ThinkPHP/Lib/Driver/TagLib/TagLibCx.class.php 第 524 行.
NOTIC: [8] Undefined offset: 1 /webdocs/templete/fos/ThinkPHP/Lib/Driver/TagLib/TagLibCx.class.php 第 524 行.
NOTIC: [8] A session had already been started - ignoring session_start() /webdocs/templete/fos/Home/Runtime/Cache/43c13c15df466b23450e5666d939316d.php 第 553 行.
INFO: Run ParseTemplate Behavior [ RunTime:0.010500s ]
INFO: [ view_parse ] --END-- [ RunTime:0.010547s ]
INFO: [ view_filter ] --START--
INFO: Run ContentReplace Behavior [ RunTime:0.000327s ]
INFO: Run TokenBuild Behavior [ RunTime:0.000195s ]
INFO: Run WriteHtmlCache Behavior [ RunTime:0.000114s ]
INFO: Run ShowRuntime Behavior [ RunTime:0.000242s ]
INFO: [ view_filter ] --END-- [ RunTime:0.001014s ]
INFO: [ view_end ] --START--
INFO: Run ShowPageTrace Behavior [ RunTime:0.000354s ]
INFO: [ view_end ] --END-- [ RunTime:0.000399s ]

[ 2016-06-14T06:51:36+08:00 ] 220.181.108.95 /fos/index.php/Teacher/show/id/40
INFO: [ route_check ] --START--
INFO: Run CheckRoute Behavior [ RunTime:0.000473s ]
INFO: [ route_check ] --END-- [ RunTime:0.000567s ]
INFO: [ app_begin ] --START--
INFO: Run ReadHtmlCache Behavior [ RunTime:0.000288s ]
INFO: [ app_begin ] --END-- [ RunTime:0.000339s ]
NOTIC: [2048] Declaration of TeacherAction::show() should be compatible with that of Action::show() /webdocs/templete/fos/Home/Lib/Action/TeacherAction.class.php 第 3 行.
SQL: SHOW COLUMNS FROM `lxy_info` [ RunTime:0.000874s ]
SQL: SELECT * FROM `lxy_info` WHERE ( `info_name` = 'visit_count' ) LIMIT 1   [ RunTime:0.000210s ]
SQL: SHOW COLUMNS FROM `lxy_person` [ RunTime:0.000763s ]
SQL: SELECT * FROM `lxy_person` WHERE ( `person_id` = 40 ) LIMIT 1   [ RunTime:0.000266s ]
INFO: [ view_template ] --START--
INFO: Run LocationTemplate Behavior [ RunTime:0.000190s ]
INFO: [ view_template ] --END-- [ RunTime:0.000239s ]
INFO: [ view_parse ] --START--
NOTIC: [8] Undefined offset: 1 /webdocs/templete/fos/ThinkPHP/Lib/Driver/TagLib/TagLibCx.class.php 第 524 行.
NOTIC: [8] Undefined offset: 1 /webdocs/templete/fos/ThinkPHP/Lib/Driver/TagLib/TagLibCx.class.php 第 524 行.
NOTIC: [8] Undefined offset: 1 /webdocs/templete/fos/ThinkPHP/Lib/Driver/TagLib/TagLibCx.class.php 第 524 行.
NOTIC: [8] Undefined offset: 1 /webdocs/templete/fos/ThinkPHP/Lib/Driver/TagLib/TagLibCx.class.php 第 524 行.
NOTIC: [8] Undefined offset: 1 /webdocs/templete/fos/ThinkPHP/Lib/Driver/TagLib/TagLibCx.class.php 第 524 行.
NOTIC: [8] Undefined offset: 1 /webdocs/templete/fos/ThinkPHP/Lib/Driver/TagLib/TagLibCx.class.php 第 524 行.
NOTIC: [8] A session had already been started - ignoring session_start() /webdocs/templete/fos/Home/Runtime/Cache/43c13c15df466b23450e5666d939316d.php 第 553 行.
INFO: Run ParseTemplate Behavior [ RunTime:0.010338s ]
INFO: [ view_parse ] --END-- [ RunTime:0.010386s ]
INFO: [ view_filter ] --START--
INFO: Run ContentReplace Behavior [ RunTime:0.000331s ]
INFO: Run TokenBuild Behavior [ RunTime:0.000198s ]
INFO: Run WriteHtmlCache Behavior [ RunTime:0.000116s ]
INFO: Run ShowRuntime Behavior [ RunTime:0.000243s ]
INFO: [ view_filter ] --END-- [ RunTime:0.001024s ]
INFO: [ view_end ] --START--
INFO: Run ShowPageTrace Behavior [ RunTime:0.000354s ]
INFO: [ view_end ] --END-- [ RunTime:0.000398s ]

[ 2016-06-14T07:24:56+08:00 ] 220.181.108.181 /fos/index.php/Teacher/show/id/127
INFO: [ route_check ] --START--
INFO: Run CheckRoute Behavior [ RunTime:0.000531s ]
INFO: [ route_check ] --END-- [ RunTime:0.000604s ]
INFO: [ app_begin ] --START--
INFO: Run ReadHtmlCache Behavior [ RunTime:0.000394s ]
INFO: [ app_begin ] --END-- [ RunTime:0.000447s ]
NOTIC: [2048] Declaration of TeacherAction::show() should be compatible with that of Action::show() /webdocs/templete/fos/Home/Lib/Action/TeacherAction.class.php 第 3 行.
SQL: SHOW COLUMNS FROM `lxy_info` [ RunTime:0.000848s ]
SQL: SELECT * FROM `lxy_info` WHERE ( `info_name` = 'visit_count' ) LIMIT 1   [ RunTime:0.000225s ]
SQL: SHOW COLUMNS FROM `lxy_person` [ RunTime:0.000728s ]
SQL: SELECT * FROM `lxy_person` WHERE ( `person_id` = 127 ) LIMIT 1   [ RunTime:0.000246s ]
INFO: [ view_template ] --START--
INFO: Run LocationTemplate Behavior [ RunTime:0.000178s ]
INFO: [ view_template ] --END-- [ RunTime:0.000226s ]
INFO: [ view_parse ] --START--
NOTIC: [8] Undefined offset: 1 /webdocs/templete/fos/ThinkPHP/Lib/Driver/TagLib/TagLibCx.class.php 第 524 行.
NOTIC: [8] Undefined offset: 1 /webdocs/templete/fos/ThinkPHP/Lib/Driver/TagLib/TagLibCx.class.php 第 524 行.
NOTIC: [8] Undefined offset: 1 /webdocs/templete/fos/ThinkPHP/Lib/Driver/TagLib/TagLibCx.class.php 第 524 行.
NOTIC: [8] Undefined offset: 1 /webdocs/templete/fos/ThinkPHP/Lib/Driver/TagLib/TagLibCx.class.php 第 524 行.
NOTIC: [8] Undefined offset: 1 /webdocs/templete/fos/ThinkPHP/Lib/Driver/TagLib/TagLibCx.class.php 第 524 行.
NOTIC: [8] Undefined offset: 1 /webdocs/templete/fos/ThinkPHP/Lib/Driver/TagLib/TagLibCx.class.php 第 524 行.
NOTIC: [8] A session had already been started - ignoring session_start() /webdocs/templete/fos/Home/Runtime/Cache/43c13c15df466b23450e5666d939316d.php 第 553 行.
INFO: Run ParseTemplate Behavior [ RunTime:0.010198s ]
INFO: [ view_parse ] --END-- [ RunTime:0.010245s ]
INFO: [ view_filter ] --START--
INFO: Run ContentReplace Behavior [ RunTime:0.000300s ]
INFO: Run TokenBuild Behavior [ RunTime:0.000197s ]
INFO: Run WriteHtmlCache Behavior [ RunTime:0.000116s ]
INFO: Run ShowRuntime Behavior [ RunTime:0.000303s ]
INFO: [ view_filter ] --END-- [ RunTime:0.001053s ]
INFO: [ view_end ] --START--
INFO: Run ShowPageTrace Behavior [ RunTime:0.000334s ]
INFO: [ view_end ] --END-- [ RunTime:0.000378s ]

[ 2016-06-14T07:58:16+08:00 ] 220.181.108.91 /fos/index.php/Teacher/show/id/81
INFO: [ route_check ] --START--
INFO: Run CheckRoute Behavior [ RunTime:0.000469s ]
INFO: [ route_check ] --END-- [ RunTime:0.000540s ]
INFO: [ app_begin ] --START--
INFO: Run ReadHtmlCache Behavior [ RunTime:0.000289s ]
INFO: [ app_begin ] --END-- [ RunTime:0.000341s ]
NOTIC: [2048] Declaration of TeacherAction::show() should be compatible with that of Action::show() /webdocs/templete/fos/Home/Lib/Action/TeacherAction.class.php 第 3 行.
SQL: SHOW COLUMNS FROM `lxy_info` [ RunTime:0.000867s ]
SQL: SELECT * FROM `lxy_info` WHERE ( `info_name` = 'visit_count' ) LIMIT 1   [ RunTime:0.000206s ]
SQL: SHOW COLUMNS FROM `lxy_person` [ RunTime:0.000760s ]
SQL: SELECT * FROM `lxy_person` WHERE ( `person_id` = 81 ) LIMIT 1   [ RunTime:0.000242s ]
INFO: [ view_template ] --START--
INFO: Run LocationTemplate Behavior [ RunTime:0.000192s ]
INFO: [ view_template ] --END-- [ RunTime:0.000242s ]
INFO: [ view_parse ] --START--
NOTIC: [8] Undefined offset: 1 /webdocs/templete/fos/ThinkPHP/Lib/Driver/TagLib/TagLibCx.class.php 第 524 行.
NOTIC: [8] Undefined offset: 1 /webdocs/templete/fos/ThinkPHP/Lib/Driver/TagLib/TagLibCx.class.php 第 524 行.
NOTIC: [8] Undefined offset: 1 /webdocs/templete/fos/ThinkPHP/Lib/Driver/TagLib/TagLibCx.class.php 第 524 行.
NOTIC: [8] Undefined offset: 1 /webdocs/templete/fos/ThinkPHP/Lib/Driver/TagLib/TagLibCx.class.php 第 524 行.
NOTIC: [8] Undefined offset: 1 /webdocs/templete/fos/ThinkPHP/Lib/Driver/TagLib/TagLibCx.class.php 第 524 行.
NOTIC: [8] Undefined offset: 1 /webdocs/templete/fos/ThinkPHP/Lib/Driver/TagLib/TagLibCx.class.php 第 524 行.
NOTIC: [8] A session had already been started - ignoring session_start() /webdocs/templete/fos/Home/Runtime/Cache/43c13c15df466b23450e5666d939316d.php 第 553 行.
INFO: Run ParseTemplate Behavior [ RunTime:0.010351s ]
INFO: [ view_parse ] --END-- [ RunTime:0.010405s ]
INFO: [ view_filter ] --START--
INFO: Run ContentReplace Behavior [ RunTime:0.000344s ]
INFO: Run TokenBuild Behavior [ RunTime:0.000197s ]
INFO: Run WriteHtmlCache Behavior [ RunTime:0.000121s ]
INFO: Run ShowRuntime Behavior [ RunTime:0.000253s ]
INFO: [ view_filter ] --END-- [ RunTime:0.001052s ]
INFO: [ view_end ] --START--
INFO: Run ShowPageTrace Behavior [ RunTime:0.000360s ]
INFO: [ view_end ] --END-- [ RunTime:0.000404s ]

[ 2016-06-14T08:31:36+08:00 ] 123.125.71.106 /fos/index.php/Teacher/show/id/111
INFO: [ route_check ] --START--
INFO: Run CheckRoute Behavior [ RunTime:0.000468s ]
INFO: [ route_check ] --END-- [ RunTime:0.000542s ]
INFO: [ app_begin ] --START--
INFO: Run ReadHtmlCache Behavior [ RunTime:0.000289s ]
INFO: [ app_begin ] --END-- [ RunTime:0.000364s ]
NOTIC: [2048] Declaration of TeacherAction::show() should be compatible with that of Action::show() /webdocs/templete/fos/Home/Lib/Action/TeacherAction.class.php 第 3 行.
SQL: SHOW COLUMNS FROM `lxy_info` [ RunTime:0.000912s ]
SQL: SELECT * FROM `lxy_info` WHERE ( `info_name` = 'visit_count' ) LIMIT 1   [ RunTime:0.000209s ]
SQL: SHOW COLUMNS FROM `lxy_person` [ RunTime:0.001051s ]
SQL: SELECT * FROM `lxy_person` WHERE ( `person_id` = 111 ) LIMIT 1   [ RunTime:0.000250s ]
INFO: [ view_template ] --START--
INFO: Run LocationTemplate Behavior [ RunTime:0.000236s ]
INFO: [ view_template ] --END-- [ RunTime:0.000288s ]
INFO: [ view_parse ] --START--
NOTIC: [8] Undefined offset: 1 /webdocs/templete/fos/ThinkPHP/Lib/Driver/TagLib/TagLibCx.class.php 第 524 行.
NOTIC: [8] Undefined offset: 1 /webdocs/templete/fos/ThinkPHP/Lib/Driver/TagLib/TagLibCx.class.php 第 524 行.
NOTIC: [8] Undefined offset: 1 /webdocs/templete/fos/ThinkPHP/Lib/Driver/TagLib/TagLibCx.class.php 第 524 行.
NOTIC: [8] Undefined offset: 1 /webdocs/templete/fos/ThinkPHP/Lib/Driver/TagLib/TagLibCx.class.php 第 524 行.
NOTIC: [8] Undefined offset: 1 /webdocs/templete/fos/ThinkPHP/Lib/Driver/TagLib/TagLibCx.class.php 第 524 行.
NOTIC: [8] Undefined offset: 1 /webdocs/templete/fos/ThinkPHP/Lib/Driver/TagLib/TagLibCx.class.php 第 524 行.
NOTIC: [8] A session had already been started - ignoring session_start() /webdocs/templete/fos/Home/Runtime/Cache/43c13c15df466b23450e5666d939316d.php 第 553 行.
INFO: Run ParseTemplate Behavior [ RunTime:0.010689s ]
INFO: [ view_parse ] --END-- [ RunTime:0.010740s ]
INFO: [ view_filter ] --START--
INFO: Run ContentReplace Behavior [ RunTime:0.000335s ]
INFO: Run TokenBuild Behavior [ RunTime:0.000198s ]
INFO: Run WriteHtmlCache Behavior [ RunTime:0.000117s ]
INFO: Run ShowRuntime Behavior [ RunTime:0.000246s ]
INFO: [ view_filter ] --END-- [ RunTime:0.001032s ]
INFO: [ view_end ] --START--
INFO: Run ShowPageTrace Behavior [ RunTime:0.000331s ]
INFO: [ view_end ] --END-- [ RunTime:0.000378s ]

[ 2016-06-14T09:04:56+08:00 ] 123.125.71.14 /fos/index.php/Teacher/show/id/55
INFO: [ route_check ] --START--
INFO: Run CheckRoute Behavior [ RunTime:0.000510s ]
INFO: [ route_check ] --END-- [ RunTime:0.000582s ]
INFO: [ app_begin ] --START--
INFO: Run ReadHtmlCache Behavior [ RunTime:0.000287s ]
INFO: [ app_begin ] --END-- [ RunTime:0.000346s ]
NOTIC: [2048] Declaration of TeacherAction::show() should be compatible with that of Action::show() /webdocs/templete/fos/Home/Lib/Action/TeacherAction.class.php 第 3 行.
SQL: SHOW COLUMNS FROM `lxy_info` [ RunTime:0.000858s ]
SQL: SELECT * FROM `lxy_info` WHERE ( `info_name` = 'visit_count' ) LIMIT 1   [ RunTime:0.000218s ]
SQL: SHOW COLUMNS FROM `lxy_person` [ RunTime:0.000751s ]
SQL: SELECT * FROM `lxy_person` WHERE ( `person_id` = 55 ) LIMIT 1   [ RunTime:0.000256s ]
INFO: [ view_template ] --START--
INFO: Run LocationTemplate Behavior [ RunTime:0.000187s ]
INFO: [ view_template ] --END-- [ RunTime:0.000237s ]
INFO: [ view_parse ] --START--
NOTIC: [8] Undefined offset: 1 /webdocs/templete/fos/ThinkPHP/Lib/Driver/TagLib/TagLibCx.class.php 第 524 行.
NOTIC: [8] Undefined offset: 1 /webdocs/templete/fos/ThinkPHP/Lib/Driver/TagLib/TagLibCx.class.php 第 524 行.
NOTIC: [8] Undefined offset: 1 /webdocs/templete/fos/ThinkPHP/Lib/Driver/TagLib/TagLibCx.class.php 第 524 行.
NOTIC: [8] Undefined offset: 1 /webdocs/templete/fos/ThinkPHP/Lib/Driver/TagLib/TagLibCx.class.php 第 524 行.
NOTIC: [8] Undefined offset: 1 /webdocs/templete/fos/ThinkPHP/Lib/Driver/TagLib/TagLibCx.class.php 第 524 行.
NOTIC: [8] Undefined offset: 1 /webdocs/templete/fos/ThinkPHP/Lib/Driver/TagLib/TagLibCx.class.php 第 524 行.
NOTIC: [8] A session had already been started - ignoring session_start() /webdocs/templete/fos/Home/Runtime/Cache/43c13c15df466b23450e5666d939316d.php 第 553 行.
INFO: Run ParseTemplate Behavior [ RunTime:0.010397s ]
INFO: [ view_parse ] --END-- [ RunTime:0.010443s ]
INFO: [ view_filter ] --START--
INFO: Run ContentReplace Behavior [ RunTime:0.000318s ]
INFO: Run TokenBuild Behavior [ RunTime:0.000203s ]
INFO: Run WriteHtmlCache Behavior [ RunTime:0.000117s ]
INFO: Run ShowRuntime Behavior [ RunTime:0.000251s ]
INFO: [ view_filter ] --END-- [ RunTime:0.001050s ]
INFO: [ view_end ] --START--
INFO: Run ShowPageTrace Behavior [ RunTime:0.000333s ]
INFO: [ view_end ] --END-- [ RunTime:0.000378s ]

[ 2016-06-14T09:38:16+08:00 ] 220.181.108.160 /fos/index.php/Teacher/show/id/45
INFO: [ route_check ] --START--
INFO: Run CheckRoute Behavior [ RunTime:0.000476s ]
INFO: [ route_check ] --END-- [ RunTime:0.000550s ]
INFO: [ app_begin ] --START--
INFO: Run ReadHtmlCache Behavior [ RunTime:0.000323s ]
INFO: [ app_begin ] --END-- [ RunTime:0.000373s ]
NOTIC: [2048] Declaration of TeacherAction::show() should be compatible with that of Action::show() /webdocs/templete/fos/Home/Lib/Action/TeacherAction.class.php 第 3 行.
SQL: SHOW COLUMNS FROM `lxy_info` [ RunTime:0.000843s ]
SQL: SELECT * FROM `lxy_info` WHERE ( `info_name` = 'visit_count' ) LIMIT 1   [ RunTime:0.000229s ]
SQL: SHOW COLUMNS FROM `lxy_person` [ RunTime:0.000749s ]
SQL: SELECT * FROM `lxy_person` WHERE ( `person_id` = 45 ) LIMIT 1   [ RunTime:0.000245s ]
INFO: [ view_template ] --START--
INFO: Run LocationTemplate Behavior [ RunTime:0.000192s ]
INFO: [ view_template ] --END-- [ RunTime:0.000240s ]
INFO: [ view_parse ] --START--
NOTIC: [8] Undefined offset: 1 /webdocs/templete/fos/ThinkPHP/Lib/Driver/TagLib/TagLibCx.class.php 第 524 行.
NOTIC: [8] Undefined offset: 1 /webdocs/templete/fos/ThinkPHP/Lib/Driver/TagLib/TagLibCx.class.php 第 524 行.
NOTIC: [8] Undefined offset: 1 /webdocs/templete/fos/ThinkPHP/Lib/Driver/TagLib/TagLibCx.class.php 第 524 行.
NOTIC: [8] Undefined offset: 1 /webdocs/templete/fos/ThinkPHP/Lib/Driver/TagLib/TagLibCx.class.php 第 524 行.
NOTIC: [8] Undefined offset: 1 /webdocs/templete/fos/ThinkPHP/Lib/Driver/TagLib/TagLibCx.class.php 第 524 行.
NOTIC: [8] Undefined offset: 1 /webdocs/templete/fos/ThinkPHP/Lib/Driver/TagLib/TagLibCx.class.php 第 524 行.
NOTIC: [8] A session had already been started - ignoring session_start() /webdocs/templete/fos/Home/Runtime/Cache/43c13c15df466b23450e5666d939316d.php 第 553 行.
INFO: Run ParseTemplate Behavior [ RunTime:0.010636s ]
INFO: [ view_parse ] --END-- [ RunTime:0.010708s ]
INFO: [ view_filter ] --START--
INFO: Run ContentReplace Behavior [ RunTime:0.000331s ]
INFO: Run TokenBuild Behavior [ RunTime:0.000201s ]
INFO: Run WriteHtmlCache Behavior [ RunTime:0.000121s ]
INFO: Run ShowRuntime Behavior [ RunTime:0.000248s ]
INFO: [ view_filter ] --END-- [ RunTime:0.001039s ]
INFO: [ view_end ] --START--
INFO: Run ShowPageTrace Behavior [ RunTime:0.000360s ]
INFO: [ view_end ] --END-- [ RunTime:0.000405s ]

[ 2016-06-14T10:11:36+08:00 ] 220.181.108.149 /fos/index.php/Teacher/show/id/105
INFO: [ route_check ] --START--
INFO: Run CheckRoute Behavior [ RunTime:0.000503s ]
INFO: [ route_check ] --END-- [ RunTime:0.000577s ]
INFO: [ app_begin ] --START--
INFO: Run ReadHtmlCache Behavior [ RunTime:0.000289s ]
INFO: [ app_begin ] --END-- [ RunTime:0.000340s ]
NOTIC: [2048] Declaration of TeacherAction::show() should be compatible with that of Action::show() /webdocs/templete/fos/Home/Lib/Action/TeacherAction.class.php 第 3 行.
SQL: SHOW COLUMNS FROM `lxy_info` [ RunTime:0.001134s ]
SQL: SELECT * FROM `lxy_info` WHERE ( `info_name` = 'visit_count' ) LIMIT 1   [ RunTime:0.000272s ]
SQL: SHOW COLUMNS FROM `lxy_person` [ RunTime:0.001019s ]
SQL: SELECT * FROM `lxy_person` WHERE ( `person_id` = 105 ) LIMIT 1   [ RunTime:0.000253s ]
INFO: [ view_template ] --START--
INFO: Run LocationTemplate Behavior [ RunTime:0.000205s ]
INFO: [ view_template ] --END-- [ RunTime:0.000255s ]
INFO: [ view_parse ] --START--
NOTIC: [8] Undefined offset: 1 /webdocs/templete/fos/ThinkPHP/Lib/Driver/TagLib/TagLibCx.class.php 第 524 行.
NOTIC: [8] Undefined offset: 1 /webdocs/templete/fos/ThinkPHP/Lib/Driver/TagLib/TagLibCx.class.php 第 524 行.
NOTIC: [8] Undefined offset: 1 /webdocs/templete/fos/ThinkPHP/Lib/Driver/TagLib/TagLibCx.class.php 第 524 行.
NOTIC: [8] Undefined offset: 1 /webdocs/templete/fos/ThinkPHP/Lib/Driver/TagLib/TagLibCx.class.php 第 524 行.
NOTIC: [8] Undefined offset: 1 /webdocs/templete/fos/ThinkPHP/Lib/Driver/TagLib/TagLibCx.class.php 第 524 行.
NOTIC: [8] Undefined offset: 1 /webdocs/templete/fos/ThinkPHP/Lib/Driver/TagLib/TagLibCx.class.php 第 524 行.
NOTIC: [8] A session had already been started - ignoring session_start() /webdocs/templete/fos/Home/Runtime/Cache/43c13c15df466b23450e5666d939316d.php 第 553 行.
INFO: Run ParseTemplate Behavior [ RunTime:0.011047s ]
INFO: [ view_parse ] --END-- [ RunTime:0.011095s ]
INFO: [ view_filter ] --START--
INFO: Run ContentReplace Behavior [ RunTime:0.000320s ]
INFO: Run TokenBuild Behavior [ RunTime:0.000198s ]
INFO: Run WriteHtmlCache Behavior [ RunTime:0.000118s ]
INFO: Run ShowRuntime Behavior [ RunTime:0.000313s ]
INFO: [ view_filter ] --END-- [ RunTime:0.001179s ]
INFO: [ view_end ] --START--
INFO: Run ShowPageTrace Behavior [ RunTime:0.000341s ]
INFO: [ view_end ] --END-- [ RunTime:0.000384s ]

[ 2016-06-14T10:44:56+08:00 ] 123.125.71.20 /fos/index.php/File/index/id/4
INFO: [ route_check ] --START--
INFO: Run CheckRoute Behavior [ RunTime:0.000498s ]
INFO: [ route_check ] --END-- [ RunTime:0.000576s ]
INFO: [ app_begin ] --START--
INFO: Run ReadHtmlCache Behavior [ RunTime:0.000325s ]
INFO: [ app_begin ] --END-- [ RunTime:0.000376s ]
SQL: SHOW COLUMNS FROM `lxy_info` [ RunTime:0.000935s ]
SQL: SELECT * FROM `lxy_info` WHERE ( `info_name` = 'visit_count' ) LIMIT 1   [ RunTime:0.000206s ]
SQL: SHOW COLUMNS FROM `lxy_upfile` [ RunTime:0.000563s ]
SQL: SHOW COLUMNS FROM `lxy_filecate` [ RunTime:0.000574s ]
SQL: SELECT * FROM `lxy_filecate` WHERE ( `filecate_id` = 4 ) LIMIT 1   [ RunTime:0.000217s ]
SQL: SELECT COUNT(*) AS tp_count FROM `lxy_upfile` WHERE ( `file_category` = 4 ) LIMIT 1   [ RunTime:0.115981s ]
SQL: SELECT * FROM `lxy_upfile` WHERE ( `file_category` = 4 ) ORDER BY file_time desc LIMIT 0,20   [ RunTime:0.000396s ]
INFO: [ view_template ] --START--
INFO: Run LocationTemplate Behavior [ RunTime:0.000317s ]
INFO: [ view_template ] --END-- [ RunTime:0.000371s ]
INFO: [ view_parse ] --START--
NOTIC: [8] Undefined offset: 1 /webdocs/templete/fos/ThinkPHP/Lib/Driver/TagLib/TagLibCx.class.php 第 524 行.
NOTIC: [8] Undefined offset: 1 /webdocs/templete/fos/ThinkPHP/Lib/Driver/TagLib/TagLibCx.class.php 第 524 行.
NOTIC: [8] Undefined offset: 1 /webdocs/templete/fos/ThinkPHP/Lib/Driver/TagLib/TagLibCx.class.php 第 524 行.
NOTIC: [8] Undefined offset: 1 /webdocs/templete/fos/ThinkPHP/Lib/Driver/TagLib/TagLibCx.class.php 第 524 行.
NOTIC: [8] Undefined offset: 1 /webdocs/templete/fos/ThinkPHP/Lib/Driver/TagLib/TagLibCx.class.php 第 524 行.
NOTIC: [8] Undefined offset: 1 /webdocs/templete/fos/ThinkPHP/Lib/Driver/TagLib/TagLibCx.class.php 第 524 行.
NOTIC: [8] A session had already been started - ignoring session_start() /webdocs/templete/fos/Home/Runtime/Cache/a5e5e940c7775888e36a5ffa5638481a.php 第 401 行.
INFO: Run ParseTemplate Behavior [ RunTime:0.023816s ]
INFO: [ view_parse ] --END-- [ RunTime:0.023876s ]
INFO: [ view_filter ] --START--
INFO: Run ContentReplace Behavior [ RunTime:0.000368s ]
INFO: Run TokenBuild Behavior [ RunTime:0.000201s ]
INFO: Run WriteHtmlCache Behavior [ RunTime:0.000118s ]
INFO: Run ShowRuntime Behavior [ RunTime:0.000254s ]
INFO: [ view_filter ] --END-- [ RunTime:0.001077s ]
INFO: [ view_end ] --START--
INFO: Run ShowPageTrace Behavior [ RunTime:0.000345s ]
INFO: [ view_end ] --END-- [ RunTime:0.000394s ]

[ 2016-06-14T11:51:36+08:00 ] 123.125.71.12 /fos/index.php/Develop/index/category/2
INFO: [ route_check ] --START--
INFO: Run CheckRoute Behavior [ RunTime:0.000520s ]
INFO: [ route_check ] --END-- [ RunTime:0.000593s ]
INFO: [ app_begin ] --START--
INFO: Run ReadHtmlCache Behavior [ RunTime:0.000289s ]
INFO: [ app_begin ] --END-- [ RunTime:0.000364s ]
NOTIC: [2048] Declaration of DevelopAction::show() should be compatible with that of Action::show() /webdocs/templete/fos/Home/Lib/Action/DevelopAction.class.php 第 2 行.
SQL: SHOW COLUMNS FROM `lxy_info` [ RunTime:0.000861s ]
SQL: SELECT * FROM `lxy_info` WHERE ( `info_name` = 'visit_count' ) LIMIT 1   [ RunTime:0.000231s ]
SQL: SHOW COLUMNS FROM `lxy_denews` [ RunTime:0.000995s ]
SQL: SHOW COLUMNS FROM `lxy_develop` [ RunTime:0.000636s ]
SQL: SELECT `develop_name` FROM `lxy_develop`  [ RunTime:0.016384s ]
SQL: SELECT `develop_id` FROM `lxy_develop` WHERE ( `develop_level` = 1 ) AND ( `develop_father` = 2 )  [ RunTime:0.000220s ]
SQL: SELECT * FROM `lxy_denews` WHERE ( `denews_true` = 1 ) AND ( `denews_category` = 3 ) LIMIT 50   [ RunTime:0.014321s ]
SQL: SELECT * FROM `lxy_denews` WHERE ( `denews_true` = 1 ) AND ( `denews_category` = 4 ) LIMIT 50   [ RunTime:0.000828s ]
SQL: SELECT * FROM `lxy_denews` WHERE ( `denews_true` = 1 ) AND ( `denews_category` = 5 ) LIMIT 50   [ RunTime:0.000421s ]
SQL: SELECT * FROM `lxy_denews` WHERE ( `denews_true` = 1 ) AND ( `denews_category` = 6 ) LIMIT 50   [ RunTime:0.000366s ]
NOTIC: [8] Undefined offset: 4 /webdocs/templete/fos/Home/Lib/Action/DevelopAction.class.php 第 23 行.
NOTIC: [8] Undefined offset: 4 /webdocs/templete/fos/Home/Lib/Action/DevelopAction.class.php 第 24 行.
NOTIC: [8] Undefined offset: -1 /webdocs/templete/fos/Home/Lib/Action/DevelopAction.class.php 第 24 行.
SQL: SELECT * FROM `lxy_denews` WHERE ( `denews_true` = 1 ) AND ( `denews_category` = null ) LIMIT 50   [ RunTime:0.000352s ]
INFO: [ view_template ] --START--
INFO: Run LocationTemplate Behavior [ RunTime:0.000299s ]
INFO: [ view_template ] --END-- [ RunTime:0.000351s ]
INFO: [ view_parse ] --START--
NOTIC: [8] Undefined offset: 1 /webdocs/templete/fos/ThinkPHP/Lib/Driver/TagLib/TagLibCx.class.php 第 524 行.
NOTIC: [8] Undefined offset: 1 /webdocs/templete/fos/ThinkPHP/Lib/Driver/TagLib/TagLibCx.class.php 第 524 行.
NOTIC: [8] Undefined offset: 1 /webdocs/templete/fos/ThinkPHP/Lib/Driver/TagLib/TagLibCx.class.php 第 524 行.
NOTIC: [8] Undefined offset: 1 /webdocs/templete/fos/ThinkPHP/Lib/Driver/TagLib/TagLibCx.class.php 第 524 行.
NOTIC: [8] Undefined offset: 1 /webdocs/templete/fos/ThinkPHP/Lib/Driver/TagLib/TagLibCx.class.php 第 524 行.
NOTIC: [8] Undefined offset: 1 /webdocs/templete/fos/ThinkPHP/Lib/Driver/TagLib/TagLibCx.class.php 第 524 行.
NOTIC: [8] A session had already been started - ignoring session_start() /webdocs/templete/fos/Home/Runtime/Cache/a7c9e6cf02187371f43c5c4a4f4480c4.php 第 377 行.
INFO: Run ParseTemplate Behavior [ RunTime:0.019206s ]
INFO: [ view_parse ] --END-- [ RunTime:0.019254s ]
INFO: [ view_filter ] --START--
INFO: Run ContentReplace Behavior [ RunTime:0.000318s ]
INFO: Run TokenBuild Behavior [ RunTime:0.000222s ]
INFO: Run WriteHtmlCache Behavior [ RunTime:0.000118s ]
INFO: Run ShowRuntime Behavior [ RunTime:0.000247s ]
INFO: [ view_filter ] --END-- [ RunTime:0.001047s ]
INFO: [ view_end ] --START--
INFO: Run ShowPageTrace Behavior [ RunTime:0.000334s ]
INFO: [ view_end ] --END-- [ RunTime:0.000379s ]

[ 2016-06-14T18:02:25+08:00 ] 220.181.108.184 /fos/index.php/Develop/index/name/4
INFO: [ route_check ] --START--
INFO: Run CheckRoute Behavior [ RunTime:0.000510s ]
INFO: [ route_check ] --END-- [ RunTime:0.000598s ]
INFO: [ app_begin ] --START--
INFO: Run ReadHtmlCache Behavior [ RunTime:0.000291s ]
INFO: [ app_begin ] --END-- [ RunTime:0.000342s ]
NOTIC: [2048] Declaration of DevelopAction::show() should be compatible with that of Action::show() /webdocs/templete/fos/Home/Lib/Action/DevelopAction.class.php 第 2 行.
SQL: SHOW COLUMNS FROM `lxy_info` [ RunTime:0.000897s ]
SQL: SELECT * FROM `lxy_info` WHERE ( `info_name` = 'visit_count' ) LIMIT 1   [ RunTime:0.000242s ]
SQL: SHOW COLUMNS FROM `lxy_denews` [ RunTime:0.000580s ]
SQL: SHOW COLUMNS FROM `lxy_develop` [ RunTime:0.000555s ]
SQL: SELECT `develop_name` FROM `lxy_develop`  [ RunTime:0.000189s ]
SQL: SELECT * FROM `lxy_denews` WHERE ( `denews_category` = 4 ) AND ( `denews_true` = 1 )  [ RunTime:0.001096s ]
INFO: [ view_template ] --START--
INFO: Run LocationTemplate Behavior [ RunTime:0.000254s ]
INFO: [ view_template ] --END-- [ RunTime:0.000308s ]
INFO: [ view_parse ] --START--
NOTIC: [8] Undefined offset: 1 /webdocs/templete/fos/ThinkPHP/Lib/Driver/TagLib/TagLibCx.class.php 第 524 行.
NOTIC: [8] Undefined offset: 1 /webdocs/templete/fos/ThinkPHP/Lib/Driver/TagLib/TagLibCx.class.php 第 524 行.
NOTIC: [8] Undefined offset: 1 /webdocs/templete/fos/ThinkPHP/Lib/Driver/TagLib/TagLibCx.class.php 第 524 行.
NOTIC: [8] Undefined offset: 1 /webdocs/templete/fos/ThinkPHP/Lib/Driver/TagLib/TagLibCx.class.php 第 524 行.
NOTIC: [8] Undefined offset: 1 /webdocs/templete/fos/ThinkPHP/Lib/Driver/TagLib/TagLibCx.class.php 第 524 行.
NOTIC: [8] Undefined offset: 1 /webdocs/templete/fos/ThinkPHP/Lib/Driver/TagLib/TagLibCx.class.php 第 524 行.
NOTIC: [8] A session had already been started - ignoring session_start() /webdocs/templete/fos/Home/Runtime/Cache/a7c9e6cf02187371f43c5c4a4f4480c4.php 第 377 行.
INFO: Run ParseTemplate Behavior [ RunTime:0.010284s ]
INFO: [ view_parse ] --END-- [ RunTime:0.010341s ]
INFO: [ view_filter ] --START--
INFO: Run ContentReplace Behavior [ RunTime:0.000323s ]
INFO: Run TokenBuild Behavior [ RunTime:0.000216s ]
INFO: Run WriteHtmlCache Behavior [ RunTime:0.000143s ]
INFO: Run ShowRuntime Behavior [ RunTime:0.000252s ]
INFO: [ view_filter ] --END-- [ RunTime:0.001073s ]
INFO: [ view_end ] --START--
INFO: Run ShowPageTrace Behavior [ RunTime:0.000335s ]
INFO: [ view_end ] --END-- [ RunTime:0.000382s ]

