[ 2016-06-04T00:10:39+08:00 ] 123.125.71.58 /fos/index.php/Teacher/gbl
INFO: [ route_check ] --START--
INFO: Run CheckRoute Behavior [ RunTime:0.000501s ]
INFO: [ route_check ] --END-- [ RunTime:0.000579s ]
INFO: [ app_begin ] --START--
INFO: Run ReadHtmlCache Behavior [ RunTime:0.000300s ]
INFO: [ app_begin ] --END-- [ RunTime:0.000352s ]
NOTIC: [2048] Declaration of TeacherAction::show() should be compatible with that of Action::show() /webdocs/templete/fos/Home/Lib/Action/TeacherAction.class.php 第 3 行.
SQL: SHOW COLUMNS FROM `lxy_info` [ RunTime:0.000851s ]
SQL: SELECT * FROM `lxy_info` WHERE ( `info_name` = 'visit_count' ) LIMIT 1   [ RunTime:0.000207s ]
NOTIC: [2048] Declaration of EmptyAction::_empty() should be compatible with that of CommonAction::_empty() /webdocs/templete/fos/Home/Lib/Action/EmptyAction.class.php 第 8 行.
SQL: SELECT * FROM `lxy_info` WHERE ( `info_name` = 'visit_count' ) LIMIT 1   [ RunTime:0.000164s ]
NOTIC: [2] Missing argument 1 for EmptyAction::_empty() /webdocs/templete/fos/Home/Lib/Action/EmptyAction.class.php 第 4 行.
NOTIC: [8] Undefined variable: name /webdocs/templete/fos/Home/Lib/Action/EmptyAction.class.php 第 5 行.
INFO: [ view_template ] --START--
INFO: Run LocationTemplate Behavior [ RunTime:0.000189s ]
INFO: [ view_template ] --END-- [ RunTime:0.000238s ]
INFO: [ view_parse ] --START--
NOTIC: [8] Undefined offset: 1 /webdocs/templete/fos/ThinkPHP/Lib/Driver/TagLib/TagLibCx.class.php 第 524 行.
NOTIC: [8] Undefined offset: 1 /webdocs/templete/fos/ThinkPHP/Lib/Driver/TagLib/TagLibCx.class.php 第 524 行.
NOTIC: [8] Undefined offset: 1 /webdocs/templete/fos/ThinkPHP/Lib/Driver/TagLib/TagLibCx.class.php 第 524 行.
NOTIC: [8] Undefined offset: 1 /webdocs/templete/fos/ThinkPHP/Lib/Driver/TagLib/TagLibCx.class.php 第 524 行.
NOTIC: [8] Undefined offset: 1 /webdocs/templete/fos/ThinkPHP/Lib/Driver/TagLib/TagLibCx.class.php 第 524 行.
NOTIC: [8] Undefined offset: 1 /webdocs/templete/fos/ThinkPHP/Lib/Driver/TagLib/TagLibCx.class.php 第 524 行.
NOTIC: [8] Undefined variable: person /webdocs/templete/fos/Home/Runtime/Cache/ddd48d74829c75b2cb7baa2bc4387156.php 第 327 行.
NOTIC: [8] A session had already been started - ignoring session_start() /webdocs/templete/fos/Home/Runtime/Cache/ddd48d74829c75b2cb7baa2bc4387156.php 第 391 行.
INFO: Run ParseTemplate Behavior [ RunTime:0.023970s ]
INFO: [ view_parse ] --END-- [ RunTime:0.024029s ]
INFO: [ view_filter ] --START--
INFO: Run ContentReplace Behavior [ RunTime:0.000329s ]
INFO: Run TokenBuild Behavior [ RunTime:0.000200s ]
INFO: Run WriteHtmlCache Behavior [ RunTime:0.000122s ]
INFO: Run ShowRuntime Behavior [ RunTime:0.000255s ]
INFO: [ view_filter ] --END-- [ RunTime:0.001041s ]
INFO: [ view_end ] --START--
INFO: Run ShowPageTrace Behavior [ RunTime:0.000354s ]
INFO: [ view_end ] --END-- [ RunTime:0.000400s ]

[ 2016-06-04T02:24:22+08:00 ] 220.181.108.92 /fos/index.php/Kyjg/kyjg
INFO: [ route_check ] --START--
INFO: Run CheckRoute Behavior [ RunTime:0.000509s ]
INFO: [ route_check ] --END-- [ RunTime:0.000582s ]
INFO: [ app_begin ] --START--
INFO: Run ReadHtmlCache Behavior [ RunTime:0.000292s ]
INFO: [ app_begin ] --END-- [ RunTime:0.000342s ]
NOTIC: [2048] Declaration of KyjgAction::show() should be compatible with that of Action::show() /webdocs/templete/fos/Home/Lib/Action/KyjgAction.class.php 第 2 行.
SQL: SHOW COLUMNS FROM `lxy_info` [ RunTime:0.000874s ]
SQL: SELECT * FROM `lxy_info` WHERE ( `info_name` = 'visit_count' ) LIMIT 1   [ RunTime:0.000210s ]
SQL: SHOW COLUMNS FROM `lxy_institution` [ RunTime:0.000579s ]
SQL: SELECT * FROM `lxy_institution`  [ RunTime:0.000248s ]
INFO: [ view_template ] --START--
INFO: Run LocationTemplate Behavior [ RunTime:0.000221s ]
INFO: [ view_template ] --END-- [ RunTime:0.000276s ]
INFO: [ view_parse ] --START--
NOTIC: [8] Undefined offset: 1 /webdocs/templete/fos/ThinkPHP/Lib/Driver/TagLib/TagLibCx.class.php 第 524 行.
NOTIC: [8] Undefined offset: 1 /webdocs/templete/fos/ThinkPHP/Lib/Driver/TagLib/TagLibCx.class.php 第 524 行.
NOTIC: [8] Undefined offset: 1 /webdocs/templete/fos/ThinkPHP/Lib/Driver/TagLib/TagLibCx.class.php 第 524 行.
NOTIC: [8] Undefined offset: 1 /webdocs/templete/fos/ThinkPHP/Lib/Driver/TagLib/TagLibCx.class.php 第 524 行.
NOTIC: [8] Undefined offset: 1 /webdocs/templete/fos/ThinkPHP/Lib/Driver/TagLib/TagLibCx.class.php 第 524 行.
NOTIC: [8] Undefined offset: 1 /webdocs/templete/fos/ThinkPHP/Lib/Driver/TagLib/TagLibCx.class.php 第 524 行.
NOTIC: [8] A session had already been started - ignoring session_start() /webdocs/templete/fos/Home/Runtime/Cache/9ea836d2466dabced7aabcef7ec09c11.php 第 367 行.
INFO: Run ParseTemplate Behavior [ RunTime:0.017194s ]
INFO: [ view_parse ] --END-- [ RunTime:0.017252s ]
INFO: [ view_filter ] --START--
INFO: Run ContentReplace Behavior [ RunTime:0.000330s ]
INFO: Run TokenBuild Behavior [ RunTime:0.000197s ]
INFO: Run WriteHtmlCache Behavior [ RunTime:0.000119s ]
INFO: Run ShowRuntime Behavior [ RunTime:0.000248s ]
INFO: [ view_filter ] --END-- [ RunTime:0.001035s ]
INFO: [ view_end ] --START--
INFO: Run ShowPageTrace Behavior [ RunTime:0.000352s ]
INFO: [ view_end ] --END-- [ RunTime:0.000398s ]

[ 2016-06-04T02:57:42+08:00 ] 123.125.71.50 /fos/index.php/Kyjg/show/id/14
INFO: [ route_check ] --START--
INFO: Run CheckRoute Behavior [ RunTime:0.000484s ]
INFO: [ route_check ] --END-- [ RunTime:0.000589s ]
INFO: [ app_begin ] --START--
INFO: Run ReadHtmlCache Behavior [ RunTime:0.000295s ]
INFO: [ app_begin ] --END-- [ RunTime:0.000348s ]
NOTIC: [2048] Declaration of KyjgAction::show() should be compatible with that of Action::show() /webdocs/templete/fos/Home/Lib/Action/KyjgAction.class.php 第 2 行.
SQL: SHOW COLUMNS FROM `lxy_info` [ RunTime:0.000870s ]
SQL: SELECT * FROM `lxy_info` WHERE ( `info_name` = 'visit_count' ) LIMIT 1   [ RunTime:0.000205s ]
SQL: SHOW COLUMNS FROM `lxy_institution` [ RunTime:0.000592s ]
SQL: SELECT * FROM `lxy_institution`  [ RunTime:0.000242s ]
SQL: SELECT * FROM `lxy_institution` WHERE ( `institution_id` = 14 ) LIMIT 1   [ RunTime:0.000209s ]
INFO: [ view_template ] --START--
INFO: Run LocationTemplate Behavior [ RunTime:0.000220s ]
INFO: [ view_template ] --END-- [ RunTime:0.000275s ]
INFO: [ view_parse ] --START--
NOTIC: [8] Undefined offset: 1 /webdocs/templete/fos/ThinkPHP/Lib/Driver/TagLib/TagLibCx.class.php 第 524 行.
NOTIC: [8] Undefined offset: 1 /webdocs/templete/fos/ThinkPHP/Lib/Driver/TagLib/TagLibCx.class.php 第 524 行.
NOTIC: [8] Undefined offset: 1 /webdocs/templete/fos/ThinkPHP/Lib/Driver/TagLib/TagLibCx.class.php 第 524 行.
NOTIC: [8] Undefined offset: 1 /webdocs/templete/fos/ThinkPHP/Lib/Driver/TagLib/TagLibCx.class.php 第 524 行.
NOTIC: [8] Undefined offset: 1 /webdocs/templete/fos/ThinkPHP/Lib/Driver/TagLib/TagLibCx.class.php 第 524 行.
NOTIC: [8] Undefined offset: 1 /webdocs/templete/fos/ThinkPHP/Lib/Driver/TagLib/TagLibCx.class.php 第 524 行.
NOTIC: [8] A session had already been started - ignoring session_start() /webdocs/templete/fos/Home/Runtime/Cache/5cfdb34e8065dacfeaf66fe42d51d0ea.php 第 301 行.
INFO: Run ParseTemplate Behavior [ RunTime:0.016565s ]
INFO: [ view_parse ] --END-- [ RunTime:0.016626s ]
INFO: [ view_filter ] --START--
INFO: Run ContentReplace Behavior [ RunTime:0.000327s ]
INFO: Run TokenBuild Behavior [ RunTime:0.000199s ]
INFO: Run WriteHtmlCache Behavior [ RunTime:0.000120s ]
INFO: Run ShowRuntime Behavior [ RunTime:0.000280s ]
INFO: [ view_filter ] --END-- [ RunTime:0.001067s ]
INFO: [ view_end ] --START--
INFO: Run ShowPageTrace Behavior [ RunTime:0.000333s ]
INFO: [ view_end ] --END-- [ RunTime:0.000380s ]

[ 2016-06-04T03:31:02+08:00 ] 123.125.71.73 /fos/index.php/Kyjg/show/id/17
INFO: [ route_check ] --START--
INFO: Run CheckRoute Behavior [ RunTime:0.000611s ]
INFO: [ route_check ] --END-- [ RunTime:0.000699s ]
INFO: [ app_begin ] --START--
INFO: Run ReadHtmlCache Behavior [ RunTime:0.000295s ]
INFO: [ app_begin ] --END-- [ RunTime:0.000347s ]
NOTIC: [2048] Declaration of KyjgAction::show() should be compatible with that of Action::show() /webdocs/templete/fos/Home/Lib/Action/KyjgAction.class.php 第 2 行.
SQL: SHOW COLUMNS FROM `lxy_info` [ RunTime:0.000846s ]
SQL: SELECT * FROM `lxy_info` WHERE ( `info_name` = 'visit_count' ) LIMIT 1   [ RunTime:0.000203s ]
SQL: SHOW COLUMNS FROM `lxy_institution` [ RunTime:0.000580s ]
SQL: SELECT * FROM `lxy_institution`  [ RunTime:0.000240s ]
SQL: SELECT * FROM `lxy_institution` WHERE ( `institution_id` = 17 ) LIMIT 1   [ RunTime:0.000187s ]
INFO: [ view_template ] --START--
INFO: Run LocationTemplate Behavior [ RunTime:0.000194s ]
INFO: [ view_template ] --END-- [ RunTime:0.000245s ]
INFO: [ view_parse ] --START--
NOTIC: [8] Undefined offset: 1 /webdocs/templete/fos/ThinkPHP/Lib/Driver/TagLib/TagLibCx.class.php 第 524 行.
NOTIC: [8] Undefined offset: 1 /webdocs/templete/fos/ThinkPHP/Lib/Driver/TagLib/TagLibCx.class.php 第 524 行.
NOTIC: [8] Undefined offset: 1 /webdocs/templete/fos/ThinkPHP/Lib/Driver/TagLib/TagLibCx.class.php 第 524 行.
NOTIC: [8] Undefined offset: 1 /webdocs/templete/fos/ThinkPHP/Lib/Driver/TagLib/TagLibCx.class.php 第 524 行.
NOTIC: [8] Undefined offset: 1 /webdocs/templete/fos/ThinkPHP/Lib/Driver/TagLib/TagLibCx.class.php 第 524 行.
NOTIC: [8] Undefined offset: 1 /webdocs/templete/fos/ThinkPHP/Lib/Driver/TagLib/TagLibCx.class.php 第 524 行.
NOTIC: [8] A session had already been started - ignoring session_start() /webdocs/templete/fos/Home/Runtime/Cache/5cfdb34e8065dacfeaf66fe42d51d0ea.php 第 301 行.
INFO: Run ParseTemplate Behavior [ RunTime:0.009221s ]
INFO: [ view_parse ] --END-- [ RunTime:0.009270s ]
INFO: [ view_filter ] --START--
INFO: Run ContentReplace Behavior [ RunTime:0.000313s ]
INFO: Run TokenBuild Behavior [ RunTime:0.000201s ]
INFO: Run WriteHtmlCache Behavior [ RunTime:0.000121s ]
INFO: Run ShowRuntime Behavior [ RunTime:0.000275s ]
INFO: [ view_filter ] --END-- [ RunTime:0.001048s ]
INFO: [ view_end ] --START--
INFO: Run ShowPageTrace Behavior [ RunTime:0.000324s ]
INFO: [ view_end ] --END-- [ RunTime:0.000370s ]

[ 2016-06-04T04:04:22+08:00 ] 123.125.71.86 /fos/index.php/Kyjg/show/id/6
INFO: [ route_check ] --START--
INFO: Run CheckRoute Behavior [ RunTime:0.000481s ]
INFO: [ route_check ] --END-- [ RunTime:0.000578s ]
INFO: [ app_begin ] --START--
INFO: Run ReadHtmlCache Behavior [ RunTime:0.000320s ]
INFO: [ app_begin ] --END-- [ RunTime:0.000372s ]
NOTIC: [2048] Declaration of KyjgAction::show() should be compatible with that of Action::show() /webdocs/templete/fos/Home/Lib/Action/KyjgAction.class.php 第 2 行.
SQL: SHOW COLUMNS FROM `lxy_info` [ RunTime:0.000856s ]
SQL: SELECT * FROM `lxy_info` WHERE ( `info_name` = 'visit_count' ) LIMIT 1   [ RunTime:0.000226s ]
SQL: SHOW COLUMNS FROM `lxy_institution` [ RunTime:0.000578s ]
SQL: SELECT * FROM `lxy_institution`  [ RunTime:0.000273s ]
SQL: SELECT * FROM `lxy_institution` WHERE ( `institution_id` = 6 ) LIMIT 1   [ RunTime:0.000183s ]
INFO: [ view_template ] --START--
INFO: Run LocationTemplate Behavior [ RunTime:0.000185s ]
INFO: [ view_template ] --END-- [ RunTime:0.000235s ]
INFO: [ view_parse ] --START--
NOTIC: [8] Undefined offset: 1 /webdocs/templete/fos/ThinkPHP/Lib/Driver/TagLib/TagLibCx.class.php 第 524 行.
NOTIC: [8] Undefined offset: 1 /webdocs/templete/fos/ThinkPHP/Lib/Driver/TagLib/TagLibCx.class.php 第 524 行.
NOTIC: [8] Undefined offset: 1 /webdocs/templete/fos/ThinkPHP/Lib/Driver/TagLib/TagLibCx.class.php 第 524 行.
NOTIC: [8] Undefined offset: 1 /webdocs/templete/fos/ThinkPHP/Lib/Driver/TagLib/TagLibCx.class.php 第 524 行.
NOTIC: [8] Undefined offset: 1 /webdocs/templete/fos/ThinkPHP/Lib/Driver/TagLib/TagLibCx.class.php 第 524 行.
NOTIC: [8] Undefined offset: 1 /webdocs/templete/fos/ThinkPHP/Lib/Driver/TagLib/TagLibCx.class.php 第 524 行.
NOTIC: [8] A session had already been started - ignoring session_start() /webdocs/templete/fos/Home/Runtime/Cache/5cfdb34e8065dacfeaf66fe42d51d0ea.php 第 301 行.
INFO: Run ParseTemplate Behavior [ RunTime:0.009304s ]
INFO: [ view_parse ] --END-- [ RunTime:0.009351s ]
INFO: [ view_filter ] --START--
INFO: Run ContentReplace Behavior [ RunTime:0.000293s ]
INFO: Run TokenBuild Behavior [ RunTime:0.000195s ]
INFO: Run WriteHtmlCache Behavior [ RunTime:0.000118s ]
INFO: Run ShowRuntime Behavior [ RunTime:0.000250s ]
INFO: [ view_filter ] --END-- [ RunTime:0.001018s ]
INFO: [ view_end ] --START--
INFO: Run ShowPageTrace Behavior [ RunTime:0.000324s ]
INFO: [ view_end ] --END-- [ RunTime:0.000370s ]

[ 2016-06-04T04:37:42+08:00 ] 220.181.108.110 /fos/index.php/Kyjg/show/id/10
INFO: [ route_check ] --START--
INFO: Run CheckRoute Behavior [ RunTime:0.000498s ]
INFO: [ route_check ] --END-- [ RunTime:0.000571s ]
INFO: [ app_begin ] --START--
INFO: Run ReadHtmlCache Behavior [ RunTime:0.000292s ]
INFO: [ app_begin ] --END-- [ RunTime:0.000343s ]
NOTIC: [2048] Declaration of KyjgAction::show() should be compatible with that of Action::show() /webdocs/templete/fos/Home/Lib/Action/KyjgAction.class.php 第 2 行.
SQL: SHOW COLUMNS FROM `lxy_info` [ RunTime:0.000844s ]
SQL: SELECT * FROM `lxy_info` WHERE ( `info_name` = 'visit_count' ) LIMIT 1   [ RunTime:0.000206s ]
SQL: SHOW COLUMNS FROM `lxy_institution` [ RunTime:0.000589s ]
SQL: SELECT * FROM `lxy_institution`  [ RunTime:0.000243s ]
SQL: SELECT * FROM `lxy_institution` WHERE ( `institution_id` = 10 ) LIMIT 1   [ RunTime:0.000206s ]
INFO: [ view_template ] --START--
INFO: Run LocationTemplate Behavior [ RunTime:0.000192s ]
INFO: [ view_template ] --END-- [ RunTime:0.000243s ]
INFO: [ view_parse ] --START--
NOTIC: [8] Undefined offset: 1 /webdocs/templete/fos/ThinkPHP/Lib/Driver/TagLib/TagLibCx.class.php 第 524 行.
NOTIC: [8] Undefined offset: 1 /webdocs/templete/fos/ThinkPHP/Lib/Driver/TagLib/TagLibCx.class.php 第 524 行.
NOTIC: [8] Undefined offset: 1 /webdocs/templete/fos/ThinkPHP/Lib/Driver/TagLib/TagLibCx.class.php 第 524 行.
NOTIC: [8] Undefined offset: 1 /webdocs/templete/fos/ThinkPHP/Lib/Driver/TagLib/TagLibCx.class.php 第 524 行.
NOTIC: [8] Undefined offset: 1 /webdocs/templete/fos/ThinkPHP/Lib/Driver/TagLib/TagLibCx.class.php 第 524 行.
NOTIC: [8] Undefined offset: 1 /webdocs/templete/fos/ThinkPHP/Lib/Driver/TagLib/TagLibCx.class.php 第 524 行.
NOTIC: [8] A session had already been started - ignoring session_start() /webdocs/templete/fos/Home/Runtime/Cache/5cfdb34e8065dacfeaf66fe42d51d0ea.php 第 301 行.
INFO: Run ParseTemplate Behavior [ RunTime:0.009589s ]
INFO: [ view_parse ] --END-- [ RunTime:0.009636s ]
INFO: [ view_filter ] --START--
INFO: Run ContentReplace Behavior [ RunTime:0.000295s ]
INFO: Run TokenBuild Behavior [ RunTime:0.000197s ]
INFO: Run WriteHtmlCache Behavior [ RunTime:0.000118s ]
INFO: Run ShowRuntime Behavior [ RunTime:0.000272s ]
INFO: [ view_filter ] --END-- [ RunTime:0.001016s ]
INFO: [ view_end ] --START--
INFO: Run ShowPageTrace Behavior [ RunTime:0.000322s ]
INFO: [ view_end ] --END-- [ RunTime:0.000367s ]

[ 2016-06-04T05:11:02+08:00 ] 220.181.108.108 /fos/index.php/Kyjg/show/id/15
INFO: [ route_check ] --START--
INFO: Run CheckRoute Behavior [ RunTime:0.001378s ]
INFO: [ route_check ] --END-- [ RunTime:0.001451s ]
INFO: [ app_begin ] --START--
INFO: Run ReadHtmlCache Behavior [ RunTime:0.000996s ]
INFO: [ app_begin ] --END-- [ RunTime:0.001050s ]
NOTIC: [2048] Declaration of KyjgAction::show() should be compatible with that of Action::show() /webdocs/templete/fos/Home/Lib/Action/KyjgAction.class.php 第 2 行.
SQL: SHOW COLUMNS FROM `lxy_info` [ RunTime:0.000841s ]
SQL: SELECT * FROM `lxy_info` WHERE ( `info_name` = 'visit_count' ) LIMIT 1   [ RunTime:0.000206s ]
SQL: SHOW COLUMNS FROM `lxy_institution` [ RunTime:0.000557s ]
SQL: SELECT * FROM `lxy_institution`  [ RunTime:0.000257s ]
SQL: SELECT * FROM `lxy_institution` WHERE ( `institution_id` = 15 ) LIMIT 1   [ RunTime:0.000189s ]
INFO: [ view_template ] --START--
INFO: Run LocationTemplate Behavior [ RunTime:0.001084s ]
INFO: [ view_template ] --END-- [ RunTime:0.001135s ]
INFO: [ view_parse ] --START--
NOTIC: [8] Undefined offset: 1 /webdocs/templete/fos/ThinkPHP/Lib/Driver/TagLib/TagLibCx.class.php 第 524 行.
NOTIC: [8] Undefined offset: 1 /webdocs/templete/fos/ThinkPHP/Lib/Driver/TagLib/TagLibCx.class.php 第 524 行.
NOTIC: [8] Undefined offset: 1 /webdocs/templete/fos/ThinkPHP/Lib/Driver/TagLib/TagLibCx.class.php 第 524 行.
NOTIC: [8] Undefined offset: 1 /webdocs/templete/fos/ThinkPHP/Lib/Driver/TagLib/TagLibCx.class.php 第 524 行.
NOTIC: [8] Undefined offset: 1 /webdocs/templete/fos/ThinkPHP/Lib/Driver/TagLib/TagLibCx.class.php 第 524 行.
NOTIC: [8] Undefined offset: 1 /webdocs/templete/fos/ThinkPHP/Lib/Driver/TagLib/TagLibCx.class.php 第 524 行.
NOTIC: [8] A session had already been started - ignoring session_start() /webdocs/templete/fos/Home/Runtime/Cache/5cfdb34e8065dacfeaf66fe42d51d0ea.php 第 301 行.
INFO: Run ParseTemplate Behavior [ RunTime:0.027308s ]
INFO: [ view_parse ] --END-- [ RunTime:0.027385s ]
INFO: [ view_filter ] --START--
INFO: Run ContentReplace Behavior [ RunTime:0.001215s ]
INFO: Run TokenBuild Behavior [ RunTime:0.000906s ]
INFO: Run WriteHtmlCache Behavior [ RunTime:0.000855s ]
INFO: Run ShowRuntime Behavior [ RunTime:0.001205s ]
INFO: [ view_filter ] --END-- [ RunTime:0.004323s ]
INFO: [ view_end ] --START--
INFO: Run ShowPageTrace Behavior [ RunTime:0.001253s ]
INFO: [ view_end ] --END-- [ RunTime:0.001303s ]

[ 2016-06-04T05:44:22+08:00 ] 123.125.71.18 /fos/index.php/Kyjg/yyxtfx
INFO: [ route_check ] --START--
INFO: Run CheckRoute Behavior [ RunTime:0.000497s ]
INFO: [ route_check ] --END-- [ RunTime:0.000568s ]
INFO: [ app_begin ] --START--
INFO: Run ReadHtmlCache Behavior [ RunTime:0.000290s ]
INFO: [ app_begin ] --END-- [ RunTime:0.000341s ]
NOTIC: [2048] Declaration of KyjgAction::show() should be compatible with that of Action::show() /webdocs/templete/fos/Home/Lib/Action/KyjgAction.class.php 第 2 行.
SQL: SHOW COLUMNS FROM `lxy_info` [ RunTime:0.000857s ]
SQL: SELECT * FROM `lxy_info` WHERE ( `info_name` = 'visit_count' ) LIMIT 1   [ RunTime:0.000232s ]
SQL: SHOW COLUMNS FROM `lxy_institution` [ RunTime:0.000557s ]
SQL: SELECT * FROM `lxy_institution`  [ RunTime:0.000275s ]
INFO: [ view_template ] --START--
INFO: Run LocationTemplate Behavior [ RunTime:0.000202s ]
INFO: [ view_template ] --END-- [ RunTime:0.000254s ]
INFO: [ view_parse ] --START--
NOTIC: [8] Undefined offset: 1 /webdocs/templete/fos/ThinkPHP/Lib/Driver/TagLib/TagLibCx.class.php 第 524 行.
NOTIC: [8] Undefined offset: 1 /webdocs/templete/fos/ThinkPHP/Lib/Driver/TagLib/TagLibCx.class.php 第 524 行.
NOTIC: [8] Undefined offset: 1 /webdocs/templete/fos/ThinkPHP/Lib/Driver/TagLib/TagLibCx.class.php 第 524 行.
NOTIC: [8] Undefined offset: 1 /webdocs/templete/fos/ThinkPHP/Lib/Driver/TagLib/TagLibCx.class.php 第 524 行.
NOTIC: [8] Undefined offset: 1 /webdocs/templete/fos/ThinkPHP/Lib/Driver/TagLib/TagLibCx.class.php 第 524 行.
NOTIC: [8] Undefined offset: 1 /webdocs/templete/fos/ThinkPHP/Lib/Driver/TagLib/TagLibCx.class.php 第 524 行.
NOTIC: [8] A session had already been started - ignoring session_start() /webdocs/templete/fos/Home/Runtime/Cache/f0ed728eb63dd1822734243f164ec9aa.php 第 4062 行.
INFO: Run ParseTemplate Behavior [ RunTime:0.098736s ]
INFO: [ view_parse ] --END-- [ RunTime:0.098795s ]
INFO: [ view_filter ] --START--
INFO: Run ContentReplace Behavior [ RunTime:0.001058s ]
INFO: Run TokenBuild Behavior [ RunTime:0.000330s ]
INFO: Run WriteHtmlCache Behavior [ RunTime:0.000123s ]
INFO: Run ShowRuntime Behavior [ RunTime:0.000468s ]
INFO: [ view_filter ] --END-- [ RunTime:0.002147s ]
INFO: [ view_end ] --START--
INFO: Run ShowPageTrace Behavior [ RunTime:0.000360s ]
INFO: [ view_end ] --END-- [ RunTime:0.000407s ]

[ 2016-06-04T06:17:42+08:00 ] 123.125.71.26 /fos/index.php/Kyjg/show/id/12
INFO: [ route_check ] --START--
INFO: Run CheckRoute Behavior [ RunTime:0.000498s ]
INFO: [ route_check ] --END-- [ RunTime:0.000580s ]
INFO: [ app_begin ] --START--
INFO: Run ReadHtmlCache Behavior [ RunTime:0.000291s ]
INFO: [ app_begin ] --END-- [ RunTime:0.000342s ]
NOTIC: [2048] Declaration of KyjgAction::show() should be compatible with that of Action::show() /webdocs/templete/fos/Home/Lib/Action/KyjgAction.class.php 第 2 行.
SQL: SHOW COLUMNS FROM `lxy_info` [ RunTime:0.000869s ]
SQL: SELECT * FROM `lxy_info` WHERE ( `info_name` = 'visit_count' ) LIMIT 1   [ RunTime:0.000232s ]
SQL: SHOW COLUMNS FROM `lxy_institution` [ RunTime:0.000582s ]
SQL: SELECT * FROM `lxy_institution`  [ RunTime:0.000268s ]
SQL: SELECT * FROM `lxy_institution` WHERE ( `institution_id` = 12 ) LIMIT 1   [ RunTime:0.000188s ]
INFO: [ view_template ] --START--
INFO: Run LocationTemplate Behavior [ RunTime:0.000224s ]
INFO: [ view_template ] --END-- [ RunTime:0.000275s ]
INFO: [ view_parse ] --START--
NOTIC: [8] Undefined offset: 1 /webdocs/templete/fos/ThinkPHP/Lib/Driver/TagLib/TagLibCx.class.php 第 524 行.
NOTIC: [8] Undefined offset: 1 /webdocs/templete/fos/ThinkPHP/Lib/Driver/TagLib/TagLibCx.class.php 第 524 行.
NOTIC: [8] Undefined offset: 1 /webdocs/templete/fos/ThinkPHP/Lib/Driver/TagLib/TagLibCx.class.php 第 524 行.
NOTIC: [8] Undefined offset: 1 /webdocs/templete/fos/ThinkPHP/Lib/Driver/TagLib/TagLibCx.class.php 第 524 行.
NOTIC: [8] Undefined offset: 1 /webdocs/templete/fos/ThinkPHP/Lib/Driver/TagLib/TagLibCx.class.php 第 524 行.
NOTIC: [8] Undefined offset: 1 /webdocs/templete/fos/ThinkPHP/Lib/Driver/TagLib/TagLibCx.class.php 第 524 行.
NOTIC: [8] A session had already been started - ignoring session_start() /webdocs/templete/fos/Home/Runtime/Cache/5cfdb34e8065dacfeaf66fe42d51d0ea.php 第 301 行.
INFO: Run ParseTemplate Behavior [ RunTime:0.009486s ]
INFO: [ view_parse ] --END-- [ RunTime:0.009543s ]
INFO: [ view_filter ] --START--
INFO: Run ContentReplace Behavior [ RunTime:0.000318s ]
INFO: Run TokenBuild Behavior [ RunTime:0.000231s ]
INFO: Run WriteHtmlCache Behavior [ RunTime:0.000120s ]
INFO: Run ShowRuntime Behavior [ RunTime:0.000247s ]
INFO: [ view_filter ] --END-- [ RunTime:0.001055s ]
INFO: [ view_end ] --START--
INFO: Run ShowPageTrace Behavior [ RunTime:0.000364s ]
INFO: [ view_end ] --END-- [ RunTime:0.000411s ]

[ 2016-06-04T06:51:02+08:00 ] 220.181.108.81 /fos/index.php/Kyjg/show/id/16
INFO: [ route_check ] --START--
INFO: Run CheckRoute Behavior [ RunTime:0.000497s ]
INFO: [ route_check ] --END-- [ RunTime:0.000570s ]
INFO: [ app_begin ] --START--
INFO: Run ReadHtmlCache Behavior [ RunTime:0.000296s ]
INFO: [ app_begin ] --END-- [ RunTime:0.000348s ]
NOTIC: [2048] Declaration of KyjgAction::show() should be compatible with that of Action::show() /webdocs/templete/fos/Home/Lib/Action/KyjgAction.class.php 第 2 行.
SQL: SHOW COLUMNS FROM `lxy_info` [ RunTime:0.000854s ]
SQL: SELECT * FROM `lxy_info` WHERE ( `info_name` = 'visit_count' ) LIMIT 1   [ RunTime:0.000210s ]
SQL: SHOW COLUMNS FROM `lxy_institution` [ RunTime:0.000583s ]
SQL: SELECT * FROM `lxy_institution`  [ RunTime:0.000237s ]
SQL: SELECT * FROM `lxy_institution` WHERE ( `institution_id` = 16 ) LIMIT 1   [ RunTime:0.000205s ]
INFO: [ view_template ] --START--
INFO: Run LocationTemplate Behavior [ RunTime:0.000191s ]
INFO: [ view_template ] --END-- [ RunTime:0.000241s ]
INFO: [ view_parse ] --START--
NOTIC: [8] Undefined offset: 1 /webdocs/templete/fos/ThinkPHP/Lib/Driver/TagLib/TagLibCx.class.php 第 524 行.
NOTIC: [8] Undefined offset: 1 /webdocs/templete/fos/ThinkPHP/Lib/Driver/TagLib/TagLibCx.class.php 第 524 行.
NOTIC: [8] Undefined offset: 1 /webdocs/templete/fos/ThinkPHP/Lib/Driver/TagLib/TagLibCx.class.php 第 524 行.
NOTIC: [8] Undefined offset: 1 /webdocs/templete/fos/ThinkPHP/Lib/Driver/TagLib/TagLibCx.class.php 第 524 行.
NOTIC: [8] Undefined offset: 1 /webdocs/templete/fos/ThinkPHP/Lib/Driver/TagLib/TagLibCx.class.php 第 524 行.
NOTIC: [8] Undefined offset: 1 /webdocs/templete/fos/ThinkPHP/Lib/Driver/TagLib/TagLibCx.class.php 第 524 行.
NOTIC: [8] A session had already been started - ignoring session_start() /webdocs/templete/fos/Home/Runtime/Cache/5cfdb34e8065dacfeaf66fe42d51d0ea.php 第 301 行.
INFO: Run ParseTemplate Behavior [ RunTime:0.009366s ]
INFO: [ view_parse ] --END-- [ RunTime:0.009413s ]
INFO: [ view_filter ] --START--
INFO: Run ContentReplace Behavior [ RunTime:0.000328s ]
INFO: Run TokenBuild Behavior [ RunTime:0.000198s ]
INFO: Run WriteHtmlCache Behavior [ RunTime:0.000118s ]
INFO: Run ShowRuntime Behavior [ RunTime:0.000244s ]
INFO: [ view_filter ] --END-- [ RunTime:0.001025s ]
INFO: [ view_end ] --START--
INFO: Run ShowPageTrace Behavior [ RunTime:0.000355s ]
INFO: [ view_end ] --END-- [ RunTime:0.000401s ]

[ 2016-06-04T08:25:59+08:00 ] 220.181.108.159 /fos/index.php/Kyjg/kyjg
INFO: [ route_check ] --START--
INFO: Run CheckRoute Behavior [ RunTime:0.000503s ]
INFO: [ route_check ] --END-- [ RunTime:0.000577s ]
INFO: [ app_begin ] --START--
INFO: Run ReadHtmlCache Behavior [ RunTime:0.000294s ]
INFO: [ app_begin ] --END-- [ RunTime:0.000343s ]
NOTIC: [2048] Declaration of KyjgAction::show() should be compatible with that of Action::show() /webdocs/templete/fos/Home/Lib/Action/KyjgAction.class.php 第 2 行.
SQL: SHOW COLUMNS FROM `lxy_info` [ RunTime:0.000877s ]
SQL: SELECT * FROM `lxy_info` WHERE ( `info_name` = 'visit_count' ) LIMIT 1   [ RunTime:0.000209s ]
SQL: SHOW COLUMNS FROM `lxy_institution` [ RunTime:0.000561s ]
SQL: SELECT * FROM `lxy_institution`  [ RunTime:0.000273s ]
INFO: [ view_template ] --START--
INFO: Run LocationTemplate Behavior [ RunTime:0.000220s ]
INFO: [ view_template ] --END-- [ RunTime:0.000273s ]
INFO: [ view_parse ] --START--
NOTIC: [8] Undefined offset: 1 /webdocs/templete/fos/ThinkPHP/Lib/Driver/TagLib/TagLibCx.class.php 第 524 行.
NOTIC: [8] Undefined offset: 1 /webdocs/templete/fos/ThinkPHP/Lib/Driver/TagLib/TagLibCx.class.php 第 524 行.
NOTIC: [8] Undefined offset: 1 /webdocs/templete/fos/ThinkPHP/Lib/Driver/TagLib/TagLibCx.class.php 第 524 行.
NOTIC: [8] Undefined offset: 1 /webdocs/templete/fos/ThinkPHP/Lib/Driver/TagLib/TagLibCx.class.php 第 524 行.
NOTIC: [8] Undefined offset: 1 /webdocs/templete/fos/ThinkPHP/Lib/Driver/TagLib/TagLibCx.class.php 第 524 行.
NOTIC: [8] Undefined offset: 1 /webdocs/templete/fos/ThinkPHP/Lib/Driver/TagLib/TagLibCx.class.php 第 524 行.
NOTIC: [8] A session had already been started - ignoring session_start() /webdocs/templete/fos/Home/Runtime/Cache/9ea836d2466dabced7aabcef7ec09c11.php 第 367 行.
INFO: Run ParseTemplate Behavior [ RunTime:0.016955s ]
INFO: [ view_parse ] --END-- [ RunTime:0.017007s ]
INFO: [ view_filter ] --START--
INFO: Run ContentReplace Behavior [ RunTime:0.000301s ]
INFO: Run TokenBuild Behavior [ RunTime:0.000222s ]
INFO: Run WriteHtmlCache Behavior [ RunTime:0.000118s ]
INFO: Run ShowRuntime Behavior [ RunTime:0.000249s ]
INFO: [ view_filter ] --END-- [ RunTime:0.001025s ]
INFO: [ view_end ] --START--
INFO: Run ShowPageTrace Behavior [ RunTime:0.000350s ]
INFO: [ view_end ] --END-- [ RunTime:0.000397s ]

[ 2016-06-04T12:57:45+08:00 ] 220.181.108.102 /fos/index.php/Kyjg/kyjg
INFO: [ route_check ] --START--
INFO: Run CheckRoute Behavior [ RunTime:0.000474s ]
INFO: [ route_check ] --END-- [ RunTime:0.000547s ]
INFO: [ app_begin ] --START--
INFO: Run ReadHtmlCache Behavior [ RunTime:0.000296s ]
INFO: [ app_begin ] --END-- [ RunTime:0.000381s ]
NOTIC: [2048] Declaration of KyjgAction::show() should be compatible with that of Action::show() /webdocs/templete/fos/Home/Lib/Action/KyjgAction.class.php 第 2 行.
SQL: SHOW COLUMNS FROM `lxy_info` [ RunTime:0.000841s ]
SQL: SELECT * FROM `lxy_info` WHERE ( `info_name` = 'visit_count' ) LIMIT 1   [ RunTime:0.000207s ]
SQL: SHOW COLUMNS FROM `lxy_institution` [ RunTime:0.000592s ]
SQL: SELECT * FROM `lxy_institution`  [ RunTime:0.000246s ]
INFO: [ view_template ] --START--
INFO: Run LocationTemplate Behavior [ RunTime:0.000201s ]
INFO: [ view_template ] --END-- [ RunTime:0.000259s ]
INFO: [ view_parse ] --START--
NOTIC: [8] Undefined offset: 1 /webdocs/templete/fos/ThinkPHP/Lib/Driver/TagLib/TagLibCx.class.php 第 524 行.
NOTIC: [8] Undefined offset: 1 /webdocs/templete/fos/ThinkPHP/Lib/Driver/TagLib/TagLibCx.class.php 第 524 行.
NOTIC: [8] Undefined offset: 1 /webdocs/templete/fos/ThinkPHP/Lib/Driver/TagLib/TagLibCx.class.php 第 524 行.
NOTIC: [8] Undefined offset: 1 /webdocs/templete/fos/ThinkPHP/Lib/Driver/TagLib/TagLibCx.class.php 第 524 行.
NOTIC: [8] Undefined offset: 1 /webdocs/templete/fos/ThinkPHP/Lib/Driver/TagLib/TagLibCx.class.php 第 524 行.
NOTIC: [8] Undefined offset: 1 /webdocs/templete/fos/ThinkPHP/Lib/Driver/TagLib/TagLibCx.class.php 第 524 行.
NOTIC: [8] A session had already been started - ignoring session_start() /webdocs/templete/fos/Home/Runtime/Cache/9ea836d2466dabced7aabcef7ec09c11.php 第 367 行.
INFO: Run ParseTemplate Behavior [ RunTime:0.009601s ]
INFO: [ view_parse ] --END-- [ RunTime:0.009651s ]
INFO: [ view_filter ] --START--
INFO: Run ContentReplace Behavior [ RunTime:0.000303s ]
INFO: Run TokenBuild Behavior [ RunTime:0.000224s ]
INFO: Run WriteHtmlCache Behavior [ RunTime:0.000119s ]
INFO: Run ShowRuntime Behavior [ RunTime:0.000262s ]
INFO: [ view_filter ] --END-- [ RunTime:0.001051s ]
INFO: [ view_end ] --START--
INFO: Run ShowPageTrace Behavior [ RunTime:0.000352s ]
INFO: [ view_end ] --END-- [ RunTime:0.000398s ]

