[ 2016-06-02T08:25:33+08:00 ] 180.118.108.139 /fos/
INFO: [ app_begin ] --START--
INFO: Run ReadHtmlCache Behavior [ RunTime:0.001124s ]
INFO: [ app_begin ] --END-- [ RunTime:0.001198s ]
NOTIC: [2048] Declaration of IndexAction::_empty() should be compatible with that of CommonAction::_empty() /webdocs/templete/fos/Home/Lib/Action/IndexAction.class.php 第 3 行.
SQL: SHOW COLUMNS FROM `lxy_info` [ RunTime:0.000872s ]
SQL: SELECT * FROM `lxy_info` WHERE ( `info_name` = 'visit_count' ) LIMIT 1   [ RunTime:0.000214s ]
SQL: SELECT * FROM `lxy_info` WHERE ( `info_name` = 'visit_count' ) LIMIT 1   [ RunTime:0.000162s ]
SQL: UPDATE `lxy_info` SET `info_int`=545075 WHERE ( `info_name` = 'visit_count' ) [ RunTime:0.000190s ]
SQL: SHOW COLUMNS FROM `lxy_news` [ RunTime:0.000644s ]
SQL: SELECT * FROM `lxy_news` WHERE ( `news_category` = 1 ) ORDER BY news_time desc LIMIT 10   [ RunTime:0.002025s ]
SQL: SELECT * FROM `lxy_news` WHERE ( `news_category` = 2 ) ORDER BY news_time desc LIMIT 10   [ RunTime:0.001958s ]
SQL: SELECT * FROM `lxy_news` WHERE ( `news_category` = 3 ) ORDER BY news_time desc LIMIT 8   [ RunTime:0.001795s ]
SQL: SELECT * FROM `lxy_news` WHERE ( `news_category` = 4 ) ORDER BY news_time desc LIMIT 8   [ RunTime:0.001817s ]
SQL: SELECT * FROM `lxy_news` WHERE ( `news_category` = 5 ) ORDER BY news_time desc LIMIT 8   [ RunTime:0.001717s ]
SQL: SHOW COLUMNS FROM `lxy_pic` [ RunTime:0.000777s ]
SQL: SELECT * FROM `lxy_pic` ORDER BY pic_id desc LIMIT 3   [ RunTime:0.000206s ]
INFO: [ view_template ] --START--
INFO: Run LocationTemplate Behavior [ RunTime:0.001575s ]
INFO: [ view_template ] --END-- [ RunTime:0.001637s ]
INFO: [ view_parse ] --START--
NOTIC: [8] Undefined offset: 1 /webdocs/templete/fos/ThinkPHP/Lib/Driver/TagLib/TagLibCx.class.php 第 524 行.
NOTIC: [8] Undefined offset: 1 /webdocs/templete/fos/ThinkPHP/Lib/Driver/TagLib/TagLibCx.class.php 第 524 行.
NOTIC: [8] Undefined offset: 1 /webdocs/templete/fos/ThinkPHP/Lib/Driver/TagLib/TagLibCx.class.php 第 524 行.
NOTIC: [8] Undefined offset: 1 /webdocs/templete/fos/ThinkPHP/Lib/Driver/TagLib/TagLibCx.class.php 第 524 行.
NOTIC: [8] Undefined offset: 1 /webdocs/templete/fos/ThinkPHP/Lib/Driver/TagLib/TagLibCx.class.php 第 524 行.
NOTIC: [8] Undefined offset: 1 /webdocs/templete/fos/ThinkPHP/Lib/Driver/TagLib/TagLibCx.class.php 第 524 行.
NOTIC: [8] Use of undefined constant pic_path - assumed 'pic_path' /webdocs/templete/fos/Home/Runtime/Cache/7e4848229090366086cc7eeb3bfc0798.php 第 366 行.
NOTIC: [8] Use of undefined constant pic_path - assumed 'pic_path' /webdocs/templete/fos/Home/Runtime/Cache/7e4848229090366086cc7eeb3bfc0798.php 第 376 行.
NOTIC: [8] Use of undefined constant pic_path - assumed 'pic_path' /webdocs/templete/fos/Home/Runtime/Cache/7e4848229090366086cc7eeb3bfc0798.php 第 386 行.
NOTIC: [8] A session had already been started - ignoring session_start() /webdocs/templete/fos/Home/Runtime/Cache/7e4848229090366086cc7eeb3bfc0798.php 第 755 行.
INFO: Run ParseTemplate Behavior [ RunTime:0.059578s ]
INFO: [ view_parse ] --END-- [ RunTime:0.059665s ]
INFO: [ view_filter ] --START--
INFO: Run ContentReplace Behavior [ RunTime:0.001579s ]
INFO: Run TokenBuild Behavior [ RunTime:0.001077s ]
INFO: Run WriteHtmlCache Behavior [ RunTime:0.000931s ]
INFO: Run ShowRuntime Behavior [ RunTime:0.001198s ]
INFO: [ view_filter ] --END-- [ RunTime:0.004935s ]
INFO: [ view_end ] --START--
INFO: Run ShowPageTrace Behavior [ RunTime:0.001484s ]
INFO: [ view_end ] --END-- [ RunTime:0.001545s ]

[ 2016-06-02T08:25:34+08:00 ] ERR: (ThinkException) 模板不存在[./Home/Tpl/_Public__/js.html]
[ 2016-06-02T08:25:34+08:00 ] ERR: (ThinkException) 模板不存在[./Home/Tpl/_Public__/jslider.html]
[ 2016-06-02T08:25:45+08:00 ] 180.118.108.139 /fos/
INFO: [ app_begin ] --START--
INFO: Run ReadHtmlCache Behavior [ RunTime:0.000307s ]
INFO: [ app_begin ] --END-- [ RunTime:0.000378s ]
NOTIC: [2048] Declaration of IndexAction::_empty() should be compatible with that of CommonAction::_empty() /webdocs/templete/fos/Home/Lib/Action/IndexAction.class.php 第 3 行.
SQL: SHOW COLUMNS FROM `lxy_info` [ RunTime:0.000911s ]
SQL: SELECT * FROM `lxy_info` WHERE ( `info_name` = 'visit_count' ) LIMIT 1   [ RunTime:0.000204s ]
SQL: SELECT * FROM `lxy_info` WHERE ( `info_name` = 'visit_count' ) LIMIT 1   [ RunTime:0.000182s ]
SQL: UPDATE `lxy_info` SET `info_int`=545076 WHERE ( `info_name` = 'visit_count' ) [ RunTime:0.000186s ]
SQL: SHOW COLUMNS FROM `lxy_news` [ RunTime:0.000610s ]
SQL: SELECT * FROM `lxy_news` WHERE ( `news_category` = 1 ) ORDER BY news_time desc LIMIT 10   [ RunTime:0.001950s ]
SQL: SELECT * FROM `lxy_news` WHERE ( `news_category` = 2 ) ORDER BY news_time desc LIMIT 10   [ RunTime:0.001769s ]
SQL: SELECT * FROM `lxy_news` WHERE ( `news_category` = 3 ) ORDER BY news_time desc LIMIT 8   [ RunTime:0.001694s ]
SQL: SELECT * FROM `lxy_news` WHERE ( `news_category` = 4 ) ORDER BY news_time desc LIMIT 8   [ RunTime:0.001648s ]
SQL: SELECT * FROM `lxy_news` WHERE ( `news_category` = 5 ) ORDER BY news_time desc LIMIT 8   [ RunTime:0.001545s ]
SQL: SHOW COLUMNS FROM `lxy_pic` [ RunTime:0.000590s ]
SQL: SELECT * FROM `lxy_pic` ORDER BY pic_id desc LIMIT 3   [ RunTime:0.000171s ]
INFO: [ view_template ] --START--
INFO: Run LocationTemplate Behavior [ RunTime:0.000206s ]
INFO: [ view_template ] --END-- [ RunTime:0.000263s ]
INFO: [ view_parse ] --START--
NOTIC: [8] Undefined offset: 1 /webdocs/templete/fos/ThinkPHP/Lib/Driver/TagLib/TagLibCx.class.php 第 524 行.
NOTIC: [8] Undefined offset: 1 /webdocs/templete/fos/ThinkPHP/Lib/Driver/TagLib/TagLibCx.class.php 第 524 行.
NOTIC: [8] Undefined offset: 1 /webdocs/templete/fos/ThinkPHP/Lib/Driver/TagLib/TagLibCx.class.php 第 524 行.
NOTIC: [8] Undefined offset: 1 /webdocs/templete/fos/ThinkPHP/Lib/Driver/TagLib/TagLibCx.class.php 第 524 行.
NOTIC: [8] Undefined offset: 1 /webdocs/templete/fos/ThinkPHP/Lib/Driver/TagLib/TagLibCx.class.php 第 524 行.
NOTIC: [8] Undefined offset: 1 /webdocs/templete/fos/ThinkPHP/Lib/Driver/TagLib/TagLibCx.class.php 第 524 行.
NOTIC: [8] Use of undefined constant pic_path - assumed 'pic_path' /webdocs/templete/fos/Home/Runtime/Cache/7e4848229090366086cc7eeb3bfc0798.php 第 366 行.
NOTIC: [8] Use of undefined constant pic_path - assumed 'pic_path' /webdocs/templete/fos/Home/Runtime/Cache/7e4848229090366086cc7eeb3bfc0798.php 第 376 行.
NOTIC: [8] Use of undefined constant pic_path - assumed 'pic_path' /webdocs/templete/fos/Home/Runtime/Cache/7e4848229090366086cc7eeb3bfc0798.php 第 386 行.
NOTIC: [8] A session had already been started - ignoring session_start() /webdocs/templete/fos/Home/Runtime/Cache/7e4848229090366086cc7eeb3bfc0798.php 第 755 行.
INFO: Run ParseTemplate Behavior [ RunTime:0.016671s ]
INFO: [ view_parse ] --END-- [ RunTime:0.016722s ]
INFO: [ view_filter ] --START--
INFO: Run ContentReplace Behavior [ RunTime:0.000375s ]
INFO: Run TokenBuild Behavior [ RunTime:0.000208s ]
INFO: Run WriteHtmlCache Behavior [ RunTime:0.000119s ]
INFO: Run ShowRuntime Behavior [ RunTime:0.000288s ]
INFO: [ view_filter ] --END-- [ RunTime:0.001129s ]
INFO: [ view_end ] --START--
INFO: Run ShowPageTrace Behavior [ RunTime:0.000330s ]
INFO: [ view_end ] --END-- [ RunTime:0.000377s ]

[ 2016-06-02T08:25:54+08:00 ] ERR: (ThinkException) 模板不存在[./Home/Tpl/_Public__/js.html]
[ 2016-06-02T08:25:54+08:00 ] ERR: (ThinkException) 模板不存在[./Home/Tpl/_Public__/jslider.html]
[ 2016-06-02T08:26:24+08:00 ] 180.118.108.139 /fos/
INFO: [ app_begin ] --START--
INFO: Run ReadHtmlCache Behavior [ RunTime:0.000345s ]
INFO: [ app_begin ] --END-- [ RunTime:0.000414s ]
NOTIC: [2048] Declaration of IndexAction::_empty() should be compatible with that of CommonAction::_empty() /webdocs/templete/fos/Home/Lib/Action/IndexAction.class.php 第 3 行.
SQL: SHOW COLUMNS FROM `lxy_info` [ RunTime:0.000871s ]
SQL: SELECT * FROM `lxy_info` WHERE ( `info_name` = 'visit_count' ) LIMIT 1   [ RunTime:0.000209s ]
SQL: SELECT * FROM `lxy_info` WHERE ( `info_name` = 'visit_count' ) LIMIT 1   [ RunTime:0.000161s ]
SQL: UPDATE `lxy_info` SET `info_int`=545077 WHERE ( `info_name` = 'visit_count' ) [ RunTime:0.000181s ]
SQL: SHOW COLUMNS FROM `lxy_news` [ RunTime:0.000934s ]
SQL: SELECT * FROM `lxy_news` WHERE ( `news_category` = 1 ) ORDER BY news_time desc LIMIT 10   [ RunTime:0.002001s ]
SQL: SELECT * FROM `lxy_news` WHERE ( `news_category` = 2 ) ORDER BY news_time desc LIMIT 10   [ RunTime:0.001769s ]
SQL: SELECT * FROM `lxy_news` WHERE ( `news_category` = 3 ) ORDER BY news_time desc LIMIT 8   [ RunTime:0.001650s ]
SQL: SELECT * FROM `lxy_news` WHERE ( `news_category` = 4 ) ORDER BY news_time desc LIMIT 8   [ RunTime:0.001575s ]
SQL: SELECT * FROM `lxy_news` WHERE ( `news_category` = 5 ) ORDER BY news_time desc LIMIT 8   [ RunTime:0.001578s ]
SQL: SHOW COLUMNS FROM `lxy_pic` [ RunTime:0.000628s ]
SQL: SELECT * FROM `lxy_pic` ORDER BY pic_id desc LIMIT 3   [ RunTime:0.000178s ]
INFO: [ view_template ] --START--
INFO: Run LocationTemplate Behavior [ RunTime:0.000245s ]
INFO: [ view_template ] --END-- [ RunTime:0.000300s ]
INFO: [ view_parse ] --START--
NOTIC: [8] Undefined offset: 1 /webdocs/templete/fos/ThinkPHP/Lib/Driver/TagLib/TagLibCx.class.php 第 524 行.
NOTIC: [8] Undefined offset: 1 /webdocs/templete/fos/ThinkPHP/Lib/Driver/TagLib/TagLibCx.class.php 第 524 行.
NOTIC: [8] Undefined offset: 1 /webdocs/templete/fos/ThinkPHP/Lib/Driver/TagLib/TagLibCx.class.php 第 524 行.
NOTIC: [8] Undefined offset: 1 /webdocs/templete/fos/ThinkPHP/Lib/Driver/TagLib/TagLibCx.class.php 第 524 行.
NOTIC: [8] Undefined offset: 1 /webdocs/templete/fos/ThinkPHP/Lib/Driver/TagLib/TagLibCx.class.php 第 524 行.
NOTIC: [8] Undefined offset: 1 /webdocs/templete/fos/ThinkPHP/Lib/Driver/TagLib/TagLibCx.class.php 第 524 行.
NOTIC: [8] Use of undefined constant pic_path - assumed 'pic_path' /webdocs/templete/fos/Home/Runtime/Cache/7e4848229090366086cc7eeb3bfc0798.php 第 366 行.
NOTIC: [8] Use of undefined constant pic_path - assumed 'pic_path' /webdocs/templete/fos/Home/Runtime/Cache/7e4848229090366086cc7eeb3bfc0798.php 第 376 行.
NOTIC: [8] Use of undefined constant pic_path - assumed 'pic_path' /webdocs/templete/fos/Home/Runtime/Cache/7e4848229090366086cc7eeb3bfc0798.php 第 386 行.
NOTIC: [8] A session had already been started - ignoring session_start() /webdocs/templete/fos/Home/Runtime/Cache/7e4848229090366086cc7eeb3bfc0798.php 第 755 行.
INFO: Run ParseTemplate Behavior [ RunTime:0.016778s ]
INFO: [ view_parse ] --END-- [ RunTime:0.016826s ]
INFO: [ view_filter ] --START--
INFO: Run ContentReplace Behavior [ RunTime:0.000404s ]
INFO: Run TokenBuild Behavior [ RunTime:0.000217s ]
INFO: Run WriteHtmlCache Behavior [ RunTime:0.000121s ]
INFO: Run ShowRuntime Behavior [ RunTime:0.000262s ]
INFO: [ view_filter ] --END-- [ RunTime:0.001147s ]
INFO: [ view_end ] --START--
INFO: Run ShowPageTrace Behavior [ RunTime:0.000323s ]
INFO: [ view_end ] --END-- [ RunTime:0.000374s ]

[ 2016-06-02T08:26:28+08:00 ] ERR: (ThinkException) 模板不存在[./Home/Tpl/_Public__/js.html]
[ 2016-06-02T08:26:28+08:00 ] ERR: (ThinkException) 模板不存在[./Home/Tpl/_Public__/jslider.html]
[ 2016-06-02T08:27:00+08:00 ] 180.118.108.139 /fos/
INFO: [ app_begin ] --START--
INFO: Run ReadHtmlCache Behavior [ RunTime:0.000300s ]
INFO: [ app_begin ] --END-- [ RunTime:0.000367s ]
NOTIC: [2048] Declaration of IndexAction::_empty() should be compatible with that of CommonAction::_empty() /webdocs/templete/fos/Home/Lib/Action/IndexAction.class.php 第 3 行.
SQL: SHOW COLUMNS FROM `lxy_info` [ RunTime:0.000856s ]
SQL: SELECT * FROM `lxy_info` WHERE ( `info_name` = 'visit_count' ) LIMIT 1   [ RunTime:0.000204s ]
SQL: SELECT * FROM `lxy_info` WHERE ( `info_name` = 'visit_count' ) LIMIT 1   [ RunTime:0.000162s ]
SQL: UPDATE `lxy_info` SET `info_int`=545078 WHERE ( `info_name` = 'visit_count' ) [ RunTime:0.000184s ]
SQL: SHOW COLUMNS FROM `lxy_news` [ RunTime:0.000580s ]
SQL: SELECT * FROM `lxy_news` WHERE ( `news_category` = 1 ) ORDER BY news_time desc LIMIT 10   [ RunTime:0.001899s ]
SQL: SELECT * FROM `lxy_news` WHERE ( `news_category` = 2 ) ORDER BY news_time desc LIMIT 10   [ RunTime:0.001776s ]
SQL: SELECT * FROM `lxy_news` WHERE ( `news_category` = 3 ) ORDER BY news_time desc LIMIT 8   [ RunTime:0.001617s ]
SQL: SELECT * FROM `lxy_news` WHERE ( `news_category` = 4 ) ORDER BY news_time desc LIMIT 8   [ RunTime:0.001554s ]
SQL: SELECT * FROM `lxy_news` WHERE ( `news_category` = 5 ) ORDER BY news_time desc LIMIT 8   [ RunTime:0.001573s ]
SQL: SHOW COLUMNS FROM `lxy_pic` [ RunTime:0.000599s ]
SQL: SELECT * FROM `lxy_pic` ORDER BY pic_id desc LIMIT 3   [ RunTime:0.000169s ]
INFO: [ view_template ] --START--
INFO: Run LocationTemplate Behavior [ RunTime:0.000216s ]
INFO: [ view_template ] --END-- [ RunTime:0.000270s ]
INFO: [ view_parse ] --START--
NOTIC: [8] Undefined offset: 1 /webdocs/templete/fos/ThinkPHP/Lib/Driver/TagLib/TagLibCx.class.php 第 524 行.
NOTIC: [8] Undefined offset: 1 /webdocs/templete/fos/ThinkPHP/Lib/Driver/TagLib/TagLibCx.class.php 第 524 行.
NOTIC: [8] Undefined offset: 1 /webdocs/templete/fos/ThinkPHP/Lib/Driver/TagLib/TagLibCx.class.php 第 524 行.
NOTIC: [8] Undefined offset: 1 /webdocs/templete/fos/ThinkPHP/Lib/Driver/TagLib/TagLibCx.class.php 第 524 行.
NOTIC: [8] Undefined offset: 1 /webdocs/templete/fos/ThinkPHP/Lib/Driver/TagLib/TagLibCx.class.php 第 524 行.
NOTIC: [8] Undefined offset: 1 /webdocs/templete/fos/ThinkPHP/Lib/Driver/TagLib/TagLibCx.class.php 第 524 行.
NOTIC: [8] Use of undefined constant pic_path - assumed 'pic_path' /webdocs/templete/fos/Home/Runtime/Cache/7e4848229090366086cc7eeb3bfc0798.php 第 366 行.
NOTIC: [8] Use of undefined constant pic_path - assumed 'pic_path' /webdocs/templete/fos/Home/Runtime/Cache/7e4848229090366086cc7eeb3bfc0798.php 第 376 行.
NOTIC: [8] Use of undefined constant pic_path - assumed 'pic_path' /webdocs/templete/fos/Home/Runtime/Cache/7e4848229090366086cc7eeb3bfc0798.php 第 386 行.
NOTIC: [8] A session had already been started - ignoring session_start() /webdocs/templete/fos/Home/Runtime/Cache/7e4848229090366086cc7eeb3bfc0798.php 第 755 行.
INFO: Run ParseTemplate Behavior [ RunTime:0.016976s ]
INFO: [ view_parse ] --END-- [ RunTime:0.017025s ]
INFO: [ view_filter ] --START--
INFO: Run ContentReplace Behavior [ RunTime:0.000400s ]
INFO: Run TokenBuild Behavior [ RunTime:0.000208s ]
INFO: Run WriteHtmlCache Behavior [ RunTime:0.000117s ]
INFO: Run ShowRuntime Behavior [ RunTime:0.000282s ]
INFO: [ view_filter ] --END-- [ RunTime:0.001147s ]
INFO: [ view_end ] --START--
INFO: Run ShowPageTrace Behavior [ RunTime:0.000320s ]
INFO: [ view_end ] --END-- [ RunTime:0.000368s ]

[ 2016-06-02T08:27:03+08:00 ] ERR: (ThinkException) 模板不存在[./Home/Tpl/_Public__/js.html]
[ 2016-06-02T08:27:03+08:00 ] ERR: (ThinkException) 模板不存在[./Home/Tpl/_Public__/jslider.html]
[ 2016-06-02T08:27:40+08:00 ] 180.118.108.139 /fos/
INFO: [ app_begin ] --START--
INFO: Run ReadHtmlCache Behavior [ RunTime:0.000298s ]
INFO: [ app_begin ] --END-- [ RunTime:0.000364s ]
NOTIC: [2048] Declaration of IndexAction::_empty() should be compatible with that of CommonAction::_empty() /webdocs/templete/fos/Home/Lib/Action/IndexAction.class.php 第 3 行.
SQL: SHOW COLUMNS FROM `lxy_info` [ RunTime:0.000857s ]
SQL: SELECT * FROM `lxy_info` WHERE ( `info_name` = 'visit_count' ) LIMIT 1   [ RunTime:0.000204s ]
SQL: SELECT * FROM `lxy_info` WHERE ( `info_name` = 'visit_count' ) LIMIT 1   [ RunTime:0.000179s ]
SQL: UPDATE `lxy_info` SET `info_int`=545079 WHERE ( `info_name` = 'visit_count' ) [ RunTime:0.000184s ]
SQL: SHOW COLUMNS FROM `lxy_news` [ RunTime:0.000604s ]
SQL: SELECT * FROM `lxy_news` WHERE ( `news_category` = 1 ) ORDER BY news_time desc LIMIT 10   [ RunTime:0.001948s ]
SQL: SELECT * FROM `lxy_news` WHERE ( `news_category` = 2 ) ORDER BY news_time desc LIMIT 10   [ RunTime:0.001786s ]
SQL: SELECT * FROM `lxy_news` WHERE ( `news_category` = 3 ) ORDER BY news_time desc LIMIT 8   [ RunTime:0.001726s ]
SQL: SELECT * FROM `lxy_news` WHERE ( `news_category` = 4 ) ORDER BY news_time desc LIMIT 8   [ RunTime:0.001555s ]
SQL: SELECT * FROM `lxy_news` WHERE ( `news_category` = 5 ) ORDER BY news_time desc LIMIT 8   [ RunTime:0.001538s ]
SQL: SHOW COLUMNS FROM `lxy_pic` [ RunTime:0.000594s ]
SQL: SELECT * FROM `lxy_pic` ORDER BY pic_id desc LIMIT 3   [ RunTime:0.000168s ]
INFO: [ view_template ] --START--
INFO: Run LocationTemplate Behavior [ RunTime:0.000237s ]
INFO: [ view_template ] --END-- [ RunTime:0.000290s ]
INFO: [ view_parse ] --START--
NOTIC: [8] Undefined offset: 1 /webdocs/templete/fos/ThinkPHP/Lib/Driver/TagLib/TagLibCx.class.php 第 524 行.
NOTIC: [8] Undefined offset: 1 /webdocs/templete/fos/ThinkPHP/Lib/Driver/TagLib/TagLibCx.class.php 第 524 行.
NOTIC: [8] Undefined offset: 1 /webdocs/templete/fos/ThinkPHP/Lib/Driver/TagLib/TagLibCx.class.php 第 524 行.
NOTIC: [8] Undefined offset: 1 /webdocs/templete/fos/ThinkPHP/Lib/Driver/TagLib/TagLibCx.class.php 第 524 行.
NOTIC: [8] Undefined offset: 1 /webdocs/templete/fos/ThinkPHP/Lib/Driver/TagLib/TagLibCx.class.php 第 524 行.
NOTIC: [8] Undefined offset: 1 /webdocs/templete/fos/ThinkPHP/Lib/Driver/TagLib/TagLibCx.class.php 第 524 行.
NOTIC: [8] Use of undefined constant pic_path - assumed 'pic_path' /webdocs/templete/fos/Home/Runtime/Cache/7e4848229090366086cc7eeb3bfc0798.php 第 366 行.
NOTIC: [8] Use of undefined constant pic_path - assumed 'pic_path' /webdocs/templete/fos/Home/Runtime/Cache/7e4848229090366086cc7eeb3bfc0798.php 第 376 行.
NOTIC: [8] Use of undefined constant pic_path - assumed 'pic_path' /webdocs/templete/fos/Home/Runtime/Cache/7e4848229090366086cc7eeb3bfc0798.php 第 386 行.
NOTIC: [8] A session had already been started - ignoring session_start() /webdocs/templete/fos/Home/Runtime/Cache/7e4848229090366086cc7eeb3bfc0798.php 第 755 行.
INFO: Run ParseTemplate Behavior [ RunTime:0.017387s ]
INFO: [ view_parse ] --END-- [ RunTime:0.017437s ]
INFO: [ view_filter ] --START--
INFO: Run ContentReplace Behavior [ RunTime:0.000400s ]
INFO: Run TokenBuild Behavior [ RunTime:0.000206s ]
INFO: Run WriteHtmlCache Behavior [ RunTime:0.000117s ]
INFO: Run ShowRuntime Behavior [ RunTime:0.000281s ]
INFO: [ view_filter ] --END-- [ RunTime:0.001147s ]
INFO: [ view_end ] --START--
INFO: Run ShowPageTrace Behavior [ RunTime:0.000320s ]
INFO: [ view_end ] --END-- [ RunTime:0.000367s ]

[ 2016-06-02T08:27:41+08:00 ] ERR: (ThinkException) 模板不存在[./Home/Tpl/_Public__/js.html]
[ 2016-06-02T08:27:41+08:00 ] ERR: (ThinkException) 模板不存在[./Home/Tpl/_Public__/jslider.html]
[ 2016-06-02T08:27:49+08:00 ] 180.118.108.139 /fos/
INFO: [ app_begin ] --START--
INFO: Run ReadHtmlCache Behavior [ RunTime:0.000298s ]
INFO: [ app_begin ] --END-- [ RunTime:0.000363s ]
NOTIC: [2048] Declaration of IndexAction::_empty() should be compatible with that of CommonAction::_empty() /webdocs/templete/fos/Home/Lib/Action/IndexAction.class.php 第 3 行.
SQL: SHOW COLUMNS FROM `lxy_info` [ RunTime:0.000965s ]
SQL: SELECT * FROM `lxy_info` WHERE ( `info_name` = 'visit_count' ) LIMIT 1   [ RunTime:0.000270s ]
SQL: SELECT * FROM `lxy_info` WHERE ( `info_name` = 'visit_count' ) LIMIT 1   [ RunTime:0.000175s ]
SQL: UPDATE `lxy_info` SET `info_int`=545080 WHERE ( `info_name` = 'visit_count' ) [ RunTime:0.000186s ]
SQL: SHOW COLUMNS FROM `lxy_news` [ RunTime:0.000627s ]
SQL: SELECT * FROM `lxy_news` WHERE ( `news_category` = 1 ) ORDER BY news_time desc LIMIT 10   [ RunTime:0.001900s ]
SQL: SELECT * FROM `lxy_news` WHERE ( `news_category` = 2 ) ORDER BY news_time desc LIMIT 10   [ RunTime:0.001760s ]
SQL: SELECT * FROM `lxy_news` WHERE ( `news_category` = 3 ) ORDER BY news_time desc LIMIT 8   [ RunTime:0.001650s ]
SQL: SELECT * FROM `lxy_news` WHERE ( `news_category` = 4 ) ORDER BY news_time desc LIMIT 8   [ RunTime:0.001579s ]
SQL: SELECT * FROM `lxy_news` WHERE ( `news_category` = 5 ) ORDER BY news_time desc LIMIT 8   [ RunTime:0.001625s ]
SQL: SHOW COLUMNS FROM `lxy_pic` [ RunTime:0.000601s ]
SQL: SELECT * FROM `lxy_pic` ORDER BY pic_id desc LIMIT 3   [ RunTime:0.000195s ]
INFO: [ view_template ] --START--
INFO: Run LocationTemplate Behavior [ RunTime:0.000233s ]
INFO: [ view_template ] --END-- [ RunTime:0.000287s ]
INFO: [ view_parse ] --START--
NOTIC: [8] Undefined offset: 1 /webdocs/templete/fos/ThinkPHP/Lib/Driver/TagLib/TagLibCx.class.php 第 524 行.
NOTIC: [8] Undefined offset: 1 /webdocs/templete/fos/ThinkPHP/Lib/Driver/TagLib/TagLibCx.class.php 第 524 行.
NOTIC: [8] Undefined offset: 1 /webdocs/templete/fos/ThinkPHP/Lib/Driver/TagLib/TagLibCx.class.php 第 524 行.
NOTIC: [8] Undefined offset: 1 /webdocs/templete/fos/ThinkPHP/Lib/Driver/TagLib/TagLibCx.class.php 第 524 行.
NOTIC: [8] Undefined offset: 1 /webdocs/templete/fos/ThinkPHP/Lib/Driver/TagLib/TagLibCx.class.php 第 524 行.
NOTIC: [8] Undefined offset: 1 /webdocs/templete/fos/ThinkPHP/Lib/Driver/TagLib/TagLibCx.class.php 第 524 行.
NOTIC: [8] Use of undefined constant pic_path - assumed 'pic_path' /webdocs/templete/fos/Home/Runtime/Cache/7e4848229090366086cc7eeb3bfc0798.php 第 366 行.
NOTIC: [8] Use of undefined constant pic_path - assumed 'pic_path' /webdocs/templete/fos/Home/Runtime/Cache/7e4848229090366086cc7eeb3bfc0798.php 第 376 行.
NOTIC: [8] Use of undefined constant pic_path - assumed 'pic_path' /webdocs/templete/fos/Home/Runtime/Cache/7e4848229090366086cc7eeb3bfc0798.php 第 386 行.
NOTIC: [8] A session had already been started - ignoring session_start() /webdocs/templete/fos/Home/Runtime/Cache/7e4848229090366086cc7eeb3bfc0798.php 第 755 行.
INFO: Run ParseTemplate Behavior [ RunTime:0.016702s ]
INFO: [ view_parse ] --END-- [ RunTime:0.016751s ]
INFO: [ view_filter ] --START--
INFO: Run ContentReplace Behavior [ RunTime:0.000370s ]
INFO: Run TokenBuild Behavior [ RunTime:0.000207s ]
INFO: Run WriteHtmlCache Behavior [ RunTime:0.000141s ]
INFO: Run ShowRuntime Behavior [ RunTime:0.000258s ]
INFO: [ view_filter ] --END-- [ RunTime:0.001118s ]
INFO: [ view_end ] --START--
INFO: Run ShowPageTrace Behavior [ RunTime:0.000318s ]
INFO: [ view_end ] --END-- [ RunTime:0.000366s ]

[ 2016-06-02T08:27:52+08:00 ] ERR: (ThinkException) 模板不存在[./Home/Tpl/_Public__/js.html]
[ 2016-06-02T08:27:52+08:00 ] ERR: (ThinkException) 模板不存在[./Home/Tpl/_Public__/jslider.html]
[ 2016-06-02T08:29:00+08:00 ] ERR: (ThinkException) 模板不存在[./Home/Tpl/_Public__/js.html]
[ 2016-06-02T08:29:00+08:00 ] ERR: (ThinkException) 模板不存在[./Home/Tpl/_Public__/jslider.html]
[ 2016-06-02T08:29:22+08:00 ] 180.118.108.139 /fos/
INFO: [ app_begin ] --START--
INFO: Run ReadHtmlCache Behavior [ RunTime:0.000303s ]
INFO: [ app_begin ] --END-- [ RunTime:0.000371s ]
NOTIC: [2048] Declaration of IndexAction::_empty() should be compatible with that of CommonAction::_empty() /webdocs/templete/fos/Home/Lib/Action/IndexAction.class.php 第 3 行.
SQL: SHOW COLUMNS FROM `lxy_info` [ RunTime:0.000921s ]
SQL: SELECT * FROM `lxy_info` WHERE ( `info_name` = 'visit_count' ) LIMIT 1   [ RunTime:0.000237s ]
SQL: SELECT * FROM `lxy_info` WHERE ( `info_name` = 'visit_count' ) LIMIT 1   [ RunTime:0.000160s ]
SQL: UPDATE `lxy_info` SET `info_int`=545081 WHERE ( `info_name` = 'visit_count' ) [ RunTime:0.000183s ]
SQL: SHOW COLUMNS FROM `lxy_news` [ RunTime:0.000615s ]
SQL: SELECT * FROM `lxy_news` WHERE ( `news_category` = 1 ) ORDER BY news_time desc LIMIT 10   [ RunTime:0.001935s ]
SQL: SELECT * FROM `lxy_news` WHERE ( `news_category` = 2 ) ORDER BY news_time desc LIMIT 10   [ RunTime:0.001783s ]
SQL: SELECT * FROM `lxy_news` WHERE ( `news_category` = 3 ) ORDER BY news_time desc LIMIT 8   [ RunTime:0.001659s ]
SQL: SELECT * FROM `lxy_news` WHERE ( `news_category` = 4 ) ORDER BY news_time desc LIMIT 8   [ RunTime:0.001602s ]
SQL: SELECT * FROM `lxy_news` WHERE ( `news_category` = 5 ) ORDER BY news_time desc LIMIT 8   [ RunTime:0.001652s ]
SQL: SHOW COLUMNS FROM `lxy_pic` [ RunTime:0.000624s ]
SQL: SELECT * FROM `lxy_pic` ORDER BY pic_id desc LIMIT 3   [ RunTime:0.000170s ]
INFO: [ view_template ] --START--
INFO: Run LocationTemplate Behavior [ RunTime:0.000212s ]
INFO: [ view_template ] --END-- [ RunTime:0.000280s ]
INFO: [ view_parse ] --START--
NOTIC: [8] Undefined offset: 1 /webdocs/templete/fos/ThinkPHP/Lib/Driver/TagLib/TagLibCx.class.php 第 524 行.
NOTIC: [8] Undefined offset: 1 /webdocs/templete/fos/ThinkPHP/Lib/Driver/TagLib/TagLibCx.class.php 第 524 行.
NOTIC: [8] Undefined offset: 1 /webdocs/templete/fos/ThinkPHP/Lib/Driver/TagLib/TagLibCx.class.php 第 524 行.
NOTIC: [8] Undefined offset: 1 /webdocs/templete/fos/ThinkPHP/Lib/Driver/TagLib/TagLibCx.class.php 第 524 行.
NOTIC: [8] Undefined offset: 1 /webdocs/templete/fos/ThinkPHP/Lib/Driver/TagLib/TagLibCx.class.php 第 524 行.
NOTIC: [8] Undefined offset: 1 /webdocs/templete/fos/ThinkPHP/Lib/Driver/TagLib/TagLibCx.class.php 第 524 行.
NOTIC: [8] Use of undefined constant pic_path - assumed 'pic_path' /webdocs/templete/fos/Home/Runtime/Cache/7e4848229090366086cc7eeb3bfc0798.php 第 366 行.
NOTIC: [8] Use of undefined constant pic_path - assumed 'pic_path' /webdocs/templete/fos/Home/Runtime/Cache/7e4848229090366086cc7eeb3bfc0798.php 第 376 行.
NOTIC: [8] Use of undefined constant pic_path - assumed 'pic_path' /webdocs/templete/fos/Home/Runtime/Cache/7e4848229090366086cc7eeb3bfc0798.php 第 386 行.
NOTIC: [8] A session had already been started - ignoring session_start() /webdocs/templete/fos/Home/Runtime/Cache/7e4848229090366086cc7eeb3bfc0798.php 第 755 行.
INFO: Run ParseTemplate Behavior [ RunTime:0.016743s ]
INFO: [ view_parse ] --END-- [ RunTime:0.016794s ]
INFO: [ view_filter ] --START--
INFO: Run ContentReplace Behavior [ RunTime:0.000402s ]
INFO: Run TokenBuild Behavior [ RunTime:0.000216s ]
INFO: Run WriteHtmlCache Behavior [ RunTime:0.000123s ]
INFO: Run ShowRuntime Behavior [ RunTime:0.000263s ]
INFO: [ view_filter ] --END-- [ RunTime:0.001157s ]
INFO: [ view_end ] --START--
INFO: Run ShowPageTrace Behavior [ RunTime:0.000352s ]
INFO: [ view_end ] --END-- [ RunTime:0.000400s ]

[ 2016-06-02T08:29:24+08:00 ] ERR: (ThinkException) 模板不存在[./Home/Tpl/_Public__/js.html]
[ 2016-06-02T08:29:24+08:00 ] ERR: (ThinkException) 模板不存在[./Home/Tpl/_Public__/jslider.html]
[ 2016-06-02T08:30:14+08:00 ] 180.118.108.139 /fos/index.php/Index/bigevent
INFO: [ route_check ] --START--
INFO: Run CheckRoute Behavior [ RunTime:0.000499s ]
INFO: [ route_check ] --END-- [ RunTime:0.000574s ]
INFO: [ app_begin ] --START--
INFO: Run ReadHtmlCache Behavior [ RunTime:0.000301s ]
INFO: [ app_begin ] --END-- [ RunTime:0.000351s ]
NOTIC: [2048] Declaration of IndexAction::_empty() should be compatible with that of CommonAction::_empty() /webdocs/templete/fos/Home/Lib/Action/IndexAction.class.php 第 3 行.
SQL: SHOW COLUMNS FROM `lxy_info` [ RunTime:0.000875s ]
SQL: SELECT * FROM `lxy_info` WHERE ( `info_name` = 'visit_count' ) LIMIT 1   [ RunTime:0.000231s ]
INFO: [ view_template ] --START--
INFO: Run LocationTemplate Behavior [ RunTime:0.000186s ]
INFO: [ view_template ] --END-- [ RunTime:0.000237s ]
INFO: [ view_parse ] --START--
NOTIC: [8] Undefined offset: 1 /webdocs/templete/fos/ThinkPHP/Lib/Driver/TagLib/TagLibCx.class.php 第 524 行.
NOTIC: [8] Undefined offset: 1 /webdocs/templete/fos/ThinkPHP/Lib/Driver/TagLib/TagLibCx.class.php 第 524 行.
NOTIC: [8] Undefined offset: 1 /webdocs/templete/fos/ThinkPHP/Lib/Driver/TagLib/TagLibCx.class.php 第 524 行.
NOTIC: [8] Undefined offset: 1 /webdocs/templete/fos/ThinkPHP/Lib/Driver/TagLib/TagLibCx.class.php 第 524 行.
NOTIC: [8] Undefined offset: 1 /webdocs/templete/fos/ThinkPHP/Lib/Driver/TagLib/TagLibCx.class.php 第 524 行.
NOTIC: [8] Undefined offset: 1 /webdocs/templete/fos/ThinkPHP/Lib/Driver/TagLib/TagLibCx.class.php 第 524 行.
NOTIC: [8] A session had already been started - ignoring session_start() /webdocs/templete/fos/Home/Runtime/Cache/a71b59a704ecd78aa1c5451565335124.php 第 335 行.
INFO: Run ParseTemplate Behavior [ RunTime:0.021891s ]
INFO: [ view_parse ] --END-- [ RunTime:0.021938s ]
INFO: [ view_filter ] --START--
INFO: Run ContentReplace Behavior [ RunTime:0.000284s ]
INFO: Run TokenBuild Behavior [ RunTime:0.000230s ]
INFO: Run WriteHtmlCache Behavior [ RunTime:0.000120s ]
INFO: Run ShowRuntime Behavior [ RunTime:0.000251s ]
INFO: [ view_filter ] --END-- [ RunTime:0.001025s ]
INFO: [ view_end ] --START--
INFO: Run ShowPageTrace Behavior [ RunTime:0.000329s ]
INFO: [ view_end ] --END-- [ RunTime:0.000382s ]

[ 2016-06-02T08:30:20+08:00 ] 180.118.108.139 /fos/index.php/Index/saying
INFO: [ route_check ] --START--
INFO: Run CheckRoute Behavior [ RunTime:0.000472s ]
INFO: [ route_check ] --END-- [ RunTime:0.000551s ]
INFO: [ app_begin ] --START--
INFO: Run ReadHtmlCache Behavior [ RunTime:0.000297s ]
INFO: [ app_begin ] --END-- [ RunTime:0.000347s ]
NOTIC: [2048] Declaration of IndexAction::_empty() should be compatible with that of CommonAction::_empty() /webdocs/templete/fos/Home/Lib/Action/IndexAction.class.php 第 3 行.
SQL: SHOW COLUMNS FROM `lxy_info` [ RunTime:0.001124s ]
SQL: SELECT * FROM `lxy_info` WHERE ( `info_name` = 'visit_count' ) LIMIT 1   [ RunTime:0.000264s ]
INFO: [ view_template ] --START--
INFO: Run LocationTemplate Behavior [ RunTime:0.000328s ]
INFO: [ view_template ] --END-- [ RunTime:0.000451s ]
INFO: [ view_parse ] --START--
NOTIC: [8] Undefined offset: 1 /webdocs/templete/fos/ThinkPHP/Lib/Driver/TagLib/TagLibCx.class.php 第 524 行.
NOTIC: [8] Undefined offset: 1 /webdocs/templete/fos/ThinkPHP/Lib/Driver/TagLib/TagLibCx.class.php 第 524 行.
NOTIC: [8] Undefined offset: 1 /webdocs/templete/fos/ThinkPHP/Lib/Driver/TagLib/TagLibCx.class.php 第 524 行.
NOTIC: [8] Undefined offset: 1 /webdocs/templete/fos/ThinkPHP/Lib/Driver/TagLib/TagLibCx.class.php 第 524 行.
NOTIC: [8] Undefined offset: 1 /webdocs/templete/fos/ThinkPHP/Lib/Driver/TagLib/TagLibCx.class.php 第 524 行.
NOTIC: [8] Undefined offset: 1 /webdocs/templete/fos/ThinkPHP/Lib/Driver/TagLib/TagLibCx.class.php 第 524 行.
NOTIC: [8] A session had already been started - ignoring session_start() /webdocs/templete/fos/Home/Runtime/Cache/a36e7106124d3c67b6071ba9d15b7526.php 第 309 行.
INFO: Run ParseTemplate Behavior [ RunTime:0.010220s ]
INFO: [ view_parse ] --END-- [ RunTime:0.010273s ]
INFO: [ view_filter ] --START--
INFO: Run ContentReplace Behavior [ RunTime:0.000317s ]
INFO: Run TokenBuild Behavior [ RunTime:0.000468s ]
INFO: Run WriteHtmlCache Behavior [ RunTime:0.000119s ]
INFO: Run ShowRuntime Behavior [ RunTime:0.000247s ]
INFO: [ view_filter ] --END-- [ RunTime:0.001295s ]
INFO: [ view_end ] --START--
INFO: Run ShowPageTrace Behavior [ RunTime:0.000354s ]
INFO: [ view_end ] --END-- [ RunTime:0.000399s ]

[ 2016-06-02T08:30:23+08:00 ] 180.118.108.139 /fos/index.php/Index/organization
INFO: [ route_check ] --START--
INFO: Run CheckRoute Behavior [ RunTime:0.000475s ]
INFO: [ route_check ] --END-- [ RunTime:0.000548s ]
INFO: [ app_begin ] --START--
INFO: Run ReadHtmlCache Behavior [ RunTime:0.000331s ]
INFO: [ app_begin ] --END-- [ RunTime:0.000383s ]
NOTIC: [2048] Declaration of IndexAction::_empty() should be compatible with that of CommonAction::_empty() /webdocs/templete/fos/Home/Lib/Action/IndexAction.class.php 第 3 行.
SQL: SHOW COLUMNS FROM `lxy_info` [ RunTime:0.000847s ]
SQL: SELECT * FROM `lxy_info` WHERE ( `info_name` = 'visit_count' ) LIMIT 1   [ RunTime:0.000206s ]
INFO: [ view_template ] --START--
INFO: Run LocationTemplate Behavior [ RunTime:0.000189s ]
INFO: [ view_template ] --END-- [ RunTime:0.000240s ]
INFO: [ view_parse ] --START--
NOTIC: [8] Undefined offset: 1 /webdocs/templete/fos/ThinkPHP/Lib/Driver/TagLib/TagLibCx.class.php 第 524 行.
NOTIC: [8] Undefined offset: 1 /webdocs/templete/fos/ThinkPHP/Lib/Driver/TagLib/TagLibCx.class.php 第 524 行.
NOTIC: [8] Undefined offset: 1 /webdocs/templete/fos/ThinkPHP/Lib/Driver/TagLib/TagLibCx.class.php 第 524 行.
NOTIC: [8] Undefined offset: 1 /webdocs/templete/fos/ThinkPHP/Lib/Driver/TagLib/TagLibCx.class.php 第 524 行.
NOTIC: [8] Undefined offset: 1 /webdocs/templete/fos/ThinkPHP/Lib/Driver/TagLib/TagLibCx.class.php 第 524 行.
NOTIC: [8] Undefined offset: 1 /webdocs/templete/fos/ThinkPHP/Lib/Driver/TagLib/TagLibCx.class.php 第 524 行.
NOTIC: [8] A session had already been started - ignoring session_start() /webdocs/templete/fos/Home/Runtime/Cache/cbbfc3a8dd1fe525e90bc526d2df694c.php 第 413 行.
INFO: Run ParseTemplate Behavior [ RunTime:0.012663s ]
INFO: [ view_parse ] --END-- [ RunTime:0.012709s ]
INFO: [ view_filter ] --START--
INFO: Run ContentReplace Behavior [ RunTime:0.000321s ]
INFO: Run TokenBuild Behavior [ RunTime:0.000199s ]
INFO: Run WriteHtmlCache Behavior [ RunTime:0.000127s ]
INFO: Run ShowRuntime Behavior [ RunTime:0.000256s ]
INFO: [ view_filter ] --END-- [ RunTime:0.001071s ]
INFO: [ view_end ] --START--
INFO: Run ShowPageTrace Behavior [ RunTime:0.000343s ]
INFO: [ view_end ] --END-- [ RunTime:0.000388s ]

[ 2016-06-02T08:30:25+08:00 ] 180.118.108.139 /fos/index.php/Index/leader
INFO: [ route_check ] --START--
INFO: Run CheckRoute Behavior [ RunTime:0.000511s ]
INFO: [ route_check ] --END-- [ RunTime:0.000584s ]
INFO: [ app_begin ] --START--
INFO: Run ReadHtmlCache Behavior [ RunTime:0.000297s ]
INFO: [ app_begin ] --END-- [ RunTime:0.000347s ]
NOTIC: [2048] Declaration of IndexAction::_empty() should be compatible with that of CommonAction::_empty() /webdocs/templete/fos/Home/Lib/Action/IndexAction.class.php 第 3 行.
SQL: SHOW COLUMNS FROM `lxy_info` [ RunTime:0.000877s ]
SQL: SELECT * FROM `lxy_info` WHERE ( `info_name` = 'visit_count' ) LIMIT 1   [ RunTime:0.000212s ]
INFO: [ view_template ] --START--
INFO: Run LocationTemplate Behavior [ RunTime:0.000217s ]
INFO: [ view_template ] --END-- [ RunTime:0.000270s ]
INFO: [ view_parse ] --START--
NOTIC: [8] Undefined offset: 1 /webdocs/templete/fos/ThinkPHP/Lib/Driver/TagLib/TagLibCx.class.php 第 524 行.
NOTIC: [8] Undefined offset: 1 /webdocs/templete/fos/ThinkPHP/Lib/Driver/TagLib/TagLibCx.class.php 第 524 行.
NOTIC: [8] Undefined offset: 1 /webdocs/templete/fos/ThinkPHP/Lib/Driver/TagLib/TagLibCx.class.php 第 524 行.
NOTIC: [8] Undefined offset: 1 /webdocs/templete/fos/ThinkPHP/Lib/Driver/TagLib/TagLibCx.class.php 第 524 行.
NOTIC: [8] Undefined offset: 1 /webdocs/templete/fos/ThinkPHP/Lib/Driver/TagLib/TagLibCx.class.php 第 524 行.
NOTIC: [8] Undefined offset: 1 /webdocs/templete/fos/ThinkPHP/Lib/Driver/TagLib/TagLibCx.class.php 第 524 行.
NOTIC: [8] A session had already been started - ignoring session_start() /webdocs/templete/fos/Home/Runtime/Cache/f744799464f08542e10b8cd00749d4e1.php 第 317 行.
INFO: Run ParseTemplate Behavior [ RunTime:0.010534s ]
INFO: [ view_parse ] --END-- [ RunTime:0.010588s ]
INFO: [ view_filter ] --START--
INFO: Run ContentReplace Behavior [ RunTime:0.000355s ]
INFO: Run TokenBuild Behavior [ RunTime:0.000208s ]
INFO: Run WriteHtmlCache Behavior [ RunTime:0.000117s ]
INFO: Run ShowRuntime Behavior [ RunTime:0.000248s ]
INFO: [ view_filter ] --END-- [ RunTime:0.001068s ]
INFO: [ view_end ] --START--
INFO: Run ShowPageTrace Behavior [ RunTime:0.000357s ]
INFO: [ view_end ] --END-- [ RunTime:0.000403s ]

[ 2016-06-02T08:30:29+08:00 ] 180.118.108.139 /fos/index.php/Department/index
INFO: [ route_check ] --START--
INFO: Run CheckRoute Behavior [ RunTime:0.000553s ]
INFO: [ route_check ] --END-- [ RunTime:0.000645s ]
INFO: [ app_begin ] --START--
INFO: Run ReadHtmlCache Behavior [ RunTime:0.000390s ]
INFO: [ app_begin ] --END-- [ RunTime:0.000492s ]
SQL: SHOW COLUMNS FROM `lxy_info` [ RunTime:0.000873s ]
SQL: SELECT * FROM `lxy_info` WHERE ( `info_name` = 'visit_count' ) LIMIT 1   [ RunTime:0.000208s ]
SQL: SHOW COLUMNS FROM `lxy_department` [ RunTime:0.000572s ]
SQL: SELECT * FROM `lxy_department` ORDER BY department_id asc  [ RunTime:0.000346s ]
SQL: SELECT * FROM `lxy_department` WHERE ( `department_id` = 1 ) LIMIT 1   [ RunTime:0.000200s ]
INFO: [ view_template ] --START--
INFO: Run LocationTemplate Behavior [ RunTime:0.000190s ]
INFO: [ view_template ] --END-- [ RunTime:0.000240s ]
INFO: [ view_parse ] --START--
NOTIC: [8] Undefined offset: 1 /webdocs/templete/fos/ThinkPHP/Lib/Driver/TagLib/TagLibCx.class.php 第 524 行.
NOTIC: [8] Undefined offset: 1 /webdocs/templete/fos/ThinkPHP/Lib/Driver/TagLib/TagLibCx.class.php 第 524 行.
NOTIC: [8] Undefined offset: 1 /webdocs/templete/fos/ThinkPHP/Lib/Driver/TagLib/TagLibCx.class.php 第 524 行.
NOTIC: [8] Undefined offset: 1 /webdocs/templete/fos/ThinkPHP/Lib/Driver/TagLib/TagLibCx.class.php 第 524 行.
NOTIC: [8] Undefined offset: 1 /webdocs/templete/fos/ThinkPHP/Lib/Driver/TagLib/TagLibCx.class.php 第 524 行.
NOTIC: [8] Undefined offset: 1 /webdocs/templete/fos/ThinkPHP/Lib/Driver/TagLib/TagLibCx.class.php 第 524 行.
NOTIC: [8] A session had already been started - ignoring session_start() /webdocs/templete/fos/Home/Runtime/Cache/5c0bf6945a7d4022a0a25dd605c70cf8.php 第 315 行.
INFO: Run ParseTemplate Behavior [ RunTime:0.012381s ]
INFO: [ view_parse ] --END-- [ RunTime:0.012427s ]
INFO: [ view_filter ] --START--
INFO: Run ContentReplace Behavior [ RunTime:0.000292s ]
INFO: Run TokenBuild Behavior [ RunTime:0.000232s ]
INFO: Run WriteHtmlCache Behavior [ RunTime:0.000119s ]
INFO: Run ShowRuntime Behavior [ RunTime:0.000244s ]
INFO: [ view_filter ] --END-- [ RunTime:0.001056s ]
INFO: [ view_end ] --START--
INFO: Run ShowPageTrace Behavior [ RunTime:0.000331s ]
INFO: [ view_end ] --END-- [ RunTime:0.000377s ]

[ 2016-06-02T08:31:54+08:00 ] 180.118.108.139 /fos/index.php/Department/index/id/7
INFO: [ route_check ] --START--
INFO: Run CheckRoute Behavior [ RunTime:0.000499s ]
INFO: [ route_check ] --END-- [ RunTime:0.000571s ]
INFO: [ app_begin ] --START--
INFO: Run ReadHtmlCache Behavior [ RunTime:0.000316s ]
INFO: [ app_begin ] --END-- [ RunTime:0.000369s ]
SQL: SHOW COLUMNS FROM `lxy_info` [ RunTime:0.001101s ]
SQL: SELECT * FROM `lxy_info` WHERE ( `info_name` = 'visit_count' ) LIMIT 1   [ RunTime:0.000225s ]
SQL: SHOW COLUMNS FROM `lxy_department` [ RunTime:0.000675s ]
SQL: SELECT * FROM `lxy_department` ORDER BY department_id asc  [ RunTime:0.000305s ]
SQL: SELECT * FROM `lxy_department` WHERE ( `department_id` = 7 ) LIMIT 1   [ RunTime:0.000197s ]
INFO: [ view_template ] --START--
INFO: Run LocationTemplate Behavior [ RunTime:0.000222s ]
INFO: [ view_template ] --END-- [ RunTime:0.000274s ]
INFO: [ view_parse ] --START--
NOTIC: [8] Undefined offset: 1 /webdocs/templete/fos/ThinkPHP/Lib/Driver/TagLib/TagLibCx.class.php 第 524 行.
NOTIC: [8] Undefined offset: 1 /webdocs/templete/fos/ThinkPHP/Lib/Driver/TagLib/TagLibCx.class.php 第 524 行.
NOTIC: [8] Undefined offset: 1 /webdocs/templete/fos/ThinkPHP/Lib/Driver/TagLib/TagLibCx.class.php 第 524 行.
NOTIC: [8] Undefined offset: 1 /webdocs/templete/fos/ThinkPHP/Lib/Driver/TagLib/TagLibCx.class.php 第 524 行.
NOTIC: [8] Undefined offset: 1 /webdocs/templete/fos/ThinkPHP/Lib/Driver/TagLib/TagLibCx.class.php 第 524 行.
NOTIC: [8] Undefined offset: 1 /webdocs/templete/fos/ThinkPHP/Lib/Driver/TagLib/TagLibCx.class.php 第 524 行.
NOTIC: [8] A session had already been started - ignoring session_start() /webdocs/templete/fos/Home/Runtime/Cache/5c0bf6945a7d4022a0a25dd605c70cf8.php 第 315 行.
INFO: Run ParseTemplate Behavior [ RunTime:0.009338s ]
INFO: [ view_parse ] --END-- [ RunTime:0.009384s ]
INFO: [ view_filter ] --START--
INFO: Run ContentReplace Behavior [ RunTime:0.000296s ]
INFO: Run TokenBuild Behavior [ RunTime:0.000225s ]
INFO: Run WriteHtmlCache Behavior [ RunTime:0.000120s ]
INFO: Run ShowRuntime Behavior [ RunTime:0.000254s ]
INFO: [ view_filter ] --END-- [ RunTime:0.001032s ]
INFO: [ view_end ] --START--
INFO: Run ShowPageTrace Behavior [ RunTime:0.000350s ]
INFO: [ view_end ] --END-- [ RunTime:0.000397s ]

[ 2016-06-02T13:54:19+08:00 ] 114.229.51.222 /fos/
INFO: [ app_begin ] --START--
INFO: Run ReadHtmlCache Behavior [ RunTime:0.000335s ]
INFO: [ app_begin ] --END-- [ RunTime:0.000406s ]
NOTIC: [2048] Declaration of IndexAction::_empty() should be compatible with that of CommonAction::_empty() /webdocs/templete/fos/Home/Lib/Action/IndexAction.class.php 第 3 行.
SQL: SHOW COLUMNS FROM `lxy_info` [ RunTime:0.000846s ]
SQL: SELECT * FROM `lxy_info` WHERE ( `info_name` = 'visit_count' ) LIMIT 1   [ RunTime:0.000239s ]
SQL: SELECT * FROM `lxy_info` WHERE ( `info_name` = 'visit_count' ) LIMIT 1   [ RunTime:0.000159s ]
SQL: UPDATE `lxy_info` SET `info_int`=545087 WHERE ( `info_name` = 'visit_count' ) [ RunTime:0.000178s ]
SQL: SHOW COLUMNS FROM `lxy_news` [ RunTime:0.000604s ]
SQL: SELECT * FROM `lxy_news` WHERE ( `news_category` = 1 ) ORDER BY news_time desc LIMIT 10   [ RunTime:0.001904s ]
SQL: SELECT * FROM `lxy_news` WHERE ( `news_category` = 2 ) ORDER BY news_time desc LIMIT 10   [ RunTime:0.001774s ]
SQL: SELECT * FROM `lxy_news` WHERE ( `news_category` = 3 ) ORDER BY news_time desc LIMIT 8   [ RunTime:0.001644s ]
SQL: SELECT * FROM `lxy_news` WHERE ( `news_category` = 4 ) ORDER BY news_time desc LIMIT 8   [ RunTime:0.001584s ]
SQL: SELECT * FROM `lxy_news` WHERE ( `news_category` = 5 ) ORDER BY news_time desc LIMIT 8   [ RunTime:0.001584s ]
SQL: SHOW COLUMNS FROM `lxy_pic` [ RunTime:0.000687s ]
SQL: SELECT * FROM `lxy_pic` ORDER BY pic_id desc LIMIT 3   [ RunTime:0.000170s ]
INFO: [ view_template ] --START--
INFO: Run LocationTemplate Behavior [ RunTime:0.000281s ]
INFO: [ view_template ] --END-- [ RunTime:0.000338s ]
INFO: [ view_parse ] --START--
NOTIC: [8] Undefined offset: 1 /webdocs/templete/fos/ThinkPHP/Lib/Driver/TagLib/TagLibCx.class.php 第 524 行.
NOTIC: [8] Undefined offset: 1 /webdocs/templete/fos/ThinkPHP/Lib/Driver/TagLib/TagLibCx.class.php 第 524 行.
NOTIC: [8] Undefined offset: 1 /webdocs/templete/fos/ThinkPHP/Lib/Driver/TagLib/TagLibCx.class.php 第 524 行.
NOTIC: [8] Undefined offset: 1 /webdocs/templete/fos/ThinkPHP/Lib/Driver/TagLib/TagLibCx.class.php 第 524 行.
NOTIC: [8] Undefined offset: 1 /webdocs/templete/fos/ThinkPHP/Lib/Driver/TagLib/TagLibCx.class.php 第 524 行.
NOTIC: [8] Undefined offset: 1 /webdocs/templete/fos/ThinkPHP/Lib/Driver/TagLib/TagLibCx.class.php 第 524 行.
NOTIC: [8] Use of undefined constant pic_path - assumed 'pic_path' /webdocs/templete/fos/Home/Runtime/Cache/7e4848229090366086cc7eeb3bfc0798.php 第 366 行.
NOTIC: [8] Use of undefined constant pic_path - assumed 'pic_path' /webdocs/templete/fos/Home/Runtime/Cache/7e4848229090366086cc7eeb3bfc0798.php 第 376 行.
NOTIC: [8] Use of undefined constant pic_path - assumed 'pic_path' /webdocs/templete/fos/Home/Runtime/Cache/7e4848229090366086cc7eeb3bfc0798.php 第 386 行.
NOTIC: [8] A session had already been started - ignoring session_start() /webdocs/templete/fos/Home/Runtime/Cache/7e4848229090366086cc7eeb3bfc0798.php 第 755 行.
INFO: Run ParseTemplate Behavior [ RunTime:0.016496s ]
INFO: [ view_parse ] --END-- [ RunTime:0.016556s ]
INFO: [ view_filter ] --START--
INFO: Run ContentReplace Behavior [ RunTime:0.000396s ]
INFO: Run TokenBuild Behavior [ RunTime:0.000238s ]
INFO: Run WriteHtmlCache Behavior [ RunTime:0.000123s ]
INFO: Run ShowRuntime Behavior [ RunTime:0.000265s ]
INFO: [ view_filter ] --END-- [ RunTime:0.001164s ]
INFO: [ view_end ] --START--
INFO: Run ShowPageTrace Behavior [ RunTime:0.000327s ]
INFO: [ view_end ] --END-- [ RunTime:0.000372s ]

[ 2016-06-02T13:54:19+08:00 ] ERR: (ThinkException) 模板不存在[./Home/Tpl/_Public__/js.html]
[ 2016-06-02T13:54:19+08:00 ] ERR: (ThinkException) 模板不存在[./Home/Tpl/_Public__/jslider.html]
[ 2016-06-02T14:55:15+08:00 ] 106.114.180.213 /fos/
INFO: [ app_begin ] --START--
INFO: Run ReadHtmlCache Behavior [ RunTime:0.000303s ]
INFO: [ app_begin ] --END-- [ RunTime:0.000372s ]
NOTIC: [2048] Declaration of IndexAction::_empty() should be compatible with that of CommonAction::_empty() /webdocs/templete/fos/Home/Lib/Action/IndexAction.class.php 第 3 行.
SQL: SHOW COLUMNS FROM `lxy_info` [ RunTime:0.000852s ]
SQL: SELECT * FROM `lxy_info` WHERE ( `info_name` = 'visit_count' ) LIMIT 1   [ RunTime:0.000207s ]
SQL: SELECT * FROM `lxy_info` WHERE ( `info_name` = 'visit_count' ) LIMIT 1   [ RunTime:0.000163s ]
SQL: UPDATE `lxy_info` SET `info_int`=545088 WHERE ( `info_name` = 'visit_count' ) [ RunTime:0.000181s ]
SQL: SHOW COLUMNS FROM `lxy_news` [ RunTime:0.000612s ]
SQL: SELECT * FROM `lxy_news` WHERE ( `news_category` = 1 ) ORDER BY news_time desc LIMIT 10   [ RunTime:0.001980s ]
SQL: SELECT * FROM `lxy_news` WHERE ( `news_category` = 2 ) ORDER BY news_time desc LIMIT 10   [ RunTime:0.001787s ]
SQL: SELECT * FROM `lxy_news` WHERE ( `news_category` = 3 ) ORDER BY news_time desc LIMIT 8   [ RunTime:0.001652s ]
SQL: SELECT * FROM `lxy_news` WHERE ( `news_category` = 4 ) ORDER BY news_time desc LIMIT 8   [ RunTime:0.001604s ]
SQL: SELECT * FROM `lxy_news` WHERE ( `news_category` = 5 ) ORDER BY news_time desc LIMIT 8   [ RunTime:0.001590s ]
SQL: SHOW COLUMNS FROM `lxy_pic` [ RunTime:0.000569s ]
SQL: SELECT * FROM `lxy_pic` ORDER BY pic_id desc LIMIT 3   [ RunTime:0.000192s ]
INFO: [ view_template ] --START--
INFO: Run LocationTemplate Behavior [ RunTime:0.000209s ]
INFO: [ view_template ] --END-- [ RunTime:0.000263s ]
INFO: [ view_parse ] --START--
NOTIC: [8] Undefined offset: 1 /webdocs/templete/fos/ThinkPHP/Lib/Driver/TagLib/TagLibCx.class.php 第 524 行.
NOTIC: [8] Undefined offset: 1 /webdocs/templete/fos/ThinkPHP/Lib/Driver/TagLib/TagLibCx.class.php 第 524 行.
NOTIC: [8] Undefined offset: 1 /webdocs/templete/fos/ThinkPHP/Lib/Driver/TagLib/TagLibCx.class.php 第 524 行.
NOTIC: [8] Undefined offset: 1 /webdocs/templete/fos/ThinkPHP/Lib/Driver/TagLib/TagLibCx.class.php 第 524 行.
NOTIC: [8] Undefined offset: 1 /webdocs/templete/fos/ThinkPHP/Lib/Driver/TagLib/TagLibCx.class.php 第 524 行.
NOTIC: [8] Undefined offset: 1 /webdocs/templete/fos/ThinkPHP/Lib/Driver/TagLib/TagLibCx.class.php 第 524 行.
NOTIC: [8] Use of undefined constant pic_path - assumed 'pic_path' /webdocs/templete/fos/Home/Runtime/Cache/7e4848229090366086cc7eeb3bfc0798.php 第 366 行.
NOTIC: [8] Use of undefined constant pic_path - assumed 'pic_path' /webdocs/templete/fos/Home/Runtime/Cache/7e4848229090366086cc7eeb3bfc0798.php 第 376 行.
NOTIC: [8] Use of undefined constant pic_path - assumed 'pic_path' /webdocs/templete/fos/Home/Runtime/Cache/7e4848229090366086cc7eeb3bfc0798.php 第 386 行.
NOTIC: [8] A session had already been started - ignoring session_start() /webdocs/templete/fos/Home/Runtime/Cache/7e4848229090366086cc7eeb3bfc0798.php 第 755 行.
INFO: Run ParseTemplate Behavior [ RunTime:0.016886s ]
INFO: [ view_parse ] --END-- [ RunTime:0.016941s ]
INFO: [ view_filter ] --START--
INFO: Run ContentReplace Behavior [ RunTime:0.000388s ]
INFO: Run TokenBuild Behavior [ RunTime:0.000236s ]
INFO: Run WriteHtmlCache Behavior [ RunTime:0.000123s ]
INFO: Run ShowRuntime Behavior [ RunTime:0.000269s ]
INFO: [ view_filter ] --END-- [ RunTime:0.001207s ]
INFO: [ view_end ] --START--
INFO: Run ShowPageTrace Behavior [ RunTime:0.000348s ]
INFO: [ view_end ] --END-- [ RunTime:0.000396s ]

[ 2016-06-02T14:55:16+08:00 ] ERR: (ThinkException) 模板不存在[./Home/Tpl/_Public__/js.html]
[ 2016-06-02T14:55:16+08:00 ] ERR: (ThinkException) 模板不存在[./Home/Tpl/_Public__/jslider.html]
[ 2016-06-02T15:02:20+08:00 ] 106.114.180.213 /fos/
INFO: [ app_begin ] --START--
INFO: Run ReadHtmlCache Behavior [ RunTime:0.000305s ]
INFO: [ app_begin ] --END-- [ RunTime:0.000379s ]
NOTIC: [2048] Declaration of IndexAction::_empty() should be compatible with that of CommonAction::_empty() /webdocs/templete/fos/Home/Lib/Action/IndexAction.class.php 第 3 行.
SQL: SHOW COLUMNS FROM `lxy_info` [ RunTime:0.001111s ]
SQL: SELECT * FROM `lxy_info` WHERE ( `info_name` = 'visit_count' ) LIMIT 1   [ RunTime:0.000258s ]
SQL: SELECT * FROM `lxy_info` WHERE ( `info_name` = 'visit_count' ) LIMIT 1   [ RunTime:0.000163s ]
SQL: UPDATE `lxy_info` SET `info_int`=545089 WHERE ( `info_name` = 'visit_count' ) [ RunTime:0.000187s ]
SQL: SHOW COLUMNS FROM `lxy_news` [ RunTime:0.000597s ]
SQL: SELECT * FROM `lxy_news` WHERE ( `news_category` = 1 ) ORDER BY news_time desc LIMIT 10   [ RunTime:0.001914s ]
SQL: SELECT * FROM `lxy_news` WHERE ( `news_category` = 2 ) ORDER BY news_time desc LIMIT 10   [ RunTime:0.001750s ]
SQL: SELECT * FROM `lxy_news` WHERE ( `news_category` = 3 ) ORDER BY news_time desc LIMIT 8   [ RunTime:0.001614s ]
SQL: SELECT * FROM `lxy_news` WHERE ( `news_category` = 4 ) ORDER BY news_time desc LIMIT 8   [ RunTime:0.001578s ]
SQL: SELECT * FROM `lxy_news` WHERE ( `news_category` = 5 ) ORDER BY news_time desc LIMIT 8   [ RunTime:0.001584s ]
SQL: SHOW COLUMNS FROM `lxy_pic` [ RunTime:0.000590s ]
SQL: SELECT * FROM `lxy_pic` ORDER BY pic_id desc LIMIT 3   [ RunTime:0.000171s ]
INFO: [ view_template ] --START--
INFO: Run LocationTemplate Behavior [ RunTime:0.000299s ]
INFO: [ view_template ] --END-- [ RunTime:0.000357s ]
INFO: [ view_parse ] --START--
NOTIC: [8] Undefined offset: 1 /webdocs/templete/fos/ThinkPHP/Lib/Driver/TagLib/TagLibCx.class.php 第 524 行.
NOTIC: [8] Undefined offset: 1 /webdocs/templete/fos/ThinkPHP/Lib/Driver/TagLib/TagLibCx.class.php 第 524 行.
NOTIC: [8] Undefined offset: 1 /webdocs/templete/fos/ThinkPHP/Lib/Driver/TagLib/TagLibCx.class.php 第 524 行.
NOTIC: [8] Undefined offset: 1 /webdocs/templete/fos/ThinkPHP/Lib/Driver/TagLib/TagLibCx.class.php 第 524 行.
NOTIC: [8] Undefined offset: 1 /webdocs/templete/fos/ThinkPHP/Lib/Driver/TagLib/TagLibCx.class.php 第 524 行.
NOTIC: [8] Undefined offset: 1 /webdocs/templete/fos/ThinkPHP/Lib/Driver/TagLib/TagLibCx.class.php 第 524 行.
NOTIC: [8] Use of undefined constant pic_path - assumed 'pic_path' /webdocs/templete/fos/Home/Runtime/Cache/7e4848229090366086cc7eeb3bfc0798.php 第 366 行.
NOTIC: [8] Use of undefined constant pic_path - assumed 'pic_path' /webdocs/templete/fos/Home/Runtime/Cache/7e4848229090366086cc7eeb3bfc0798.php 第 376 行.
NOTIC: [8] Use of undefined constant pic_path - assumed 'pic_path' /webdocs/templete/fos/Home/Runtime/Cache/7e4848229090366086cc7eeb3bfc0798.php 第 386 行.
NOTIC: [8] A session had already been started - ignoring session_start() /webdocs/templete/fos/Home/Runtime/Cache/7e4848229090366086cc7eeb3bfc0798.php 第 755 行.
INFO: Run ParseTemplate Behavior [ RunTime:0.016850s ]
INFO: [ view_parse ] --END-- [ RunTime:0.016899s ]
INFO: [ view_filter ] --START--
INFO: Run ContentReplace Behavior [ RunTime:0.000408s ]
INFO: Run TokenBuild Behavior [ RunTime:0.000215s ]
INFO: Run WriteHtmlCache Behavior [ RunTime:0.000134s ]
INFO: Run ShowRuntime Behavior [ RunTime:0.000263s ]
INFO: [ view_filter ] --END-- [ RunTime:0.001177s ]
INFO: [ view_end ] --START--
INFO: Run ShowPageTrace Behavior [ RunTime:0.000345s ]
INFO: [ view_end ] --END-- [ RunTime:0.000392s ]

[ 2016-06-02T15:02:20+08:00 ] ERR: (ThinkException) 模板不存在[./Home/Tpl/_Public__/jslider.html]
[ 2016-06-02T15:02:20+08:00 ] ERR: (ThinkException) 模板不存在[./Home/Tpl/_Public__/js.html]
[ 2016-06-02T15:02:22+08:00 ] 106.114.180.213 /fos/
INFO: [ app_begin ] --START--
INFO: Run ReadHtmlCache Behavior [ RunTime:0.000308s ]
INFO: [ app_begin ] --END-- [ RunTime:0.000377s ]
NOTIC: [2048] Declaration of IndexAction::_empty() should be compatible with that of CommonAction::_empty() /webdocs/templete/fos/Home/Lib/Action/IndexAction.class.php 第 3 行.
SQL: SHOW COLUMNS FROM `lxy_info` [ RunTime:0.000880s ]
SQL: SELECT * FROM `lxy_info` WHERE ( `info_name` = 'visit_count' ) LIMIT 1   [ RunTime:0.000207s ]
SQL: SELECT * FROM `lxy_info` WHERE ( `info_name` = 'visit_count' ) LIMIT 1   [ RunTime:0.000199s ]
SQL: UPDATE `lxy_info` SET `info_int`=545090 WHERE ( `info_name` = 'visit_count' ) [ RunTime:0.000183s ]
SQL: SHOW COLUMNS FROM `lxy_news` [ RunTime:0.000610s ]
SQL: SELECT * FROM `lxy_news` WHERE ( `news_category` = 1 ) ORDER BY news_time desc LIMIT 10   [ RunTime:0.001935s ]
SQL: SELECT * FROM `lxy_news` WHERE ( `news_category` = 2 ) ORDER BY news_time desc LIMIT 10   [ RunTime:0.001803s ]
SQL: SELECT * FROM `lxy_news` WHERE ( `news_category` = 3 ) ORDER BY news_time desc LIMIT 8   [ RunTime:0.001667s ]
SQL: SELECT * FROM `lxy_news` WHERE ( `news_category` = 4 ) ORDER BY news_time desc LIMIT 8   [ RunTime:0.001599s ]
SQL: SELECT * FROM `lxy_news` WHERE ( `news_category` = 5 ) ORDER BY news_time desc LIMIT 8   [ RunTime:0.001858s ]
SQL: SHOW COLUMNS FROM `lxy_pic` [ RunTime:0.000583s ]
SQL: SELECT * FROM `lxy_pic` ORDER BY pic_id desc LIMIT 3   [ RunTime:0.000216s ]
INFO: [ view_template ] --START--
INFO: Run LocationTemplate Behavior [ RunTime:0.000205s ]
INFO: [ view_template ] --END-- [ RunTime:0.000259s ]
INFO: [ view_parse ] --START--
NOTIC: [8] Undefined offset: 1 /webdocs/templete/fos/ThinkPHP/Lib/Driver/TagLib/TagLibCx.class.php 第 524 行.
NOTIC: [8] Undefined offset: 1 /webdocs/templete/fos/ThinkPHP/Lib/Driver/TagLib/TagLibCx.class.php 第 524 行.
NOTIC: [8] Undefined offset: 1 /webdocs/templete/fos/ThinkPHP/Lib/Driver/TagLib/TagLibCx.class.php 第 524 行.
NOTIC: [8] Undefined offset: 1 /webdocs/templete/fos/ThinkPHP/Lib/Driver/TagLib/TagLibCx.class.php 第 524 行.
NOTIC: [8] Undefined offset: 1 /webdocs/templete/fos/ThinkPHP/Lib/Driver/TagLib/TagLibCx.class.php 第 524 行.
NOTIC: [8] Undefined offset: 1 /webdocs/templete/fos/ThinkPHP/Lib/Driver/TagLib/TagLibCx.class.php 第 524 行.
NOTIC: [8] Use of undefined constant pic_path - assumed 'pic_path' /webdocs/templete/fos/Home/Runtime/Cache/7e4848229090366086cc7eeb3bfc0798.php 第 366 行.
NOTIC: [8] Use of undefined constant pic_path - assumed 'pic_path' /webdocs/templete/fos/Home/Runtime/Cache/7e4848229090366086cc7eeb3bfc0798.php 第 376 行.
NOTIC: [8] Use of undefined constant pic_path - assumed 'pic_path' /webdocs/templete/fos/Home/Runtime/Cache/7e4848229090366086cc7eeb3bfc0798.php 第 386 行.
NOTIC: [8] A session had already been started - ignoring session_start() /webdocs/templete/fos/Home/Runtime/Cache/7e4848229090366086cc7eeb3bfc0798.php 第 755 行.
INFO: Run ParseTemplate Behavior [ RunTime:0.023645s ]
INFO: [ view_parse ] --END-- [ RunTime:0.023703s ]
INFO: [ view_filter ] --START--
INFO: Run ContentReplace Behavior [ RunTime:0.000406s ]
INFO: Run TokenBuild Behavior [ RunTime:0.000210s ]
INFO: Run WriteHtmlCache Behavior [ RunTime:0.000146s ]
INFO: Run ShowRuntime Behavior [ RunTime:0.000266s ]
INFO: [ view_filter ] --END-- [ RunTime:0.001179s ]
INFO: [ view_end ] --START--
INFO: Run ShowPageTrace Behavior [ RunTime:0.000401s ]
INFO: [ view_end ] --END-- [ RunTime:0.000449s ]

[ 2016-06-02T15:02:22+08:00 ] ERR: (ThinkException) 模板不存在[./Home/Tpl/_Public__/js.html]
[ 2016-06-02T15:02:22+08:00 ] ERR: (ThinkException) 模板不存在[./Home/Tpl/_Public__/jslider.html]
[ 2016-06-02T15:03:21+08:00 ] 114.229.51.222 /fos/index.php
INFO: [ app_begin ] --START--
INFO: Run ReadHtmlCache Behavior [ RunTime:0.000297s ]
INFO: [ app_begin ] --END-- [ RunTime:0.000365s ]
NOTIC: [2048] Declaration of IndexAction::_empty() should be compatible with that of CommonAction::_empty() /webdocs/templete/fos/Home/Lib/Action/IndexAction.class.php 第 3 行.
SQL: SHOW COLUMNS FROM `lxy_info` [ RunTime:0.000871s ]
SQL: SELECT * FROM `lxy_info` WHERE ( `info_name` = 'visit_count' ) LIMIT 1   [ RunTime:0.000204s ]
SQL: SELECT * FROM `lxy_info` WHERE ( `info_name` = 'visit_count' ) LIMIT 1   [ RunTime:0.000157s ]
SQL: UPDATE `lxy_info` SET `info_int`=545091 WHERE ( `info_name` = 'visit_count' ) [ RunTime:0.000183s ]
SQL: SHOW COLUMNS FROM `lxy_news` [ RunTime:0.000580s ]
SQL: SELECT * FROM `lxy_news` WHERE ( `news_category` = 1 ) ORDER BY news_time desc LIMIT 10   [ RunTime:0.001902s ]
SQL: SELECT * FROM `lxy_news` WHERE ( `news_category` = 2 ) ORDER BY news_time desc LIMIT 10   [ RunTime:0.001843s ]
SQL: SELECT * FROM `lxy_news` WHERE ( `news_category` = 3 ) ORDER BY news_time desc LIMIT 8   [ RunTime:0.001911s ]
SQL: SELECT * FROM `lxy_news` WHERE ( `news_category` = 4 ) ORDER BY news_time desc LIMIT 8   [ RunTime:0.001630s ]
SQL: SELECT * FROM `lxy_news` WHERE ( `news_category` = 5 ) ORDER BY news_time desc LIMIT 8   [ RunTime:0.001573s ]
SQL: SHOW COLUMNS FROM `lxy_pic` [ RunTime:0.000740s ]
SQL: SELECT * FROM `lxy_pic` ORDER BY pic_id desc LIMIT 3   [ RunTime:0.000173s ]
INFO: [ view_template ] --START--
INFO: Run LocationTemplate Behavior [ RunTime:0.000276s ]
INFO: [ view_template ] --END-- [ RunTime:0.000335s ]
INFO: [ view_parse ] --START--
NOTIC: [8] Undefined offset: 1 /webdocs/templete/fos/ThinkPHP/Lib/Driver/TagLib/TagLibCx.class.php 第 524 行.
NOTIC: [8] Undefined offset: 1 /webdocs/templete/fos/ThinkPHP/Lib/Driver/TagLib/TagLibCx.class.php 第 524 行.
NOTIC: [8] Undefined offset: 1 /webdocs/templete/fos/ThinkPHP/Lib/Driver/TagLib/TagLibCx.class.php 第 524 行.
NOTIC: [8] Undefined offset: 1 /webdocs/templete/fos/ThinkPHP/Lib/Driver/TagLib/TagLibCx.class.php 第 524 行.
NOTIC: [8] Undefined offset: 1 /webdocs/templete/fos/ThinkPHP/Lib/Driver/TagLib/TagLibCx.class.php 第 524 行.
NOTIC: [8] Undefined offset: 1 /webdocs/templete/fos/ThinkPHP/Lib/Driver/TagLib/TagLibCx.class.php 第 524 行.
NOTIC: [8] Use of undefined constant pic_path - assumed 'pic_path' /webdocs/templete/fos/Home/Runtime/Cache/7e4848229090366086cc7eeb3bfc0798.php 第 366 行.
NOTIC: [8] Use of undefined constant pic_path - assumed 'pic_path' /webdocs/templete/fos/Home/Runtime/Cache/7e4848229090366086cc7eeb3bfc0798.php 第 376 行.
NOTIC: [8] Use of undefined constant pic_path - assumed 'pic_path' /webdocs/templete/fos/Home/Runtime/Cache/7e4848229090366086cc7eeb3bfc0798.php 第 386 行.
NOTIC: [8] A session had already been started - ignoring session_start() /webdocs/templete/fos/Home/Runtime/Cache/7e4848229090366086cc7eeb3bfc0798.php 第 755 行.
INFO: Run ParseTemplate Behavior [ RunTime:0.016529s ]
INFO: [ view_parse ] --END-- [ RunTime:0.016585s ]
INFO: [ view_filter ] --START--
INFO: Run ContentReplace Behavior [ RunTime:0.000387s ]
INFO: Run TokenBuild Behavior [ RunTime:0.000210s ]
INFO: Run WriteHtmlCache Behavior [ RunTime:0.000144s ]
INFO: Run ShowRuntime Behavior [ RunTime:0.000263s ]
INFO: [ view_filter ] --END-- [ RunTime:0.001146s ]
INFO: [ view_end ] --START--
INFO: Run ShowPageTrace Behavior [ RunTime:0.000320s ]
INFO: [ view_end ] --END-- [ RunTime:0.000366s ]

[ 2016-06-02T15:03:21+08:00 ] ERR: (ThinkException) 模板不存在[./Home/Tpl/_Public__/jslider.html]
[ 2016-06-02T15:03:21+08:00 ] ERR: (ThinkException) 模板不存在[./Home/Tpl/_Public__/js.html]
[ 2016-06-02T15:03:34+08:00 ] ERR: (ThinkException) 模板不存在[./Home/Tpl/_Public__/jslider.html]
[ 2016-06-02T15:03:34+08:00 ] ERR: (ThinkException) 模板不存在[./Home/Tpl/_Public__/js.html]
[ 2016-06-02T15:03:40+08:00 ] 114.229.51.222 /fos/index.php/Teacher/index
INFO: [ route_check ] --START--
INFO: Run CheckRoute Behavior [ RunTime:0.000548s ]
INFO: [ route_check ] --END-- [ RunTime:0.000620s ]
INFO: [ app_begin ] --START--
INFO: Run ReadHtmlCache Behavior [ RunTime:0.000342s ]
INFO: [ app_begin ] --END-- [ RunTime:0.000416s ]
NOTIC: [2048] Declaration of TeacherAction::show() should be compatible with that of Action::show() /webdocs/templete/fos/Home/Lib/Action/TeacherAction.class.php 第 3 行.
SQL: SHOW COLUMNS FROM `lxy_info` [ RunTime:0.000862s ]
SQL: SELECT * FROM `lxy_info` WHERE ( `info_name` = 'visit_count' ) LIMIT 1   [ RunTime:0.000205s ]
SQL: SHOW COLUMNS FROM `lxy_department` [ RunTime:0.000595s ]
SQL: SELECT * FROM `lxy_department`  [ RunTime:0.000272s ]
SQL: SHOW COLUMNS FROM `lxy_person` [ RunTime:0.001145s ]
SQL: SELECT `person_id` AS `id`,`person_name` AS `name`,`person_desc` AS `desc` FROM `lxy_person` WHERE ( `person_department` = 1 ) ORDER BY person_pinyin asc  [ RunTime:0.000549s ]
SQL: SELECT `person_id` AS `id`,`person_name` AS `name`,`person_desc` AS `desc` FROM `lxy_person` WHERE ( `person_department` = 2 ) ORDER BY person_pinyin asc  [ RunTime:0.000374s ]
SQL: SELECT `person_id` AS `id`,`person_name` AS `name`,`person_desc` AS `desc` FROM `lxy_person` WHERE ( `person_department` = 3 ) ORDER BY person_pinyin asc  [ RunTime:0.000372s ]
SQL: SELECT `person_id` AS `id`,`person_name` AS `name`,`person_desc` AS `desc` FROM `lxy_person` WHERE ( `person_department` = 4 ) ORDER BY person_pinyin asc  [ RunTime:0.000334s ]
SQL: SELECT `person_id` AS `id`,`person_name` AS `name`,`person_desc` AS `desc` FROM `lxy_person` WHERE ( `person_department` = 5 ) ORDER BY person_pinyin asc  [ RunTime:0.000363s ]
SQL: SELECT `person_id` AS `id`,`person_name` AS `name`,`person_desc` AS `desc` FROM `lxy_person` WHERE ( `person_department` = 6 ) ORDER BY person_pinyin asc  [ RunTime:0.000389s ]
SQL: SELECT `person_id` AS `id`,`person_name` AS `name`,`person_desc` AS `desc` FROM `lxy_person` WHERE ( `person_department` = 7 ) ORDER BY person_pinyin asc  [ RunTime:0.000335s ]
INFO: [ view_template ] --START--
INFO: Run LocationTemplate Behavior [ RunTime:0.000296s ]
INFO: [ view_template ] --END-- [ RunTime:0.000351s ]
INFO: [ view_parse ] --START--
NOTIC: [8] Undefined offset: 1 /webdocs/templete/fos/ThinkPHP/Lib/Driver/TagLib/TagLibCx.class.php 第 524 行.
NOTIC: [8] Undefined offset: 1 /webdocs/templete/fos/ThinkPHP/Lib/Driver/TagLib/TagLibCx.class.php 第 524 行.
NOTIC: [8] Undefined offset: 1 /webdocs/templete/fos/ThinkPHP/Lib/Driver/TagLib/TagLibCx.class.php 第 524 行.
NOTIC: [8] Undefined offset: 1 /webdocs/templete/fos/ThinkPHP/Lib/Driver/TagLib/TagLibCx.class.php 第 524 行.
NOTIC: [8] Undefined offset: 1 /webdocs/templete/fos/ThinkPHP/Lib/Driver/TagLib/TagLibCx.class.php 第 524 行.
NOTIC: [8] Undefined offset: 1 /webdocs/templete/fos/ThinkPHP/Lib/Driver/TagLib/TagLibCx.class.php 第 524 行.
NOTIC: [8] Undefined variable: title /webdocs/templete/fos/Home/Runtime/Cache/0e90bc4e76ab602cb9f3c812c5c18b7a.php 第 307 行.
NOTIC: [8] Use of undefined constant count - assumed 'count' /webdocs/templete/fos/Home/Runtime/Cache/0e90bc4e76ab602cb9f3c812c5c18b7a.php 第 329 行.
NOTIC: [8] Use of undefined constant count - assumed 'count' /webdocs/templete/fos/Home/Runtime/Cache/0e90bc4e76ab602cb9f3c812c5c18b7a.php 第 329 行.
NOTIC: [8] Use of undefined constant count - assumed 'count' /webdocs/templete/fos/Home/Runtime/Cache/0e90bc4e76ab602cb9f3c812c5c18b7a.php 第 329 行.
NOTIC: [8] Use of undefined constant count - assumed 'count' /webdocs/templete/fos/Home/Runtime/Cache/0e90bc4e76ab602cb9f3c812c5c18b7a.php 第 329 行.
NOTIC: [8] Use of undefined constant count - assumed 'count' /webdocs/templete/fos/Home/Runtime/Cache/0e90bc4e76ab602cb9f3c812c5c18b7a.php 第 329 行.
NOTIC: [8] Use of undefined constant count - assumed 'count' /webdocs/templete/fos/Home/Runtime/Cache/0e90bc4e76ab602cb9f3c812c5c18b7a.php 第 329 行.
NOTIC: [8] Use of undefined constant count - assumed 'count' /webdocs/templete/fos/Home/Runtime/Cache/0e90bc4e76ab602cb9f3c812c5c18b7a.php 第 329 行.
NOTIC: [8] A session had already been started - ignoring session_start() /webdocs/templete/fos/Home/Runtime/Cache/0e90bc4e76ab602cb9f3c812c5c18b7a.php 第 349 行.
INFO: Run ParseTemplate Behavior [ RunTime:0.015739s ]
INFO: [ view_parse ] --END-- [ RunTime:0.015811s ]
INFO: [ view_filter ] --START--
INFO: Run ContentReplace Behavior [ RunTime:0.000369s ]
INFO: Run TokenBuild Behavior [ RunTime:0.000269s ]
INFO: Run WriteHtmlCache Behavior [ RunTime:0.000119s ]
INFO: Run ShowRuntime Behavior [ RunTime:0.000283s ]
INFO: [ view_filter ] --END-- [ RunTime:0.001181s ]
INFO: [ view_end ] --START--
INFO: Run ShowPageTrace Behavior [ RunTime:0.000324s ]
INFO: [ view_end ] --END-- [ RunTime:0.000373s ]

[ 2016-06-02T15:03:45+08:00 ] 114.229.51.222 /fos/index.php/Xsgz/xgxx
INFO: [ route_check ] --START--
INFO: Run CheckRoute Behavior [ RunTime:0.000462s ]
INFO: [ route_check ] --END-- [ RunTime:0.000535s ]
INFO: [ app_begin ] --START--
INFO: Run ReadHtmlCache Behavior [ RunTime:0.000317s ]
INFO: [ app_begin ] --END-- [ RunTime:0.000367s ]
SQL: SHOW COLUMNS FROM `lxy_info` [ RunTime:0.000848s ]
SQL: SELECT * FROM `lxy_info` WHERE ( `info_name` = 'visit_count' ) LIMIT 1   [ RunTime:0.000204s ]
NOTIC: [2048] Declaration of EmptyAction::_empty() should be compatible with that of CommonAction::_empty() /webdocs/templete/fos/Home/Lib/Action/EmptyAction.class.php 第 8 行.
SQL: SELECT * FROM `lxy_info` WHERE ( `info_name` = 'visit_count' ) LIMIT 1   [ RunTime:0.000162s ]
NOTIC: [2] Missing argument 1 for EmptyAction::_empty() /webdocs/templete/fos/Home/Lib/Action/EmptyAction.class.php 第 4 行.
NOTIC: [8] Undefined variable: name /webdocs/templete/fos/Home/Lib/Action/EmptyAction.class.php 第 5 行.
INFO: [ view_template ] --START--
INFO: Run LocationTemplate Behavior [ RunTime:0.000182s ]
INFO: [ view_template ] --END-- [ RunTime:0.000232s ]
INFO: [ view_parse ] --START--
NOTIC: [8] Undefined offset: 1 /webdocs/templete/fos/ThinkPHP/Lib/Driver/TagLib/TagLibCx.class.php 第 524 行.
NOTIC: [8] Undefined offset: 1 /webdocs/templete/fos/ThinkPHP/Lib/Driver/TagLib/TagLibCx.class.php 第 524 行.
NOTIC: [8] Undefined offset: 1 /webdocs/templete/fos/ThinkPHP/Lib/Driver/TagLib/TagLibCx.class.php 第 524 行.
NOTIC: [8] Undefined offset: 1 /webdocs/templete/fos/ThinkPHP/Lib/Driver/TagLib/TagLibCx.class.php 第 524 行.
NOTIC: [8] Undefined offset: 1 /webdocs/templete/fos/ThinkPHP/Lib/Driver/TagLib/TagLibCx.class.php 第 524 行.
NOTIC: [8] Undefined offset: 1 /webdocs/templete/fos/ThinkPHP/Lib/Driver/TagLib/TagLibCx.class.php 第 524 行.
NOTIC: [8] A session had already been started - ignoring session_start() /webdocs/templete/fos/Home/Runtime/Cache/3f16c6e4360d5ec0ca2c7f8ac8bafb7a.php 第 311 行.
INFO: Run ParseTemplate Behavior [ RunTime:0.009568s ]
INFO: [ view_parse ] --END-- [ RunTime:0.009642s ]
INFO: [ view_filter ] --START--
INFO: Run ContentReplace Behavior [ RunTime:0.000291s ]
INFO: Run TokenBuild Behavior [ RunTime:0.000200s ]
INFO: Run WriteHtmlCache Behavior [ RunTime:0.000116s ]
INFO: Run ShowRuntime Behavior [ RunTime:0.000273s ]
INFO: [ view_filter ] --END-- [ RunTime:0.001018s ]
INFO: [ view_end ] --START--
INFO: Run ShowPageTrace Behavior [ RunTime:0.000322s ]
INFO: [ view_end ] --END-- [ RunTime:0.000369s ]

[ 2016-06-02T15:03:48+08:00 ] 114.229.51.222 /fos/index.php/Index/dwjl
INFO: [ route_check ] --START--
INFO: Run CheckRoute Behavior [ RunTime:0.000464s ]
INFO: [ route_check ] --END-- [ RunTime:0.000537s ]
INFO: [ app_begin ] --START--
INFO: Run ReadHtmlCache Behavior [ RunTime:0.000319s ]
INFO: [ app_begin ] --END-- [ RunTime:0.000370s ]
NOTIC: [2048] Declaration of IndexAction::_empty() should be compatible with that of CommonAction::_empty() /webdocs/templete/fos/Home/Lib/Action/IndexAction.class.php 第 3 行.
SQL: SHOW COLUMNS FROM `lxy_info` [ RunTime:0.000943s ]
SQL: SELECT * FROM `lxy_info` WHERE ( `info_name` = 'visit_count' ) LIMIT 1   [ RunTime:0.000206s ]
INFO: [ view_template ] --START--
INFO: Run LocationTemplate Behavior [ RunTime:0.000283s ]
INFO: [ view_template ] --END-- [ RunTime:0.000339s ]
INFO: [ view_parse ] --START--
NOTIC: [8] Undefined offset: 1 /webdocs/templete/fos/ThinkPHP/Lib/Driver/TagLib/TagLibCx.class.php 第 524 行.
NOTIC: [8] Undefined offset: 1 /webdocs/templete/fos/ThinkPHP/Lib/Driver/TagLib/TagLibCx.class.php 第 524 行.
NOTIC: [8] Undefined offset: 1 /webdocs/templete/fos/ThinkPHP/Lib/Driver/TagLib/TagLibCx.class.php 第 524 行.
NOTIC: [8] Undefined offset: 1 /webdocs/templete/fos/ThinkPHP/Lib/Driver/TagLib/TagLibCx.class.php 第 524 行.
NOTIC: [8] Undefined offset: 1 /webdocs/templete/fos/ThinkPHP/Lib/Driver/TagLib/TagLibCx.class.php 第 524 行.
NOTIC: [8] Undefined offset: 1 /webdocs/templete/fos/ThinkPHP/Lib/Driver/TagLib/TagLibCx.class.php 第 524 行.
NOTIC: [8] A session had already been started - ignoring session_start() /webdocs/templete/fos/Home/Runtime/Cache/dd65d4d62894c6c1105f37739159c6ad.php 第 309 行.
INFO: Run ParseTemplate Behavior [ RunTime:0.019922s ]
INFO: [ view_parse ] --END-- [ RunTime:0.019975s ]
INFO: [ view_filter ] --START--
INFO: Run ContentReplace Behavior [ RunTime:0.000294s ]
INFO: Run TokenBuild Behavior [ RunTime:0.000197s ]
INFO: Run WriteHtmlCache Behavior [ RunTime:0.000117s ]
INFO: Run ShowRuntime Behavior [ RunTime:0.000259s ]
INFO: [ view_filter ] --END-- [ RunTime:0.001028s ]
INFO: [ view_end ] --START--
INFO: Run ShowPageTrace Behavior [ RunTime:0.000326s ]
INFO: [ view_end ] --END-- [ RunTime:0.000371s ]

[ 2016-06-02T15:03:50+08:00 ] 114.229.51.222 /fos/index.php/File/index
INFO: [ route_check ] --START--
INFO: Run CheckRoute Behavior [ RunTime:0.000473s ]
INFO: [ route_check ] --END-- [ RunTime:0.000546s ]
INFO: [ app_begin ] --START--
INFO: Run ReadHtmlCache Behavior [ RunTime:0.000351s ]
INFO: [ app_begin ] --END-- [ RunTime:0.000402s ]
SQL: SHOW COLUMNS FROM `lxy_info` [ RunTime:0.001025s ]
SQL: SELECT * FROM `lxy_info` WHERE ( `info_name` = 'visit_count' ) LIMIT 1   [ RunTime:0.000215s ]
SQL: SHOW COLUMNS FROM `lxy_upfile` [ RunTime:0.000584s ]
SQL: SHOW COLUMNS FROM `lxy_filecate` [ RunTime:0.000544s ]
SQL: SELECT COUNT(*) AS tp_count FROM `lxy_upfile` LIMIT 1   [ RunTime:0.000144s ]
SQL: SELECT * FROM `lxy_upfile` ORDER BY file_time desc LIMIT 0,20   [ RunTime:0.000275s ]
INFO: [ view_template ] --START--
INFO: Run LocationTemplate Behavior [ RunTime:0.000224s ]
INFO: [ view_template ] --END-- [ RunTime:0.000280s ]
INFO: [ view_parse ] --START--
NOTIC: [8] Undefined offset: 1 /webdocs/templete/fos/ThinkPHP/Lib/Driver/TagLib/TagLibCx.class.php 第 524 行.
NOTIC: [8] Undefined offset: 1 /webdocs/templete/fos/ThinkPHP/Lib/Driver/TagLib/TagLibCx.class.php 第 524 行.
NOTIC: [8] Undefined offset: 1 /webdocs/templete/fos/ThinkPHP/Lib/Driver/TagLib/TagLibCx.class.php 第 524 行.
NOTIC: [8] Undefined offset: 1 /webdocs/templete/fos/ThinkPHP/Lib/Driver/TagLib/TagLibCx.class.php 第 524 行.
NOTIC: [8] Undefined offset: 1 /webdocs/templete/fos/ThinkPHP/Lib/Driver/TagLib/TagLibCx.class.php 第 524 行.
NOTIC: [8] Undefined offset: 1 /webdocs/templete/fos/ThinkPHP/Lib/Driver/TagLib/TagLibCx.class.php 第 524 行.
NOTIC: [8] A session had already been started - ignoring session_start() /webdocs/templete/fos/Home/Runtime/Cache/a5e5e940c7775888e36a5ffa5638481a.php 第 401 行.
INFO: Run ParseTemplate Behavior [ RunTime:0.026797s ]
INFO: [ view_parse ] --END-- [ RunTime:0.026881s ]
INFO: [ view_filter ] --START--
INFO: Run ContentReplace Behavior [ RunTime:0.000338s ]
INFO: Run TokenBuild Behavior [ RunTime:0.000201s ]
INFO: Run WriteHtmlCache Behavior [ RunTime:0.000127s ]
INFO: Run ShowRuntime Behavior [ RunTime:0.000287s ]
INFO: [ view_filter ] --END-- [ RunTime:0.001096s ]
INFO: [ view_end ] --START--
INFO: Run ShowPageTrace Behavior [ RunTime:0.000329s ]
INFO: [ view_end ] --END-- [ RunTime:0.000376s ]

[ 2016-06-02T15:04:39+08:00 ] 114.229.51.222 /fos/index.php/Teacher/index
INFO: [ route_check ] --START--
INFO: Run CheckRoute Behavior [ RunTime:0.000468s ]
INFO: [ route_check ] --END-- [ RunTime:0.000541s ]
INFO: [ app_begin ] --START--
INFO: Run ReadHtmlCache Behavior [ RunTime:0.000320s ]
INFO: [ app_begin ] --END-- [ RunTime:0.000370s ]
NOTIC: [2048] Declaration of TeacherAction::show() should be compatible with that of Action::show() /webdocs/templete/fos/Home/Lib/Action/TeacherAction.class.php 第 3 行.
SQL: SHOW COLUMNS FROM `lxy_info` [ RunTime:0.000863s ]
SQL: SELECT * FROM `lxy_info` WHERE ( `info_name` = 'visit_count' ) LIMIT 1   [ RunTime:0.000229s ]
SQL: SHOW COLUMNS FROM `lxy_department` [ RunTime:0.000564s ]
SQL: SELECT * FROM `lxy_department`  [ RunTime:0.000266s ]
SQL: SHOW COLUMNS FROM `lxy_person` [ RunTime:0.000744s ]
SQL: SELECT `person_id` AS `id`,`person_name` AS `name`,`person_desc` AS `desc` FROM `lxy_person` WHERE ( `person_department` = 1 ) ORDER BY person_pinyin asc  [ RunTime:0.000529s ]
SQL: SELECT `person_id` AS `id`,`person_name` AS `name`,`person_desc` AS `desc` FROM `lxy_person` WHERE ( `person_department` = 2 ) ORDER BY person_pinyin asc  [ RunTime:0.000383s ]
SQL: SELECT `person_id` AS `id`,`person_name` AS `name`,`person_desc` AS `desc` FROM `lxy_person` WHERE ( `person_department` = 3 ) ORDER BY person_pinyin asc  [ RunTime:0.000387s ]
SQL: SELECT `person_id` AS `id`,`person_name` AS `name`,`person_desc` AS `desc` FROM `lxy_person` WHERE ( `person_department` = 4 ) ORDER BY person_pinyin asc  [ RunTime:0.000351s ]
SQL: SELECT `person_id` AS `id`,`person_name` AS `name`,`person_desc` AS `desc` FROM `lxy_person` WHERE ( `person_department` = 5 ) ORDER BY person_pinyin asc  [ RunTime:0.000363s ]
SQL: SELECT `person_id` AS `id`,`person_name` AS `name`,`person_desc` AS `desc` FROM `lxy_person` WHERE ( `person_department` = 6 ) ORDER BY person_pinyin asc  [ RunTime:0.000399s ]
SQL: SELECT `person_id` AS `id`,`person_name` AS `name`,`person_desc` AS `desc` FROM `lxy_person` WHERE ( `person_department` = 7 ) ORDER BY person_pinyin asc  [ RunTime:0.000348s ]
INFO: [ view_template ] --START--
INFO: Run LocationTemplate Behavior [ RunTime:0.000224s ]
INFO: [ view_template ] --END-- [ RunTime:0.000275s ]
INFO: [ view_parse ] --START--
NOTIC: [8] Undefined offset: 1 /webdocs/templete/fos/ThinkPHP/Lib/Driver/TagLib/TagLibCx.class.php 第 524 行.
NOTIC: [8] Undefined offset: 1 /webdocs/templete/fos/ThinkPHP/Lib/Driver/TagLib/TagLibCx.class.php 第 524 行.
NOTIC: [8] Undefined offset: 1 /webdocs/templete/fos/ThinkPHP/Lib/Driver/TagLib/TagLibCx.class.php 第 524 行.
NOTIC: [8] Undefined offset: 1 /webdocs/templete/fos/ThinkPHP/Lib/Driver/TagLib/TagLibCx.class.php 第 524 行.
NOTIC: [8] Undefined offset: 1 /webdocs/templete/fos/ThinkPHP/Lib/Driver/TagLib/TagLibCx.class.php 第 524 行.
NOTIC: [8] Undefined offset: 1 /webdocs/templete/fos/ThinkPHP/Lib/Driver/TagLib/TagLibCx.class.php 第 524 行.
NOTIC: [8] Undefined variable: title /webdocs/templete/fos/Home/Runtime/Cache/0e90bc4e76ab602cb9f3c812c5c18b7a.php 第 307 行.
NOTIC: [8] Use of undefined constant count - assumed 'count' /webdocs/templete/fos/Home/Runtime/Cache/0e90bc4e76ab602cb9f3c812c5c18b7a.php 第 329 行.
NOTIC: [8] Use of undefined constant count - assumed 'count' /webdocs/templete/fos/Home/Runtime/Cache/0e90bc4e76ab602cb9f3c812c5c18b7a.php 第 329 行.
NOTIC: [8] Use of undefined constant count - assumed 'count' /webdocs/templete/fos/Home/Runtime/Cache/0e90bc4e76ab602cb9f3c812c5c18b7a.php 第 329 行.
NOTIC: [8] Use of undefined constant count - assumed 'count' /webdocs/templete/fos/Home/Runtime/Cache/0e90bc4e76ab602cb9f3c812c5c18b7a.php 第 329 行.
NOTIC: [8] Use of undefined constant count - assumed 'count' /webdocs/templete/fos/Home/Runtime/Cache/0e90bc4e76ab602cb9f3c812c5c18b7a.php 第 329 行.
NOTIC: [8] Use of undefined constant count - assumed 'count' /webdocs/templete/fos/Home/Runtime/Cache/0e90bc4e76ab602cb9f3c812c5c18b7a.php 第 329 行.
NOTIC: [8] Use of undefined constant count - assumed 'count' /webdocs/templete/fos/Home/Runtime/Cache/0e90bc4e76ab602cb9f3c812c5c18b7a.php 第 329 行.
NOTIC: [8] A session had already been started - ignoring session_start() /webdocs/templete/fos/Home/Runtime/Cache/0e90bc4e76ab602cb9f3c812c5c18b7a.php 第 349 行.
INFO: Run ParseTemplate Behavior [ RunTime:0.010412s ]
INFO: [ view_parse ] --END-- [ RunTime:0.010462s ]
INFO: [ view_filter ] --START--
INFO: Run ContentReplace Behavior [ RunTime:0.000357s ]
INFO: Run TokenBuild Behavior [ RunTime:0.000204s ]
INFO: Run WriteHtmlCache Behavior [ RunTime:0.000118s ]
INFO: Run ShowRuntime Behavior [ RunTime:0.000254s ]
INFO: [ view_filter ] --END-- [ RunTime:0.001096s ]
INFO: [ view_end ] --START--
INFO: Run ShowPageTrace Behavior [ RunTime:0.000352s ]
INFO: [ view_end ] --END-- [ RunTime:0.000397s ]

[ 2016-06-02T15:04:43+08:00 ] 114.229.51.222 /fos/index.php/Index/dqgz
INFO: [ route_check ] --START--
INFO: Run CheckRoute Behavior [ RunTime:0.000529s ]
INFO: [ route_check ] --END-- [ RunTime:0.000602s ]
INFO: [ app_begin ] --START--
INFO: Run ReadHtmlCache Behavior [ RunTime:0.000289s ]
INFO: [ app_begin ] --END-- [ RunTime:0.000339s ]
NOTIC: [2048] Declaration of IndexAction::_empty() should be compatible with that of CommonAction::_empty() /webdocs/templete/fos/Home/Lib/Action/IndexAction.class.php 第 3 行.
SQL: SHOW COLUMNS FROM `lxy_info` [ RunTime:0.000904s ]
SQL: SELECT * FROM `lxy_info` WHERE ( `info_name` = 'visit_count' ) LIMIT 1   [ RunTime:0.000204s ]
INFO: [ view_template ] --START--
INFO: Run LocationTemplate Behavior [ RunTime:0.000204s ]
INFO: [ view_template ] --END-- [ RunTime:0.000256s ]
INFO: [ view_parse ] --START--
NOTIC: [8] Undefined offset: 1 /webdocs/templete/fos/ThinkPHP/Lib/Driver/TagLib/TagLibCx.class.php 第 524 行.
NOTIC: [8] Undefined offset: 1 /webdocs/templete/fos/ThinkPHP/Lib/Driver/TagLib/TagLibCx.class.php 第 524 行.
NOTIC: [8] Undefined offset: 1 /webdocs/templete/fos/ThinkPHP/Lib/Driver/TagLib/TagLibCx.class.php 第 524 行.
NOTIC: [8] Undefined offset: 1 /webdocs/templete/fos/ThinkPHP/Lib/Driver/TagLib/TagLibCx.class.php 第 524 行.
NOTIC: [8] Undefined offset: 1 /webdocs/templete/fos/ThinkPHP/Lib/Driver/TagLib/TagLibCx.class.php 第 524 行.
NOTIC: [8] Undefined offset: 1 /webdocs/templete/fos/ThinkPHP/Lib/Driver/TagLib/TagLibCx.class.php 第 524 行.
NOTIC: [8] A session had already been started - ignoring session_start() /webdocs/templete/fos/Home/Runtime/Cache/e9d04fa31424aff6359ea9cccaeb9768.php 第 475 行.
INFO: Run ParseTemplate Behavior [ RunTime:0.017450s ]
INFO: [ view_parse ] --END-- [ RunTime:0.017497s ]
INFO: [ view_filter ] --START--
INFO: Run ContentReplace Behavior [ RunTime:0.000293s ]
INFO: Run TokenBuild Behavior [ RunTime:0.000221s ]
INFO: Run WriteHtmlCache Behavior [ RunTime:0.000117s ]
INFO: Run ShowRuntime Behavior [ RunTime:0.000251s ]
INFO: [ view_filter ] --END-- [ RunTime:0.001017s ]
INFO: [ view_end ] --START--
INFO: Run ShowPageTrace Behavior [ RunTime:0.000346s ]
INFO: [ view_end ] --END-- [ RunTime:0.000391s ]

[ 2016-06-02T15:04:45+08:00 ] 114.229.51.222 /fos/index.php/Dqgz/xygh
INFO: [ route_check ] --START--
INFO: Run CheckRoute Behavior [ RunTime:0.000492s ]
INFO: [ route_check ] --END-- [ RunTime:0.000564s ]
INFO: [ app_begin ] --START--
INFO: Run ReadHtmlCache Behavior [ RunTime:0.000286s ]
INFO: [ app_begin ] --END-- [ RunTime:0.000336s ]
SQL: SHOW COLUMNS FROM `lxy_info` [ RunTime:0.000862s ]
SQL: SELECT * FROM `lxy_info` WHERE ( `info_name` = 'visit_count' ) LIMIT 1   [ RunTime:0.000205s ]
NOTIC: [2048] Declaration of EmptyAction::_empty() should be compatible with that of CommonAction::_empty() /webdocs/templete/fos/Home/Lib/Action/EmptyAction.class.php 第 8 行.
SQL: SELECT * FROM `lxy_info` WHERE ( `info_name` = 'visit_count' ) LIMIT 1   [ RunTime:0.000164s ]
NOTIC: [2] Missing argument 1 for EmptyAction::_empty() /webdocs/templete/fos/Home/Lib/Action/EmptyAction.class.php 第 4 行.
NOTIC: [8] Undefined variable: name /webdocs/templete/fos/Home/Lib/Action/EmptyAction.class.php 第 5 行.
INFO: [ view_template ] --START--
INFO: Run LocationTemplate Behavior [ RunTime:0.000181s ]
INFO: [ view_template ] --END-- [ RunTime:0.000229s ]
INFO: [ view_parse ] --START--
NOTIC: [8] Undefined offset: 1 /webdocs/templete/fos/ThinkPHP/Lib/Driver/TagLib/TagLibCx.class.php 第 524 行.
NOTIC: [8] Undefined offset: 1 /webdocs/templete/fos/ThinkPHP/Lib/Driver/TagLib/TagLibCx.class.php 第 524 行.
NOTIC: [8] Undefined offset: 1 /webdocs/templete/fos/ThinkPHP/Lib/Driver/TagLib/TagLibCx.class.php 第 524 行.
NOTIC: [8] Undefined offset: 1 /webdocs/templete/fos/ThinkPHP/Lib/Driver/TagLib/TagLibCx.class.php 第 524 行.
NOTIC: [8] Undefined offset: 1 /webdocs/templete/fos/ThinkPHP/Lib/Driver/TagLib/TagLibCx.class.php 第 524 行.
NOTIC: [8] Undefined offset: 1 /webdocs/templete/fos/ThinkPHP/Lib/Driver/TagLib/TagLibCx.class.php 第 524 行.
NOTIC: [8] A session had already been started - ignoring session_start() /webdocs/templete/fos/Home/Runtime/Cache/8f933642fc01e6ac68e8a08dc08cbee6.php 第 343 行.
INFO: Run ParseTemplate Behavior [ RunTime:0.022902s ]
INFO: [ view_parse ] --END-- [ RunTime:0.022952s ]
INFO: [ view_filter ] --START--
INFO: Run ContentReplace Behavior [ RunTime:0.000301s ]
INFO: Run TokenBuild Behavior [ RunTime:0.000196s ]
INFO: Run WriteHtmlCache Behavior [ RunTime:0.000117s ]
INFO: Run ShowRuntime Behavior [ RunTime:0.000250s ]
INFO: [ view_filter ] --END-- [ RunTime:0.001003s ]
INFO: [ view_end ] --START--
INFO: Run ShowPageTrace Behavior [ RunTime:0.000325s ]
INFO: [ view_end ] --END-- [ RunTime:0.000399s ]

[ 2016-06-02T15:05:06+08:00 ] 114.229.51.222 /fos/index.php/Dqgz/xygh
INFO: [ route_check ] --START--
INFO: Run CheckRoute Behavior [ RunTime:0.000503s ]
INFO: [ route_check ] --END-- [ RunTime:0.000579s ]
INFO: [ app_begin ] --START--
INFO: Run ReadHtmlCache Behavior [ RunTime:0.000292s ]
INFO: [ app_begin ] --END-- [ RunTime:0.000343s ]
SQL: SHOW COLUMNS FROM `lxy_info` [ RunTime:0.000846s ]
SQL: SELECT * FROM `lxy_info` WHERE ( `info_name` = 'visit_count' ) LIMIT 1   [ RunTime:0.000205s ]
NOTIC: [2048] Declaration of EmptyAction::_empty() should be compatible with that of CommonAction::_empty() /webdocs/templete/fos/Home/Lib/Action/EmptyAction.class.php 第 8 行.
SQL: SELECT * FROM `lxy_info` WHERE ( `info_name` = 'visit_count' ) LIMIT 1   [ RunTime:0.000186s ]
NOTIC: [2] Missing argument 1 for EmptyAction::_empty() /webdocs/templete/fos/Home/Lib/Action/EmptyAction.class.php 第 4 行.
NOTIC: [8] Undefined variable: name /webdocs/templete/fos/Home/Lib/Action/EmptyAction.class.php 第 5 行.
INFO: [ view_template ] --START--
INFO: Run LocationTemplate Behavior [ RunTime:0.000183s ]
INFO: [ view_template ] --END-- [ RunTime:0.000233s ]
INFO: [ view_parse ] --START--
NOTIC: [8] Undefined offset: 1 /webdocs/templete/fos/ThinkPHP/Lib/Driver/TagLib/TagLibCx.class.php 第 524 行.
NOTIC: [8] Undefined offset: 1 /webdocs/templete/fos/ThinkPHP/Lib/Driver/TagLib/TagLibCx.class.php 第 524 行.
NOTIC: [8] Undefined offset: 1 /webdocs/templete/fos/ThinkPHP/Lib/Driver/TagLib/TagLibCx.class.php 第 524 行.
NOTIC: [8] Undefined offset: 1 /webdocs/templete/fos/ThinkPHP/Lib/Driver/TagLib/TagLibCx.class.php 第 524 行.
NOTIC: [8] Undefined offset: 1 /webdocs/templete/fos/ThinkPHP/Lib/Driver/TagLib/TagLibCx.class.php 第 524 行.
NOTIC: [8] Undefined offset: 1 /webdocs/templete/fos/ThinkPHP/Lib/Driver/TagLib/TagLibCx.class.php 第 524 行.
NOTIC: [8] A session had already been started - ignoring session_start() /webdocs/templete/fos/Home/Runtime/Cache/8f933642fc01e6ac68e8a08dc08cbee6.php 第 343 行.
INFO: Run ParseTemplate Behavior [ RunTime:0.008741s ]
INFO: [ view_parse ] --END-- [ RunTime:0.008790s ]
INFO: [ view_filter ] --START--
INFO: Run ContentReplace Behavior [ RunTime:0.000288s ]
INFO: Run TokenBuild Behavior [ RunTime:0.000201s ]
INFO: Run WriteHtmlCache Behavior [ RunTime:0.000143s ]
INFO: Run ShowRuntime Behavior [ RunTime:0.000257s ]
INFO: [ view_filter ] --END-- [ RunTime:0.001027s ]
INFO: [ view_end ] --START--
INFO: Run ShowPageTrace Behavior [ RunTime:0.000571s ]
INFO: [ view_end ] --END-- [ RunTime:0.000652s ]

[ 2016-06-02T15:05:16+08:00 ] ERR: (ThinkException) 模板不存在[./Home/Tpl/Dqgz/_app__.html]
[ 2016-06-02T20:35:45+08:00 ] 220.181.108.182 /fos/index.php/Index/leader
INFO: [ route_check ] --START--
INFO: Run CheckRoute Behavior [ RunTime:0.000481s ]
INFO: [ route_check ] --END-- [ RunTime:0.000553s ]
INFO: [ app_begin ] --START--
INFO: Run ReadHtmlCache Behavior [ RunTime:0.000290s ]
INFO: [ app_begin ] --END-- [ RunTime:0.000340s ]
NOTIC: [2048] Declaration of IndexAction::_empty() should be compatible with that of CommonAction::_empty() /webdocs/templete/fos/Home/Lib/Action/IndexAction.class.php 第 3 行.
SQL: SHOW COLUMNS FROM `lxy_info` [ RunTime:0.000878s ]
SQL: SELECT * FROM `lxy_info` WHERE ( `info_name` = 'visit_count' ) LIMIT 1   [ RunTime:0.000205s ]
INFO: [ view_template ] --START--
INFO: Run LocationTemplate Behavior [ RunTime:0.000188s ]
INFO: [ view_template ] --END-- [ RunTime:0.000242s ]
INFO: [ view_parse ] --START--
NOTIC: [8] Undefined offset: 1 /webdocs/templete/fos/ThinkPHP/Lib/Driver/TagLib/TagLibCx.class.php 第 524 行.
NOTIC: [8] Undefined offset: 1 /webdocs/templete/fos/ThinkPHP/Lib/Driver/TagLib/TagLibCx.class.php 第 524 行.
NOTIC: [8] Undefined offset: 1 /webdocs/templete/fos/ThinkPHP/Lib/Driver/TagLib/TagLibCx.class.php 第 524 行.
NOTIC: [8] Undefined offset: 1 /webdocs/templete/fos/ThinkPHP/Lib/Driver/TagLib/TagLibCx.class.php 第 524 行.
NOTIC: [8] Undefined offset: 1 /webdocs/templete/fos/ThinkPHP/Lib/Driver/TagLib/TagLibCx.class.php 第 524 行.
NOTIC: [8] Undefined offset: 1 /webdocs/templete/fos/ThinkPHP/Lib/Driver/TagLib/TagLibCx.class.php 第 524 行.
NOTIC: [8] A session had already been started - ignoring session_start() /webdocs/templete/fos/Home/Runtime/Cache/f744799464f08542e10b8cd00749d4e1.php 第 317 行.
INFO: Run ParseTemplate Behavior [ RunTime:0.008914s ]
INFO: [ view_parse ] --END-- [ RunTime:0.008965s ]
INFO: [ view_filter ] --START--
INFO: Run ContentReplace Behavior [ RunTime:0.000325s ]
INFO: Run TokenBuild Behavior [ RunTime:0.000202s ]
INFO: Run WriteHtmlCache Behavior [ RunTime:0.000119s ]
INFO: Run ShowRuntime Behavior [ RunTime:0.000248s ]
INFO: [ view_filter ] --END-- [ RunTime:0.001044s ]
INFO: [ view_end ] --START--
INFO: Run ShowPageTrace Behavior [ RunTime:0.000338s ]
INFO: [ view_end ] --END-- [ RunTime:0.000410s ]

[ 2016-06-02T21:42:25+08:00 ] 220.181.108.147 /fos/index.php/Index/bigevent
INFO: [ route_check ] --START--
INFO: Run CheckRoute Behavior [ RunTime:0.000515s ]
INFO: [ route_check ] --END-- [ RunTime:0.000594s ]
INFO: [ app_begin ] --START--
INFO: Run ReadHtmlCache Behavior [ RunTime:0.000307s ]
INFO: [ app_begin ] --END-- [ RunTime:0.000359s ]
NOTIC: [2048] Declaration of IndexAction::_empty() should be compatible with that of CommonAction::_empty() /webdocs/templete/fos/Home/Lib/Action/IndexAction.class.php 第 3 行.
SQL: SHOW COLUMNS FROM `lxy_info` [ RunTime:0.000831s ]
SQL: SELECT * FROM `lxy_info` WHERE ( `info_name` = 'visit_count' ) LIMIT 1   [ RunTime:0.000228s ]
INFO: [ view_template ] --START--
INFO: Run LocationTemplate Behavior [ RunTime:0.000195s ]
INFO: [ view_template ] --END-- [ RunTime:0.000252s ]
INFO: [ view_parse ] --START--
NOTIC: [8] Undefined offset: 1 /webdocs/templete/fos/ThinkPHP/Lib/Driver/TagLib/TagLibCx.class.php 第 524 行.
NOTIC: [8] Undefined offset: 1 /webdocs/templete/fos/ThinkPHP/Lib/Driver/TagLib/TagLibCx.class.php 第 524 行.
NOTIC: [8] Undefined offset: 1 /webdocs/templete/fos/ThinkPHP/Lib/Driver/TagLib/TagLibCx.class.php 第 524 行.
NOTIC: [8] Undefined offset: 1 /webdocs/templete/fos/ThinkPHP/Lib/Driver/TagLib/TagLibCx.class.php 第 524 行.
NOTIC: [8] Undefined offset: 1 /webdocs/templete/fos/ThinkPHP/Lib/Driver/TagLib/TagLibCx.class.php 第 524 行.
NOTIC: [8] Undefined offset: 1 /webdocs/templete/fos/ThinkPHP/Lib/Driver/TagLib/TagLibCx.class.php 第 524 行.
NOTIC: [8] A session had already been started - ignoring session_start() /webdocs/templete/fos/Home/Runtime/Cache/a71b59a704ecd78aa1c5451565335124.php 第 335 行.
INFO: Run ParseTemplate Behavior [ RunTime:0.009527s ]
INFO: [ view_parse ] --END-- [ RunTime:0.009581s ]
INFO: [ view_filter ] --START--
INFO: Run ContentReplace Behavior [ RunTime:0.000299s ]
INFO: Run TokenBuild Behavior [ RunTime:0.000207s ]
INFO: Run WriteHtmlCache Behavior [ RunTime:0.000125s ]
INFO: Run ShowRuntime Behavior [ RunTime:0.000279s ]
INFO: [ view_filter ] --END-- [ RunTime:0.001051s ]
INFO: [ view_end ] --START--
INFO: Run ShowPageTrace Behavior [ RunTime:0.000339s ]
INFO: [ view_end ] --END-- [ RunTime:0.000385s ]

[ 2016-06-02T22:50:39+08:00 ] 101.226.68.215 /fos/
INFO: [ app_begin ] --START--
INFO: Run ReadHtmlCache Behavior [ RunTime:0.000347s ]
INFO: [ app_begin ] --END-- [ RunTime:0.000446s ]
NOTIC: [2048] Declaration of IndexAction::_empty() should be compatible with that of CommonAction::_empty() /webdocs/templete/fos/Home/Lib/Action/IndexAction.class.php 第 3 行.
SQL: SHOW COLUMNS FROM `lxy_info` [ RunTime:0.000858s ]
SQL: SELECT * FROM `lxy_info` WHERE ( `info_name` = 'visit_count' ) LIMIT 1   [ RunTime:0.000205s ]
SQL: SELECT * FROM `lxy_info` WHERE ( `info_name` = 'visit_count' ) LIMIT 1   [ RunTime:0.000162s ]
SQL: UPDATE `lxy_info` SET `info_int`=545117 WHERE ( `info_name` = 'visit_count' ) [ RunTime:0.000185s ]
SQL: SHOW COLUMNS FROM `lxy_news` [ RunTime:0.000618s ]
SQL: SELECT * FROM `lxy_news` WHERE ( `news_category` = 1 ) ORDER BY news_time desc LIMIT 10   [ RunTime:0.001905s ]
SQL: SELECT * FROM `lxy_news` WHERE ( `news_category` = 2 ) ORDER BY news_time desc LIMIT 10   [ RunTime:0.001769s ]
SQL: SELECT * FROM `lxy_news` WHERE ( `news_category` = 3 ) ORDER BY news_time desc LIMIT 8   [ RunTime:0.001653s ]
SQL: SELECT * FROM `lxy_news` WHERE ( `news_category` = 4 ) ORDER BY news_time desc LIMIT 8   [ RunTime:0.001613s ]
SQL: SELECT * FROM `lxy_news` WHERE ( `news_category` = 5 ) ORDER BY news_time desc LIMIT 8   [ RunTime:0.001555s ]
SQL: SHOW COLUMNS FROM `lxy_pic` [ RunTime:0.000591s ]
SQL: SELECT * FROM `lxy_pic` ORDER BY pic_id desc LIMIT 3   [ RunTime:0.000196s ]
INFO: [ view_template ] --START--
INFO: Run LocationTemplate Behavior [ RunTime:0.000217s ]
INFO: [ view_template ] --END-- [ RunTime:0.000272s ]
INFO: [ view_parse ] --START--
NOTIC: [8] Undefined offset: 1 /webdocs/templete/fos/ThinkPHP/Lib/Driver/TagLib/TagLibCx.class.php 第 524 行.
NOTIC: [8] Undefined offset: 1 /webdocs/templete/fos/ThinkPHP/Lib/Driver/TagLib/TagLibCx.class.php 第 524 行.
NOTIC: [8] Undefined offset: 1 /webdocs/templete/fos/ThinkPHP/Lib/Driver/TagLib/TagLibCx.class.php 第 524 行.
NOTIC: [8] Undefined offset: 1 /webdocs/templete/fos/ThinkPHP/Lib/Driver/TagLib/TagLibCx.class.php 第 524 行.
NOTIC: [8] Undefined offset: 1 /webdocs/templete/fos/ThinkPHP/Lib/Driver/TagLib/TagLibCx.class.php 第 524 行.
NOTIC: [8] Undefined offset: 1 /webdocs/templete/fos/ThinkPHP/Lib/Driver/TagLib/TagLibCx.class.php 第 524 行.
NOTIC: [8] Use of undefined constant pic_path - assumed 'pic_path' /webdocs/templete/fos/Home/Runtime/Cache/7e4848229090366086cc7eeb3bfc0798.php 第 366 行.
NOTIC: [8] Use of undefined constant pic_path - assumed 'pic_path' /webdocs/templete/fos/Home/Runtime/Cache/7e4848229090366086cc7eeb3bfc0798.php 第 376 行.
NOTIC: [8] Use of undefined constant pic_path - assumed 'pic_path' /webdocs/templete/fos/Home/Runtime/Cache/7e4848229090366086cc7eeb3bfc0798.php 第 386 行.
NOTIC: [8] A session had already been started - ignoring session_start() /webdocs/templete/fos/Home/Runtime/Cache/7e4848229090366086cc7eeb3bfc0798.php 第 755 行.
INFO: Run ParseTemplate Behavior [ RunTime:0.016526s ]
INFO: [ view_parse ] --END-- [ RunTime:0.016579s ]
INFO: [ view_filter ] --START--
INFO: Run ContentReplace Behavior [ RunTime:0.000380s ]
INFO: Run TokenBuild Behavior [ RunTime:0.000208s ]
INFO: Run WriteHtmlCache Behavior [ RunTime:0.000121s ]
INFO: Run ShowRuntime Behavior [ RunTime:0.000288s ]
INFO: [ view_filter ] --END-- [ RunTime:0.001139s ]
INFO: [ view_end ] --START--
INFO: Run ShowPageTrace Behavior [ RunTime:0.000324s ]
INFO: [ view_end ] --END-- [ RunTime:0.000371s ]

