[ 2016-06-05T00:02:22+08:00 ] 220.181.108.109 /fos/index.php/Teacher/show/id/105
INFO: [ route_check ] --START--
INFO: Run CheckRoute Behavior [ RunTime:0.000477s ]
INFO: [ route_check ] --END-- [ RunTime:0.000549s ]
INFO: [ app_begin ] --START--
INFO: Run ReadHtmlCache Behavior [ RunTime:0.000404s ]
INFO: [ app_begin ] --END-- [ RunTime:0.000467s ]
NOTIC: [2048] Declaration of TeacherAction::show() should be compatible with that of Action::show() /webdocs/templete/fos/Home/Lib/Action/TeacherAction.class.php 第 3 行.
SQL: SHOW COLUMNS FROM `lxy_info` [ RunTime:0.000878s ]
SQL: SELECT * FROM `lxy_info` WHERE ( `info_name` = 'visit_count' ) LIMIT 1   [ RunTime:0.000213s ]
SQL: SHOW COLUMNS FROM `lxy_person` [ RunTime:0.000753s ]
SQL: SELECT * FROM `lxy_person` WHERE ( `person_id` = 105 ) LIMIT 1   [ RunTime:0.000264s ]
INFO: [ view_template ] --START--
INFO: Run LocationTemplate Behavior [ RunTime:0.000212s ]
INFO: [ view_template ] --END-- [ RunTime:0.000266s ]
INFO: [ view_parse ] --START--
NOTIC: [8] Undefined offset: 1 /webdocs/templete/fos/ThinkPHP/Lib/Driver/TagLib/TagLibCx.class.php 第 524 行.
NOTIC: [8] Undefined offset: 1 /webdocs/templete/fos/ThinkPHP/Lib/Driver/TagLib/TagLibCx.class.php 第 524 行.
NOTIC: [8] Undefined offset: 1 /webdocs/templete/fos/ThinkPHP/Lib/Driver/TagLib/TagLibCx.class.php 第 524 行.
NOTIC: [8] Undefined offset: 1 /webdocs/templete/fos/ThinkPHP/Lib/Driver/TagLib/TagLibCx.class.php 第 524 行.
NOTIC: [8] Undefined offset: 1 /webdocs/templete/fos/ThinkPHP/Lib/Driver/TagLib/TagLibCx.class.php 第 524 行.
NOTIC: [8] Undefined offset: 1 /webdocs/templete/fos/ThinkPHP/Lib/Driver/TagLib/TagLibCx.class.php 第 524 行.
NOTIC: [8] A session had already been started - ignoring session_start() /webdocs/templete/fos/Home/Runtime/Cache/43c13c15df466b23450e5666d939316d.php 第 553 行.
INFO: Run ParseTemplate Behavior [ RunTime:0.021520s ]
INFO: [ view_parse ] --END-- [ RunTime:0.021610s ]
INFO: [ view_filter ] --START--
INFO: Run ContentReplace Behavior [ RunTime:0.000328s ]
INFO: Run TokenBuild Behavior [ RunTime:0.000397s ]
INFO: Run WriteHtmlCache Behavior [ RunTime:0.000230s ]
INFO: Run ShowRuntime Behavior [ RunTime:0.000286s ]
INFO: [ view_filter ] --END-- [ RunTime:0.001420s ]
INFO: [ view_end ] --START--
INFO: Run ShowPageTrace Behavior [ RunTime:0.000362s ]
INFO: [ view_end ] --END-- [ RunTime:0.000447s ]

[ 2016-06-05T14:14:28+08:00 ] 123.125.71.24 /fos/index.php/Index/saying
INFO: [ route_check ] --START--
INFO: Run CheckRoute Behavior [ RunTime:0.001556s ]
INFO: [ route_check ] --END-- [ RunTime:0.001628s ]
INFO: [ app_begin ] --START--
INFO: Run ReadHtmlCache Behavior [ RunTime:0.001020s ]
INFO: [ app_begin ] --END-- [ RunTime:0.001072s ]
NOTIC: [2048] Declaration of IndexAction::_empty() should be compatible with that of CommonAction::_empty() /webdocs/templete/fos/Home/Lib/Action/IndexAction.class.php 第 3 行.
SQL: SHOW COLUMNS FROM `lxy_info` [ RunTime:0.000806s ]
SQL: SELECT * FROM `lxy_info` WHERE ( `info_name` = 'visit_count' ) LIMIT 1   [ RunTime:0.000204s ]
INFO: [ view_template ] --START--
INFO: Run LocationTemplate Behavior [ RunTime:0.001206s ]
INFO: [ view_template ] --END-- [ RunTime:0.001258s ]
INFO: [ view_parse ] --START--
NOTIC: [8] Undefined offset: 1 /webdocs/templete/fos/ThinkPHP/Lib/Driver/TagLib/TagLibCx.class.php 第 524 行.
NOTIC: [8] Undefined offset: 1 /webdocs/templete/fos/ThinkPHP/Lib/Driver/TagLib/TagLibCx.class.php 第 524 行.
NOTIC: [8] Undefined offset: 1 /webdocs/templete/fos/ThinkPHP/Lib/Driver/TagLib/TagLibCx.class.php 第 524 行.
NOTIC: [8] Undefined offset: 1 /webdocs/templete/fos/ThinkPHP/Lib/Driver/TagLib/TagLibCx.class.php 第 524 行.
NOTIC: [8] Undefined offset: 1 /webdocs/templete/fos/ThinkPHP/Lib/Driver/TagLib/TagLibCx.class.php 第 524 行.
NOTIC: [8] Undefined offset: 1 /webdocs/templete/fos/ThinkPHP/Lib/Driver/TagLib/TagLibCx.class.php 第 524 行.
NOTIC: [8] A session had already been started - ignoring session_start() /webdocs/templete/fos/Home/Runtime/Cache/a36e7106124d3c67b6071ba9d15b7526.php 第 309 行.
INFO: Run ParseTemplate Behavior [ RunTime:0.035882s ]
INFO: [ view_parse ] --END-- [ RunTime:0.035931s ]
INFO: [ view_filter ] --START--
INFO: Run ContentReplace Behavior [ RunTime:0.001225s ]
INFO: Run TokenBuild Behavior [ RunTime:0.000972s ]
INFO: Run WriteHtmlCache Behavior [ RunTime:0.000819s ]
INFO: Run ShowRuntime Behavior [ RunTime:0.001228s ]
INFO: [ view_filter ] --END-- [ RunTime:0.004388s ]
INFO: [ view_end ] --START--
INFO: Run ShowPageTrace Behavior [ RunTime:0.001362s ]
INFO: [ view_end ] --END-- [ RunTime:0.001408s ]

