[ 2016-02-23T09:29:58+08:00 ] ERR: (ThinkException) 模板不存在[./Home/Tpl/Index/__public__.html]
[ 2016-02-23T09:29:58+08:00 ] ERR: (ThinkException) 模板不存在[./Home/Tpl/Index/__public__.html]
[ 2016-02-23T10:27:57+08:00 ] ERR: (ThinkException) 模板不存在[./Home/Tpl/请你们抽时间看看还有什么需要进一步改进的/index.html]
[ 2016-02-23T10:28:06+08:00 ] ERR: (ThinkException) 模板不存在[./Home/Tpl/__public__/Jslider.html]
[ 2016-02-23T10:28:11+08:00 ] ERR: (ThinkException) 模板不存在[./Home/Tpl/__public__/Js.html]
[ 2016-02-23T10:29:52+08:00 ] ERR: (ThinkException) 模板不存在[./Home/Tpl/__public__/Js.html]
[ 2016-02-23T10:29:52+08:00 ] ERR: (ThinkException) 模板不存在[./Home/Tpl/__public__/Jslider.html]
[ 2016-02-23T10:35:02+08:00 ] ERR: (ThinkException) 模板不存在[./Home/Tpl/Index/__public__.html]
[ 2016-02-23T10:35:02+08:00 ] ERR: (ThinkException) 模板不存在[./Home/Tpl/Index/__public__.html]
[ 2016-02-23T10:40:03+08:00 ] ERR: (ThinkException) 模板不存在[./Home/Tpl/__public__/Js.html]
[ 2016-02-23T10:40:03+08:00 ] ERR: (ThinkException) 模板不存在[./Home/Tpl/__public__/Jslider.html]
[ 2016-02-23T10:40:11+08:00 ] ERR: (ThinkException) 模板不存在[./Home/Tpl/__public__/Jslider.html]
[ 2016-02-23T10:40:11+08:00 ] ERR: (ThinkException) 模板不存在[./Home/Tpl/__public__/Js.html]
[ 2016-02-23T10:44:27+08:00 ] ERR: (ThinkException) 模板不存在[./Home/Tpl/Index/__.html]
[ 2016-02-23T10:44:34+08:00 ] ERR: (ThinkException) 模板不存在[./Home/Tpl/Index/__.html]
[ 2016-02-23T11:01:01+08:00 ] ERR: (ThinkException) 模板不存在[./Home/Tpl/Index/__public__.html]
[ 2016-02-23T11:01:01+08:00 ] ERR: (ThinkException) 模板不存在[./Home/Tpl/Index/__public__.html]
[ 2016-02-23T11:10:11+08:00 ] ERR: (ThinkException) 模板不存在[./Home/Tpl/Index/__public__.html]
[ 2016-02-23T11:10:11+08:00 ] ERR: (ThinkException) 模板不存在[./Home/Tpl/Index/__public__.html]
[ 2016-02-23T11:10:55+08:00 ] ERR: (ThinkException) 模板不存在[./Home/Tpl/Index/__public__.html]
[ 2016-02-23T11:10:55+08:00 ] ERR: (ThinkException) 模板不存在[./Home/Tpl/Index/__public__.html]
[ 2016-02-23T11:11:53+08:00 ] ERR: (ThinkException) 模板不存在[./Home/Tpl/Index/__public__.html]
[ 2016-02-23T11:11:54+08:00 ] ERR: (ThinkException) 模板不存在[./Home/Tpl/Index/__public__.html]
[ 2016-02-23T11:13:04+08:00 ] ERR: (ThinkException) 模板不存在[./Home/Tpl/Index/__public__.html]
[ 2016-02-23T11:13:04+08:00 ] ERR: (ThinkException) 模板不存在[./Home/Tpl/Index/__public__.html]
[ 2016-02-23T11:15:00+08:00 ] ERR: (ThinkException) 模板不存在[./Home/Tpl/Index/__public__.html]
[ 2016-02-23T11:15:00+08:00 ] ERR: (ThinkException) 模板不存在[./Home/Tpl/Index/__public__.html]
[ 2016-02-23T11:15:37+08:00 ] ERR: (ThinkException) 模板不存在[./Home/Tpl/Index/__public__.html]
[ 2016-02-23T11:15:37+08:00 ] ERR: (ThinkException) 模板不存在[./Home/Tpl/Index/__public__.html]
[ 2016-02-23T13:31:57+08:00 ] ERR: (ThinkException) 模板不存在[./Home/Tpl/__public__/Js.html]
[ 2016-02-23T13:31:57+08:00 ] ERR: (ThinkException) 模板不存在[./Home/Tpl/__public__/Jslider.html]
[ 2016-02-23T13:32:32+08:00 ] ERR: (ThinkException) 模板不存在[./Home/Tpl/xsgz/gzzd.html]
[ 2016-02-23T13:32:42+08:00 ] ERR: (ThinkException) 模板不存在[./Home/Tpl/xsgz/zzjg.html]
[ 2016-02-23T13:32:54+08:00 ] ERR: (ThinkException) 模板不存在[./Home/Tpl/xsgz/yggw.html]
[ 2016-02-23T13:32:57+08:00 ] ERR: (ThinkException) 模板不存在[./Home/Tpl/xsgz/zzjg.html]
[ 2016-02-23T13:34:00+08:00 ] ERR: (ThinkException) 模板不存在[./Home/Tpl/Index/__public__.html]
[ 2016-02-23T13:34:00+08:00 ] ERR: (ThinkException) 模板不存在[./Home/Tpl/Index/__public__.html]
[ 2016-02-23T13:34:14+08:00 ] ERR: (ThinkException) 模板不存在[./Home/Tpl/news/index.html]
[ 2016-02-23T13:34:41+08:00 ] ERR: (ThinkException) 模板不存在[./Home/Tpl/news/index.html]
[ 2016-02-23T13:49:48+08:00 ] ERR: (ThinkException) 模板不存在[./Home/Tpl/__public__/Js.html]
[ 2016-02-23T13:49:48+08:00 ] ERR: (ThinkException) 模板不存在[./Home/Tpl/__public__/Jslider.html]
[ 2016-02-23T13:50:03+08:00 ] ERR: (ThinkException) 模板不存在[./Home/Tpl/__public__/Js.html]
[ 2016-02-23T13:50:03+08:00 ] ERR: (ThinkException) 模板不存在[./Home/Tpl/__public__/Jslider.html]
[ 2016-02-23T13:53:33+08:00 ] ERR: (ThinkException) 模板不存在[./Home/Tpl/Index/__public__.html]
[ 2016-02-23T13:53:33+08:00 ] ERR: (ThinkException) 模板不存在[./Home/Tpl/Index/__public__.html]
[ 2016-02-23T13:53:43+08:00 ] ERR: (ThinkException) 模板不存在[./Home/Tpl/Index/__public__.html]
[ 2016-02-23T13:53:43+08:00 ] ERR: (ThinkException) 模板不存在[./Home/Tpl/Index/__public__.html]
[ 2016-02-23T13:53:52+08:00 ] ERR: (ThinkException) 模板不存在[./Home/Tpl/Index/__public__.html]
[ 2016-02-23T13:53:52+08:00 ] ERR: (ThinkException) 模板不存在[./Home/Tpl/Index/__public__.html]
[ 2016-02-23T13:54:02+08:00 ] ERR: (ThinkException) 模板不存在[./Home/Tpl/Index/__public__.html]
[ 2016-02-23T13:54:02+08:00 ] ERR: (ThinkException) 模板不存在[./Home/Tpl/Index/__public__.html]
[ 2016-02-23T13:54:09+08:00 ] ERR: (ThinkException) 模板不存在[./Home/Tpl/Index/__public__.html]
[ 2016-02-23T13:54:09+08:00 ] ERR: (ThinkException) 模板不存在[./Home/Tpl/Index/__public__.html]
[ 2016-02-23T13:54:14+08:00 ] ERR: (ThinkException) 模板不存在[./Home/Tpl/Index/__public__.html]
[ 2016-02-23T13:54:14+08:00 ] ERR: (ThinkException) 模板不存在[./Home/Tpl/Index/__public__.html]
[ 2016-02-23T13:55:13+08:00 ] ERR: (ThinkException) 模板不存在[./Home/Tpl/Index/__public__.html]
[ 2016-02-23T13:55:13+08:00 ] ERR: (ThinkException) 模板不存在[./Home/Tpl/Index/__public__.html]
[ 2016-02-23T13:55:20+08:00 ] ERR: (ThinkException) 模板不存在[./Home/Tpl/Index/__public__.html]
[ 2016-02-23T13:55:20+08:00 ] ERR: (ThinkException) 模板不存在[./Home/Tpl/Index/__public__.html]
[ 2016-02-23T13:55:25+08:00 ] ERR: (ThinkException) 模板不存在[./Home/Tpl/Index/__public__.html]
[ 2016-02-23T13:55:25+08:00 ] ERR: (ThinkException) 模板不存在[./Home/Tpl/Index/__public__.html]
[ 2016-02-23T13:56:57+08:00 ] ERR: (ThinkException) 模板不存在[./Home/Tpl/__public__/Js.html]
[ 2016-02-23T13:56:57+08:00 ] ERR: (ThinkException) 模板不存在[./Home/Tpl/__public__/Jslider.html]
[ 2016-02-23T13:58:03+08:00 ] ERR: (ThinkException) 模板不存在[./Home/Tpl/Index/__public__.html]
[ 2016-02-23T13:58:03+08:00 ] ERR: (ThinkException) 模板不存在[./Home/Tpl/Index/__public__.html]
[ 2016-02-23T14:25:05+08:00 ] ERR: (ThinkException) 模板不存在[./Home/Tpl/__public__/Jslider.html]
[ 2016-02-23T14:25:05+08:00 ] ERR: (ThinkException) 模板不存在[./Home/Tpl/__public__/Js.html]
[ 2016-02-23T14:29:41+08:00 ] ERR: (ThinkException) 模板不存在[./Home/Tpl/Index/__public__.html]
[ 2016-02-23T14:29:41+08:00 ] ERR: (ThinkException) 模板不存在[./Home/Tpl/Index/__public__.html]
[ 2016-02-23T14:32:19+08:00 ] ERR: (ThinkException) 模板不存在[./Home/Tpl/Index/__public__.html]
[ 2016-02-23T14:32:19+08:00 ] ERR: (ThinkException) 模板不存在[./Home/Tpl/Index/__public__.html]
[ 2016-02-23T14:50:58+08:00 ] ERR: (ThinkException) 模板不存在[./Home/Tpl/Index/__public__.html]
[ 2016-02-23T14:50:58+08:00 ] ERR: (ThinkException) 模板不存在[./Home/Tpl/Index/__public__.html]
[ 2016-02-23T14:51:38+08:00 ] ERR: (ThinkException) 模板不存在[./Home/Tpl/Index/__public__.html]
[ 2016-02-23T14:51:38+08:00 ] ERR: (ThinkException) 模板不存在[./Home/Tpl/Index/__public__.html]
[ 2016-02-23T15:47:31+08:00 ] ERR: (ThinkException) 模板不存在[./Home/Tpl/Index/__public__.html]
[ 2016-02-23T15:47:31+08:00 ] ERR: (ThinkException) 模板不存在[./Home/Tpl/Index/__public__.html]
[ 2016-02-23T16:13:36+08:00 ] ERR: (ThinkException) 模板不存在[./Home/Tpl/Index/__public__.html]
[ 2016-02-23T16:13:36+08:00 ] ERR: (ThinkException) 模板不存在[./Home/Tpl/Index/__public__.html]
