[ 2016-06-03T20:17:19+08:00 ] 220.181.108.93 /fos/index.php/Index/xkjs
INFO: [ route_check ] --START--
INFO: Run CheckRoute Behavior [ RunTime:0.001647s ]
INFO: [ route_check ] --END-- [ RunTime:0.001728s ]
INFO: [ app_begin ] --START--
INFO: Run ReadHtmlCache Behavior [ RunTime:0.001203s ]
INFO: [ app_begin ] --END-- [ RunTime:0.001254s ]
NOTIC: [2048] Declaration of IndexAction::_empty() should be compatible with that of CommonAction::_empty() /webdocs/templete/fos/Home/Lib/Action/IndexAction.class.php 第 3 行.
SQL: SHOW COLUMNS FROM `lxy_info` [ RunTime:0.000849s ]
SQL: SELECT * FROM `lxy_info` WHERE ( `info_name` = 'visit_count' ) LIMIT 1   [ RunTime:0.000214s ]
INFO: [ view_template ] --START--
INFO: Run LocationTemplate Behavior [ RunTime:0.001450s ]
INFO: [ view_template ] --END-- [ RunTime:0.001504s ]
INFO: [ view_parse ] --START--
NOTIC: [8] Undefined offset: 1 /webdocs/templete/fos/ThinkPHP/Lib/Driver/TagLib/TagLibCx.class.php 第 524 行.
NOTIC: [8] Undefined offset: 1 /webdocs/templete/fos/ThinkPHP/Lib/Driver/TagLib/TagLibCx.class.php 第 524 行.
NOTIC: [8] Undefined offset: 1 /webdocs/templete/fos/ThinkPHP/Lib/Driver/TagLib/TagLibCx.class.php 第 524 行.
NOTIC: [8] Undefined offset: 1 /webdocs/templete/fos/ThinkPHP/Lib/Driver/TagLib/TagLibCx.class.php 第 524 行.
NOTIC: [8] Undefined offset: 1 /webdocs/templete/fos/ThinkPHP/Lib/Driver/TagLib/TagLibCx.class.php 第 524 行.
NOTIC: [8] Undefined offset: 1 /webdocs/templete/fos/ThinkPHP/Lib/Driver/TagLib/TagLibCx.class.php 第 524 行.
NOTIC: [8] A session had already been started - ignoring session_start() /webdocs/templete/fos/Home/Runtime/Cache/84de25113cd10077fe1186e178764260.php 第 361 行.
INFO: Run ParseTemplate Behavior [ RunTime:0.046744s ]
INFO: [ view_parse ] --END-- [ RunTime:0.046805s ]
INFO: [ view_filter ] --START--
INFO: Run ContentReplace Behavior [ RunTime:0.001373s ]
INFO: Run TokenBuild Behavior [ RunTime:0.001045s ]
INFO: Run WriteHtmlCache Behavior [ RunTime:0.000910s ]
INFO: Run ShowRuntime Behavior [ RunTime:0.001363s ]
INFO: [ view_filter ] --END-- [ RunTime:0.004833s ]
INFO: [ view_end ] --START--
INFO: Run ShowPageTrace Behavior [ RunTime:0.001410s ]
INFO: [ view_end ] --END-- [ RunTime:0.001455s ]

[ 2016-06-03T20:50:39+08:00 ] 220.181.108.110 /fos/index.php/Ssd/xtgcssd
INFO: [ route_check ] --START--
INFO: Run CheckRoute Behavior [ RunTime:0.000468s ]
INFO: [ route_check ] --END-- [ RunTime:0.000565s ]
INFO: [ app_begin ] --START--
INFO: Run ReadHtmlCache Behavior [ RunTime:0.000311s ]
INFO: [ app_begin ] --END-- [ RunTime:0.000362s ]
SQL: SHOW COLUMNS FROM `lxy_info` [ RunTime:0.000871s ]
SQL: SELECT * FROM `lxy_info` WHERE ( `info_name` = 'visit_count' ) LIMIT 1   [ RunTime:0.000220s ]
NOTIC: [2048] Declaration of EmptyAction::_empty() should be compatible with that of CommonAction::_empty() /webdocs/templete/fos/Home/Lib/Action/EmptyAction.class.php 第 8 行.
SQL: SELECT * FROM `lxy_info` WHERE ( `info_name` = 'visit_count' ) LIMIT 1   [ RunTime:0.000165s ]
NOTIC: [2] Missing argument 1 for EmptyAction::_empty() /webdocs/templete/fos/Home/Lib/Action/EmptyAction.class.php 第 4 行.
NOTIC: [8] Undefined variable: name /webdocs/templete/fos/Home/Lib/Action/EmptyAction.class.php 第 5 行.
INFO: [ view_template ] --START--
INFO: Run LocationTemplate Behavior [ RunTime:0.000188s ]
INFO: [ view_template ] --END-- [ RunTime:0.000238s ]
INFO: [ view_parse ] --START--
NOTIC: [8] Undefined offset: 1 /webdocs/templete/fos/ThinkPHP/Lib/Driver/TagLib/TagLibCx.class.php 第 524 行.
NOTIC: [8] Undefined offset: 1 /webdocs/templete/fos/ThinkPHP/Lib/Driver/TagLib/TagLibCx.class.php 第 524 行.
NOTIC: [8] Undefined offset: 1 /webdocs/templete/fos/ThinkPHP/Lib/Driver/TagLib/TagLibCx.class.php 第 524 行.
NOTIC: [8] Undefined offset: 1 /webdocs/templete/fos/ThinkPHP/Lib/Driver/TagLib/TagLibCx.class.php 第 524 行.
NOTIC: [8] Undefined offset: 1 /webdocs/templete/fos/ThinkPHP/Lib/Driver/TagLib/TagLibCx.class.php 第 524 行.
NOTIC: [8] Undefined offset: 1 /webdocs/templete/fos/ThinkPHP/Lib/Driver/TagLib/TagLibCx.class.php 第 524 行.
NOTIC: [8] A session had already been started - ignoring session_start() /webdocs/templete/fos/Home/Runtime/Cache/0f00ec5a7d0e64ec64f21dfa0ad5583f.php 第 403 行.
INFO: Run ParseTemplate Behavior [ RunTime:0.019856s ]
INFO: [ view_parse ] --END-- [ RunTime:0.019903s ]
INFO: [ view_filter ] --START--
INFO: Run ContentReplace Behavior [ RunTime:0.000317s ]
INFO: Run TokenBuild Behavior [ RunTime:0.000206s ]
INFO: Run WriteHtmlCache Behavior [ RunTime:0.000119s ]
INFO: Run ShowRuntime Behavior [ RunTime:0.000250s ]
INFO: [ view_filter ] --END-- [ RunTime:0.001031s ]
INFO: [ view_end ] --START--
INFO: Run ShowPageTrace Behavior [ RunTime:0.000396s ]
INFO: [ view_end ] --END-- [ RunTime:0.000444s ]

[ 2016-06-03T21:23:59+08:00 ] 220.181.108.78 /fos/index.php/Ssd/gxgc
INFO: [ route_check ] --START--
INFO: Run CheckRoute Behavior [ RunTime:0.000494s ]
INFO: [ route_check ] --END-- [ RunTime:0.000566s ]
INFO: [ app_begin ] --START--
INFO: Run ReadHtmlCache Behavior [ RunTime:0.000295s ]
INFO: [ app_begin ] --END-- [ RunTime:0.000345s ]
SQL: SHOW COLUMNS FROM `lxy_info` [ RunTime:0.000860s ]
SQL: SELECT * FROM `lxy_info` WHERE ( `info_name` = 'visit_count' ) LIMIT 1   [ RunTime:0.000206s ]
NOTIC: [2048] Declaration of EmptyAction::_empty() should be compatible with that of CommonAction::_empty() /webdocs/templete/fos/Home/Lib/Action/EmptyAction.class.php 第 8 行.
SQL: SELECT * FROM `lxy_info` WHERE ( `info_name` = 'visit_count' ) LIMIT 1   [ RunTime:0.000162s ]
NOTIC: [2] Missing argument 1 for EmptyAction::_empty() /webdocs/templete/fos/Home/Lib/Action/EmptyAction.class.php 第 4 行.
NOTIC: [8] Undefined variable: name /webdocs/templete/fos/Home/Lib/Action/EmptyAction.class.php 第 5 行.
INFO: [ view_template ] --START--
INFO: Run LocationTemplate Behavior [ RunTime:0.000185s ]
INFO: [ view_template ] --END-- [ RunTime:0.000236s ]
INFO: [ view_parse ] --START--
NOTIC: [8] Undefined offset: 1 /webdocs/templete/fos/ThinkPHP/Lib/Driver/TagLib/TagLibCx.class.php 第 524 行.
NOTIC: [8] Undefined offset: 1 /webdocs/templete/fos/ThinkPHP/Lib/Driver/TagLib/TagLibCx.class.php 第 524 行.
NOTIC: [8] Undefined offset: 1 /webdocs/templete/fos/ThinkPHP/Lib/Driver/TagLib/TagLibCx.class.php 第 524 行.
NOTIC: [8] Undefined offset: 1 /webdocs/templete/fos/ThinkPHP/Lib/Driver/TagLib/TagLibCx.class.php 第 524 行.
NOTIC: [8] Undefined offset: 1 /webdocs/templete/fos/ThinkPHP/Lib/Driver/TagLib/TagLibCx.class.php 第 524 行.
NOTIC: [8] Undefined offset: 1 /webdocs/templete/fos/ThinkPHP/Lib/Driver/TagLib/TagLibCx.class.php 第 524 行.
NOTIC: [8] A session had already been started - ignoring session_start() /webdocs/templete/fos/Home/Runtime/Cache/21840340338fcc8a475c450476dda115.php 第 397 行.
INFO: Run ParseTemplate Behavior [ RunTime:0.024192s ]
INFO: [ view_parse ] --END-- [ RunTime:0.024244s ]
INFO: [ view_filter ] --START--
INFO: Run ContentReplace Behavior [ RunTime:0.000308s ]
INFO: Run TokenBuild Behavior [ RunTime:0.000222s ]
INFO: Run WriteHtmlCache Behavior [ RunTime:0.000121s ]
INFO: Run ShowRuntime Behavior [ RunTime:0.000259s ]
INFO: [ view_filter ] --END-- [ RunTime:0.001080s ]
INFO: [ view_end ] --START--
INFO: Run ShowPageTrace Behavior [ RunTime:0.000368s ]
INFO: [ view_end ] --END-- [ RunTime:0.000417s ]

[ 2016-06-03T21:57:19+08:00 ] 123.125.71.85 /fos/index.php/Ssd/sxyjssd
INFO: [ route_check ] --START--
INFO: Run CheckRoute Behavior [ RunTime:0.000544s ]
INFO: [ route_check ] --END-- [ RunTime:0.000616s ]
INFO: [ app_begin ] --START--
INFO: Run ReadHtmlCache Behavior [ RunTime:0.000358s ]
INFO: [ app_begin ] --END-- [ RunTime:0.000413s ]
SQL: SHOW COLUMNS FROM `lxy_info` [ RunTime:0.000848s ]
SQL: SELECT * FROM `lxy_info` WHERE ( `info_name` = 'visit_count' ) LIMIT 1   [ RunTime:0.000238s ]
NOTIC: [2048] Declaration of EmptyAction::_empty() should be compatible with that of CommonAction::_empty() /webdocs/templete/fos/Home/Lib/Action/EmptyAction.class.php 第 8 行.
SQL: SELECT * FROM `lxy_info` WHERE ( `info_name` = 'visit_count' ) LIMIT 1   [ RunTime:0.000162s ]
NOTIC: [2] Missing argument 1 for EmptyAction::_empty() /webdocs/templete/fos/Home/Lib/Action/EmptyAction.class.php 第 4 行.
NOTIC: [8] Undefined variable: name /webdocs/templete/fos/Home/Lib/Action/EmptyAction.class.php 第 5 行.
INFO: [ view_template ] --START--
INFO: Run LocationTemplate Behavior [ RunTime:0.000221s ]
INFO: [ view_template ] --END-- [ RunTime:0.000272s ]
INFO: [ view_parse ] --START--
NOTIC: [8] Undefined offset: 1 /webdocs/templete/fos/ThinkPHP/Lib/Driver/TagLib/TagLibCx.class.php 第 524 行.
NOTIC: [8] Undefined offset: 1 /webdocs/templete/fos/ThinkPHP/Lib/Driver/TagLib/TagLibCx.class.php 第 524 行.
NOTIC: [8] Undefined offset: 1 /webdocs/templete/fos/ThinkPHP/Lib/Driver/TagLib/TagLibCx.class.php 第 524 行.
NOTIC: [8] Undefined offset: 1 /webdocs/templete/fos/ThinkPHP/Lib/Driver/TagLib/TagLibCx.class.php 第 524 行.
NOTIC: [8] Undefined offset: 1 /webdocs/templete/fos/ThinkPHP/Lib/Driver/TagLib/TagLibCx.class.php 第 524 行.
NOTIC: [8] Undefined offset: 1 /webdocs/templete/fos/ThinkPHP/Lib/Driver/TagLib/TagLibCx.class.php 第 524 行.
NOTIC: [8] A session had already been started - ignoring session_start() /webdocs/templete/fos/Home/Runtime/Cache/8e3b023666c2f589b583764d429f8532.php 第 429 行.
INFO: Run ParseTemplate Behavior [ RunTime:0.018865s ]
INFO: [ view_parse ] --END-- [ RunTime:0.018922s ]
INFO: [ view_filter ] --START--
INFO: Run ContentReplace Behavior [ RunTime:0.000333s ]
INFO: Run TokenBuild Behavior [ RunTime:0.000213s ]
INFO: Run WriteHtmlCache Behavior [ RunTime:0.000148s ]
INFO: Run ShowRuntime Behavior [ RunTime:0.000267s ]
INFO: [ view_filter ] --END-- [ RunTime:0.001108s ]
INFO: [ view_end ] --START--
INFO: Run ShowPageTrace Behavior [ RunTime:0.000341s ]
INFO: [ view_end ] --END-- [ RunTime:0.000398s ]

[ 2016-06-03T22:30:39+08:00 ] 220.181.108.111 /fos/index.php/Ssd/wldzx
INFO: [ route_check ] --START--
INFO: Run CheckRoute Behavior [ RunTime:0.000517s ]
INFO: [ route_check ] --END-- [ RunTime:0.000591s ]
INFO: [ app_begin ] --START--
INFO: Run ReadHtmlCache Behavior [ RunTime:0.000293s ]
INFO: [ app_begin ] --END-- [ RunTime:0.000343s ]
SQL: SHOW COLUMNS FROM `lxy_info` [ RunTime:0.000868s ]
SQL: SELECT * FROM `lxy_info` WHERE ( `info_name` = 'visit_count' ) LIMIT 1   [ RunTime:0.000206s ]
NOTIC: [2048] Declaration of EmptyAction::_empty() should be compatible with that of CommonAction::_empty() /webdocs/templete/fos/Home/Lib/Action/EmptyAction.class.php 第 8 行.
SQL: SELECT * FROM `lxy_info` WHERE ( `info_name` = 'visit_count' ) LIMIT 1   [ RunTime:0.000163s ]
NOTIC: [2] Missing argument 1 for EmptyAction::_empty() /webdocs/templete/fos/Home/Lib/Action/EmptyAction.class.php 第 4 行.
NOTIC: [8] Undefined variable: name /webdocs/templete/fos/Home/Lib/Action/EmptyAction.class.php 第 5 行.
INFO: [ view_template ] --START--
INFO: Run LocationTemplate Behavior [ RunTime:0.000183s ]
INFO: [ view_template ] --END-- [ RunTime:0.000234s ]
INFO: [ view_parse ] --START--
NOTIC: [8] Undefined offset: 1 /webdocs/templete/fos/ThinkPHP/Lib/Driver/TagLib/TagLibCx.class.php 第 524 行.
NOTIC: [8] Undefined offset: 1 /webdocs/templete/fos/ThinkPHP/Lib/Driver/TagLib/TagLibCx.class.php 第 524 行.
NOTIC: [8] Undefined offset: 1 /webdocs/templete/fos/ThinkPHP/Lib/Driver/TagLib/TagLibCx.class.php 第 524 行.
NOTIC: [8] Undefined offset: 1 /webdocs/templete/fos/ThinkPHP/Lib/Driver/TagLib/TagLibCx.class.php 第 524 行.
NOTIC: [8] Undefined offset: 1 /webdocs/templete/fos/ThinkPHP/Lib/Driver/TagLib/TagLibCx.class.php 第 524 行.
NOTIC: [8] Undefined offset: 1 /webdocs/templete/fos/ThinkPHP/Lib/Driver/TagLib/TagLibCx.class.php 第 524 行.
NOTIC: [8] A session had already been started - ignoring session_start() /webdocs/templete/fos/Home/Runtime/Cache/1235e99a32f721e5d434d25fe19e88d2.php 第 395 行.
INFO: Run ParseTemplate Behavior [ RunTime:0.021400s ]
INFO: [ view_parse ] --END-- [ RunTime:0.021448s ]
INFO: [ view_filter ] --START--
INFO: Run ContentReplace Behavior [ RunTime:0.000296s ]
INFO: Run TokenBuild Behavior [ RunTime:0.000199s ]
INFO: Run WriteHtmlCache Behavior [ RunTime:0.000123s ]
INFO: Run ShowRuntime Behavior [ RunTime:0.000254s ]
INFO: [ view_filter ] --END-- [ RunTime:0.001035s ]
INFO: [ view_end ] --START--
INFO: Run ShowPageTrace Behavior [ RunTime:0.000326s ]
INFO: [ view_end ] --END-- [ RunTime:0.000372s ]

[ 2016-06-03T23:03:59+08:00 ] 220.181.108.77 /fos/index.php/Ssd/wdz
INFO: [ route_check ] --START--
INFO: Run CheckRoute Behavior [ RunTime:0.000526s ]
INFO: [ route_check ] --END-- [ RunTime:0.000598s ]
INFO: [ app_begin ] --START--
INFO: Run ReadHtmlCache Behavior [ RunTime:0.000292s ]
INFO: [ app_begin ] --END-- [ RunTime:0.000342s ]
SQL: SHOW COLUMNS FROM `lxy_info` [ RunTime:0.000838s ]
SQL: SELECT * FROM `lxy_info` WHERE ( `info_name` = 'visit_count' ) LIMIT 1   [ RunTime:0.000205s ]
NOTIC: [2048] Declaration of EmptyAction::_empty() should be compatible with that of CommonAction::_empty() /webdocs/templete/fos/Home/Lib/Action/EmptyAction.class.php 第 8 行.
SQL: SELECT * FROM `lxy_info` WHERE ( `info_name` = 'visit_count' ) LIMIT 1   [ RunTime:0.000187s ]
NOTIC: [2] Missing argument 1 for EmptyAction::_empty() /webdocs/templete/fos/Home/Lib/Action/EmptyAction.class.php 第 4 行.
NOTIC: [8] Undefined variable: name /webdocs/templete/fos/Home/Lib/Action/EmptyAction.class.php 第 5 行.
INFO: [ view_template ] --START--
INFO: Run LocationTemplate Behavior [ RunTime:0.000188s ]
INFO: [ view_template ] --END-- [ RunTime:0.000236s ]
INFO: [ view_parse ] --START--
NOTIC: [8] Undefined offset: 1 /webdocs/templete/fos/ThinkPHP/Lib/Driver/TagLib/TagLibCx.class.php 第 524 行.
NOTIC: [8] Undefined offset: 1 /webdocs/templete/fos/ThinkPHP/Lib/Driver/TagLib/TagLibCx.class.php 第 524 行.
NOTIC: [8] Undefined offset: 1 /webdocs/templete/fos/ThinkPHP/Lib/Driver/TagLib/TagLibCx.class.php 第 524 行.
NOTIC: [8] Undefined offset: 1 /webdocs/templete/fos/ThinkPHP/Lib/Driver/TagLib/TagLibCx.class.php 第 524 行.
NOTIC: [8] Undefined offset: 1 /webdocs/templete/fos/ThinkPHP/Lib/Driver/TagLib/TagLibCx.class.php 第 524 行.
NOTIC: [8] Undefined offset: 1 /webdocs/templete/fos/ThinkPHP/Lib/Driver/TagLib/TagLibCx.class.php 第 524 行.
NOTIC: [8] A session had already been started - ignoring session_start() /webdocs/templete/fos/Home/Runtime/Cache/7f5e2c34c00caf445d0f20828ea71563.php 第 391 行.
INFO: Run ParseTemplate Behavior [ RunTime:0.094507s ]
INFO: [ view_parse ] --END-- [ RunTime:0.094566s ]
INFO: [ view_filter ] --START--
INFO: Run ContentReplace Behavior [ RunTime:0.000301s ]
INFO: Run TokenBuild Behavior [ RunTime:0.000199s ]
INFO: Run WriteHtmlCache Behavior [ RunTime:0.000120s ]
INFO: Run ShowRuntime Behavior [ RunTime:0.000283s ]
INFO: [ view_filter ] --END-- [ RunTime:0.001042s ]
INFO: [ view_end ] --START--
INFO: Run ShowPageTrace Behavior [ RunTime:0.000327s ]
INFO: [ view_end ] --END-- [ RunTime:0.000373s ]

[ 2016-06-03T23:37:19+08:00 ] 123.125.71.58 /fos/index.php/Teacher/wpzj
INFO: [ route_check ] --START--
INFO: Run CheckRoute Behavior [ RunTime:0.000502s ]
INFO: [ route_check ] --END-- [ RunTime:0.000575s ]
INFO: [ app_begin ] --START--
INFO: Run ReadHtmlCache Behavior [ RunTime:0.000292s ]
INFO: [ app_begin ] --END-- [ RunTime:0.000344s ]
NOTIC: [2048] Declaration of TeacherAction::show() should be compatible with that of Action::show() /webdocs/templete/fos/Home/Lib/Action/TeacherAction.class.php 第 3 行.
SQL: SHOW COLUMNS FROM `lxy_info` [ RunTime:0.000847s ]
SQL: SELECT * FROM `lxy_info` WHERE ( `info_name` = 'visit_count' ) LIMIT 1   [ RunTime:0.000230s ]
INFO: [ view_template ] --START--
INFO: Run LocationTemplate Behavior [ RunTime:0.000191s ]
INFO: [ view_template ] --END-- [ RunTime:0.000245s ]
INFO: [ view_parse ] --START--
NOTIC: [8] Undefined offset: 1 /webdocs/templete/fos/ThinkPHP/Lib/Driver/TagLib/TagLibCx.class.php 第 524 行.
NOTIC: [8] Undefined offset: 1 /webdocs/templete/fos/ThinkPHP/Lib/Driver/TagLib/TagLibCx.class.php 第 524 行.
NOTIC: [8] Undefined offset: 1 /webdocs/templete/fos/ThinkPHP/Lib/Driver/TagLib/TagLibCx.class.php 第 524 行.
NOTIC: [8] Undefined offset: 1 /webdocs/templete/fos/ThinkPHP/Lib/Driver/TagLib/TagLibCx.class.php 第 524 行.
NOTIC: [8] Undefined offset: 1 /webdocs/templete/fos/ThinkPHP/Lib/Driver/TagLib/TagLibCx.class.php 第 524 行.
NOTIC: [8] Undefined offset: 1 /webdocs/templete/fos/ThinkPHP/Lib/Driver/TagLib/TagLibCx.class.php 第 524 行.
NOTIC: [8] A session had already been started - ignoring session_start() /webdocs/templete/fos/Home/Runtime/Cache/d83241601aa396d8c997a48adfd7a4ee.php 第 331 行.
INFO: Run ParseTemplate Behavior [ RunTime:0.013287s ]
INFO: [ view_parse ] --END-- [ RunTime:0.013338s ]
INFO: [ view_filter ] --START--
INFO: Run ContentReplace Behavior [ RunTime:0.000298s ]
INFO: Run TokenBuild Behavior [ RunTime:0.000199s ]
INFO: Run WriteHtmlCache Behavior [ RunTime:0.000119s ]
INFO: Run ShowRuntime Behavior [ RunTime:0.000280s ]
INFO: [ view_filter ] --END-- [ RunTime:0.001043s ]
INFO: [ view_end ] --START--
INFO: Run ShowPageTrace Behavior [ RunTime:0.000334s ]
INFO: [ view_end ] --END-- [ RunTime:0.000380s ]

