[ 2016-02-17T19:39:21+08:00 ] ERR: (ThinkException) 模板不存在[./Home/Tpl/__public__/Jslider.html]
[ 2016-02-17T19:39:21+08:00 ] ERR: (ThinkException) 模板不存在[./Home/Tpl/__public__/Js.html]
[ 2016-02-17T19:42:01+08:00 ] ERR: (ThinkException) 模板不存在[./Home/Tpl/__public__/Js.html]
[ 2016-02-17T19:42:01+08:00 ] ERR: (ThinkException) 模板不存在[./Home/Tpl/__public__/Jslider.html]
[ 2016-02-17T19:48:30+08:00 ] ERR: (ThinkException) 模板不存在[./Home/Tpl/__public__/Js.html]
[ 2016-02-17T19:48:30+08:00 ] ERR: (ThinkException) 模板不存在[./Home/Tpl/__public__/Jslider.html]
[ 2016-02-17T19:48:30+08:00 ] ERR: (ThinkException) 模板不存在[./Home/Tpl/{Think.const.IMAGES_URL}{$data.[0][pic_id]}/index.html]
[ 2016-02-17T19:48:50+08:00 ] ERR: (ThinkException) 模板不存在[./Home/Tpl/__public__/Js.html]
[ 2016-02-17T19:48:50+08:00 ] ERR: (ThinkException) 模板不存在[./Home/Tpl/__public__/Jslider.html]
[ 2016-02-17T19:48:51+08:00 ] ERR: (ThinkException) 模板不存在[./Home/Tpl/{Think.const/index.html]
[ 2016-02-17T19:49:16+08:00 ] ERR: (ThinkException) 模板不存在[./Home/Tpl/__public__/Js.html]
[ 2016-02-17T19:49:16+08:00 ] ERR: (ThinkException) 模板不存在[./Home/Tpl/__public__/Jslider.html]
[ 2016-02-17T19:49:16+08:00 ] ERR: (ThinkException) 模板不存在[./Home/Tpl/{Think.const/index.html]
[ 2016-02-17T19:49:52+08:00 ] ERR: (ThinkException) 模板不存在[./Home/Tpl/__public__/Jslider.html]
[ 2016-02-17T19:49:52+08:00 ] ERR: (ThinkException) 模板不存在[./Home/Tpl/__public__/Js.html]
[ 2016-02-17T19:49:52+08:00 ] ERR: (ThinkException) 模板不存在[./Home/Tpl/{Think.const.IMAGES_URL}{$data.[0][pic_path]}/index.html]
[ 2016-02-17T20:16:15+08:00 ] ERR: (ThinkException) 模板不存在[./Home/Tpl/__public__/Js.html]
[ 2016-02-17T20:16:16+08:00 ] ERR: (ThinkException) 模板不存在[./Home/Tpl/__public__/Jslider.html]
[ 2016-02-17T20:16:16+08:00 ] ERR: (ThinkException) 模板不存在[./Home/Tpl/{Think.const.IMAGES_URL}{$data.[0][pic_path]}/index.html]
[ 2016-02-17T20:20:52+08:00 ] ERR: (ThinkException) 模板不存在[./Home/Tpl/__public__/Js.html]
[ 2016-02-17T20:20:52+08:00 ] ERR: (ThinkException) 模板不存在[./Home/Tpl/__public__/Jslider.html]
[ 2016-02-17T20:20:53+08:00 ] ERR: (ThinkException) 模板不存在[./Home/Tpl/{$Think.const.IMAGES_URL}{$data.[0][pic_path]}/index.html]
[ 2016-02-17T20:24:00+08:00 ] ERR: (ThinkException) 模板不存在[./Home/Tpl/__public__/Js.html]
[ 2016-02-17T20:24:00+08:00 ] ERR: (ThinkException) 模板不存在[./Home/Tpl/__public__/Jslider.html]
[ 2016-02-17T20:24:01+08:00 ] ERR: (ThinkException) 模板不存在[./Home/Tpl/IMAGES_URL/index.html]
[ 2016-02-17T20:26:46+08:00 ] ERR: (ThinkException) 模板不存在[./Home/Tpl/__public__/Js.html]
[ 2016-02-17T20:26:46+08:00 ] ERR: (ThinkException) 模板不存在[./Home/Tpl/__public__/Jslider.html]
[ 2016-02-17T20:28:14+08:00 ] ERR: (ThinkException) 模板不存在[./Home/Tpl/__public__/Js.html]
[ 2016-02-17T20:28:14+08:00 ] ERR: (ThinkException) 模板不存在[./Home/Tpl/__public__/Jslider.html]
[ 2016-02-17T20:28:34+08:00 ] ERR: (ThinkException) 模板不存在[./Home/Tpl/__public__/Js.html]
[ 2016-02-17T20:28:34+08:00 ] ERR: (ThinkException) 模板不存在[./Home/Tpl/__public__/Jslider.html]
[ 2016-02-17T20:34:39+08:00 ] ERR: (ThinkException) 模板不存在[./Home/Tpl/__public__/Jslider.html]
[ 2016-02-17T20:34:39+08:00 ] ERR: (ThinkException) 模板不存在[./Home/Tpl/__public__/Js.html]
[ 2016-02-17T20:34:40+08:00 ] ERR: (ThinkException) 模板不存在[./Home/Tpl/IMAGES_URL/index.html]
[ 2016-02-17T20:35:51+08:00 ] ERR: (ThinkException) 模板不存在[./Home/Tpl/__public__/Jslider.html]
[ 2016-02-17T20:35:51+08:00 ] ERR: (ThinkException) 模板不存在[./Home/Tpl/__public__/Js.html]
[ 2016-02-17T20:35:51+08:00 ] ERR: (ThinkException) 模板不存在[./Home/Tpl/{$Think.const/index.html]
[ 2016-02-17T21:47:14+08:00 ] ERR: (ThinkException) 模板不存在[./Home/Tpl/__public__/Jslider.html]
[ 2016-02-17T21:47:14+08:00 ] ERR: (ThinkException) 模板不存在[./Home/Tpl/__public__/Js.html]
[ 2016-02-17T21:53:06+08:00 ] ERR: (ThinkException) 模板不存在[./Home/Tpl/__public__/Jslider.html]
[ 2016-02-17T21:53:06+08:00 ] ERR: (ThinkException) 模板不存在[./Home/Tpl/__public__/Js.html]
[ 2016-02-17T21:54:09+08:00 ] ERR: (ThinkException) 模板不存在[./Home/Tpl/__public__/Js.html]
[ 2016-02-17T21:54:09+08:00 ] ERR: (ThinkException) 模板不存在[./Home/Tpl/__public__/Jslider.html]
[ 2016-02-17T22:02:20+08:00 ] ERR: (ThinkException) 模板不存在[./Home/Tpl/Index/__public__.html]
[ 2016-02-17T22:02:20+08:00 ] ERR: (ThinkException) 模板不存在[./Home/Tpl/Index/__public__.html]
